[0.109s] DEBUG:colcon:Command line arguments: ['/usr/bin/colcon', 'build']
[0.109s] DEBUG:colcon:Parsed command line arguments: Namespace(log_base=None, log_level=None, verb_name='build', build_base='build', install_base='install', merge_install=False, symlink_install=False, test_result_base=None, continue_on_error=False, executor='parallel', parallel_workers=12, event_handlers=None, ignore_user_meta=False, metas=['./colcon.meta'], base_paths=['.'], packages_ignore=None, packages_ignore_regex=None, paths=None, packages_up_to=None, packages_up_to_regex=None, packages_above=None, packages_above_and_dependencies=None, packages_above_depth=None, packages_select_by_dep=None, packages_skip_by_dep=None, packages_skip_up_to=None, packages_select_build_failed=False, packages_skip_build_finished=False, packages_select_test_failures=False, packages_skip_test_passed=False, packages_select=None, packages_skip=None, packages_select_regex=None, packages_skip_regex=None, packages_start=None, packages_end=None, allow_overriding=[], cmake_args=None, cmake_target=None, cmake_target_skip_unavailable=False, cmake_clean_cache=False, cmake_clean_first=False, cmake_force_configure=False, ament_cmake_args=None, catkin_cmake_args=None, catkin_skip_building_tests=False, verb_parser=<colcon_defaults.argument_parser.defaults.DefaultArgumentsDecorator object at 0x7fadbc66d480>, verb_extension=<colcon_core.verb.build.BuildVerb object at 0x7fadbc80ba60>, main=<bound method BuildVerb.main of <colcon_core.verb.build.BuildVerb object at 0x7fadbc80ba60>>)
[0.235s] Level 1:colcon.colcon_core.package_discovery:discover_packages(colcon_meta) check parameters
[0.236s] Level 1:colcon.colcon_core.package_discovery:discover_packages(recursive) check parameters
[0.236s] Level 1:colcon.colcon_core.package_discovery:discover_packages(ignore) check parameters
[0.236s] Level 1:colcon.colcon_core.package_discovery:discover_packages(path) check parameters
[0.236s] Level 1:colcon.colcon_core.package_discovery:discover_packages(colcon_meta) discover
[0.236s] Level 1:colcon.colcon_core.package_discovery:discover_packages(recursive) discover
[0.236s] INFO:colcon.colcon_core.package_discovery:Crawling recursively for packages in '/home/mazen/mini_girona'
[0.236s] Level 1:colcon.colcon_core.package_identification:_identify(.) by extensions ['ignore', 'ignore_ament_install']
[0.236s] Level 1:colcon.colcon_core.package_identification:_identify(.) by extension 'ignore'
[0.236s] Level 1:colcon.colcon_core.package_identification:_identify(.) by extension 'ignore_ament_install'
[0.236s] Level 1:colcon.colcon_core.package_identification:_identify(.) by extensions ['colcon_pkg']
[0.236s] Level 1:colcon.colcon_core.package_identification:_identify(.) by extension 'colcon_pkg'
[0.236s] Level 1:colcon.colcon_core.package_identification:_identify(.) by extensions ['colcon_meta']
[0.236s] Level 1:colcon.colcon_core.package_identification:_identify(.) by extension 'colcon_meta'
[0.236s] Level 1:colcon.colcon_core.package_identification:_identify(.) by extensions ['ros']
[0.236s] Level 1:colcon.colcon_core.package_identification:_identify(.) by extension 'ros'
[0.246s] Level 1:colcon.colcon_core.package_identification:_identify(.) by extensions ['cmake', 'python']
[0.246s] Level 1:colcon.colcon_core.package_identification:_identify(.) by extension 'cmake'
[0.246s] Level 1:colcon.colcon_core.package_identification:_identify(.) by extension 'python'
[0.246s] Level 1:colcon.colcon_core.package_identification:_identify(.) by extensions ['python_setup_py']
[0.246s] Level 1:colcon.colcon_core.package_identification:_identify(.) by extension 'python_setup_py'
[0.246s] Level 1:colcon.colcon_core.package_identification:_identify(build) by extensions ['ignore', 'ignore_ament_install']
[0.246s] Level 1:colcon.colcon_core.package_identification:_identify(build) by extension 'ignore'
[0.246s] Level 1:colcon.colcon_core.package_identification:_identify(build) ignored
[0.246s] Level 1:colcon.colcon_core.package_identification:_identify(install) by extensions ['ignore', 'ignore_ament_install']
[0.246s] Level 1:colcon.colcon_core.package_identification:_identify(install) by extension 'ignore'
[0.246s] Level 1:colcon.colcon_core.package_identification:_identify(install) ignored
[0.246s] Level 1:colcon.colcon_core.package_identification:_identify(log) by extensions ['ignore', 'ignore_ament_install']
[0.246s] Level 1:colcon.colcon_core.package_identification:_identify(log) by extension 'ignore'
[0.246s] Level 1:colcon.colcon_core.package_identification:_identify(log) ignored
[0.247s] Level 1:colcon.colcon_core.package_identification:_identify(src) by extensions ['ignore', 'ignore_ament_install']
[0.247s] Level 1:colcon.colcon_core.package_identification:_identify(src) by extension 'ignore'
[0.247s] Level 1:colcon.colcon_core.package_identification:_identify(src) by extension 'ignore_ament_install'
[0.247s] Level 1:colcon.colcon_core.package_identification:_identify(src) by extensions ['colcon_pkg']
[0.247s] Level 1:colcon.colcon_core.package_identification:_identify(src) by extension 'colcon_pkg'
[0.247s] Level 1:colcon.colcon_core.package_identification:_identify(src) by extensions ['colcon_meta']
[0.247s] Level 1:colcon.colcon_core.package_identification:_identify(src) by extension 'colcon_meta'
[0.247s] Level 1:colcon.colcon_core.package_identification:_identify(src) by extensions ['ros']
[0.247s] Level 1:colcon.colcon_core.package_identification:_identify(src) by extension 'ros'
[0.247s] Level 1:colcon.colcon_core.package_identification:_identify(src) by extensions ['cmake', 'python']
[0.247s] Level 1:colcon.colcon_core.package_identification:_identify(src) by extension 'cmake'
[0.247s] Level 1:colcon.colcon_core.package_identification:_identify(src) by extension 'python'
[0.247s] Level 1:colcon.colcon_core.package_identification:_identify(src) by extensions ['python_setup_py']
[0.247s] Level 1:colcon.colcon_core.package_identification:_identify(src) by extension 'python_setup_py'
[0.247s] Level 1:colcon.colcon_core.package_identification:_identify(src/cola2_control) by extensions ['ignore', 'ignore_ament_install']
[0.247s] Level 1:colcon.colcon_core.package_identification:_identify(src/cola2_control) by extension 'ignore'
[0.247s] Level 1:colcon.colcon_core.package_identification:_identify(src/cola2_control) by extension 'ignore_ament_install'
[0.247s] Level 1:colcon.colcon_core.package_identification:_identify(src/cola2_control) by extensions ['colcon_pkg']
[0.247s] Level 1:colcon.colcon_core.package_identification:_identify(src/cola2_control) by extension 'colcon_pkg'
[0.247s] Level 1:colcon.colcon_core.package_identification:_identify(src/cola2_control) by extensions ['colcon_meta']
[0.247s] Level 1:colcon.colcon_core.package_identification:_identify(src/cola2_control) by extension 'colcon_meta'
[0.247s] Level 1:colcon.colcon_core.package_identification:_identify(src/cola2_control) by extensions ['ros']
[0.247s] Level 1:colcon.colcon_core.package_identification:_identify(src/cola2_control) by extension 'ros'
[0.251s] DEBUG:colcon.colcon_core.package_identification:Package 'src/cola2_control' with type 'ros.ament_cmake' and name 'cola2_control'
[0.251s] Level 1:colcon.colcon_core.package_identification:_identify(src/cola2_lib_ros) by extensions ['ignore', 'ignore_ament_install']
[0.251s] Level 1:colcon.colcon_core.package_identification:_identify(src/cola2_lib_ros) by extension 'ignore'
[0.251s] Level 1:colcon.colcon_core.package_identification:_identify(src/cola2_lib_ros) by extension 'ignore_ament_install'
[0.251s] Level 1:colcon.colcon_core.package_identification:_identify(src/cola2_lib_ros) by extensions ['colcon_pkg']
[0.251s] Level 1:colcon.colcon_core.package_identification:_identify(src/cola2_lib_ros) by extension 'colcon_pkg'
[0.251s] Level 1:colcon.colcon_core.package_identification:_identify(src/cola2_lib_ros) by extensions ['colcon_meta']
[0.251s] Level 1:colcon.colcon_core.package_identification:_identify(src/cola2_lib_ros) by extension 'colcon_meta'
[0.251s] Level 1:colcon.colcon_core.package_identification:_identify(src/cola2_lib_ros) by extensions ['ros']
[0.251s] Level 1:colcon.colcon_core.package_identification:_identify(src/cola2_lib_ros) by extension 'ros'
[0.253s] DEBUG:colcon.colcon_core.package_identification:Package 'src/cola2_lib_ros' with type 'ros.ament_cmake' and name 'cola2_lib_ros'
[0.253s] Level 1:colcon.colcon_core.package_identification:_identify(src/cola2_msgs) by extensions ['ignore', 'ignore_ament_install']
[0.253s] Level 1:colcon.colcon_core.package_identification:_identify(src/cola2_msgs) by extension 'ignore'
[0.253s] Level 1:colcon.colcon_core.package_identification:_identify(src/cola2_msgs) by extension 'ignore_ament_install'
[0.253s] Level 1:colcon.colcon_core.package_identification:_identify(src/cola2_msgs) by extensions ['colcon_pkg']
[0.253s] Level 1:colcon.colcon_core.package_identification:_identify(src/cola2_msgs) by extension 'colcon_pkg'
[0.253s] Level 1:colcon.colcon_core.package_identification:_identify(src/cola2_msgs) by extensions ['colcon_meta']
[0.253s] Level 1:colcon.colcon_core.package_identification:_identify(src/cola2_msgs) by extension 'colcon_meta'
[0.253s] Level 1:colcon.colcon_core.package_identification:_identify(src/cola2_msgs) by extensions ['ros']
[0.253s] Level 1:colcon.colcon_core.package_identification:_identify(src/cola2_msgs) by extension 'ros'
[0.254s] DEBUG:colcon.colcon_core.package_identification:Package 'src/cola2_msgs' with type 'ros.ament_cmake' and name 'cola2_msgs'
[0.254s] Level 1:colcon.colcon_core.package_discovery:discover_packages(recursive) using defaults
[0.254s] Level 1:colcon.colcon_core.package_discovery:discover_packages(ignore) discover
[0.254s] Level 1:colcon.colcon_core.package_discovery:discover_packages(ignore) using defaults
[0.254s] Level 1:colcon.colcon_core.package_discovery:discover_packages(path) discover
[0.254s] Level 1:colcon.colcon_core.package_discovery:discover_packages(path) using defaults
[0.278s] Level 1:colcon.colcon_core.package_discovery:discover_packages(prefix_path) check parameters
[0.278s] Level 1:colcon.colcon_core.package_discovery:discover_packages(prefix_path) discover
[0.279s] WARNING:colcon.colcon_ros.prefix_path.ament:The path '/home/mazen/mini_girona/install/cola2_nav' in the environment variable AMENT_PREFIX_PATH doesn't exist
[0.279s] WARNING:colcon.colcon_ros.prefix_path.ament:The path '/home/mazen/mini_girona/install/minigirona_stonefish' in the environment variable AMENT_PREFIX_PATH doesn't exist
[0.279s] WARNING:colcon.colcon_ros.prefix_path.ament:The path '/home/mazen/mini_girona/install/stonefish_ros2' in the environment variable AMENT_PREFIX_PATH doesn't exist
[0.279s] WARNING:colcon.colcon_ros.prefix_path.ament:The path '/home/mazen/mini_girona/install/cola2_minigirona' in the environment variable AMENT_PREFIX_PATH doesn't exist
[0.279s] WARNING:colcon.colcon_ros.prefix_path.ament:The path '/home/mazen/mini_girona/install/minigirona_description' in the environment variable AMENT_PREFIX_PATH doesn't exist
[0.279s] WARNING:colcon.colcon_ros.prefix_path.ament:The path '/home/mazen/mini_girona/install/cola2_control' in the environment variable AMENT_PREFIX_PATH doesn't exist
[0.279s] WARNING:colcon.colcon_ros.prefix_path.ament:The path '/home/mazen/mini_girona/install/cola2_lib_ros' in the environment variable AMENT_PREFIX_PATH doesn't exist
[0.279s] WARNING:colcon.colcon_ros.prefix_path.ament:The path '/home/mazen/mini_girona/install/cola2_msgs' in the environment variable AMENT_PREFIX_PATH doesn't exist
[0.279s] WARNING:colcon.colcon_ros.prefix_path.catkin:The path '/home/mazen/mini_girona/install/cola2_nav' in the environment variable CMAKE_PREFIX_PATH doesn't exist
[0.279s] WARNING:colcon.colcon_ros.prefix_path.catkin:The path '/home/mazen/mini_girona/install/minigirona_stonefish' in the environment variable CMAKE_PREFIX_PATH doesn't exist
[0.279s] WARNING:colcon.colcon_ros.prefix_path.catkin:The path '/home/mazen/mini_girona/install/stonefish_ros2' in the environment variable CMAKE_PREFIX_PATH doesn't exist
[0.279s] WARNING:colcon.colcon_ros.prefix_path.catkin:The path '/home/mazen/mini_girona/install/cola2_minigirona' in the environment variable CMAKE_PREFIX_PATH doesn't exist
[0.280s] WARNING:colcon.colcon_ros.prefix_path.catkin:The path '/home/mazen/mini_girona/install/minigirona_description' in the environment variable CMAKE_PREFIX_PATH doesn't exist
[0.280s] WARNING:colcon.colcon_ros.prefix_path.catkin:The path '/home/mazen/mini_girona/install/cola2_control' in the environment variable CMAKE_PREFIX_PATH doesn't exist
[0.280s] WARNING:colcon.colcon_ros.prefix_path.catkin:The path '/home/mazen/mini_girona/install/cola2_lib_ros' in the environment variable CMAKE_PREFIX_PATH doesn't exist
[0.280s] WARNING:colcon.colcon_ros.prefix_path.catkin:The path '/home/mazen/mini_girona/install/cola2_msgs' in the environment variable CMAKE_PREFIX_PATH doesn't exist
[0.280s] DEBUG:colcon.colcon_installed_package_information.package_discovery:Found 0 installed packages in /home/mazen/mini_girona/install
[0.281s] DEBUG:colcon.colcon_installed_package_information.package_discovery:Found 207 installed packages in /opt/ros/humble
[0.282s] Level 1:colcon.colcon_core.package_discovery:discover_packages(prefix_path) using defaults
[0.305s] Level 5:colcon.colcon_core.verb:set package 'cola2_msgs' build argument 'cmake_args' from command line to 'None'
[0.305s] Level 5:colcon.colcon_core.verb:set package 'cola2_msgs' build argument 'cmake_target' from command line to 'None'
[0.305s] Level 5:colcon.colcon_core.verb:set package 'cola2_msgs' build argument 'cmake_target_skip_unavailable' from command line to 'False'
[0.305s] Level 5:colcon.colcon_core.verb:set package 'cola2_msgs' build argument 'cmake_clean_cache' from command line to 'False'
[0.305s] Level 5:colcon.colcon_core.verb:set package 'cola2_msgs' build argument 'cmake_clean_first' from command line to 'False'
[0.305s] Level 5:colcon.colcon_core.verb:set package 'cola2_msgs' build argument 'cmake_force_configure' from command line to 'False'
[0.305s] Level 5:colcon.colcon_core.verb:set package 'cola2_msgs' build argument 'ament_cmake_args' from command line to 'None'
[0.305s] Level 5:colcon.colcon_core.verb:set package 'cola2_msgs' build argument 'catkin_cmake_args' from command line to 'None'
[0.305s] Level 5:colcon.colcon_core.verb:set package 'cola2_msgs' build argument 'catkin_skip_building_tests' from command line to 'False'
[0.305s] DEBUG:colcon.colcon_core.verb:Building package 'cola2_msgs' with the following arguments: {'ament_cmake_args': None, 'build_base': '/home/mazen/mini_girona/build/cola2_msgs', 'catkin_cmake_args': None, 'catkin_skip_building_tests': False, 'cmake_args': None, 'cmake_clean_cache': False, 'cmake_clean_first': False, 'cmake_force_configure': False, 'cmake_target': None, 'cmake_target_skip_unavailable': False, 'install_base': '/home/mazen/mini_girona/install/cola2_msgs', 'merge_install': False, 'path': '/home/mazen/mini_girona/src/cola2_msgs', 'symlink_install': False, 'test_result_base': None}
[0.305s] Level 5:colcon.colcon_core.verb:set package 'cola2_lib_ros' build argument 'cmake_args' from command line to 'None'
[0.305s] Level 5:colcon.colcon_core.verb:set package 'cola2_lib_ros' build argument 'cmake_target' from command line to 'None'
[0.306s] Level 5:colcon.colcon_core.verb:set package 'cola2_lib_ros' build argument 'cmake_target_skip_unavailable' from command line to 'False'
[0.306s] Level 5:colcon.colcon_core.verb:set package 'cola2_lib_ros' build argument 'cmake_clean_cache' from command line to 'False'
[0.306s] Level 5:colcon.colcon_core.verb:set package 'cola2_lib_ros' build argument 'cmake_clean_first' from command line to 'False'
[0.306s] Level 5:colcon.colcon_core.verb:set package 'cola2_lib_ros' build argument 'cmake_force_configure' from command line to 'False'
[0.306s] Level 5:colcon.colcon_core.verb:set package 'cola2_lib_ros' build argument 'ament_cmake_args' from command line to 'None'
[0.306s] Level 5:colcon.colcon_core.verb:set package 'cola2_lib_ros' build argument 'catkin_cmake_args' from command line to 'None'
[0.306s] Level 5:colcon.colcon_core.verb:set package 'cola2_lib_ros' build argument 'catkin_skip_building_tests' from command line to 'False'
[0.306s] DEBUG:colcon.colcon_core.verb:Building package 'cola2_lib_ros' with the following arguments: {'ament_cmake_args': None, 'build_base': '/home/mazen/mini_girona/build/cola2_lib_ros', 'catkin_cmake_args': None, 'catkin_skip_building_tests': False, 'cmake_args': None, 'cmake_clean_cache': False, 'cmake_clean_first': False, 'cmake_force_configure': False, 'cmake_target': None, 'cmake_target_skip_unavailable': False, 'install_base': '/home/mazen/mini_girona/install/cola2_lib_ros', 'merge_install': False, 'path': '/home/mazen/mini_girona/src/cola2_lib_ros', 'symlink_install': False, 'test_result_base': None}
[0.306s] Level 5:colcon.colcon_core.verb:set package 'cola2_control' build argument 'cmake_args' from command line to 'None'
[0.306s] Level 5:colcon.colcon_core.verb:set package 'cola2_control' build argument 'cmake_target' from command line to 'None'
[0.306s] Level 5:colcon.colcon_core.verb:set package 'cola2_control' build argument 'cmake_target_skip_unavailable' from command line to 'False'
[0.306s] Level 5:colcon.colcon_core.verb:set package 'cola2_control' build argument 'cmake_clean_cache' from command line to 'False'
[0.306s] Level 5:colcon.colcon_core.verb:set package 'cola2_control' build argument 'cmake_clean_first' from command line to 'False'
[0.306s] Level 5:colcon.colcon_core.verb:set package 'cola2_control' build argument 'cmake_force_configure' from command line to 'False'
[0.306s] Level 5:colcon.colcon_core.verb:set package 'cola2_control' build argument 'ament_cmake_args' from command line to 'None'
[0.306s] Level 5:colcon.colcon_core.verb:set package 'cola2_control' build argument 'catkin_cmake_args' from command line to 'None'
[0.306s] Level 5:colcon.colcon_core.verb:set package 'cola2_control' build argument 'catkin_skip_building_tests' from command line to 'False'
[0.306s] DEBUG:colcon.colcon_core.verb:Building package 'cola2_control' with the following arguments: {'ament_cmake_args': None, 'build_base': '/home/mazen/mini_girona/build/cola2_control', 'catkin_cmake_args': None, 'catkin_skip_building_tests': False, 'cmake_args': None, 'cmake_clean_cache': False, 'cmake_clean_first': False, 'cmake_force_configure': False, 'cmake_target': None, 'cmake_target_skip_unavailable': False, 'install_base': '/home/mazen/mini_girona/install/cola2_control', 'merge_install': False, 'path': '/home/mazen/mini_girona/src/cola2_control', 'symlink_install': False, 'test_result_base': None}
[0.306s] INFO:colcon.colcon_core.executor:Executing jobs using 'parallel' executor
[0.307s] DEBUG:colcon.colcon_parallel_executor.executor.parallel:run_until_complete
[0.307s] INFO:colcon.colcon_ros.task.ament_cmake.build:Building ROS package in '/home/mazen/mini_girona/src/cola2_msgs' with build type 'ament_cmake'
[0.308s] INFO:colcon.colcon_cmake.task.cmake.build:Building CMake package in '/home/mazen/mini_girona/src/cola2_msgs'
[0.309s] INFO:colcon.colcon_core.plugin_system:Skipping extension 'colcon_core.shell.bat': Not used on non-Windows systems
[0.309s] INFO:colcon.colcon_core.shell:Skip shell extension 'powershell' for command environment: Not usable outside of PowerShell
[0.309s] DEBUG:colcon.colcon_core.shell:Skip shell extension 'dsv' for command environment
[0.316s] DEBUG:colcon.colcon_core.event_handler.log_command:Invoking command in '/home/mazen/mini_girona/build/cola2_msgs': CMAKE_PREFIX_PATH=${CMAKE_PREFIX_PATH}:/opt/ros/humble /usr/bin/cmake /home/mazen/mini_girona/src/cola2_msgs -DCMAKE_INSTALL_PREFIX=/home/mazen/mini_girona/install/cola2_msgs
[2.373s] DEBUG:colcon.colcon_core.event_handler.log_command:Invoked command in '/home/mazen/mini_girona/build/cola2_msgs' returned '0': CMAKE_PREFIX_PATH=${CMAKE_PREFIX_PATH}:/opt/ros/humble /usr/bin/cmake /home/mazen/mini_girona/src/cola2_msgs -DCMAKE_INSTALL_PREFIX=/home/mazen/mini_girona/install/cola2_msgs
[2.375s] DEBUG:colcon.colcon_core.event_handler.log_command:Invoking command in '/home/mazen/mini_girona/build/cola2_msgs': CMAKE_PREFIX_PATH=${CMAKE_PREFIX_PATH}:/opt/ros/humble /usr/bin/cmake --build /home/mazen/mini_girona/build/cola2_msgs -- -j12 -l12
[27.597s] DEBUG:colcon.colcon_core.event_handler.log_command:Invoked command in '/home/mazen/mini_girona/build/cola2_msgs' returned '0': CMAKE_PREFIX_PATH=${CMAKE_PREFIX_PATH}:/opt/ros/humble /usr/bin/cmake --build /home/mazen/mini_girona/build/cola2_msgs -- -j12 -l12
[27.606s] DEBUG:colcon.colcon_core.event_handler.log_command:Invoking command in '/home/mazen/mini_girona/build/cola2_msgs': CMAKE_PREFIX_PATH=${CMAKE_PREFIX_PATH}:/opt/ros/humble /usr/bin/cmake --install /home/mazen/mini_girona/build/cola2_msgs
[27.808s] Level 1:colcon.colcon_core.environment:create_environment_scripts_only(cola2_msgs)
[27.809s] DEBUG:colcon.colcon_core.event_handler.log_command:Invoked command in '/home/mazen/mini_girona/build/cola2_msgs' returned '0': CMAKE_PREFIX_PATH=${CMAKE_PREFIX_PATH}:/opt/ros/humble /usr/bin/cmake --install /home/mazen/mini_girona/build/cola2_msgs
[27.810s] Level 1:colcon.colcon_core.environment:checking '/home/mazen/mini_girona/install/cola2_msgs' for CMake module files
[27.811s] Level 1:colcon.colcon_core.environment:checking '/home/mazen/mini_girona/install/cola2_msgs' for CMake config files
[27.811s] Level 1:colcon.colcon_core.shell:create_environment_hook('cola2_msgs', 'cmake_prefix_path')
[27.811s] INFO:colcon.colcon_core.shell:Creating environment hook '/home/mazen/mini_girona/install/cola2_msgs/share/cola2_msgs/hook/cmake_prefix_path.ps1'
[27.812s] INFO:colcon.colcon_core.shell:Creating environment descriptor '/home/mazen/mini_girona/install/cola2_msgs/share/cola2_msgs/hook/cmake_prefix_path.dsv'
[27.812s] INFO:colcon.colcon_core.shell:Creating environment hook '/home/mazen/mini_girona/install/cola2_msgs/share/cola2_msgs/hook/cmake_prefix_path.sh'
[27.813s] Level 1:colcon.colcon_core.environment:checking '/home/mazen/mini_girona/install/cola2_msgs/lib'
[27.813s] Level 1:colcon.colcon_core.shell:create_environment_hook('cola2_msgs', 'ld_library_path_lib')
[27.813s] INFO:colcon.colcon_core.shell:Creating environment hook '/home/mazen/mini_girona/install/cola2_msgs/share/cola2_msgs/hook/ld_library_path_lib.ps1'
[27.814s] INFO:colcon.colcon_core.shell:Creating environment descriptor '/home/mazen/mini_girona/install/cola2_msgs/share/cola2_msgs/hook/ld_library_path_lib.dsv'
[27.814s] INFO:colcon.colcon_core.shell:Creating environment hook '/home/mazen/mini_girona/install/cola2_msgs/share/cola2_msgs/hook/ld_library_path_lib.sh'
[27.814s] Level 1:colcon.colcon_core.environment:checking '/home/mazen/mini_girona/install/cola2_msgs/bin'
[27.814s] Level 1:colcon.colcon_core.environment:checking '/home/mazen/mini_girona/install/cola2_msgs/lib/pkgconfig/cola2_msgs.pc'
[27.814s] Level 1:colcon.colcon_core.environment:checking '/home/mazen/mini_girona/install/cola2_msgs/lib/python3.10/site-packages'
[27.815s] Level 1:colcon.colcon_core.environment:checking '/home/mazen/mini_girona/install/cola2_msgs/bin'
[27.815s] INFO:colcon.colcon_core.shell:Creating package script '/home/mazen/mini_girona/install/cola2_msgs/share/cola2_msgs/package.ps1'
[27.816s] INFO:colcon.colcon_core.shell:Creating package descriptor '/home/mazen/mini_girona/install/cola2_msgs/share/cola2_msgs/package.dsv'
[27.816s] INFO:colcon.colcon_core.shell:Creating package script '/home/mazen/mini_girona/install/cola2_msgs/share/cola2_msgs/package.sh'
[27.817s] INFO:colcon.colcon_core.shell:Creating package script '/home/mazen/mini_girona/install/cola2_msgs/share/cola2_msgs/package.bash'
[27.817s] INFO:colcon.colcon_core.shell:Creating package script '/home/mazen/mini_girona/install/cola2_msgs/share/cola2_msgs/package.zsh'
[27.818s] Level 1:colcon.colcon_core.environment:create_file_with_runtime_dependencies(/home/mazen/mini_girona/install/cola2_msgs/share/colcon-core/packages/cola2_msgs)
[27.818s] Level 1:colcon.colcon_core.environment:create_environment_scripts_only(cola2_msgs)
[27.818s] Level 1:colcon.colcon_core.environment:checking '/home/mazen/mini_girona/install/cola2_msgs' for CMake module files
[27.819s] Level 1:colcon.colcon_core.environment:checking '/home/mazen/mini_girona/install/cola2_msgs' for CMake config files
[27.819s] Level 1:colcon.colcon_core.shell:create_environment_hook('cola2_msgs', 'cmake_prefix_path')
[27.819s] INFO:colcon.colcon_core.shell:Creating environment hook '/home/mazen/mini_girona/install/cola2_msgs/share/cola2_msgs/hook/cmake_prefix_path.ps1'
[27.820s] INFO:colcon.colcon_core.shell:Creating environment descriptor '/home/mazen/mini_girona/install/cola2_msgs/share/cola2_msgs/hook/cmake_prefix_path.dsv'
[27.820s] INFO:colcon.colcon_core.shell:Creating environment hook '/home/mazen/mini_girona/install/cola2_msgs/share/cola2_msgs/hook/cmake_prefix_path.sh'
[27.820s] Level 1:colcon.colcon_core.environment:checking '/home/mazen/mini_girona/install/cola2_msgs/lib'
[27.821s] Level 1:colcon.colcon_core.shell:create_environment_hook('cola2_msgs', 'ld_library_path_lib')
[27.821s] INFO:colcon.colcon_core.shell:Creating environment hook '/home/mazen/mini_girona/install/cola2_msgs/share/cola2_msgs/hook/ld_library_path_lib.ps1'
[27.821s] INFO:colcon.colcon_core.shell:Creating environment descriptor '/home/mazen/mini_girona/install/cola2_msgs/share/cola2_msgs/hook/ld_library_path_lib.dsv'
[27.821s] INFO:colcon.colcon_core.shell:Creating environment hook '/home/mazen/mini_girona/install/cola2_msgs/share/cola2_msgs/hook/ld_library_path_lib.sh'
[27.822s] Level 1:colcon.colcon_core.environment:checking '/home/mazen/mini_girona/install/cola2_msgs/bin'
[27.822s] Level 1:colcon.colcon_core.environment:checking '/home/mazen/mini_girona/install/cola2_msgs/lib/pkgconfig/cola2_msgs.pc'
[27.822s] Level 1:colcon.colcon_core.environment:checking '/home/mazen/mini_girona/install/cola2_msgs/lib/python3.10/site-packages'
[27.822s] Level 1:colcon.colcon_core.environment:checking '/home/mazen/mini_girona/install/cola2_msgs/bin'
[27.823s] INFO:colcon.colcon_core.shell:Creating package script '/home/mazen/mini_girona/install/cola2_msgs/share/cola2_msgs/package.ps1'
[27.823s] INFO:colcon.colcon_core.shell:Creating package descriptor '/home/mazen/mini_girona/install/cola2_msgs/share/cola2_msgs/package.dsv'
[27.823s] INFO:colcon.colcon_core.shell:Creating package script '/home/mazen/mini_girona/install/cola2_msgs/share/cola2_msgs/package.sh'
[27.824s] INFO:colcon.colcon_core.shell:Creating package script '/home/mazen/mini_girona/install/cola2_msgs/share/cola2_msgs/package.bash'
[27.824s] INFO:colcon.colcon_core.shell:Creating package script '/home/mazen/mini_girona/install/cola2_msgs/share/cola2_msgs/package.zsh'
[27.824s] Level 1:colcon.colcon_core.environment:create_file_with_runtime_dependencies(/home/mazen/mini_girona/install/cola2_msgs/share/colcon-core/packages/cola2_msgs)
[27.825s] INFO:colcon.colcon_ros.task.ament_cmake.build:Building ROS package in '/home/mazen/mini_girona/src/cola2_lib_ros' with build type 'ament_cmake'
[27.825s] INFO:colcon.colcon_cmake.task.cmake.build:Building CMake package in '/home/mazen/mini_girona/src/cola2_lib_ros'
[27.825s] INFO:colcon.colcon_core.shell:Skip shell extension 'powershell' for command environment: Not usable outside of PowerShell
[27.825s] DEBUG:colcon.colcon_core.shell:Skip shell extension 'dsv' for command environment
[27.833s] DEBUG:colcon.colcon_core.event_handler.log_command:Invoking command in '/home/mazen/mini_girona/build/cola2_lib_ros': CMAKE_PREFIX_PATH=/home/mazen/mini_girona/install/cola2_msgs:/home/mazen/mini_girona/install/cola2_nav:/home/mazen/mini_girona/install/minigirona_stonefish:/home/mazen/mini_girona/install/stonefish_ros2:/home/mazen/mini_girona/install/cola2_minigirona:/home/mazen/mini_girona/install/minigirona_description:/home/mazen/mini_girona/install/cola2_control:/home/mazen/mini_girona/install/cola2_lib_ros:/opt/ros/humble LD_LIBRARY_PATH=/home/mazen/mini_girona/install/cola2_msgs/lib:/home/mazen/mini_girona/install/stonefish_ros2/lib:/home/mazen/mini_girona/install/cola2_lib_ros/lib:/opt/ros/humble/opt/rviz_ogre_vendor/lib:/opt/ros/humble/lib/x86_64-linux-gnu:/opt/ros/humble/lib /usr/bin/cmake /home/mazen/mini_girona/src/cola2_lib_ros -DCMAKE_INSTALL_PREFIX=/home/mazen/mini_girona/install/cola2_lib_ros
[29.042s] DEBUG:colcon.colcon_core.event_handler.log_command:Invoked command in '/home/mazen/mini_girona/build/cola2_lib_ros' returned '0': CMAKE_PREFIX_PATH=/home/mazen/mini_girona/install/cola2_msgs:/home/mazen/mini_girona/install/cola2_nav:/home/mazen/mini_girona/install/minigirona_stonefish:/home/mazen/mini_girona/install/stonefish_ros2:/home/mazen/mini_girona/install/cola2_minigirona:/home/mazen/mini_girona/install/minigirona_description:/home/mazen/mini_girona/install/cola2_control:/home/mazen/mini_girona/install/cola2_lib_ros:/opt/ros/humble LD_LIBRARY_PATH=/home/mazen/mini_girona/install/cola2_msgs/lib:/home/mazen/mini_girona/install/stonefish_ros2/lib:/home/mazen/mini_girona/install/cola2_lib_ros/lib:/opt/ros/humble/opt/rviz_ogre_vendor/lib:/opt/ros/humble/lib/x86_64-linux-gnu:/opt/ros/humble/lib /usr/bin/cmake /home/mazen/mini_girona/src/cola2_lib_ros -DCMAKE_INSTALL_PREFIX=/home/mazen/mini_girona/install/cola2_lib_ros
[29.044s] DEBUG:colcon.colcon_core.event_handler.log_command:Invoking command in '/home/mazen/mini_girona/build/cola2_lib_ros': CMAKE_PREFIX_PATH=/home/mazen/mini_girona/install/cola2_msgs:/home/mazen/mini_girona/install/cola2_nav:/home/mazen/mini_girona/install/minigirona_stonefish:/home/mazen/mini_girona/install/stonefish_ros2:/home/mazen/mini_girona/install/cola2_minigirona:/home/mazen/mini_girona/install/minigirona_description:/home/mazen/mini_girona/install/cola2_control:/home/mazen/mini_girona/install/cola2_lib_ros:/opt/ros/humble LD_LIBRARY_PATH=/home/mazen/mini_girona/install/cola2_msgs/lib:/home/mazen/mini_girona/install/stonefish_ros2/lib:/home/mazen/mini_girona/install/cola2_lib_ros/lib:/opt/ros/humble/opt/rviz_ogre_vendor/lib:/opt/ros/humble/lib/x86_64-linux-gnu:/opt/ros/humble/lib /usr/bin/cmake --build /home/mazen/mini_girona/build/cola2_lib_ros -- -j12 -l12
[38.277s] DEBUG:colcon.colcon_core.event_handler.log_command:Invoked command in '/home/mazen/mini_girona/build/cola2_lib_ros' returned '0': CMAKE_PREFIX_PATH=/home/mazen/mini_girona/install/cola2_msgs:/home/mazen/mini_girona/install/cola2_nav:/home/mazen/mini_girona/install/minigirona_stonefish:/home/mazen/mini_girona/install/stonefish_ros2:/home/mazen/mini_girona/install/cola2_minigirona:/home/mazen/mini_girona/install/minigirona_description:/home/mazen/mini_girona/install/cola2_control:/home/mazen/mini_girona/install/cola2_lib_ros:/opt/ros/humble LD_LIBRARY_PATH=/home/mazen/mini_girona/install/cola2_msgs/lib:/home/mazen/mini_girona/install/stonefish_ros2/lib:/home/mazen/mini_girona/install/cola2_lib_ros/lib:/opt/ros/humble/opt/rviz_ogre_vendor/lib:/opt/ros/humble/lib/x86_64-linux-gnu:/opt/ros/humble/lib /usr/bin/cmake --build /home/mazen/mini_girona/build/cola2_lib_ros -- -j12 -l12
[38.280s] DEBUG:colcon.colcon_core.event_handler.log_command:Invoking command in '/home/mazen/mini_girona/build/cola2_lib_ros': CMAKE_PREFIX_PATH=/home/mazen/mini_girona/install/cola2_msgs:/home/mazen/mini_girona/install/cola2_nav:/home/mazen/mini_girona/install/minigirona_stonefish:/home/mazen/mini_girona/install/stonefish_ros2:/home/mazen/mini_girona/install/cola2_minigirona:/home/mazen/mini_girona/install/minigirona_description:/home/mazen/mini_girona/install/cola2_control:/home/mazen/mini_girona/install/cola2_lib_ros:/opt/ros/humble LD_LIBRARY_PATH=/home/mazen/mini_girona/install/cola2_msgs/lib:/home/mazen/mini_girona/install/stonefish_ros2/lib:/home/mazen/mini_girona/install/cola2_lib_ros/lib:/opt/ros/humble/opt/rviz_ogre_vendor/lib:/opt/ros/humble/lib/x86_64-linux-gnu:/opt/ros/humble/lib /usr/bin/cmake --install /home/mazen/mini_girona/build/cola2_lib_ros
[38.300s] Level 1:colcon.colcon_core.environment:create_environment_scripts_only(cola2_lib_ros)
[38.300s] Level 1:colcon.colcon_core.environment:checking '/home/mazen/mini_girona/install/cola2_lib_ros' for CMake module files
[38.301s] DEBUG:colcon.colcon_core.event_handler.log_command:Invoked command in '/home/mazen/mini_girona/build/cola2_lib_ros' returned '0': CMAKE_PREFIX_PATH=/home/mazen/mini_girona/install/cola2_msgs:/home/mazen/mini_girona/install/cola2_nav:/home/mazen/mini_girona/install/minigirona_stonefish:/home/mazen/mini_girona/install/stonefish_ros2:/home/mazen/mini_girona/install/cola2_minigirona:/home/mazen/mini_girona/install/minigirona_description:/home/mazen/mini_girona/install/cola2_control:/home/mazen/mini_girona/install/cola2_lib_ros:/opt/ros/humble LD_LIBRARY_PATH=/home/mazen/mini_girona/install/cola2_msgs/lib:/home/mazen/mini_girona/install/stonefish_ros2/lib:/home/mazen/mini_girona/install/cola2_lib_ros/lib:/opt/ros/humble/opt/rviz_ogre_vendor/lib:/opt/ros/humble/lib/x86_64-linux-gnu:/opt/ros/humble/lib /usr/bin/cmake --install /home/mazen/mini_girona/build/cola2_lib_ros
[38.302s] Level 1:colcon.colcon_core.environment:checking '/home/mazen/mini_girona/install/cola2_lib_ros' for CMake config files
[38.302s] Level 1:colcon.colcon_core.shell:create_environment_hook('cola2_lib_ros', 'cmake_prefix_path')
[38.302s] INFO:colcon.colcon_core.shell:Creating environment hook '/home/mazen/mini_girona/install/cola2_lib_ros/share/cola2_lib_ros/hook/cmake_prefix_path.ps1'
[38.303s] INFO:colcon.colcon_core.shell:Creating environment descriptor '/home/mazen/mini_girona/install/cola2_lib_ros/share/cola2_lib_ros/hook/cmake_prefix_path.dsv'
[38.303s] INFO:colcon.colcon_core.shell:Creating environment hook '/home/mazen/mini_girona/install/cola2_lib_ros/share/cola2_lib_ros/hook/cmake_prefix_path.sh'
[38.303s] Level 1:colcon.colcon_core.environment:checking '/home/mazen/mini_girona/install/cola2_lib_ros/lib'
[38.303s] Level 1:colcon.colcon_core.shell:create_environment_hook('cola2_lib_ros', 'ld_library_path_lib')
[38.304s] INFO:colcon.colcon_core.shell:Creating environment hook '/home/mazen/mini_girona/install/cola2_lib_ros/share/cola2_lib_ros/hook/ld_library_path_lib.ps1'
[38.304s] INFO:colcon.colcon_core.shell:Creating environment descriptor '/home/mazen/mini_girona/install/cola2_lib_ros/share/cola2_lib_ros/hook/ld_library_path_lib.dsv'
[38.304s] INFO:colcon.colcon_core.shell:Creating environment hook '/home/mazen/mini_girona/install/cola2_lib_ros/share/cola2_lib_ros/hook/ld_library_path_lib.sh'
[38.304s] Level 1:colcon.colcon_core.environment:checking '/home/mazen/mini_girona/install/cola2_lib_ros/bin'
[38.304s] Level 1:colcon.colcon_core.environment:checking '/home/mazen/mini_girona/install/cola2_lib_ros/lib/pkgconfig/cola2_lib_ros.pc'
[38.305s] Level 1:colcon.colcon_core.environment:checking '/home/mazen/mini_girona/install/cola2_lib_ros/lib/python3.10/site-packages'
[38.305s] Level 1:colcon.colcon_core.environment:checking '/home/mazen/mini_girona/install/cola2_lib_ros/bin'
[38.305s] INFO:colcon.colcon_core.shell:Creating package script '/home/mazen/mini_girona/install/cola2_lib_ros/share/cola2_lib_ros/package.ps1'
[38.305s] INFO:colcon.colcon_core.shell:Creating package descriptor '/home/mazen/mini_girona/install/cola2_lib_ros/share/cola2_lib_ros/package.dsv'
[38.306s] INFO:colcon.colcon_core.shell:Creating package script '/home/mazen/mini_girona/install/cola2_lib_ros/share/cola2_lib_ros/package.sh'
[38.306s] INFO:colcon.colcon_core.shell:Creating package script '/home/mazen/mini_girona/install/cola2_lib_ros/share/cola2_lib_ros/package.bash'
[38.306s] INFO:colcon.colcon_core.shell:Creating package script '/home/mazen/mini_girona/install/cola2_lib_ros/share/cola2_lib_ros/package.zsh'
[38.307s] Level 1:colcon.colcon_core.environment:create_file_with_runtime_dependencies(/home/mazen/mini_girona/install/cola2_lib_ros/share/colcon-core/packages/cola2_lib_ros)
[38.307s] Level 1:colcon.colcon_core.environment:create_environment_scripts_only(cola2_lib_ros)
[38.307s] Level 1:colcon.colcon_core.environment:checking '/home/mazen/mini_girona/install/cola2_lib_ros' for CMake module files
[38.308s] Level 1:colcon.colcon_core.environment:checking '/home/mazen/mini_girona/install/cola2_lib_ros' for CMake config files
[38.308s] Level 1:colcon.colcon_core.shell:create_environment_hook('cola2_lib_ros', 'cmake_prefix_path')
[38.308s] INFO:colcon.colcon_core.shell:Creating environment hook '/home/mazen/mini_girona/install/cola2_lib_ros/share/cola2_lib_ros/hook/cmake_prefix_path.ps1'
[38.308s] INFO:colcon.colcon_core.shell:Creating environment descriptor '/home/mazen/mini_girona/install/cola2_lib_ros/share/cola2_lib_ros/hook/cmake_prefix_path.dsv'
[38.309s] INFO:colcon.colcon_core.shell:Creating environment hook '/home/mazen/mini_girona/install/cola2_lib_ros/share/cola2_lib_ros/hook/cmake_prefix_path.sh'
[38.309s] Level 1:colcon.colcon_core.environment:checking '/home/mazen/mini_girona/install/cola2_lib_ros/lib'
[38.309s] Level 1:colcon.colcon_core.shell:create_environment_hook('cola2_lib_ros', 'ld_library_path_lib')
[38.310s] INFO:colcon.colcon_core.shell:Creating environment hook '/home/mazen/mini_girona/install/cola2_lib_ros/share/cola2_lib_ros/hook/ld_library_path_lib.ps1'
[38.310s] INFO:colcon.colcon_core.shell:Creating environment descriptor '/home/mazen/mini_girona/install/cola2_lib_ros/share/cola2_lib_ros/hook/ld_library_path_lib.dsv'
[38.310s] INFO:colcon.colcon_core.shell:Creating environment hook '/home/mazen/mini_girona/install/cola2_lib_ros/share/cola2_lib_ros/hook/ld_library_path_lib.sh'
[38.311s] Level 1:colcon.colcon_core.environment:checking '/home/mazen/mini_girona/install/cola2_lib_ros/bin'
[38.311s] Level 1:colcon.colcon_core.environment:checking '/home/mazen/mini_girona/install/cola2_lib_ros/lib/pkgconfig/cola2_lib_ros.pc'
[38.311s] Level 1:colcon.colcon_core.environment:checking '/home/mazen/mini_girona/install/cola2_lib_ros/lib/python3.10/site-packages'
[38.311s] Level 1:colcon.colcon_core.environment:checking '/home/mazen/mini_girona/install/cola2_lib_ros/bin'
[38.311s] INFO:colcon.colcon_core.shell:Creating package script '/home/mazen/mini_girona/install/cola2_lib_ros/share/cola2_lib_ros/package.ps1'
[38.312s] INFO:colcon.colcon_core.shell:Creating package descriptor '/home/mazen/mini_girona/install/cola2_lib_ros/share/cola2_lib_ros/package.dsv'
[38.312s] INFO:colcon.colcon_core.shell:Creating package script '/home/mazen/mini_girona/install/cola2_lib_ros/share/cola2_lib_ros/package.sh'
[38.313s] INFO:colcon.colcon_core.shell:Creating package script '/home/mazen/mini_girona/install/cola2_lib_ros/share/cola2_lib_ros/package.bash'
[38.313s] INFO:colcon.colcon_core.shell:Creating package script '/home/mazen/mini_girona/install/cola2_lib_ros/share/cola2_lib_ros/package.zsh'
[38.314s] Level 1:colcon.colcon_core.environment:create_file_with_runtime_dependencies(/home/mazen/mini_girona/install/cola2_lib_ros/share/colcon-core/packages/cola2_lib_ros)
[38.314s] INFO:colcon.colcon_ros.task.ament_cmake.build:Building ROS package in '/home/mazen/mini_girona/src/cola2_control' with build type 'ament_cmake'
[38.314s] INFO:colcon.colcon_cmake.task.cmake.build:Building CMake package in '/home/mazen/mini_girona/src/cola2_control'
[38.315s] INFO:colcon.colcon_core.shell:Skip shell extension 'powershell' for command environment: Not usable outside of PowerShell
[38.315s] DEBUG:colcon.colcon_core.shell:Skip shell extension 'dsv' for command environment
[38.325s] DEBUG:colcon.colcon_core.event_handler.log_command:Invoking command in '/home/mazen/mini_girona/build/cola2_control': CMAKE_PREFIX_PATH=/home/mazen/mini_girona/install/cola2_lib_ros:/home/mazen/mini_girona/install/cola2_msgs:/home/mazen/mini_girona/install/cola2_nav:/home/mazen/mini_girona/install/minigirona_stonefish:/home/mazen/mini_girona/install/stonefish_ros2:/home/mazen/mini_girona/install/cola2_minigirona:/home/mazen/mini_girona/install/minigirona_description:/home/mazen/mini_girona/install/cola2_control:/opt/ros/humble LD_LIBRARY_PATH=/home/mazen/mini_girona/install/cola2_lib_ros/lib:/home/mazen/mini_girona/install/cola2_msgs/lib:/home/mazen/mini_girona/install/stonefish_ros2/lib:/opt/ros/humble/opt/rviz_ogre_vendor/lib:/opt/ros/humble/lib/x86_64-linux-gnu:/opt/ros/humble/lib /usr/bin/cmake /home/mazen/mini_girona/src/cola2_control -DCMAKE_INSTALL_PREFIX=/home/mazen/mini_girona/install/cola2_control
[39.976s] DEBUG:colcon.colcon_core.event_handler.log_command:Invoked command in '/home/mazen/mini_girona/build/cola2_control' returned '0': CMAKE_PREFIX_PATH=/home/mazen/mini_girona/install/cola2_lib_ros:/home/mazen/mini_girona/install/cola2_msgs:/home/mazen/mini_girona/install/cola2_nav:/home/mazen/mini_girona/install/minigirona_stonefish:/home/mazen/mini_girona/install/stonefish_ros2:/home/mazen/mini_girona/install/cola2_minigirona:/home/mazen/mini_girona/install/minigirona_description:/home/mazen/mini_girona/install/cola2_control:/opt/ros/humble LD_LIBRARY_PATH=/home/mazen/mini_girona/install/cola2_lib_ros/lib:/home/mazen/mini_girona/install/cola2_msgs/lib:/home/mazen/mini_girona/install/stonefish_ros2/lib:/opt/ros/humble/opt/rviz_ogre_vendor/lib:/opt/ros/humble/lib/x86_64-linux-gnu:/opt/ros/humble/lib /usr/bin/cmake /home/mazen/mini_girona/src/cola2_control -DCMAKE_INSTALL_PREFIX=/home/mazen/mini_girona/install/cola2_control
[39.978s] DEBUG:colcon.colcon_core.event_handler.log_command:Invoking command in '/home/mazen/mini_girona/build/cola2_control': CMAKE_PREFIX_PATH=/home/mazen/mini_girona/install/cola2_lib_ros:/home/mazen/mini_girona/install/cola2_msgs:/home/mazen/mini_girona/install/cola2_nav:/home/mazen/mini_girona/install/minigirona_stonefish:/home/mazen/mini_girona/install/stonefish_ros2:/home/mazen/mini_girona/install/cola2_minigirona:/home/mazen/mini_girona/install/minigirona_description:/home/mazen/mini_girona/install/cola2_control:/opt/ros/humble LD_LIBRARY_PATH=/home/mazen/mini_girona/install/cola2_lib_ros/lib:/home/mazen/mini_girona/install/cola2_msgs/lib:/home/mazen/mini_girona/install/stonefish_ros2/lib:/opt/ros/humble/opt/rviz_ogre_vendor/lib:/opt/ros/humble/lib/x86_64-linux-gnu:/opt/ros/humble/lib /usr/bin/cmake --build /home/mazen/mini_girona/build/cola2_control -- -j12 -l12
[82.929s] DEBUG:colcon.colcon_core.event_handler.log_command:Invoked command in '/home/mazen/mini_girona/build/cola2_control' returned '0': CMAKE_PREFIX_PATH=/home/mazen/mini_girona/install/cola2_lib_ros:/home/mazen/mini_girona/install/cola2_msgs:/home/mazen/mini_girona/install/cola2_nav:/home/mazen/mini_girona/install/minigirona_stonefish:/home/mazen/mini_girona/install/stonefish_ros2:/home/mazen/mini_girona/install/cola2_minigirona:/home/mazen/mini_girona/install/minigirona_description:/home/mazen/mini_girona/install/cola2_control:/opt/ros/humble LD_LIBRARY_PATH=/home/mazen/mini_girona/install/cola2_lib_ros/lib:/home/mazen/mini_girona/install/cola2_msgs/lib:/home/mazen/mini_girona/install/stonefish_ros2/lib:/opt/ros/humble/opt/rviz_ogre_vendor/lib:/opt/ros/humble/lib/x86_64-linux-gnu:/opt/ros/humble/lib /usr/bin/cmake --build /home/mazen/mini_girona/build/cola2_control -- -j12 -l12
[82.931s] DEBUG:colcon.colcon_core.event_handler.log_command:Invoking command in '/home/mazen/mini_girona/build/cola2_control': CMAKE_PREFIX_PATH=/home/mazen/mini_girona/install/cola2_lib_ros:/home/mazen/mini_girona/install/cola2_msgs:/home/mazen/mini_girona/install/cola2_nav:/home/mazen/mini_girona/install/minigirona_stonefish:/home/mazen/mini_girona/install/stonefish_ros2:/home/mazen/mini_girona/install/cola2_minigirona:/home/mazen/mini_girona/install/minigirona_description:/home/mazen/mini_girona/install/cola2_control:/opt/ros/humble LD_LIBRARY_PATH=/home/mazen/mini_girona/install/cola2_lib_ros/lib:/home/mazen/mini_girona/install/cola2_msgs/lib:/home/mazen/mini_girona/install/stonefish_ros2/lib:/opt/ros/humble/opt/rviz_ogre_vendor/lib:/opt/ros/humble/lib/x86_64-linux-gnu:/opt/ros/humble/lib /usr/bin/cmake --install /home/mazen/mini_girona/build/cola2_control
[83.045s] Level 1:colcon.colcon_core.environment:create_environment_scripts_only(cola2_control)
[83.046s] Level 1:colcon.colcon_core.environment:checking '/home/mazen/mini_girona/install/cola2_control' for CMake module files
[83.046s] DEBUG:colcon.colcon_core.event_handler.log_command:Invoked command in '/home/mazen/mini_girona/build/cola2_control' returned '0': CMAKE_PREFIX_PATH=/home/mazen/mini_girona/install/cola2_lib_ros:/home/mazen/mini_girona/install/cola2_msgs:/home/mazen/mini_girona/install/cola2_nav:/home/mazen/mini_girona/install/minigirona_stonefish:/home/mazen/mini_girona/install/stonefish_ros2:/home/mazen/mini_girona/install/cola2_minigirona:/home/mazen/mini_girona/install/minigirona_description:/home/mazen/mini_girona/install/cola2_control:/opt/ros/humble LD_LIBRARY_PATH=/home/mazen/mini_girona/install/cola2_lib_ros/lib:/home/mazen/mini_girona/install/cola2_msgs/lib:/home/mazen/mini_girona/install/stonefish_ros2/lib:/opt/ros/humble/opt/rviz_ogre_vendor/lib:/opt/ros/humble/lib/x86_64-linux-gnu:/opt/ros/humble/lib /usr/bin/cmake --install /home/mazen/mini_girona/build/cola2_control
[83.047s] Level 1:colcon.colcon_core.environment:checking '/home/mazen/mini_girona/install/cola2_control' for CMake config files
[83.047s] Level 1:colcon.colcon_core.shell:create_environment_hook('cola2_control', 'cmake_prefix_path')
[83.047s] INFO:colcon.colcon_core.shell:Creating environment hook '/home/mazen/mini_girona/install/cola2_control/share/cola2_control/hook/cmake_prefix_path.ps1'
[83.047s] INFO:colcon.colcon_core.shell:Creating environment descriptor '/home/mazen/mini_girona/install/cola2_control/share/cola2_control/hook/cmake_prefix_path.dsv'
[83.048s] INFO:colcon.colcon_core.shell:Creating environment hook '/home/mazen/mini_girona/install/cola2_control/share/cola2_control/hook/cmake_prefix_path.sh'
[83.048s] Level 1:colcon.colcon_core.environment:checking '/home/mazen/mini_girona/install/cola2_control/lib'
[83.048s] Level 1:colcon.colcon_core.environment:checking '/home/mazen/mini_girona/install/cola2_control/bin'
[83.048s] Level 1:colcon.colcon_core.environment:checking '/home/mazen/mini_girona/install/cola2_control/lib/pkgconfig/cola2_control.pc'
[83.048s] Level 1:colcon.colcon_core.environment:checking '/home/mazen/mini_girona/install/cola2_control/lib/python3.10/site-packages'
[83.049s] Level 1:colcon.colcon_core.environment:checking '/home/mazen/mini_girona/install/cola2_control/bin'
[83.049s] INFO:colcon.colcon_core.shell:Creating package script '/home/mazen/mini_girona/install/cola2_control/share/cola2_control/package.ps1'
[83.049s] INFO:colcon.colcon_core.shell:Creating package descriptor '/home/mazen/mini_girona/install/cola2_control/share/cola2_control/package.dsv'
[83.050s] INFO:colcon.colcon_core.shell:Creating package script '/home/mazen/mini_girona/install/cola2_control/share/cola2_control/package.sh'
[83.050s] INFO:colcon.colcon_core.shell:Creating package script '/home/mazen/mini_girona/install/cola2_control/share/cola2_control/package.bash'
[83.050s] INFO:colcon.colcon_core.shell:Creating package script '/home/mazen/mini_girona/install/cola2_control/share/cola2_control/package.zsh'
[83.051s] Level 1:colcon.colcon_core.environment:create_file_with_runtime_dependencies(/home/mazen/mini_girona/install/cola2_control/share/colcon-core/packages/cola2_control)
[83.051s] Level 1:colcon.colcon_core.environment:create_environment_scripts_only(cola2_control)
[83.051s] Level 1:colcon.colcon_core.environment:checking '/home/mazen/mini_girona/install/cola2_control' for CMake module files
[83.052s] Level 1:colcon.colcon_core.environment:checking '/home/mazen/mini_girona/install/cola2_control' for CMake config files
[83.052s] Level 1:colcon.colcon_core.shell:create_environment_hook('cola2_control', 'cmake_prefix_path')
[83.052s] INFO:colcon.colcon_core.shell:Creating environment hook '/home/mazen/mini_girona/install/cola2_control/share/cola2_control/hook/cmake_prefix_path.ps1'
[83.052s] INFO:colcon.colcon_core.shell:Creating environment descriptor '/home/mazen/mini_girona/install/cola2_control/share/cola2_control/hook/cmake_prefix_path.dsv'
[83.053s] INFO:colcon.colcon_core.shell:Creating environment hook '/home/mazen/mini_girona/install/cola2_control/share/cola2_control/hook/cmake_prefix_path.sh'
[83.053s] Level 1:colcon.colcon_core.environment:checking '/home/mazen/mini_girona/install/cola2_control/lib'
[83.053s] Level 1:colcon.colcon_core.environment:checking '/home/mazen/mini_girona/install/cola2_control/bin'
[83.053s] Level 1:colcon.colcon_core.environment:checking '/home/mazen/mini_girona/install/cola2_control/lib/pkgconfig/cola2_control.pc'
[83.054s] Level 1:colcon.colcon_core.environment:checking '/home/mazen/mini_girona/install/cola2_control/lib/python3.10/site-packages'
[83.054s] Level 1:colcon.colcon_core.environment:checking '/home/mazen/mini_girona/install/cola2_control/bin'
[83.054s] INFO:colcon.colcon_core.shell:Creating package script '/home/mazen/mini_girona/install/cola2_control/share/cola2_control/package.ps1'
[83.054s] INFO:colcon.colcon_core.shell:Creating package descriptor '/home/mazen/mini_girona/install/cola2_control/share/cola2_control/package.dsv'
[83.055s] INFO:colcon.colcon_core.shell:Creating package script '/home/mazen/mini_girona/install/cola2_control/share/cola2_control/package.sh'
[83.055s] INFO:colcon.colcon_core.shell:Creating package script '/home/mazen/mini_girona/install/cola2_control/share/cola2_control/package.bash'
[83.055s] INFO:colcon.colcon_core.shell:Creating package script '/home/mazen/mini_girona/install/cola2_control/share/cola2_control/package.zsh'
[83.056s] Level 1:colcon.colcon_core.environment:create_file_with_runtime_dependencies(/home/mazen/mini_girona/install/cola2_control/share/colcon-core/packages/cola2_control)
[83.056s] DEBUG:colcon.colcon_parallel_executor.executor.parallel:closing loop
[83.056s] DEBUG:colcon.colcon_parallel_executor.executor.parallel:loop closed
[83.056s] DEBUG:colcon.colcon_parallel_executor.executor.parallel:run_until_complete finished with '0'
[83.056s] DEBUG:colcon.colcon_core.event_reactor:joining thread
[83.061s] INFO:colcon.colcon_core.plugin_system:Skipping extension 'colcon_notification.desktop_notification.terminal_notifier': Not used on non-Darwin systems
[83.061s] INFO:colcon.colcon_core.plugin_system:Skipping extension 'colcon_notification.desktop_notification.win32': Not used on non-Windows systems
[83.061s] INFO:colcon.colcon_notification.desktop_notification:Sending desktop notification using 'notify2'
[83.071s] DEBUG:colcon.colcon_core.event_reactor:joined thread
[83.072s] INFO:colcon.colcon_core.shell:Creating prefix script '/home/mazen/mini_girona/install/local_setup.ps1'
[83.073s] INFO:colcon.colcon_core.shell:Creating prefix util module '/home/mazen/mini_girona/install/_local_setup_util_ps1.py'
[83.074s] INFO:colcon.colcon_core.shell:Creating prefix chain script '/home/mazen/mini_girona/install/setup.ps1'
[83.075s] INFO:colcon.colcon_core.shell:Creating prefix script '/home/mazen/mini_girona/install/local_setup.sh'
[83.075s] INFO:colcon.colcon_core.shell:Creating prefix util module '/home/mazen/mini_girona/install/_local_setup_util_sh.py'
[83.076s] INFO:colcon.colcon_core.shell:Creating prefix chain script '/home/mazen/mini_girona/install/setup.sh'
[83.077s] INFO:colcon.colcon_core.shell:Creating prefix script '/home/mazen/mini_girona/install/local_setup.bash'
[83.077s] INFO:colcon.colcon_core.shell:Creating prefix chain script '/home/mazen/mini_girona/install/setup.bash'
[83.078s] INFO:colcon.colcon_core.shell:Creating prefix script '/home/mazen/mini_girona/install/local_setup.zsh'
[83.079s] INFO:colcon.colcon_core.shell:Creating prefix chain script '/home/mazen/mini_girona/install/setup.zsh'
