-- The C compiler identification is GNU 11.4.0
-- The CXX compiler identification is GNU 11.4.0
-- Detecting C compiler ABI info
-- Detecting C compiler ABI info - done
-- Check for working C compiler: /usr/bin/cc - skipped
-- Detecting C compile features
-- Detecting C compile features - done
-- Detecting CXX compiler ABI info
-- Detecting CXX compiler ABI info - done
-- Check for working CXX compiler: /usr/bin/c++ - skipped
-- Detecting CXX compile features
-- Detecting CXX compile features - done
-- Found ament_cmake: 1.3.11 (/opt/ros/humble/share/ament_cmake/cmake)
-- Found Python3: /usr/bin/python3 (found version "3.10.12") found components: Interpreter 
-- Found rclcpp: 16.0.11 (/opt/ros/humble/share/rclcpp/cmake)
-- Found rosidl_generator_c: 3.1.6 (/opt/ros/humble/share/rosidl_generator_c/cmake)
-- Found rosidl_adapter: 3.1.6 (/opt/ros/humble/share/rosidl_adapter/cmake)
-- Found rosidl_generator_cpp: 3.1.6 (/opt/ros/humble/share/rosidl_generator_cpp/cmake)
-- Using all available rosidl_typesupport_c: rosidl_typesupport_fastrtps_c;rosidl_typesupport_introspection_c
-- Using all available rosidl_typesupport_cpp: rosidl_typesupport_fastrtps_cpp;rosidl_typesupport_introspection_cpp
-- Found rmw_implementation_cmake: 6.1.2 (/opt/ros/humble/share/rmw_implementation_cmake/cmake)
-- Found rmw_fastrtps_cpp: 6.2.7 (/opt/ros/humble/share/rmw_fastrtps_cpp/cmake)
-- Found OpenSSL: /usr/lib/x86_64-linux-gnu/libcrypto.so (found version "3.0.2")  
-- Found FastRTPS: /opt/ros/humble/include  
-- Using RMW implementation 'rmw_fastrtps_cpp' as default
-- Looking for pthread.h
-- Looking for pthread.h - found
-- Performing Test CMAKE_HAVE_LIBC_PTHREAD
-- Performing Test CMAKE_HAVE_LIBC_PTHREAD - Success
-- Found Threads: TRUE  
-- Found tf2: 0.25.11 (/opt/ros/humble/share/tf2/cmake)
-- Found tf2_ros: 0.25.11 (/opt/ros/humble/share/tf2_ros/cmake)
-- Found sensor_msgs: 4.2.4 (/opt/ros/humble/share/sensor_msgs/cmake)
-- Found diagnostic_msgs: 4.2.4 (/opt/ros/humble/share/diagnostic_msgs/cmake)
-- Found nav_msgs: 4.2.4 (/opt/ros/humble/share/nav_msgs/cmake)
-- Found cola2_msgs: 24.1.0 (/home/mazen/mini_girona/install/cola2_msgs/share/cola2_msgs/cmake)
-- Found OpenCV: /usr (found version "4.5.4") 
-- COLA2_LIB found version 24.1.1
-- COLA2_LIB include directories: /usr/local/share/cola2_lib/../../include/cola2_lib;/usr/include;/usr/include/eigen3
-- COLA2_LIB libraries: cola2_io;cola2_utils;cola2_mission;cola2_comms;cola2_wmmc;cola2_wmm
-- Including COLA2_LIB include directories
-- Found Boost: /usr/lib/x86_64-linux-gnu/cmake/Boost-1.74.0/BoostConfig.cmake (found version "1.74.0") found components: thread date_time filesystem 
-- Found TinyXML: /usr/lib/x86_64-linux-gnu/libtinyxml.so  
-- Configuring done
-- Generating done
-- Build files have been written to: /home/mazen/mini_girona/build/cola2_lib_ros
[ 12%] [32mBuilding CXX object CMakeFiles/cola2_ros.dir/src/cola2_lib_ros/captain_helper.cpp.o[0m
[ 37%] [32mBuilding CXX object CMakeFiles/cola2_ros.dir/src/cola2_lib_ros/navigation_helper.cpp.o[0m
[ 37%] [32mBuilding CXX object CMakeFiles/cola2_ros.dir/src/cola2_lib_ros/setpoints_selector.cpp.o[0m
[ 50%] [32mBuilding CXX object CMakeFiles/cola2_ros.dir/src/cola2_lib_ros/this_node.cpp.o[0m
[ 62%] [32mBuilding CXX object CMakeFiles/cola2_ros.dir/src/cola2_lib_ros/transform_handler.cpp.o[0m
[ 75%] [32mBuilding CXX object CMakeFiles/cola2_ros.dir/src/cola2_lib_ros/diagnostic_helper.cpp.o[0m
[ 87%] [32mBuilding CXX object CMakeFiles/cola2_ros.dir/src/cola2_lib_ros/types.cpp.o[0m
[100%] [32m[1mLinking CXX shared library libcola2_ros.so[0m
[100%] Built target cola2_ros
-- Install configuration: ""
-- Installing: /home/mazen/mini_girona/install/cola2_lib_ros/lib/libcola2_ros.so
-- Set runtime path of "/home/mazen/mini_girona/install/cola2_lib_ros/lib/libcola2_ros.so" to ""
-- Installing: /home/mazen/mini_girona/install/cola2_lib_ros/include/cola2_lib_ros
-- Installing: /home/mazen/mini_girona/install/cola2_lib_ros/include/cola2_lib_ros/types.h
-- Installing: /home/mazen/mini_girona/install/cola2_lib_ros/include/cola2_lib_ros/navigation_helper.h
-- Installing: /home/mazen/mini_girona/install/cola2_lib_ros/include/cola2_lib_ros/param_loader.h
-- Installing: /home/mazen/mini_girona/install/cola2_lib_ros/include/cola2_lib_ros/captain_helper.h
-- Installing: /home/mazen/mini_girona/install/cola2_lib_ros/include/cola2_lib_ros/transform_handler.h
-- Installing: /home/mazen/mini_girona/install/cola2_lib_ros/include/cola2_lib_ros/setpoints_selector.h
-- Installing: /home/mazen/mini_girona/install/cola2_lib_ros/include/cola2_lib_ros/this_node.h
-- Installing: /home/mazen/mini_girona/install/cola2_lib_ros/include/cola2_lib_ros/serviceclient_helper.h
-- Installing: /home/mazen/mini_girona/install/cola2_lib_ros/include/cola2_lib_ros/diagnostic_helper.h
-- Installing: /home/mazen/mini_girona/install/cola2_lib_ros/lib/cola2_lib_ros/python
-- Installing: /home/mazen/mini_girona/install/cola2_lib_ros/lib/cola2_lib_ros/python/cola2_ros
-- Installing: /home/mazen/mini_girona/install/cola2_lib_ros/lib/cola2_lib_ros/python/cola2_ros/transform_handler.py
-- Installing: /home/mazen/mini_girona/install/cola2_lib_ros/lib/cola2_lib_ros/python/cola2_ros/navigation_helper.py
-- Installing: /home/mazen/mini_girona/install/cola2_lib_ros/lib/cola2_lib_ros/python/cola2_ros/this_node.py
-- Installing: /home/mazen/mini_girona/install/cola2_lib_ros/lib/cola2_lib_ros/python/cola2_ros/diagnostic_helper.py
-- Installing: /home/mazen/mini_girona/install/cola2_lib_ros/lib/cola2_lib_ros/python/cola2_ros/service_helper.py
-- Installing: /home/mazen/mini_girona/install/cola2_lib_ros/lib/cola2_lib_ros/python/cola2_ros/captain_helper.py
-- Installing: /home/mazen/mini_girona/install/cola2_lib_ros/lib/cola2_lib_ros/python/cola2_ros/__init__.py
-- Installing: /home/mazen/mini_girona/install/cola2_lib_ros/lib/cola2_lib_ros/python/cola2_ros/param_loader.py
-- Installing: /home/mazen/mini_girona/install/cola2_lib_ros/share/cola2_lib_ros/src/cola2_lib_ros/urdf_macros.xacro
-- Installing: /home/mazen/mini_girona/install/cola2_lib_ros/share/cola2_lib_ros/environment/library_path.sh
-- Installing: /home/mazen/mini_girona/install/cola2_lib_ros/share/cola2_lib_ros/environment/library_path.dsv
-- Installing: /home/mazen/mini_girona/install/cola2_lib_ros/share/ament_index/resource_index/package_run_dependencies/cola2_lib_ros
-- Installing: /home/mazen/mini_girona/install/cola2_lib_ros/share/ament_index/resource_index/parent_prefix_path/cola2_lib_ros
-- Installing: /home/mazen/mini_girona/install/cola2_lib_ros/share/cola2_lib_ros/environment/ament_prefix_path.sh
-- Installing: /home/mazen/mini_girona/install/cola2_lib_ros/share/cola2_lib_ros/environment/ament_prefix_path.dsv
-- Installing: /home/mazen/mini_girona/install/cola2_lib_ros/share/cola2_lib_ros/environment/path.sh
-- Installing: /home/mazen/mini_girona/install/cola2_lib_ros/share/cola2_lib_ros/environment/path.dsv
-- Installing: /home/mazen/mini_girona/install/cola2_lib_ros/share/cola2_lib_ros/local_setup.bash
-- Installing: /home/mazen/mini_girona/install/cola2_lib_ros/share/cola2_lib_ros/local_setup.sh
-- Installing: /home/mazen/mini_girona/install/cola2_lib_ros/share/cola2_lib_ros/local_setup.zsh
-- Installing: /home/mazen/mini_girona/install/cola2_lib_ros/share/cola2_lib_ros/local_setup.dsv
-- Installing: /home/mazen/mini_girona/install/cola2_lib_ros/share/cola2_lib_ros/package.dsv
-- Installing: /home/mazen/mini_girona/install/cola2_lib_ros/share/ament_index/resource_index/packages/cola2_lib_ros
-- Installing: /home/mazen/mini_girona/install/cola2_lib_ros/share/cola2_lib_ros/cmake/ament_cmake_export_dependencies-extras.cmake
-- Installing: /home/mazen/mini_girona/install/cola2_lib_ros/share/cola2_lib_ros/cmake/ament_cmake_export_include_directories-extras.cmake
-- Installing: /home/mazen/mini_girona/install/cola2_lib_ros/share/cola2_lib_ros/cmake/ament_cmake_export_libraries-extras.cmake
-- Installing: /home/mazen/mini_girona/install/cola2_lib_ros/share/cola2_lib_ros/cmake/cola2_lib_rosConfig.cmake
-- Installing: /home/mazen/mini_girona/install/cola2_lib_ros/share/cola2_lib_ros/cmake/cola2_lib_rosConfig-version.cmake
-- Installing: /home/mazen/mini_girona/install/cola2_lib_ros/share/cola2_lib_ros/package.xml
