[35m[1mConsolidate compiler generated dependencies of target cola2_nav[0m
[ 40%] Built target cola2_nav
[35m[1mConsolidate compiler generated dependencies of target navigator_node[0m
[35m[1mConsolidate compiler generated dependencies of target navigator_surface_node[0m
[35m[1mConsolidate compiler generated dependencies of target navigator_position_node[0m
[ 60%] Built target navigator_node
[ 80%] Built target navigator_position_node
[100%] Built target navigator_surface_node
-- Install configuration: ""
-- Up-to-date: /home/mazen/mini_girona/install/cola2_nav/lib/cola2_nav/libcola2_nav.a
-- Up-to-date: /home/mazen/mini_girona/install/cola2_nav/lib/cola2_nav/navigator_node
-- Up-to-date: /home/mazen/mini_girona/install/cola2_nav/lib/cola2_nav/navigator_position_node
-- Up-to-date: /home/mazen/mini_girona/install/cola2_nav/lib/cola2_nav/navigator_surface_node
-- Up-to-date: /home/mazen/mini_girona/install/cola2_nav/include/cola2_nav
-- Up-to-date: /home/mazen/mini_girona/install/cola2_nav/include/cola2_nav/transformations.h
-- Up-to-date: /home/mazen/mini_girona/install/cola2_nav/include/cola2_nav/ekf_base.h
-- Up-to-date: /home/mazen/mini_girona/install/cola2_nav/include/cola2_nav/ekf_base_ros2.h
-- Up-to-date: /home/mazen/mini_girona/install/cola2_nav/share/cola2_nav/config
-- Up-to-date: /home/mazen/mini_girona/install/cola2_nav/share/cola2_nav/config/navigator_position.yaml
-- Up-to-date: /home/mazen/mini_girona/install/cola2_nav/share/cola2_nav/config/navigator.yaml
-- Up-to-date: /home/mazen/mini_girona/install/cola2_nav/share/cola2_nav/launch
-- Up-to-date: /home/mazen/mini_girona/install/cola2_nav/share/cola2_nav/launch/navigation.launch.py
-- Up-to-date: /home/mazen/mini_girona/install/cola2_nav/share/ament_index/resource_index/package_run_dependencies/cola2_nav
-- Up-to-date: /home/mazen/mini_girona/install/cola2_nav/share/ament_index/resource_index/parent_prefix_path/cola2_nav
-- Up-to-date: /home/mazen/mini_girona/install/cola2_nav/share/cola2_nav/environment/ament_prefix_path.sh
-- Up-to-date: /home/mazen/mini_girona/install/cola2_nav/share/cola2_nav/environment/ament_prefix_path.dsv
-- Up-to-date: /home/mazen/mini_girona/install/cola2_nav/share/cola2_nav/environment/path.sh
-- Up-to-date: /home/mazen/mini_girona/install/cola2_nav/share/cola2_nav/environment/path.dsv
-- Up-to-date: /home/mazen/mini_girona/install/cola2_nav/share/cola2_nav/local_setup.bash
-- Up-to-date: /home/mazen/mini_girona/install/cola2_nav/share/cola2_nav/local_setup.sh
-- Up-to-date: /home/mazen/mini_girona/install/cola2_nav/share/cola2_nav/local_setup.zsh
-- Up-to-date: /home/mazen/mini_girona/install/cola2_nav/share/cola2_nav/local_setup.dsv
-- Installing: /home/mazen/mini_girona/install/cola2_nav/share/cola2_nav/package.dsv
-- Up-to-date: /home/mazen/mini_girona/install/cola2_nav/share/ament_index/resource_index/packages/cola2_nav
-- Up-to-date: /home/mazen/mini_girona/install/cola2_nav/share/cola2_nav/cmake/cola2_navConfig.cmake
-- Up-to-date: /home/mazen/mini_girona/install/cola2_nav/share/cola2_nav/cmake/cola2_navConfig-version.cmake
-- Up-to-date: /home/mazen/mini_girona/install/cola2_nav/share/cola2_nav/package.xml
