[0.013s] Invoking command in '/home/mazen/mini_girona/build/cola2_nav': CMAKE_PREFIX_PATH=/home/mazen/mini_girona/install/cola2_lib_ros:/home/mazen/mini_girona/install/cola2_msgs:/home/mazen/mini_girona/install/cola2_nav:/home/mazen/mini_girona/install/minigirona_stonefish:/home/mazen/mini_girona/install/stonefish_ros2:/home/mazen/mini_girona/install/cola2_minigirona:/home/mazen/mini_girona/install/minigirona_description:/home/mazen/mini_girona/install/cola2_control:/opt/ros/humble LD_LIBRARY_PATH=/home/mazen/mini_girona/install/cola2_lib_ros/lib:/home/mazen/mini_girona/install/cola2_msgs/lib:/home/mazen/mini_girona/install/stonefish_ros2/lib:/opt/ros/humble/opt/rviz_ogre_vendor/lib:/opt/ros/humble/lib/x86_64-linux-gnu:/opt/ros/humble/lib /usr/bin/cmake --build /home/mazen/mini_girona/build/cola2_nav -- -j12 -l12
[0.054s] [35m[1mConsolidate compiler generated dependencies of target cola2_nav[0m
[0.075s] [ 40%] Built target cola2_nav
[0.088s] [35m[1mConsolidate compiler generated dependencies of target navigator_node[0m
[0.092s] [35m[1mConsolidate compiler generated dependencies of target navigator_surface_node[0m
[0.092s] [35m[1mConsolidate compiler generated dependencies of target navigator_position_node[0m
[0.116s] [ 60%] Built target navigator_node
[0.119s] [ 80%] Built target navigator_position_node
[0.119s] [100%] Built target navigator_surface_node
[0.133s] Invoked command in '/home/mazen/mini_girona/build/cola2_nav' returned '0': CMAKE_PREFIX_PATH=/home/mazen/mini_girona/install/cola2_lib_ros:/home/mazen/mini_girona/install/cola2_msgs:/home/mazen/mini_girona/install/cola2_nav:/home/mazen/mini_girona/install/minigirona_stonefish:/home/mazen/mini_girona/install/stonefish_ros2:/home/mazen/mini_girona/install/cola2_minigirona:/home/mazen/mini_girona/install/minigirona_description:/home/mazen/mini_girona/install/cola2_control:/opt/ros/humble LD_LIBRARY_PATH=/home/mazen/mini_girona/install/cola2_lib_ros/lib:/home/mazen/mini_girona/install/cola2_msgs/lib:/home/mazen/mini_girona/install/stonefish_ros2/lib:/opt/ros/humble/opt/rviz_ogre_vendor/lib:/opt/ros/humble/lib/x86_64-linux-gnu:/opt/ros/humble/lib /usr/bin/cmake --build /home/mazen/mini_girona/build/cola2_nav -- -j12 -l12
[0.135s] Invoking command in '/home/mazen/mini_girona/build/cola2_nav': CMAKE_PREFIX_PATH=/home/mazen/mini_girona/install/cola2_lib_ros:/home/mazen/mini_girona/install/cola2_msgs:/home/mazen/mini_girona/install/cola2_nav:/home/mazen/mini_girona/install/minigirona_stonefish:/home/mazen/mini_girona/install/stonefish_ros2:/home/mazen/mini_girona/install/cola2_minigirona:/home/mazen/mini_girona/install/minigirona_description:/home/mazen/mini_girona/install/cola2_control:/opt/ros/humble LD_LIBRARY_PATH=/home/mazen/mini_girona/install/cola2_lib_ros/lib:/home/mazen/mini_girona/install/cola2_msgs/lib:/home/mazen/mini_girona/install/stonefish_ros2/lib:/opt/ros/humble/opt/rviz_ogre_vendor/lib:/opt/ros/humble/lib/x86_64-linux-gnu:/opt/ros/humble/lib /usr/bin/cmake --install /home/mazen/mini_girona/build/cola2_nav
[0.145s] -- Install configuration: ""
[0.146s] -- Up-to-date: /home/mazen/mini_girona/install/cola2_nav/lib/cola2_nav/libcola2_nav.a
[0.146s] -- Up-to-date: /home/mazen/mini_girona/install/cola2_nav/lib/cola2_nav/navigator_node
[0.146s] -- Up-to-date: /home/mazen/mini_girona/install/cola2_nav/lib/cola2_nav/navigator_position_node
[0.146s] -- Up-to-date: /home/mazen/mini_girona/install/cola2_nav/lib/cola2_nav/navigator_surface_node
[0.146s] -- Up-to-date: /home/mazen/mini_girona/install/cola2_nav/include/cola2_nav
[0.146s] -- Up-to-date: /home/mazen/mini_girona/install/cola2_nav/include/cola2_nav/transformations.h
[0.146s] -- Up-to-date: /home/mazen/mini_girona/install/cola2_nav/include/cola2_nav/ekf_base.h
[0.146s] -- Up-to-date: /home/mazen/mini_girona/install/cola2_nav/include/cola2_nav/ekf_base_ros2.h
[0.146s] -- Up-to-date: /home/mazen/mini_girona/install/cola2_nav/share/cola2_nav/config
[0.147s] -- Up-to-date: /home/mazen/mini_girona/install/cola2_nav/share/cola2_nav/config/navigator_position.yaml
[0.147s] -- Up-to-date: /home/mazen/mini_girona/install/cola2_nav/share/cola2_nav/config/navigator.yaml
[0.147s] -- Up-to-date: /home/mazen/mini_girona/install/cola2_nav/share/cola2_nav/launch
[0.147s] -- Up-to-date: /home/mazen/mini_girona/install/cola2_nav/share/cola2_nav/launch/navigation.launch.py
[0.147s] -- Up-to-date: /home/mazen/mini_girona/install/cola2_nav/share/ament_index/resource_index/package_run_dependencies/cola2_nav
[0.148s] -- Up-to-date: /home/mazen/mini_girona/install/cola2_nav/share/ament_index/resource_index/parent_prefix_path/cola2_nav
[0.148s] -- Up-to-date: /home/mazen/mini_girona/install/cola2_nav/share/cola2_nav/environment/ament_prefix_path.sh
[0.148s] -- Up-to-date: /home/mazen/mini_girona/install/cola2_nav/share/cola2_nav/environment/ament_prefix_path.dsv
[0.148s] -- Up-to-date: /home/mazen/mini_girona/install/cola2_nav/share/cola2_nav/environment/path.sh
[0.149s] -- Up-to-date: /home/mazen/mini_girona/install/cola2_nav/share/cola2_nav/environment/path.dsv
[0.149s] -- Up-to-date: /home/mazen/mini_girona/install/cola2_nav/share/cola2_nav/local_setup.bash
[0.149s] -- Up-to-date: /home/mazen/mini_girona/install/cola2_nav/share/cola2_nav/local_setup.sh
[0.149s] -- Up-to-date: /home/mazen/mini_girona/install/cola2_nav/share/cola2_nav/local_setup.zsh
[0.149s] -- Up-to-date: /home/mazen/mini_girona/install/cola2_nav/share/cola2_nav/local_setup.dsv
[0.149s] -- Installing: /home/mazen/mini_girona/install/cola2_nav/share/cola2_nav/package.dsv
[0.149s] -- Up-to-date: /home/mazen/mini_girona/install/cola2_nav/share/ament_index/resource_index/packages/cola2_nav
[0.149s] -- Up-to-date: /home/mazen/mini_girona/install/cola2_nav/share/cola2_nav/cmake/cola2_navConfig.cmake
[0.149s] -- Up-to-date: /home/mazen/mini_girona/install/cola2_nav/share/cola2_nav/cmake/cola2_navConfig-version.cmake
[0.149s] -- Up-to-date: /home/mazen/mini_girona/install/cola2_nav/share/cola2_nav/package.xml
[0.161s] Invoked command in '/home/mazen/mini_girona/build/cola2_nav' returned '0': CMAKE_PREFIX_PATH=/home/mazen/mini_girona/install/cola2_lib_ros:/home/mazen/mini_girona/install/cola2_msgs:/home/mazen/mini_girona/install/cola2_nav:/home/mazen/mini_girona/install/minigirona_stonefish:/home/mazen/mini_girona/install/stonefish_ros2:/home/mazen/mini_girona/install/cola2_minigirona:/home/mazen/mini_girona/install/minigirona_description:/home/mazen/mini_girona/install/cola2_control:/opt/ros/humble LD_LIBRARY_PATH=/home/mazen/mini_girona/install/cola2_lib_ros/lib:/home/mazen/mini_girona/install/cola2_msgs/lib:/home/mazen/mini_girona/install/stonefish_ros2/lib:/opt/ros/humble/opt/rviz_ogre_vendor/lib:/opt/ros/humble/lib/x86_64-linux-gnu:/opt/ros/humble/lib /usr/bin/cmake --install /home/mazen/mini_girona/build/cola2_nav
