[0.013s] Invoking command in '/home/mazen/mini_girona/build/minigirona_description': CMAKE_PREFIX_PATH=/home/mazen/mini_girona/install/cola2_lib_ros:/home/mazen/mini_girona/install/cola2_msgs:/home/mazen/mini_girona/install/cola2_nav:/home/mazen/mini_girona/install/minigirona_stonefish:/home/mazen/mini_girona/install/stonefish_ros2:/home/mazen/mini_girona/install/cola2_minigirona:/home/mazen/mini_girona/install/minigirona_description:/home/mazen/mini_girona/install/cola2_control:/opt/ros/humble LD_LIBRARY_PATH=/home/mazen/mini_girona/install/cola2_lib_ros/lib:/home/mazen/mini_girona/install/cola2_msgs/lib:/home/mazen/mini_girona/install/stonefish_ros2/lib:/opt/ros/humble/opt/rviz_ogre_vendor/lib:/opt/ros/humble/lib/x86_64-linux-gnu:/opt/ros/humble/lib /usr/bin/cmake /home/mazen/mini_girona/src/minigirona_description -DCMAKE_INSTALL_PREFIX=/home/mazen/mini_girona/install/minigirona_description
[0.067s] -- The C compiler identification is GNU 11.4.0
[0.153s] -- The CXX compiler identification is GNU 11.4.0
[0.165s] -- Detecting C compiler ABI info
[0.240s] -- Detecting C compiler ABI info - done
[0.256s] -- Check for working C compiler: /usr/bin/cc - skipped
[0.256s] -- Detecting C compile features
[0.257s] -- Detecting C compile features - done
[0.262s] -- Detecting CXX compiler ABI info
[0.350s] -- Detecting CXX compiler ABI info - done
[0.369s] -- Check for working CXX compiler: /usr/bin/c++ - skipped
[0.369s] -- Detecting CXX compile features
[0.370s] -- Detecting CXX compile features - done
[0.374s] -- Found ament_cmake: 1.3.11 (/opt/ros/humble/share/ament_cmake/cmake)
[0.519s] -- Found Python3: /usr/bin/python3 (found version "3.10.12") found components: Interpreter 
[0.601s] -- Found rclcpp: 16.0.11 (/opt/ros/humble/share/rclcpp/cmake)
[0.638s] -- Found rosidl_generator_c: 3.1.6 (/opt/ros/humble/share/rosidl_generator_c/cmake)
[0.643s] -- Found rosidl_adapter: 3.1.6 (/opt/ros/humble/share/rosidl_adapter/cmake)
[0.651s] -- Found rosidl_generator_cpp: 3.1.6 (/opt/ros/humble/share/rosidl_generator_cpp/cmake)
[0.662s] -- Using all available rosidl_typesupport_c: rosidl_typesupport_fastrtps_c;rosidl_typesupport_introspection_c
[0.677s] -- Using all available rosidl_typesupport_cpp: rosidl_typesupport_fastrtps_cpp;rosidl_typesupport_introspection_cpp
[0.718s] -- Found rmw_implementation_cmake: 6.1.2 (/opt/ros/humble/share/rmw_implementation_cmake/cmake)
[0.720s] -- Found rmw_fastrtps_cpp: 6.2.7 (/opt/ros/humble/share/rmw_fastrtps_cpp/cmake)
[0.797s] -- Found OpenSSL: /usr/lib/x86_64-linux-gnu/libcrypto.so (found version "3.0.2")  
[0.819s] -- Found FastRTPS: /opt/ros/humble/include  
[0.853s] -- Using RMW implementation 'rmw_fastrtps_cpp' as default
[0.860s] -- Looking for pthread.h
[0.928s] -- Looking for pthread.h - found
[0.928s] -- Performing Test CMAKE_HAVE_LIBC_PTHREAD
[0.996s] -- Performing Test CMAKE_HAVE_LIBC_PTHREAD - Success
[0.997s] -- Found Threads: TRUE  
[1.047s] -- Found robot_state_publisher: 3.0.3 (/opt/ros/humble/share/robot_state_publisher/cmake)
[1.075s] -- Found eigen3_cmake_module: 0.1.1 (/opt/ros/humble/share/eigen3_cmake_module/cmake)
[1.076s] -- Found Eigen3: TRUE (found version "3.4.0") 
[1.077s] -- Ensuring Eigen3 include directory is part of orocos-kdl CMake target
[1.227s] -- Found cola2_lib_ros: 24.1.2 (/home/mazen/mini_girona/install/cola2_lib_ros/share/cola2_lib_ros/cmake)
[1.316s] -- COLA2_LIB found version 24.1.1
[1.316s] -- COLA2_LIB include directories: /usr/local/share/cola2_lib/../../include/cola2_lib;/usr/include;/usr/include/eigen3
[1.316s] -- COLA2_LIB libraries: cola2_io;cola2_utils;cola2_mission;cola2_comms;cola2_wmmc;cola2_wmm
[1.316s] -- Including COLA2_LIB include directories
[1.333s] -- Found Boost: /usr/lib/x86_64-linux-gnu/cmake/Boost-1.74.0/BoostConfig.cmake (found version "1.74.0") found components: thread date_time filesystem 
[1.337s] -- Found TinyXML: /usr/lib/x86_64-linux-gnu/libtinyxml.so  
[1.405s] -- Configuring done
[1.411s] -- Generating done
[1.413s] -- Build files have been written to: /home/mazen/mini_girona/build/minigirona_description
[1.424s] Invoked command in '/home/mazen/mini_girona/build/minigirona_description' returned '0': CMAKE_PREFIX_PATH=/home/mazen/mini_girona/install/cola2_lib_ros:/home/mazen/mini_girona/install/cola2_msgs:/home/mazen/mini_girona/install/cola2_nav:/home/mazen/mini_girona/install/minigirona_stonefish:/home/mazen/mini_girona/install/stonefish_ros2:/home/mazen/mini_girona/install/cola2_minigirona:/home/mazen/mini_girona/install/minigirona_description:/home/mazen/mini_girona/install/cola2_control:/opt/ros/humble LD_LIBRARY_PATH=/home/mazen/mini_girona/install/cola2_lib_ros/lib:/home/mazen/mini_girona/install/cola2_msgs/lib:/home/mazen/mini_girona/install/stonefish_ros2/lib:/opt/ros/humble/opt/rviz_ogre_vendor/lib:/opt/ros/humble/lib/x86_64-linux-gnu:/opt/ros/humble/lib /usr/bin/cmake /home/mazen/mini_girona/src/minigirona_description -DCMAKE_INSTALL_PREFIX=/home/mazen/mini_girona/install/minigirona_description
[1.426s] Invoking command in '/home/mazen/mini_girona/build/minigirona_description': CMAKE_PREFIX_PATH=/home/mazen/mini_girona/install/cola2_lib_ros:/home/mazen/mini_girona/install/cola2_msgs:/home/mazen/mini_girona/install/cola2_nav:/home/mazen/mini_girona/install/minigirona_stonefish:/home/mazen/mini_girona/install/stonefish_ros2:/home/mazen/mini_girona/install/cola2_minigirona:/home/mazen/mini_girona/install/minigirona_description:/home/mazen/mini_girona/install/cola2_control:/opt/ros/humble LD_LIBRARY_PATH=/home/mazen/mini_girona/install/cola2_lib_ros/lib:/home/mazen/mini_girona/install/cola2_msgs/lib:/home/mazen/mini_girona/install/stonefish_ros2/lib:/opt/ros/humble/opt/rviz_ogre_vendor/lib:/opt/ros/humble/lib/x86_64-linux-gnu:/opt/ros/humble/lib /usr/bin/cmake --build /home/mazen/mini_girona/build/minigirona_description -- -j12 -l12
[1.465s] Invoked command in '/home/mazen/mini_girona/build/minigirona_description' returned '0': CMAKE_PREFIX_PATH=/home/mazen/mini_girona/install/cola2_lib_ros:/home/mazen/mini_girona/install/cola2_msgs:/home/mazen/mini_girona/install/cola2_nav:/home/mazen/mini_girona/install/minigirona_stonefish:/home/mazen/mini_girona/install/stonefish_ros2:/home/mazen/mini_girona/install/cola2_minigirona:/home/mazen/mini_girona/install/minigirona_description:/home/mazen/mini_girona/install/cola2_control:/opt/ros/humble LD_LIBRARY_PATH=/home/mazen/mini_girona/install/cola2_lib_ros/lib:/home/mazen/mini_girona/install/cola2_msgs/lib:/home/mazen/mini_girona/install/stonefish_ros2/lib:/opt/ros/humble/opt/rviz_ogre_vendor/lib:/opt/ros/humble/lib/x86_64-linux-gnu:/opt/ros/humble/lib /usr/bin/cmake --build /home/mazen/mini_girona/build/minigirona_description -- -j12 -l12
[1.466s] Invoking command in '/home/mazen/mini_girona/build/minigirona_description': CMAKE_PREFIX_PATH=/home/mazen/mini_girona/install/cola2_lib_ros:/home/mazen/mini_girona/install/cola2_msgs:/home/mazen/mini_girona/install/cola2_nav:/home/mazen/mini_girona/install/minigirona_stonefish:/home/mazen/mini_girona/install/stonefish_ros2:/home/mazen/mini_girona/install/cola2_minigirona:/home/mazen/mini_girona/install/minigirona_description:/home/mazen/mini_girona/install/cola2_control:/opt/ros/humble LD_LIBRARY_PATH=/home/mazen/mini_girona/install/cola2_lib_ros/lib:/home/mazen/mini_girona/install/cola2_msgs/lib:/home/mazen/mini_girona/install/stonefish_ros2/lib:/opt/ros/humble/opt/rviz_ogre_vendor/lib:/opt/ros/humble/lib/x86_64-linux-gnu:/opt/ros/humble/lib /usr/bin/cmake --install /home/mazen/mini_girona/build/minigirona_description
[1.474s] -- Install configuration: ""
[1.474s] -- Installing: /home/mazen/mini_girona/install/minigirona_description/share/minigirona_description/launch
[1.474s] -- Installing: /home/mazen/mini_girona/install/minigirona_description/share/minigirona_description/launch/minig_description.launch.py
[1.474s] -- Installing: /home/mazen/mini_girona/install/minigirona_description/share/minigirona_description/meshes
[1.475s] -- Installing: /home/mazen/mini_girona/install/minigirona_description/share/minigirona_description/meshes/minigirona.dae
[1.479s] -- Installing: /home/mazen/mini_girona/install/minigirona_description/share/minigirona_description/urdf
[1.479s] -- Installing: /home/mazen/mini_girona/install/minigirona_description/share/minigirona_description/urdf/payload.urdf.xacro
[1.479s] -- Installing: /home/mazen/mini_girona/install/minigirona_description/share/minigirona_description/urdf/core.urdf.xacro
[1.479s] -- Installing: /home/mazen/mini_girona/install/minigirona_description/share/minigirona_description/resources
[1.479s] -- Installing: /home/mazen/mini_girona/install/minigirona_description/share/minigirona_description/resources/textures
[1.479s] -- Installing: /home/mazen/mini_girona/install/minigirona_description/share/minigirona_description/resources/textures/upper_hull_tex.png
[1.479s] -- Installing: /home/mazen/mini_girona/install/minigirona_description/share/minigirona_description/resources/textures/tbar_front_tex.png
[1.479s] -- Installing: /home/mazen/mini_girona/install/minigirona_description/share/minigirona_description/resources/textures/duct_tex.png
[1.480s] -- Installing: /home/mazen/mini_girona/install/minigirona_description/share/minigirona_description/resources/textures/tbar_back_tex.png
[1.480s] -- Installing: /home/mazen/mini_girona/install/minigirona_description/share/minigirona_description/resources/textures/lower_hull_tex.png
[1.480s] -- Installing: /home/mazen/mini_girona/install/minigirona_description/share/minigirona_description/resources/textures/propeller_tex.png
[1.480s] -- Installing: /home/mazen/mini_girona/install/minigirona_description/share/minigirona_description/resources/meshes
[1.480s] -- Installing: /home/mazen/mini_girona/install/minigirona_description/share/minigirona_description/resources/meshes/upper_hull.obj
[1.480s] -- Installing: /home/mazen/mini_girona/install/minigirona_description/share/minigirona_description/resources/meshes/lower_hull.obj
[1.481s] -- Installing: /home/mazen/mini_girona/install/minigirona_description/share/minigirona_description/resources/meshes/duct.obj
[1.481s] -- Installing: /home/mazen/mini_girona/install/minigirona_description/share/minigirona_description/resources/meshes/hull_phy.obj
[1.482s] -- Installing: /home/mazen/mini_girona/install/minigirona_description/share/minigirona_description/resources/meshes/tbar_back.obj
[1.482s] -- Installing: /home/mazen/mini_girona/install/minigirona_description/share/minigirona_description/resources/meshes/antenna_phy.obj
[1.482s] -- Installing: /home/mazen/mini_girona/install/minigirona_description/share/minigirona_description/resources/meshes/girona500.dae
[1.487s] -- Installing: /home/mazen/mini_girona/install/minigirona_description/share/minigirona_description/resources/meshes/antenna.obj
[1.487s] -- Installing: /home/mazen/mini_girona/install/minigirona_description/share/minigirona_description/resources/meshes/duct_phy.obj
[1.487s] -- Installing: /home/mazen/mini_girona/install/minigirona_description/share/minigirona_description/resources/meshes/tbar_phy.obj
[1.487s] -- Installing: /home/mazen/mini_girona/install/minigirona_description/share/minigirona_description/resources/meshes/propeller.obj
[1.487s] -- Installing: /home/mazen/mini_girona/install/minigirona_description/share/minigirona_description/resources/meshes/hull.obj
[1.488s] -- Installing: /home/mazen/mini_girona/install/minigirona_description/share/minigirona_description/resources/meshes/tbar_front.obj
[1.488s] -- Installing: /home/mazen/mini_girona/install/minigirona_description/share/minigirona_description/resources/meshes/hull_phy2.obj
[1.489s] -- Installing: /home/mazen/mini_girona/install/minigirona_description/share/ament_index/resource_index/package_run_dependencies/minigirona_description
[1.489s] -- Installing: /home/mazen/mini_girona/install/minigirona_description/share/ament_index/resource_index/parent_prefix_path/minigirona_description
[1.489s] -- Installing: /home/mazen/mini_girona/install/minigirona_description/share/minigirona_description/environment/ament_prefix_path.sh
[1.490s] -- Installing: /home/mazen/mini_girona/install/minigirona_description/share/minigirona_description/environment/ament_prefix_path.dsv
[1.490s] -- Installing: /home/mazen/mini_girona/install/minigirona_description/share/minigirona_description/environment/path.sh
[1.490s] -- Installing: /home/mazen/mini_girona/install/minigirona_description/share/minigirona_description/environment/path.dsv
[1.490s] -- Installing: /home/mazen/mini_girona/install/minigirona_description/share/minigirona_description/local_setup.bash
[1.490s] -- Installing: /home/mazen/mini_girona/install/minigirona_description/share/minigirona_description/local_setup.sh
[1.491s] -- Installing: /home/mazen/mini_girona/install/minigirona_description/share/minigirona_description/local_setup.zsh
[1.491s] -- Installing: /home/mazen/mini_girona/install/minigirona_description/share/minigirona_description/local_setup.dsv
[1.491s] -- Installing: /home/mazen/mini_girona/install/minigirona_description/share/minigirona_description/package.dsv
[1.491s] -- Installing: /home/mazen/mini_girona/install/minigirona_description/share/ament_index/resource_index/packages/minigirona_description
[1.491s] -- Installing: /home/mazen/mini_girona/install/minigirona_description/share/minigirona_description/cmake/minigirona_descriptionConfig.cmake
[1.491s] -- Installing: /home/mazen/mini_girona/install/minigirona_description/share/minigirona_description/cmake/minigirona_descriptionConfig-version.cmake
[1.491s] -- Installing: /home/mazen/mini_girona/install/minigirona_description/share/minigirona_description/package.xml
[1.493s] Invoked command in '/home/mazen/mini_girona/build/minigirona_description' returned '0': CMAKE_PREFIX_PATH=/home/mazen/mini_girona/install/cola2_lib_ros:/home/mazen/mini_girona/install/cola2_msgs:/home/mazen/mini_girona/install/cola2_nav:/home/mazen/mini_girona/install/minigirona_stonefish:/home/mazen/mini_girona/install/stonefish_ros2:/home/mazen/mini_girona/install/cola2_minigirona:/home/mazen/mini_girona/install/minigirona_description:/home/mazen/mini_girona/install/cola2_control:/opt/ros/humble LD_LIBRARY_PATH=/home/mazen/mini_girona/install/cola2_lib_ros/lib:/home/mazen/mini_girona/install/cola2_msgs/lib:/home/mazen/mini_girona/install/stonefish_ros2/lib:/opt/ros/humble/opt/rviz_ogre_vendor/lib:/opt/ros/humble/lib/x86_64-linux-gnu:/opt/ros/humble/lib /usr/bin/cmake --install /home/mazen/mini_girona/build/minigirona_description
