[35m[1mConsolidate compiler generated dependencies of target stonefish_ros2__rosidl_generator_c[0m
[  0%] Built target stonefish_ros2__cpp
[ 11%] Built target stonefish_ros2__rosidl_generator_c
[ 11%] Built target ament_cmake_python_copy_stonefish_ros2
[35m[1mConsolidate compiler generated dependencies of target stonefish_ros2__rosidl_typesupport_cpp[0m
[35m[1mConsolidate compiler generated dependencies of target stonefish_ros2__rosidl_typesupport_fastrtps_cpp[0m
[35m[1mConsolidate compiler generated dependencies of target stonefish_ros2__rosidl_typesupport_introspection_cpp[0m
[35m[1mConsolidate compiler generated dependencies of target stonefish_ros2__rosidl_typesupport_c[0m
[35m[1mConsolidate compiler generated dependencies of target stonefish_ros2__rosidl_typesupport_introspection_c[0m
[35m[1mConsolidate compiler generated dependencies of target stonefish_ros2__rosidl_typesupport_fastrtps_c[0m
[ 22%] Built target stonefish_ros2__rosidl_typesupport_cpp
[ 33%] Built target stonefish_ros2__rosidl_typesupport_c
[ 44%] Built target stonefish_ros2__rosidl_typesupport_introspection_c
[ 55%] Built target stonefish_ros2__rosidl_typesupport_fastrtps_cpp
[ 66%] Built target stonefish_ros2__rosidl_typesupport_fastrtps_c
[ 77%] Built target stonefish_ros2__rosidl_typesupport_introspection_cpp
[35m[1mConsolidate compiler generated dependencies of target stonefish_ros2_interface[0m
[ 77%] Built target stonefish_ros2
[ 78%] Built target stonefish_ros2__py
[ 83%] Built target stonefish_ros2_interface
[35m[1mConsolidate compiler generated dependencies of target stonefish_ros2__rosidl_generator_py[0m
[35m[1mConsolidate compiler generated dependencies of target stonefish_simulator[0m
[35m[1mConsolidate compiler generated dependencies of target stonefish_simulator_nogpu[0m
[ 93%] Built target stonefish_ros2__rosidl_generator_py
[35m[1mConsolidate compiler generated dependencies of target stonefish_ros2__rosidl_typesupport_introspection_c__pyext[0m
[35m[1mConsolidate compiler generated dependencies of target stonefish_ros2__rosidl_typesupport_c__pyext[0m
[ 95%] Built target stonefish_simulator
[35m[1mConsolidate compiler generated dependencies of target stonefish_ros2__rosidl_typesupport_fastrtps_c__pyext[0m
[ 97%] Built target stonefish_simulator_nogpu
[ 98%] Built target stonefish_ros2__rosidl_typesupport_introspection_c__pyext
[ 99%] Built target stonefish_ros2__rosidl_typesupport_c__pyext
[100%] Built target stonefish_ros2__rosidl_typesupport_fastrtps_c__pyext
running egg_info
writing stonefish_ros2.egg-info/PKG-INFO
writing dependency_links to stonefish_ros2.egg-info/dependency_links.txt
writing top-level names to stonefish_ros2.egg-info/top_level.txt
reading manifest file 'stonefish_ros2.egg-info/SOURCES.txt'
writing manifest file 'stonefish_ros2.egg-info/SOURCES.txt'
[100%] Built target ament_cmake_python_build_stonefish_ros2_egg
-- Install configuration: ""
-- Up-to-date: /home/mazen/mini_girona/install/stonefish_ros2/share/ament_index/resource_index/rosidl_interfaces/stonefish_ros2
-- Up-to-date: /home/mazen/mini_girona/install/stonefish_ros2/include/stonefish_ros2/stonefish_ros2
-- Up-to-date: /home/mazen/mini_girona/install/stonefish_ros2/include/stonefish_ros2/stonefish_ros2/srv
-- Up-to-date: /home/mazen/mini_girona/install/stonefish_ros2/include/stonefish_ros2/stonefish_ros2/srv/respawn.h
-- Up-to-date: /home/mazen/mini_girona/install/stonefish_ros2/include/stonefish_ros2/stonefish_ros2/srv/sonar_settings2.h
-- Up-to-date: /home/mazen/mini_girona/install/stonefish_ros2/include/stonefish_ros2/stonefish_ros2/srv/sonar_settings.h
-- Up-to-date: /home/mazen/mini_girona/install/stonefish_ros2/include/stonefish_ros2/stonefish_ros2/srv/detail
-- Up-to-date: /home/mazen/mini_girona/install/stonefish_ros2/include/stonefish_ros2/stonefish_ros2/srv/detail/sonar_settings__type_support.h
-- Up-to-date: /home/mazen/mini_girona/install/stonefish_ros2/include/stonefish_ros2/stonefish_ros2/srv/detail/respawn__type_support.h
-- Up-to-date: /home/mazen/mini_girona/install/stonefish_ros2/include/stonefish_ros2/stonefish_ros2/srv/detail/sonar_settings__functions.c
-- Up-to-date: /home/mazen/mini_girona/install/stonefish_ros2/include/stonefish_ros2/stonefish_ros2/srv/detail/sonar_settings__struct.h
-- Up-to-date: /home/mazen/mini_girona/install/stonefish_ros2/include/stonefish_ros2/stonefish_ros2/srv/detail/sonar_settings2__functions.c
-- Up-to-date: /home/mazen/mini_girona/install/stonefish_ros2/include/stonefish_ros2/stonefish_ros2/srv/detail/sonar_settings2__type_support.h
-- Up-to-date: /home/mazen/mini_girona/install/stonefish_ros2/include/stonefish_ros2/stonefish_ros2/srv/detail/sonar_settings2__functions.h
-- Up-to-date: /home/mazen/mini_girona/install/stonefish_ros2/include/stonefish_ros2/stonefish_ros2/srv/detail/sonar_settings2__struct.h
-- Up-to-date: /home/mazen/mini_girona/install/stonefish_ros2/include/stonefish_ros2/stonefish_ros2/srv/detail/respawn__functions.c
-- Up-to-date: /home/mazen/mini_girona/install/stonefish_ros2/include/stonefish_ros2/stonefish_ros2/srv/detail/sonar_settings__functions.h
-- Up-to-date: /home/mazen/mini_girona/install/stonefish_ros2/include/stonefish_ros2/stonefish_ros2/srv/detail/respawn__functions.h
-- Up-to-date: /home/mazen/mini_girona/install/stonefish_ros2/include/stonefish_ros2/stonefish_ros2/srv/detail/respawn__struct.h
-- Up-to-date: /home/mazen/mini_girona/install/stonefish_ros2/include/stonefish_ros2/stonefish_ros2/msg
-- Up-to-date: /home/mazen/mini_girona/install/stonefish_ros2/include/stonefish_ros2/stonefish_ros2/msg/debug_physics.h
-- Up-to-date: /home/mazen/mini_girona/install/stonefish_ros2/include/stonefish_ros2/stonefish_ros2/msg/thruster_state.h
-- Up-to-date: /home/mazen/mini_girona/install/stonefish_ros2/include/stonefish_ros2/stonefish_ros2/msg/beacon_info.h
-- Up-to-date: /home/mazen/mini_girona/install/stonefish_ros2/include/stonefish_ros2/stonefish_ros2/msg/ins.h
-- Up-to-date: /home/mazen/mini_girona/install/stonefish_ros2/include/stonefish_ros2/stonefish_ros2/msg/rosidl_generator_c__visibility_control.h
-- Up-to-date: /home/mazen/mini_girona/install/stonefish_ros2/include/stonefish_ros2/stonefish_ros2/msg/dvl.h
-- Up-to-date: /home/mazen/mini_girona/install/stonefish_ros2/include/stonefish_ros2/stonefish_ros2/msg/int32_stamped.h
-- Up-to-date: /home/mazen/mini_girona/install/stonefish_ros2/include/stonefish_ros2/stonefish_ros2/msg/dvl_beam.h
-- Up-to-date: /home/mazen/mini_girona/install/stonefish_ros2/include/stonefish_ros2/stonefish_ros2/msg/ned_pose.h
-- Up-to-date: /home/mazen/mini_girona/install/stonefish_ros2/include/stonefish_ros2/stonefish_ros2/msg/detail
-- Up-to-date: /home/mazen/mini_girona/install/stonefish_ros2/include/stonefish_ros2/stonefish_ros2/msg/detail/beacon_info__functions.c
-- Up-to-date: /home/mazen/mini_girona/install/stonefish_ros2/include/stonefish_ros2/stonefish_ros2/msg/detail/debug_physics__struct.h
-- Up-to-date: /home/mazen/mini_girona/install/stonefish_ros2/include/stonefish_ros2/stonefish_ros2/msg/detail/debug_physics__functions.h
-- Up-to-date: /home/mazen/mini_girona/install/stonefish_ros2/include/stonefish_ros2/stonefish_ros2/msg/detail/int32_stamped__type_support.h
-- Up-to-date: /home/mazen/mini_girona/install/stonefish_ros2/include/stonefish_ros2/stonefish_ros2/msg/detail/dvl_beam__functions.h
-- Up-to-date: /home/mazen/mini_girona/install/stonefish_ros2/include/stonefish_ros2/stonefish_ros2/msg/detail/beacon_info__struct.h
-- Up-to-date: /home/mazen/mini_girona/install/stonefish_ros2/include/stonefish_ros2/stonefish_ros2/msg/detail/dvl__struct.h
-- Up-to-date: /home/mazen/mini_girona/install/stonefish_ros2/include/stonefish_ros2/stonefish_ros2/msg/detail/thruster_state__functions.h
-- Up-to-date: /home/mazen/mini_girona/install/stonefish_ros2/include/stonefish_ros2/stonefish_ros2/msg/detail/thruster_state__struct.h
-- Up-to-date: /home/mazen/mini_girona/install/stonefish_ros2/include/stonefish_ros2/stonefish_ros2/msg/detail/ned_pose__struct.h
-- Up-to-date: /home/mazen/mini_girona/install/stonefish_ros2/include/stonefish_ros2/stonefish_ros2/msg/detail/int32_stamped__functions.h
-- Up-to-date: /home/mazen/mini_girona/install/stonefish_ros2/include/stonefish_ros2/stonefish_ros2/msg/detail/thruster_state__functions.c
-- Up-to-date: /home/mazen/mini_girona/install/stonefish_ros2/include/stonefish_ros2/stonefish_ros2/msg/detail/beacon_info__functions.h
-- Up-to-date: /home/mazen/mini_girona/install/stonefish_ros2/include/stonefish_ros2/stonefish_ros2/msg/detail/debug_physics__functions.c
-- Up-to-date: /home/mazen/mini_girona/install/stonefish_ros2/include/stonefish_ros2/stonefish_ros2/msg/detail/dvl__type_support.h
-- Up-to-date: /home/mazen/mini_girona/install/stonefish_ros2/include/stonefish_ros2/stonefish_ros2/msg/detail/dvl_beam__struct.h
-- Up-to-date: /home/mazen/mini_girona/install/stonefish_ros2/include/stonefish_ros2/stonefish_ros2/msg/detail/dvl_beam__functions.c
-- Up-to-date: /home/mazen/mini_girona/install/stonefish_ros2/include/stonefish_ros2/stonefish_ros2/msg/detail/ins__functions.h
-- Up-to-date: /home/mazen/mini_girona/install/stonefish_ros2/include/stonefish_ros2/stonefish_ros2/msg/detail/int32_stamped__functions.c
-- Up-to-date: /home/mazen/mini_girona/install/stonefish_ros2/include/stonefish_ros2/stonefish_ros2/msg/detail/ned_pose__functions.c
-- Up-to-date: /home/mazen/mini_girona/install/stonefish_ros2/include/stonefish_ros2/stonefish_ros2/msg/detail/ins__struct.h
-- Up-to-date: /home/mazen/mini_girona/install/stonefish_ros2/include/stonefish_ros2/stonefish_ros2/msg/detail/beacon_info__type_support.h
-- Up-to-date: /home/mazen/mini_girona/install/stonefish_ros2/include/stonefish_ros2/stonefish_ros2/msg/detail/ins__functions.c
-- Up-to-date: /home/mazen/mini_girona/install/stonefish_ros2/include/stonefish_ros2/stonefish_ros2/msg/detail/dvl__functions.h
-- Up-to-date: /home/mazen/mini_girona/install/stonefish_ros2/include/stonefish_ros2/stonefish_ros2/msg/detail/ned_pose__type_support.h
-- Up-to-date: /home/mazen/mini_girona/install/stonefish_ros2/include/stonefish_ros2/stonefish_ros2/msg/detail/debug_physics__type_support.h
-- Up-to-date: /home/mazen/mini_girona/install/stonefish_ros2/include/stonefish_ros2/stonefish_ros2/msg/detail/int32_stamped__struct.h
-- Up-to-date: /home/mazen/mini_girona/install/stonefish_ros2/include/stonefish_ros2/stonefish_ros2/msg/detail/dvl__functions.c
-- Up-to-date: /home/mazen/mini_girona/install/stonefish_ros2/include/stonefish_ros2/stonefish_ros2/msg/detail/ins__type_support.h
-- Up-to-date: /home/mazen/mini_girona/install/stonefish_ros2/include/stonefish_ros2/stonefish_ros2/msg/detail/thruster_state__type_support.h
-- Up-to-date: /home/mazen/mini_girona/install/stonefish_ros2/include/stonefish_ros2/stonefish_ros2/msg/detail/ned_pose__functions.h
-- Up-to-date: /home/mazen/mini_girona/install/stonefish_ros2/include/stonefish_ros2/stonefish_ros2/msg/detail/dvl_beam__type_support.h
-- Up-to-date: /home/mazen/mini_girona/install/stonefish_ros2/share/stonefish_ros2/environment/library_path.sh
-- Up-to-date: /home/mazen/mini_girona/install/stonefish_ros2/share/stonefish_ros2/environment/library_path.dsv
-- Up-to-date: /home/mazen/mini_girona/install/stonefish_ros2/lib/libstonefish_ros2__rosidl_generator_c.so
-- Up-to-date: /home/mazen/mini_girona/install/stonefish_ros2/include/stonefish_ros2/stonefish_ros2
-- Up-to-date: /home/mazen/mini_girona/install/stonefish_ros2/include/stonefish_ros2/stonefish_ros2/srv
-- Up-to-date: /home/mazen/mini_girona/install/stonefish_ros2/include/stonefish_ros2/stonefish_ros2/srv/detail
-- Up-to-date: /home/mazen/mini_girona/install/stonefish_ros2/include/stonefish_ros2/stonefish_ros2/srv/detail/sonar_settings__rosidl_typesupport_fastrtps_c.h
-- Up-to-date: /home/mazen/mini_girona/install/stonefish_ros2/include/stonefish_ros2/stonefish_ros2/srv/detail/respawn__rosidl_typesupport_fastrtps_c.h
-- Up-to-date: /home/mazen/mini_girona/install/stonefish_ros2/include/stonefish_ros2/stonefish_ros2/srv/detail/sonar_settings2__rosidl_typesupport_fastrtps_c.h
-- Up-to-date: /home/mazen/mini_girona/install/stonefish_ros2/include/stonefish_ros2/stonefish_ros2/msg
-- Up-to-date: /home/mazen/mini_girona/install/stonefish_ros2/include/stonefish_ros2/stonefish_ros2/msg/rosidl_typesupport_fastrtps_c__visibility_control.h
-- Up-to-date: /home/mazen/mini_girona/install/stonefish_ros2/include/stonefish_ros2/stonefish_ros2/msg/detail
-- Up-to-date: /home/mazen/mini_girona/install/stonefish_ros2/include/stonefish_ros2/stonefish_ros2/msg/detail/ned_pose__rosidl_typesupport_fastrtps_c.h
-- Up-to-date: /home/mazen/mini_girona/install/stonefish_ros2/include/stonefish_ros2/stonefish_ros2/msg/detail/beacon_info__rosidl_typesupport_fastrtps_c.h
-- Up-to-date: /home/mazen/mini_girona/install/stonefish_ros2/include/stonefish_ros2/stonefish_ros2/msg/detail/debug_physics__rosidl_typesupport_fastrtps_c.h
-- Up-to-date: /home/mazen/mini_girona/install/stonefish_ros2/include/stonefish_ros2/stonefish_ros2/msg/detail/dvl_beam__rosidl_typesupport_fastrtps_c.h
-- Up-to-date: /home/mazen/mini_girona/install/stonefish_ros2/include/stonefish_ros2/stonefish_ros2/msg/detail/dvl__rosidl_typesupport_fastrtps_c.h
-- Up-to-date: /home/mazen/mini_girona/install/stonefish_ros2/include/stonefish_ros2/stonefish_ros2/msg/detail/thruster_state__rosidl_typesupport_fastrtps_c.h
-- Up-to-date: /home/mazen/mini_girona/install/stonefish_ros2/include/stonefish_ros2/stonefish_ros2/msg/detail/ins__rosidl_typesupport_fastrtps_c.h
-- Up-to-date: /home/mazen/mini_girona/install/stonefish_ros2/include/stonefish_ros2/stonefish_ros2/msg/detail/int32_stamped__rosidl_typesupport_fastrtps_c.h
-- Up-to-date: /home/mazen/mini_girona/install/stonefish_ros2/lib/libstonefish_ros2__rosidl_typesupport_fastrtps_c.so
-- Up-to-date: /home/mazen/mini_girona/install/stonefish_ros2/include/stonefish_ros2/stonefish_ros2
-- Up-to-date: /home/mazen/mini_girona/install/stonefish_ros2/include/stonefish_ros2/stonefish_ros2/srv
-- Up-to-date: /home/mazen/mini_girona/install/stonefish_ros2/include/stonefish_ros2/stonefish_ros2/srv/sonar_settings.hpp
-- Up-to-date: /home/mazen/mini_girona/install/stonefish_ros2/include/stonefish_ros2/stonefish_ros2/srv/respawn.hpp
-- Up-to-date: /home/mazen/mini_girona/install/stonefish_ros2/include/stonefish_ros2/stonefish_ros2/srv/sonar_settings2.hpp
-- Up-to-date: /home/mazen/mini_girona/install/stonefish_ros2/include/stonefish_ros2/stonefish_ros2/srv/detail
-- Up-to-date: /home/mazen/mini_girona/install/stonefish_ros2/include/stonefish_ros2/stonefish_ros2/srv/detail/sonar_settings2__struct.hpp
-- Up-to-date: /home/mazen/mini_girona/install/stonefish_ros2/include/stonefish_ros2/stonefish_ros2/srv/detail/sonar_settings__struct.hpp
-- Up-to-date: /home/mazen/mini_girona/install/stonefish_ros2/include/stonefish_ros2/stonefish_ros2/srv/detail/sonar_settings__builder.hpp
-- Up-to-date: /home/mazen/mini_girona/install/stonefish_ros2/include/stonefish_ros2/stonefish_ros2/srv/detail/sonar_settings__type_support.hpp
-- Up-to-date: /home/mazen/mini_girona/install/stonefish_ros2/include/stonefish_ros2/stonefish_ros2/srv/detail/respawn__traits.hpp
-- Up-to-date: /home/mazen/mini_girona/install/stonefish_ros2/include/stonefish_ros2/stonefish_ros2/srv/detail/sonar_settings2__builder.hpp
-- Up-to-date: /home/mazen/mini_girona/install/stonefish_ros2/include/stonefish_ros2/stonefish_ros2/srv/detail/sonar_settings2__type_support.hpp
-- Up-to-date: /home/mazen/mini_girona/install/stonefish_ros2/include/stonefish_ros2/stonefish_ros2/srv/detail/respawn__builder.hpp
-- Up-to-date: /home/mazen/mini_girona/install/stonefish_ros2/include/stonefish_ros2/stonefish_ros2/srv/detail/sonar_settings__traits.hpp
-- Up-to-date: /home/mazen/mini_girona/install/stonefish_ros2/include/stonefish_ros2/stonefish_ros2/srv/detail/respawn__type_support.hpp
-- Up-to-date: /home/mazen/mini_girona/install/stonefish_ros2/include/stonefish_ros2/stonefish_ros2/srv/detail/sonar_settings2__traits.hpp
-- Up-to-date: /home/mazen/mini_girona/install/stonefish_ros2/include/stonefish_ros2/stonefish_ros2/srv/detail/respawn__struct.hpp
-- Up-to-date: /home/mazen/mini_girona/install/stonefish_ros2/include/stonefish_ros2/stonefish_ros2/msg
-- Up-to-date: /home/mazen/mini_girona/install/stonefish_ros2/include/stonefish_ros2/stonefish_ros2/msg/dvl_beam.hpp
-- Up-to-date: /home/mazen/mini_girona/install/stonefish_ros2/include/stonefish_ros2/stonefish_ros2/msg/thruster_state.hpp
-- Up-to-date: /home/mazen/mini_girona/install/stonefish_ros2/include/stonefish_ros2/stonefish_ros2/msg/ned_pose.hpp
-- Up-to-date: /home/mazen/mini_girona/install/stonefish_ros2/include/stonefish_ros2/stonefish_ros2/msg/debug_physics.hpp
-- Up-to-date: /home/mazen/mini_girona/install/stonefish_ros2/include/stonefish_ros2/stonefish_ros2/msg/beacon_info.hpp
-- Up-to-date: /home/mazen/mini_girona/install/stonefish_ros2/include/stonefish_ros2/stonefish_ros2/msg/ins.hpp
-- Up-to-date: /home/mazen/mini_girona/install/stonefish_ros2/include/stonefish_ros2/stonefish_ros2/msg/rosidl_generator_cpp__visibility_control.hpp
-- Up-to-date: /home/mazen/mini_girona/install/stonefish_ros2/include/stonefish_ros2/stonefish_ros2/msg/dvl.hpp
-- Up-to-date: /home/mazen/mini_girona/install/stonefish_ros2/include/stonefish_ros2/stonefish_ros2/msg/int32_stamped.hpp
-- Up-to-date: /home/mazen/mini_girona/install/stonefish_ros2/include/stonefish_ros2/stonefish_ros2/msg/detail
-- Up-to-date: /home/mazen/mini_girona/install/stonefish_ros2/include/stonefish_ros2/stonefish_ros2/msg/detail/debug_physics__traits.hpp
-- Up-to-date: /home/mazen/mini_girona/install/stonefish_ros2/include/stonefish_ros2/stonefish_ros2/msg/detail/int32_stamped__traits.hpp
-- Up-to-date: /home/mazen/mini_girona/install/stonefish_ros2/include/stonefish_ros2/stonefish_ros2/msg/detail/dvl__struct.hpp
-- Up-to-date: /home/mazen/mini_girona/install/stonefish_ros2/include/stonefish_ros2/stonefish_ros2/msg/detail/int32_stamped__struct.hpp
-- Up-to-date: /home/mazen/mini_girona/install/stonefish_ros2/include/stonefish_ros2/stonefish_ros2/msg/detail/beacon_info__traits.hpp
-- Up-to-date: /home/mazen/mini_girona/install/stonefish_ros2/include/stonefish_ros2/stonefish_ros2/msg/detail/debug_physics__struct.hpp
-- Up-to-date: /home/mazen/mini_girona/install/stonefish_ros2/include/stonefish_ros2/stonefish_ros2/msg/detail/dvl_beam__type_support.hpp
-- Up-to-date: /home/mazen/mini_girona/install/stonefish_ros2/include/stonefish_ros2/stonefish_ros2/msg/detail/ned_pose__builder.hpp
-- Up-to-date: /home/mazen/mini_girona/install/stonefish_ros2/include/stonefish_ros2/stonefish_ros2/msg/detail/debug_physics__builder.hpp
-- Up-to-date: /home/mazen/mini_girona/install/stonefish_ros2/include/stonefish_ros2/stonefish_ros2/msg/detail/int32_stamped__builder.hpp
-- Up-to-date: /home/mazen/mini_girona/install/stonefish_ros2/include/stonefish_ros2/stonefish_ros2/msg/detail/beacon_info__builder.hpp
-- Up-to-date: /home/mazen/mini_girona/install/stonefish_ros2/include/stonefish_ros2/stonefish_ros2/msg/detail/ned_pose__traits.hpp
-- Up-to-date: /home/mazen/mini_girona/install/stonefish_ros2/include/stonefish_ros2/stonefish_ros2/msg/detail/dvl__traits.hpp
-- Up-to-date: /home/mazen/mini_girona/install/stonefish_ros2/include/stonefish_ros2/stonefish_ros2/msg/detail/ins__builder.hpp
-- Up-to-date: /home/mazen/mini_girona/install/stonefish_ros2/include/stonefish_ros2/stonefish_ros2/msg/detail/ins__type_support.hpp
-- Up-to-date: /home/mazen/mini_girona/install/stonefish_ros2/include/stonefish_ros2/stonefish_ros2/msg/detail/debug_physics__type_support.hpp
-- Up-to-date: /home/mazen/mini_girona/install/stonefish_ros2/include/stonefish_ros2/stonefish_ros2/msg/detail/dvl__builder.hpp
-- Up-to-date: /home/mazen/mini_girona/install/stonefish_ros2/include/stonefish_ros2/stonefish_ros2/msg/detail/beacon_info__type_support.hpp
-- Up-to-date: /home/mazen/mini_girona/install/stonefish_ros2/include/stonefish_ros2/stonefish_ros2/msg/detail/dvl_beam__builder.hpp
-- Up-to-date: /home/mazen/mini_girona/install/stonefish_ros2/include/stonefish_ros2/stonefish_ros2/msg/detail/thruster_state__builder.hpp
-- Up-to-date: /home/mazen/mini_girona/install/stonefish_ros2/include/stonefish_ros2/stonefish_ros2/msg/detail/ned_pose__type_support.hpp
-- Up-to-date: /home/mazen/mini_girona/install/stonefish_ros2/include/stonefish_ros2/stonefish_ros2/msg/detail/dvl_beam__traits.hpp
-- Up-to-date: /home/mazen/mini_girona/install/stonefish_ros2/include/stonefish_ros2/stonefish_ros2/msg/detail/thruster_state__type_support.hpp
-- Up-to-date: /home/mazen/mini_girona/install/stonefish_ros2/include/stonefish_ros2/stonefish_ros2/msg/detail/dvl_beam__struct.hpp
-- Up-to-date: /home/mazen/mini_girona/install/stonefish_ros2/include/stonefish_ros2/stonefish_ros2/msg/detail/thruster_state__struct.hpp
-- Up-to-date: /home/mazen/mini_girona/install/stonefish_ros2/include/stonefish_ros2/stonefish_ros2/msg/detail/ned_pose__struct.hpp
-- Up-to-date: /home/mazen/mini_girona/install/stonefish_ros2/include/stonefish_ros2/stonefish_ros2/msg/detail/ins__struct.hpp
-- Up-to-date: /home/mazen/mini_girona/install/stonefish_ros2/include/stonefish_ros2/stonefish_ros2/msg/detail/int32_stamped__type_support.hpp
-- Up-to-date: /home/mazen/mini_girona/install/stonefish_ros2/include/stonefish_ros2/stonefish_ros2/msg/detail/ins__traits.hpp
-- Up-to-date: /home/mazen/mini_girona/install/stonefish_ros2/include/stonefish_ros2/stonefish_ros2/msg/detail/dvl__type_support.hpp
-- Up-to-date: /home/mazen/mini_girona/install/stonefish_ros2/include/stonefish_ros2/stonefish_ros2/msg/detail/thruster_state__traits.hpp
-- Up-to-date: /home/mazen/mini_girona/install/stonefish_ros2/include/stonefish_ros2/stonefish_ros2/msg/detail/beacon_info__struct.hpp
-- Up-to-date: /home/mazen/mini_girona/install/stonefish_ros2/include/stonefish_ros2/stonefish_ros2
-- Up-to-date: /home/mazen/mini_girona/install/stonefish_ros2/include/stonefish_ros2/stonefish_ros2/srv
-- Up-to-date: /home/mazen/mini_girona/install/stonefish_ros2/include/stonefish_ros2/stonefish_ros2/srv/detail
-- Up-to-date: /home/mazen/mini_girona/install/stonefish_ros2/include/stonefish_ros2/stonefish_ros2/srv/detail/sonar_settings__rosidl_typesupport_fastrtps_cpp.hpp
-- Up-to-date: /home/mazen/mini_girona/install/stonefish_ros2/include/stonefish_ros2/stonefish_ros2/srv/detail/respawn__rosidl_typesupport_fastrtps_cpp.hpp
-- Up-to-date: /home/mazen/mini_girona/install/stonefish_ros2/include/stonefish_ros2/stonefish_ros2/srv/detail/sonar_settings2__rosidl_typesupport_fastrtps_cpp.hpp
-- Up-to-date: /home/mazen/mini_girona/install/stonefish_ros2/include/stonefish_ros2/stonefish_ros2/srv/detail/dds_fastrtps
-- Up-to-date: /home/mazen/mini_girona/install/stonefish_ros2/include/stonefish_ros2/stonefish_ros2/msg
-- Up-to-date: /home/mazen/mini_girona/install/stonefish_ros2/include/stonefish_ros2/stonefish_ros2/msg/rosidl_typesupport_fastrtps_cpp__visibility_control.h
-- Up-to-date: /home/mazen/mini_girona/install/stonefish_ros2/include/stonefish_ros2/stonefish_ros2/msg/detail
-- Up-to-date: /home/mazen/mini_girona/install/stonefish_ros2/include/stonefish_ros2/stonefish_ros2/msg/detail/int32_stamped__rosidl_typesupport_fastrtps_cpp.hpp
-- Up-to-date: /home/mazen/mini_girona/install/stonefish_ros2/include/stonefish_ros2/stonefish_ros2/msg/detail/debug_physics__rosidl_typesupport_fastrtps_cpp.hpp
-- Up-to-date: /home/mazen/mini_girona/install/stonefish_ros2/include/stonefish_ros2/stonefish_ros2/msg/detail/dvl_beam__rosidl_typesupport_fastrtps_cpp.hpp
-- Up-to-date: /home/mazen/mini_girona/install/stonefish_ros2/include/stonefish_ros2/stonefish_ros2/msg/detail/dvl__rosidl_typesupport_fastrtps_cpp.hpp
-- Up-to-date: /home/mazen/mini_girona/install/stonefish_ros2/include/stonefish_ros2/stonefish_ros2/msg/detail/ins__rosidl_typesupport_fastrtps_cpp.hpp
-- Up-to-date: /home/mazen/mini_girona/install/stonefish_ros2/include/stonefish_ros2/stonefish_ros2/msg/detail/dds_fastrtps
-- Up-to-date: /home/mazen/mini_girona/install/stonefish_ros2/include/stonefish_ros2/stonefish_ros2/msg/detail/beacon_info__rosidl_typesupport_fastrtps_cpp.hpp
-- Up-to-date: /home/mazen/mini_girona/install/stonefish_ros2/include/stonefish_ros2/stonefish_ros2/msg/detail/thruster_state__rosidl_typesupport_fastrtps_cpp.hpp
-- Up-to-date: /home/mazen/mini_girona/install/stonefish_ros2/include/stonefish_ros2/stonefish_ros2/msg/detail/ned_pose__rosidl_typesupport_fastrtps_cpp.hpp
-- Up-to-date: /home/mazen/mini_girona/install/stonefish_ros2/lib/libstonefish_ros2__rosidl_typesupport_fastrtps_cpp.so
-- Up-to-date: /home/mazen/mini_girona/install/stonefish_ros2/include/stonefish_ros2/stonefish_ros2
-- Up-to-date: /home/mazen/mini_girona/install/stonefish_ros2/include/stonefish_ros2/stonefish_ros2/srv
-- Up-to-date: /home/mazen/mini_girona/install/stonefish_ros2/include/stonefish_ros2/stonefish_ros2/srv/detail
-- Up-to-date: /home/mazen/mini_girona/install/stonefish_ros2/include/stonefish_ros2/stonefish_ros2/srv/detail/respawn__type_support.c
-- Up-to-date: /home/mazen/mini_girona/install/stonefish_ros2/include/stonefish_ros2/stonefish_ros2/srv/detail/respawn__rosidl_typesupport_introspection_c.h
-- Up-to-date: /home/mazen/mini_girona/install/stonefish_ros2/include/stonefish_ros2/stonefish_ros2/srv/detail/sonar_settings2__type_support.c
-- Up-to-date: /home/mazen/mini_girona/install/stonefish_ros2/include/stonefish_ros2/stonefish_ros2/srv/detail/sonar_settings__rosidl_typesupport_introspection_c.h
-- Up-to-date: /home/mazen/mini_girona/install/stonefish_ros2/include/stonefish_ros2/stonefish_ros2/srv/detail/sonar_settings__type_support.c
-- Up-to-date: /home/mazen/mini_girona/install/stonefish_ros2/include/stonefish_ros2/stonefish_ros2/srv/detail/sonar_settings2__rosidl_typesupport_introspection_c.h
-- Up-to-date: /home/mazen/mini_girona/install/stonefish_ros2/include/stonefish_ros2/stonefish_ros2/msg
-- Up-to-date: /home/mazen/mini_girona/install/stonefish_ros2/include/stonefish_ros2/stonefish_ros2/msg/rosidl_typesupport_introspection_c__visibility_control.h
-- Up-to-date: /home/mazen/mini_girona/install/stonefish_ros2/include/stonefish_ros2/stonefish_ros2/msg/detail
-- Up-to-date: /home/mazen/mini_girona/install/stonefish_ros2/include/stonefish_ros2/stonefish_ros2/msg/detail/int32_stamped__rosidl_typesupport_introspection_c.h
-- Up-to-date: /home/mazen/mini_girona/install/stonefish_ros2/include/stonefish_ros2/stonefish_ros2/msg/detail/dvl_beam__rosidl_typesupport_introspection_c.h
-- Up-to-date: /home/mazen/mini_girona/install/stonefish_ros2/include/stonefish_ros2/stonefish_ros2/msg/detail/beacon_info__type_support.c
-- Up-to-date: /home/mazen/mini_girona/install/stonefish_ros2/include/stonefish_ros2/stonefish_ros2/msg/detail/ned_pose__type_support.c
-- Up-to-date: /home/mazen/mini_girona/install/stonefish_ros2/include/stonefish_ros2/stonefish_ros2/msg/detail/ins__type_support.c
-- Up-to-date: /home/mazen/mini_girona/install/stonefish_ros2/include/stonefish_ros2/stonefish_ros2/msg/detail/thruster_state__type_support.c
-- Up-to-date: /home/mazen/mini_girona/install/stonefish_ros2/include/stonefish_ros2/stonefish_ros2/msg/detail/thruster_state__rosidl_typesupport_introspection_c.h
-- Up-to-date: /home/mazen/mini_girona/install/stonefish_ros2/include/stonefish_ros2/stonefish_ros2/msg/detail/dvl_beam__type_support.c
-- Up-to-date: /home/mazen/mini_girona/install/stonefish_ros2/include/stonefish_ros2/stonefish_ros2/msg/detail/ins__rosidl_typesupport_introspection_c.h
-- Up-to-date: /home/mazen/mini_girona/install/stonefish_ros2/include/stonefish_ros2/stonefish_ros2/msg/detail/dvl__rosidl_typesupport_introspection_c.h
-- Up-to-date: /home/mazen/mini_girona/install/stonefish_ros2/include/stonefish_ros2/stonefish_ros2/msg/detail/debug_physics__type_support.c
-- Up-to-date: /home/mazen/mini_girona/install/stonefish_ros2/include/stonefish_ros2/stonefish_ros2/msg/detail/dvl__type_support.c
-- Up-to-date: /home/mazen/mini_girona/install/stonefish_ros2/include/stonefish_ros2/stonefish_ros2/msg/detail/debug_physics__rosidl_typesupport_introspection_c.h
-- Up-to-date: /home/mazen/mini_girona/install/stonefish_ros2/include/stonefish_ros2/stonefish_ros2/msg/detail/beacon_info__rosidl_typesupport_introspection_c.h
-- Up-to-date: /home/mazen/mini_girona/install/stonefish_ros2/include/stonefish_ros2/stonefish_ros2/msg/detail/ned_pose__rosidl_typesupport_introspection_c.h
-- Up-to-date: /home/mazen/mini_girona/install/stonefish_ros2/include/stonefish_ros2/stonefish_ros2/msg/detail/int32_stamped__type_support.c
-- Up-to-date: /home/mazen/mini_girona/install/stonefish_ros2/lib/libstonefish_ros2__rosidl_typesupport_introspection_c.so
-- Up-to-date: /home/mazen/mini_girona/install/stonefish_ros2/lib/libstonefish_ros2__rosidl_typesupport_c.so
-- Up-to-date: /home/mazen/mini_girona/install/stonefish_ros2/include/stonefish_ros2/stonefish_ros2
-- Up-to-date: /home/mazen/mini_girona/install/stonefish_ros2/include/stonefish_ros2/stonefish_ros2/srv
-- Up-to-date: /home/mazen/mini_girona/install/stonefish_ros2/include/stonefish_ros2/stonefish_ros2/srv/detail
-- Up-to-date: /home/mazen/mini_girona/install/stonefish_ros2/include/stonefish_ros2/stonefish_ros2/srv/detail/respawn__type_support.cpp
-- Up-to-date: /home/mazen/mini_girona/install/stonefish_ros2/include/stonefish_ros2/stonefish_ros2/srv/detail/sonar_settings2__rosidl_typesupport_introspection_cpp.hpp
-- Up-to-date: /home/mazen/mini_girona/install/stonefish_ros2/include/stonefish_ros2/stonefish_ros2/srv/detail/sonar_settings__rosidl_typesupport_introspection_cpp.hpp
-- Up-to-date: /home/mazen/mini_girona/install/stonefish_ros2/include/stonefish_ros2/stonefish_ros2/srv/detail/sonar_settings__type_support.cpp
-- Up-to-date: /home/mazen/mini_girona/install/stonefish_ros2/include/stonefish_ros2/stonefish_ros2/srv/detail/respawn__rosidl_typesupport_introspection_cpp.hpp
-- Up-to-date: /home/mazen/mini_girona/install/stonefish_ros2/include/stonefish_ros2/stonefish_ros2/srv/detail/sonar_settings2__type_support.cpp
-- Up-to-date: /home/mazen/mini_girona/install/stonefish_ros2/include/stonefish_ros2/stonefish_ros2/msg
-- Up-to-date: /home/mazen/mini_girona/install/stonefish_ros2/include/stonefish_ros2/stonefish_ros2/msg/detail
-- Up-to-date: /home/mazen/mini_girona/install/stonefish_ros2/include/stonefish_ros2/stonefish_ros2/msg/detail/ins__rosidl_typesupport_introspection_cpp.hpp
-- Up-to-date: /home/mazen/mini_girona/install/stonefish_ros2/include/stonefish_ros2/stonefish_ros2/msg/detail/debug_physics__type_support.cpp
-- Up-to-date: /home/mazen/mini_girona/install/stonefish_ros2/include/stonefish_ros2/stonefish_ros2/msg/detail/dvl__type_support.cpp
-- Up-to-date: /home/mazen/mini_girona/install/stonefish_ros2/include/stonefish_ros2/stonefish_ros2/msg/detail/int32_stamped__type_support.cpp
-- Up-to-date: /home/mazen/mini_girona/install/stonefish_ros2/include/stonefish_ros2/stonefish_ros2/msg/detail/ned_pose__rosidl_typesupport_introspection_cpp.hpp
-- Up-to-date: /home/mazen/mini_girona/install/stonefish_ros2/include/stonefish_ros2/stonefish_ros2/msg/detail/ins__type_support.cpp
-- Up-to-date: /home/mazen/mini_girona/install/stonefish_ros2/include/stonefish_ros2/stonefish_ros2/msg/detail/thruster_state__type_support.cpp
-- Up-to-date: /home/mazen/mini_girona/install/stonefish_ros2/include/stonefish_ros2/stonefish_ros2/msg/detail/dvl_beam__type_support.cpp
-- Up-to-date: /home/mazen/mini_girona/install/stonefish_ros2/include/stonefish_ros2/stonefish_ros2/msg/detail/beacon_info__type_support.cpp
-- Up-to-date: /home/mazen/mini_girona/install/stonefish_ros2/include/stonefish_ros2/stonefish_ros2/msg/detail/dvl_beam__rosidl_typesupport_introspection_cpp.hpp
-- Up-to-date: /home/mazen/mini_girona/install/stonefish_ros2/include/stonefish_ros2/stonefish_ros2/msg/detail/ned_pose__type_support.cpp
-- Up-to-date: /home/mazen/mini_girona/install/stonefish_ros2/include/stonefish_ros2/stonefish_ros2/msg/detail/thruster_state__rosidl_typesupport_introspection_cpp.hpp
-- Up-to-date: /home/mazen/mini_girona/install/stonefish_ros2/include/stonefish_ros2/stonefish_ros2/msg/detail/debug_physics__rosidl_typesupport_introspection_cpp.hpp
-- Up-to-date: /home/mazen/mini_girona/install/stonefish_ros2/include/stonefish_ros2/stonefish_ros2/msg/detail/dvl__rosidl_typesupport_introspection_cpp.hpp
-- Up-to-date: /home/mazen/mini_girona/install/stonefish_ros2/include/stonefish_ros2/stonefish_ros2/msg/detail/beacon_info__rosidl_typesupport_introspection_cpp.hpp
-- Up-to-date: /home/mazen/mini_girona/install/stonefish_ros2/include/stonefish_ros2/stonefish_ros2/msg/detail/int32_stamped__rosidl_typesupport_introspection_cpp.hpp
-- Up-to-date: /home/mazen/mini_girona/install/stonefish_ros2/lib/libstonefish_ros2__rosidl_typesupport_introspection_cpp.so
-- Up-to-date: /home/mazen/mini_girona/install/stonefish_ros2/lib/libstonefish_ros2__rosidl_typesupport_cpp.so
-- Up-to-date: /home/mazen/mini_girona/install/stonefish_ros2/share/stonefish_ros2/environment/pythonpath.sh
-- Up-to-date: /home/mazen/mini_girona/install/stonefish_ros2/share/stonefish_ros2/environment/pythonpath.dsv
-- Up-to-date: /home/mazen/mini_girona/install/stonefish_ros2/local/lib/python3.10/dist-packages/stonefish_ros2-1.3.0-py3.10.egg-info
-- Installing: /home/mazen/mini_girona/install/stonefish_ros2/local/lib/python3.10/dist-packages/stonefish_ros2-1.3.0-py3.10.egg-info/top_level.txt
-- Installing: /home/mazen/mini_girona/install/stonefish_ros2/local/lib/python3.10/dist-packages/stonefish_ros2-1.3.0-py3.10.egg-info/PKG-INFO
-- Installing: /home/mazen/mini_girona/install/stonefish_ros2/local/lib/python3.10/dist-packages/stonefish_ros2-1.3.0-py3.10.egg-info/dependency_links.txt
-- Installing: /home/mazen/mini_girona/install/stonefish_ros2/local/lib/python3.10/dist-packages/stonefish_ros2-1.3.0-py3.10.egg-info/SOURCES.txt
-- Up-to-date: /home/mazen/mini_girona/install/stonefish_ros2/local/lib/python3.10/dist-packages/stonefish_ros2
-- Up-to-date: /home/mazen/mini_girona/install/stonefish_ros2/local/lib/python3.10/dist-packages/stonefish_ros2/_stonefish_ros2_s.ep.rosidl_typesupport_fastrtps_c.c
-- Up-to-date: /home/mazen/mini_girona/install/stonefish_ros2/local/lib/python3.10/dist-packages/stonefish_ros2/stonefish_ros2_s__rosidl_typesupport_introspection_c.cpython-310-x86_64-linux-gnu.so
-- Up-to-date: /home/mazen/mini_girona/install/stonefish_ros2/local/lib/python3.10/dist-packages/stonefish_ros2/srv
-- Up-to-date: /home/mazen/mini_girona/install/stonefish_ros2/local/lib/python3.10/dist-packages/stonefish_ros2/srv/_sonar_settings2.py
-- Up-to-date: /home/mazen/mini_girona/install/stonefish_ros2/local/lib/python3.10/dist-packages/stonefish_ros2/srv/_sonar_settings.py
-- Up-to-date: /home/mazen/mini_girona/install/stonefish_ros2/local/lib/python3.10/dist-packages/stonefish_ros2/srv/_respawn_s.c
-- Up-to-date: /home/mazen/mini_girona/install/stonefish_ros2/local/lib/python3.10/dist-packages/stonefish_ros2/srv/_sonar_settings_s.c
-- Up-to-date: /home/mazen/mini_girona/install/stonefish_ros2/local/lib/python3.10/dist-packages/stonefish_ros2/srv/__init__.py
-- Up-to-date: /home/mazen/mini_girona/install/stonefish_ros2/local/lib/python3.10/dist-packages/stonefish_ros2/srv/_respawn.py
-- Up-to-date: /home/mazen/mini_girona/install/stonefish_ros2/local/lib/python3.10/dist-packages/stonefish_ros2/srv/_sonar_settings2_s.c
-- Up-to-date: /home/mazen/mini_girona/install/stonefish_ros2/local/lib/python3.10/dist-packages/stonefish_ros2/_stonefish_ros2_s.ep.rosidl_typesupport_introspection_c.c
-- Up-to-date: /home/mazen/mini_girona/install/stonefish_ros2/local/lib/python3.10/dist-packages/stonefish_ros2/libstonefish_ros2__rosidl_generator_py.so
-- Up-to-date: /home/mazen/mini_girona/install/stonefish_ros2/local/lib/python3.10/dist-packages/stonefish_ros2/__init__.py
-- Up-to-date: /home/mazen/mini_girona/install/stonefish_ros2/local/lib/python3.10/dist-packages/stonefish_ros2/_stonefish_ros2_s.ep.rosidl_typesupport_c.c
-- Up-to-date: /home/mazen/mini_girona/install/stonefish_ros2/local/lib/python3.10/dist-packages/stonefish_ros2/stonefish_ros2_s__rosidl_typesupport_fastrtps_c.cpython-310-x86_64-linux-gnu.so
-- Up-to-date: /home/mazen/mini_girona/install/stonefish_ros2/local/lib/python3.10/dist-packages/stonefish_ros2/stonefish_ros2_s__rosidl_typesupport_c.cpython-310-x86_64-linux-gnu.so
-- Up-to-date: /home/mazen/mini_girona/install/stonefish_ros2/local/lib/python3.10/dist-packages/stonefish_ros2/msg
-- Up-to-date: /home/mazen/mini_girona/install/stonefish_ros2/local/lib/python3.10/dist-packages/stonefish_ros2/msg/_dvl_beam_s.c
-- Up-to-date: /home/mazen/mini_girona/install/stonefish_ros2/local/lib/python3.10/dist-packages/stonefish_ros2/msg/_thruster_state_s.c
-- Up-to-date: /home/mazen/mini_girona/install/stonefish_ros2/local/lib/python3.10/dist-packages/stonefish_ros2/msg/_ins_s.c
-- Up-to-date: /home/mazen/mini_girona/install/stonefish_ros2/local/lib/python3.10/dist-packages/stonefish_ros2/msg/_ned_pose_s.c
-- Up-to-date: /home/mazen/mini_girona/install/stonefish_ros2/local/lib/python3.10/dist-packages/stonefish_ros2/msg/_ned_pose.py
-- Up-to-date: /home/mazen/mini_girona/install/stonefish_ros2/local/lib/python3.10/dist-packages/stonefish_ros2/msg/_debug_physics_s.c
-- Up-to-date: /home/mazen/mini_girona/install/stonefish_ros2/local/lib/python3.10/dist-packages/stonefish_ros2/msg/_int32_stamped.py
-- Up-to-date: /home/mazen/mini_girona/install/stonefish_ros2/local/lib/python3.10/dist-packages/stonefish_ros2/msg/_int32_stamped_s.c
-- Up-to-date: /home/mazen/mini_girona/install/stonefish_ros2/local/lib/python3.10/dist-packages/stonefish_ros2/msg/__init__.py
-- Up-to-date: /home/mazen/mini_girona/install/stonefish_ros2/local/lib/python3.10/dist-packages/stonefish_ros2/msg/_ins.py
-- Up-to-date: /home/mazen/mini_girona/install/stonefish_ros2/local/lib/python3.10/dist-packages/stonefish_ros2/msg/_beacon_info.py
-- Up-to-date: /home/mazen/mini_girona/install/stonefish_ros2/local/lib/python3.10/dist-packages/stonefish_ros2/msg/_dvl_s.c
-- Up-to-date: /home/mazen/mini_girona/install/stonefish_ros2/local/lib/python3.10/dist-packages/stonefish_ros2/msg/_beacon_info_s.c
-- Up-to-date: /home/mazen/mini_girona/install/stonefish_ros2/local/lib/python3.10/dist-packages/stonefish_ros2/msg/_dvl_beam.py
-- Up-to-date: /home/mazen/mini_girona/install/stonefish_ros2/local/lib/python3.10/dist-packages/stonefish_ros2/msg/_dvl.py
-- Up-to-date: /home/mazen/mini_girona/install/stonefish_ros2/local/lib/python3.10/dist-packages/stonefish_ros2/msg/_debug_physics.py
-- Up-to-date: /home/mazen/mini_girona/install/stonefish_ros2/local/lib/python3.10/dist-packages/stonefish_ros2/msg/_thruster_state.py
Listing '/home/mazen/mini_girona/install/stonefish_ros2/local/lib/python3.10/dist-packages/stonefish_ros2'...
Listing '/home/mazen/mini_girona/install/stonefish_ros2/local/lib/python3.10/dist-packages/stonefish_ros2/msg'...
Listing '/home/mazen/mini_girona/install/stonefish_ros2/local/lib/python3.10/dist-packages/stonefish_ros2/srv'...
-- Up-to-date: /home/mazen/mini_girona/install/stonefish_ros2/local/lib/python3.10/dist-packages/stonefish_ros2/stonefish_ros2_s__rosidl_typesupport_fastrtps_c.cpython-310-x86_64-linux-gnu.so
-- Up-to-date: /home/mazen/mini_girona/install/stonefish_ros2/local/lib/python3.10/dist-packages/stonefish_ros2/stonefish_ros2_s__rosidl_typesupport_introspection_c.cpython-310-x86_64-linux-gnu.so
-- Up-to-date: /home/mazen/mini_girona/install/stonefish_ros2/local/lib/python3.10/dist-packages/stonefish_ros2/stonefish_ros2_s__rosidl_typesupport_c.cpython-310-x86_64-linux-gnu.so
-- Up-to-date: /home/mazen/mini_girona/install/stonefish_ros2/lib/libstonefish_ros2__rosidl_generator_py.so
-- Up-to-date: /home/mazen/mini_girona/install/stonefish_ros2/share/stonefish_ros2/msg/Int32Stamped.idl
-- Up-to-date: /home/mazen/mini_girona/install/stonefish_ros2/share/stonefish_ros2/msg/BeaconInfo.idl
-- Up-to-date: /home/mazen/mini_girona/install/stonefish_ros2/share/stonefish_ros2/msg/NEDPose.idl
-- Up-to-date: /home/mazen/mini_girona/install/stonefish_ros2/share/stonefish_ros2/msg/INS.idl
-- Up-to-date: /home/mazen/mini_girona/install/stonefish_ros2/share/stonefish_ros2/msg/DVLBeam.idl
-- Up-to-date: /home/mazen/mini_girona/install/stonefish_ros2/share/stonefish_ros2/msg/DVL.idl
-- Up-to-date: /home/mazen/mini_girona/install/stonefish_ros2/share/stonefish_ros2/msg/ThrusterState.idl
-- Up-to-date: /home/mazen/mini_girona/install/stonefish_ros2/share/stonefish_ros2/msg/DebugPhysics.idl
-- Up-to-date: /home/mazen/mini_girona/install/stonefish_ros2/share/stonefish_ros2/srv/SonarSettings.idl
-- Up-to-date: /home/mazen/mini_girona/install/stonefish_ros2/share/stonefish_ros2/srv/SonarSettings2.idl
-- Up-to-date: /home/mazen/mini_girona/install/stonefish_ros2/share/stonefish_ros2/srv/Respawn.idl
-- Up-to-date: /home/mazen/mini_girona/install/stonefish_ros2/share/stonefish_ros2/msg/Int32Stamped.msg
-- Up-to-date: /home/mazen/mini_girona/install/stonefish_ros2/share/stonefish_ros2/msg/BeaconInfo.msg
-- Up-to-date: /home/mazen/mini_girona/install/stonefish_ros2/share/stonefish_ros2/msg/NEDPose.msg
-- Up-to-date: /home/mazen/mini_girona/install/stonefish_ros2/share/stonefish_ros2/msg/INS.msg
-- Up-to-date: /home/mazen/mini_girona/install/stonefish_ros2/share/stonefish_ros2/msg/DVLBeam.msg
-- Up-to-date: /home/mazen/mini_girona/install/stonefish_ros2/share/stonefish_ros2/msg/DVL.msg
-- Up-to-date: /home/mazen/mini_girona/install/stonefish_ros2/share/stonefish_ros2/msg/ThrusterState.msg
-- Up-to-date: /home/mazen/mini_girona/install/stonefish_ros2/share/stonefish_ros2/msg/DebugPhysics.msg
-- Up-to-date: /home/mazen/mini_girona/install/stonefish_ros2/share/stonefish_ros2/srv/SonarSettings.srv
-- Up-to-date: /home/mazen/mini_girona/install/stonefish_ros2/share/stonefish_ros2/srv/SonarSettings_Request.msg
-- Up-to-date: /home/mazen/mini_girona/install/stonefish_ros2/share/stonefish_ros2/srv/SonarSettings_Response.msg
-- Up-to-date: /home/mazen/mini_girona/install/stonefish_ros2/share/stonefish_ros2/srv/SonarSettings2.srv
-- Up-to-date: /home/mazen/mini_girona/install/stonefish_ros2/share/stonefish_ros2/srv/SonarSettings2_Request.msg
-- Up-to-date: /home/mazen/mini_girona/install/stonefish_ros2/share/stonefish_ros2/srv/SonarSettings2_Response.msg
-- Up-to-date: /home/mazen/mini_girona/install/stonefish_ros2/share/stonefish_ros2/srv/Respawn.srv
-- Up-to-date: /home/mazen/mini_girona/install/stonefish_ros2/share/stonefish_ros2/srv/Respawn_Request.msg
-- Up-to-date: /home/mazen/mini_girona/install/stonefish_ros2/share/stonefish_ros2/srv/Respawn_Response.msg
-- Up-to-date: /home/mazen/mini_girona/install/stonefish_ros2/lib/libstonefish_ros2_interface.so
-- Up-to-date: /home/mazen/mini_girona/install/stonefish_ros2/include/include
-- Up-to-date: /home/mazen/mini_girona/install/stonefish_ros2/include/include/stonefish_ros2
-- Up-to-date: /home/mazen/mini_girona/install/stonefish_ros2/include/include/stonefish_ros2/ROS2Interface.h
-- Up-to-date: /home/mazen/mini_girona/install/stonefish_ros2/include/include/stonefish_ros2/ROS2SimulationManager.h
-- Up-to-date: /home/mazen/mini_girona/install/stonefish_ros2/include/include/stonefish_ros2/ROS2ScenarioParser.h
-- Up-to-date: /home/mazen/mini_girona/install/stonefish_ros2/include/include/stonefish_ros2/ROS2ConsoleSimulationApp.h
-- Up-to-date: /home/mazen/mini_girona/install/stonefish_ros2/include/include/stonefish_ros2/ROS2GraphicalSimulationApp.h
-- Up-to-date: /home/mazen/mini_girona/install/stonefish_ros2/lib/stonefish_ros2/stonefish_simulator
-- Up-to-date: /home/mazen/mini_girona/install/stonefish_ros2/lib/stonefish_ros2/stonefish_simulator_nogpu
-- Up-to-date: /home/mazen/mini_girona/install/stonefish_ros2/share/stonefish_ros2/launch
-- Up-to-date: /home/mazen/mini_girona/install/stonefish_ros2/share/stonefish_ros2/launch/stonefish_simulator_nogpu.launch.py
-- Up-to-date: /home/mazen/mini_girona/install/stonefish_ros2/share/stonefish_ros2/launch/stonefish_simulator.launch.py
-- Up-to-date: /home/mazen/mini_girona/install/stonefish_ros2/share/ament_index/resource_index/package_run_dependencies/stonefish_ros2
-- Up-to-date: /home/mazen/mini_girona/install/stonefish_ros2/share/ament_index/resource_index/parent_prefix_path/stonefish_ros2
-- Up-to-date: /home/mazen/mini_girona/install/stonefish_ros2/share/stonefish_ros2/environment/ament_prefix_path.sh
-- Up-to-date: /home/mazen/mini_girona/install/stonefish_ros2/share/stonefish_ros2/environment/ament_prefix_path.dsv
-- Up-to-date: /home/mazen/mini_girona/install/stonefish_ros2/share/stonefish_ros2/environment/path.sh
-- Up-to-date: /home/mazen/mini_girona/install/stonefish_ros2/share/stonefish_ros2/environment/path.dsv
-- Up-to-date: /home/mazen/mini_girona/install/stonefish_ros2/share/stonefish_ros2/local_setup.bash
-- Up-to-date: /home/mazen/mini_girona/install/stonefish_ros2/share/stonefish_ros2/local_setup.sh
-- Up-to-date: /home/mazen/mini_girona/install/stonefish_ros2/share/stonefish_ros2/local_setup.zsh
-- Up-to-date: /home/mazen/mini_girona/install/stonefish_ros2/share/stonefish_ros2/local_setup.dsv
-- Installing: /home/mazen/mini_girona/install/stonefish_ros2/share/stonefish_ros2/package.dsv
-- Up-to-date: /home/mazen/mini_girona/install/stonefish_ros2/share/ament_index/resource_index/packages/stonefish_ros2
-- Up-to-date: /home/mazen/mini_girona/install/stonefish_ros2/share/stonefish_ros2/cmake/export_stonefish_ros2__rosidl_generator_cExport.cmake
-- Up-to-date: /home/mazen/mini_girona/install/stonefish_ros2/share/stonefish_ros2/cmake/export_stonefish_ros2__rosidl_generator_cExport-noconfig.cmake
-- Up-to-date: /home/mazen/mini_girona/install/stonefish_ros2/share/stonefish_ros2/cmake/export_stonefish_ros2__rosidl_typesupport_fastrtps_cExport.cmake
-- Up-to-date: /home/mazen/mini_girona/install/stonefish_ros2/share/stonefish_ros2/cmake/export_stonefish_ros2__rosidl_typesupport_fastrtps_cExport-noconfig.cmake
-- Up-to-date: /home/mazen/mini_girona/install/stonefish_ros2/share/stonefish_ros2/cmake/export_stonefish_ros2__rosidl_generator_cppExport.cmake
-- Up-to-date: /home/mazen/mini_girona/install/stonefish_ros2/share/stonefish_ros2/cmake/export_stonefish_ros2__rosidl_typesupport_fastrtps_cppExport.cmake
-- Up-to-date: /home/mazen/mini_girona/install/stonefish_ros2/share/stonefish_ros2/cmake/export_stonefish_ros2__rosidl_typesupport_fastrtps_cppExport-noconfig.cmake
-- Up-to-date: /home/mazen/mini_girona/install/stonefish_ros2/share/stonefish_ros2/cmake/stonefish_ros2__rosidl_typesupport_introspection_cExport.cmake
-- Up-to-date: /home/mazen/mini_girona/install/stonefish_ros2/share/stonefish_ros2/cmake/stonefish_ros2__rosidl_typesupport_introspection_cExport-noconfig.cmake
-- Up-to-date: /home/mazen/mini_girona/install/stonefish_ros2/share/stonefish_ros2/cmake/stonefish_ros2__rosidl_typesupport_cExport.cmake
-- Up-to-date: /home/mazen/mini_girona/install/stonefish_ros2/share/stonefish_ros2/cmake/stonefish_ros2__rosidl_typesupport_cExport-noconfig.cmake
-- Up-to-date: /home/mazen/mini_girona/install/stonefish_ros2/share/stonefish_ros2/cmake/stonefish_ros2__rosidl_typesupport_introspection_cppExport.cmake
-- Up-to-date: /home/mazen/mini_girona/install/stonefish_ros2/share/stonefish_ros2/cmake/stonefish_ros2__rosidl_typesupport_introspection_cppExport-noconfig.cmake
-- Up-to-date: /home/mazen/mini_girona/install/stonefish_ros2/share/stonefish_ros2/cmake/stonefish_ros2__rosidl_typesupport_cppExport.cmake
-- Up-to-date: /home/mazen/mini_girona/install/stonefish_ros2/share/stonefish_ros2/cmake/stonefish_ros2__rosidl_typesupport_cppExport-noconfig.cmake
-- Up-to-date: /home/mazen/mini_girona/install/stonefish_ros2/share/stonefish_ros2/cmake/export_stonefish_ros2__rosidl_generator_pyExport.cmake
-- Up-to-date: /home/mazen/mini_girona/install/stonefish_ros2/share/stonefish_ros2/cmake/export_stonefish_ros2__rosidl_generator_pyExport-noconfig.cmake
-- Up-to-date: /home/mazen/mini_girona/install/stonefish_ros2/share/stonefish_ros2/cmake/rosidl_cmake-extras.cmake
-- Up-to-date: /home/mazen/mini_girona/install/stonefish_ros2/share/stonefish_ros2/cmake/ament_cmake_export_dependencies-extras.cmake
-- Up-to-date: /home/mazen/mini_girona/install/stonefish_ros2/share/stonefish_ros2/cmake/ament_cmake_export_include_directories-extras.cmake
-- Up-to-date: /home/mazen/mini_girona/install/stonefish_ros2/share/stonefish_ros2/cmake/ament_cmake_export_libraries-extras.cmake
-- Up-to-date: /home/mazen/mini_girona/install/stonefish_ros2/share/stonefish_ros2/cmake/ament_cmake_export_targets-extras.cmake
-- Up-to-date: /home/mazen/mini_girona/install/stonefish_ros2/share/stonefish_ros2/cmake/rosidl_cmake_export_typesupport_targets-extras.cmake
-- Up-to-date: /home/mazen/mini_girona/install/stonefish_ros2/share/stonefish_ros2/cmake/rosidl_cmake_export_typesupport_libraries-extras.cmake
-- Up-to-date: /home/mazen/mini_girona/install/stonefish_ros2/share/stonefish_ros2/cmake/stonefish_ros2Config.cmake
-- Up-to-date: /home/mazen/mini_girona/install/stonefish_ros2/share/stonefish_ros2/cmake/stonefish_ros2Config-version.cmake
-- Up-to-date: /home/mazen/mini_girona/install/stonefish_ros2/share/stonefish_ros2/package.xml
