[0.011s] Invoking command in '/home/mazen/mini_girona/build/stonefish_ros2': CMAKE_PREFIX_PATH=${CMAKE_PREFIX_PATH}:/opt/ros/humble /usr/bin/cmake --build /home/mazen/mini_girona/build/stonefish_ros2 -- -j12 -l12
[0.057s] [35m[1mConsolidate compiler generated dependencies of target stonefish_ros2__rosidl_generator_c[0m
[0.066s] [  0%] Built target stonefish_ros2__cpp
[0.072s] [ 11%] Built target stonefish_ros2__rosidl_generator_c
[0.080s] [ 11%] Built target ament_cmake_python_copy_stonefish_ros2
[0.080s] [35m[1mConsolidate compiler generated dependencies of target stonefish_ros2__rosidl_typesupport_cpp[0m
[0.086s] [35m[1mConsolidate compiler generated dependencies of target stonefish_ros2__rosidl_typesupport_fastrtps_cpp[0m
[0.090s] [35m[1mConsolidate compiler generated dependencies of target stonefish_ros2__rosidl_typesupport_introspection_cpp[0m
[0.090s] [35m[1mConsolidate compiler generated dependencies of target stonefish_ros2__rosidl_typesupport_c[0m
[0.091s] [35m[1mConsolidate compiler generated dependencies of target stonefish_ros2__rosidl_typesupport_introspection_c[0m
[0.094s] [35m[1mConsolidate compiler generated dependencies of target stonefish_ros2__rosidl_typesupport_fastrtps_c[0m
[0.112s] [ 22%] Built target stonefish_ros2__rosidl_typesupport_cpp
[0.113s] [ 33%] Built target stonefish_ros2__rosidl_typesupport_c
[0.124s] [ 44%] Built target stonefish_ros2__rosidl_typesupport_introspection_c
[0.128s] [ 55%] Built target stonefish_ros2__rosidl_typesupport_fastrtps_cpp
[0.134s] [ 66%] Built target stonefish_ros2__rosidl_typesupport_fastrtps_c
[0.136s] [ 77%] Built target stonefish_ros2__rosidl_typesupport_introspection_cpp
[0.142s] [35m[1mConsolidate compiler generated dependencies of target stonefish_ros2_interface[0m
[0.168s] [ 77%] Built target stonefish_ros2
[0.191s] [ 78%] Built target stonefish_ros2__py
[0.201s] [ 83%] Built target stonefish_ros2_interface
[0.203s] [35m[1mConsolidate compiler generated dependencies of target stonefish_ros2__rosidl_generator_py[0m
[0.213s] [35m[1mConsolidate compiler generated dependencies of target stonefish_simulator[0m
[0.213s] [35m[1mConsolidate compiler generated dependencies of target stonefish_simulator_nogpu[0m
[0.226s] [ 93%] Built target stonefish_ros2__rosidl_generator_py
[0.237s] [35m[1mConsolidate compiler generated dependencies of target stonefish_ros2__rosidl_typesupport_introspection_c__pyext[0m
[0.237s] [35m[1mConsolidate compiler generated dependencies of target stonefish_ros2__rosidl_typesupport_c__pyext[0m
[0.239s] [ 95%] Built target stonefish_simulator
[0.240s] [35m[1mConsolidate compiler generated dependencies of target stonefish_ros2__rosidl_typesupport_fastrtps_c__pyext[0m
[0.246s] [ 97%] Built target stonefish_simulator_nogpu
[0.251s] [ 98%] Built target stonefish_ros2__rosidl_typesupport_introspection_c__pyext
[0.252s] [ 99%] Built target stonefish_ros2__rosidl_typesupport_c__pyext
[0.257s] [100%] Built target stonefish_ros2__rosidl_typesupport_fastrtps_c__pyext
[0.349s] running egg_info
[0.350s] writing stonefish_ros2.egg-info/PKG-INFO
[0.350s] writing dependency_links to stonefish_ros2.egg-info/dependency_links.txt
[0.350s] writing top-level names to stonefish_ros2.egg-info/top_level.txt
[0.352s] reading manifest file 'stonefish_ros2.egg-info/SOURCES.txt'
[0.352s] writing manifest file 'stonefish_ros2.egg-info/SOURCES.txt'
[0.378s] [100%] Built target ament_cmake_python_build_stonefish_ros2_egg
[0.390s] Invoked command in '/home/mazen/mini_girona/build/stonefish_ros2' returned '0': CMAKE_PREFIX_PATH=${CMAKE_PREFIX_PATH}:/opt/ros/humble /usr/bin/cmake --build /home/mazen/mini_girona/build/stonefish_ros2 -- -j12 -l12
[0.400s] Invoking command in '/home/mazen/mini_girona/build/stonefish_ros2': CMAKE_PREFIX_PATH=${CMAKE_PREFIX_PATH}:/opt/ros/humble /usr/bin/cmake --install /home/mazen/mini_girona/build/stonefish_ros2
[0.407s] -- Install configuration: ""
[0.407s] -- Up-to-date: /home/mazen/mini_girona/install/stonefish_ros2/share/ament_index/resource_index/rosidl_interfaces/stonefish_ros2
[0.407s] -- Up-to-date: /home/mazen/mini_girona/install/stonefish_ros2/include/stonefish_ros2/stonefish_ros2
[0.407s] -- Up-to-date: /home/mazen/mini_girona/install/stonefish_ros2/include/stonefish_ros2/stonefish_ros2/srv
[0.407s] -- Up-to-date: /home/mazen/mini_girona/install/stonefish_ros2/include/stonefish_ros2/stonefish_ros2/srv/respawn.h
[0.407s] -- Up-to-date: /home/mazen/mini_girona/install/stonefish_ros2/include/stonefish_ros2/stonefish_ros2/srv/sonar_settings2.h
[0.407s] -- Up-to-date: /home/mazen/mini_girona/install/stonefish_ros2/include/stonefish_ros2/stonefish_ros2/srv/sonar_settings.h
[0.407s] -- Up-to-date: /home/mazen/mini_girona/install/stonefish_ros2/include/stonefish_ros2/stonefish_ros2/srv/detail
[0.407s] -- Up-to-date: /home/mazen/mini_girona/install/stonefish_ros2/include/stonefish_ros2/stonefish_ros2/srv/detail/sonar_settings__type_support.h
[0.407s] -- Up-to-date: /home/mazen/mini_girona/install/stonefish_ros2/include/stonefish_ros2/stonefish_ros2/srv/detail/respawn__type_support.h
[0.408s] -- Up-to-date: /home/mazen/mini_girona/install/stonefish_ros2/include/stonefish_ros2/stonefish_ros2/srv/detail/sonar_settings__functions.c
[0.408s] -- Up-to-date: /home/mazen/mini_girona/install/stonefish_ros2/include/stonefish_ros2/stonefish_ros2/srv/detail/sonar_settings__struct.h
[0.408s] -- Up-to-date: /home/mazen/mini_girona/install/stonefish_ros2/include/stonefish_ros2/stonefish_ros2/srv/detail/sonar_settings2__functions.c
[0.408s] -- Up-to-date: /home/mazen/mini_girona/install/stonefish_ros2/include/stonefish_ros2/stonefish_ros2/srv/detail/sonar_settings2__type_support.h
[0.408s] -- Up-to-date: /home/mazen/mini_girona/install/stonefish_ros2/include/stonefish_ros2/stonefish_ros2/srv/detail/sonar_settings2__functions.h
[0.408s] -- Up-to-date: /home/mazen/mini_girona/install/stonefish_ros2/include/stonefish_ros2/stonefish_ros2/srv/detail/sonar_settings2__struct.h
[0.408s] -- Up-to-date: /home/mazen/mini_girona/install/stonefish_ros2/include/stonefish_ros2/stonefish_ros2/srv/detail/respawn__functions.c
[0.408s] -- Up-to-date: /home/mazen/mini_girona/install/stonefish_ros2/include/stonefish_ros2/stonefish_ros2/srv/detail/sonar_settings__functions.h
[0.408s] -- Up-to-date: /home/mazen/mini_girona/install/stonefish_ros2/include/stonefish_ros2/stonefish_ros2/srv/detail/respawn__functions.h
[0.408s] -- Up-to-date: /home/mazen/mini_girona/install/stonefish_ros2/include/stonefish_ros2/stonefish_ros2/srv/detail/respawn__struct.h
[0.408s] -- Up-to-date: /home/mazen/mini_girona/install/stonefish_ros2/include/stonefish_ros2/stonefish_ros2/msg
[0.408s] -- Up-to-date: /home/mazen/mini_girona/install/stonefish_ros2/include/stonefish_ros2/stonefish_ros2/msg/debug_physics.h
[0.408s] -- Up-to-date: /home/mazen/mini_girona/install/stonefish_ros2/include/stonefish_ros2/stonefish_ros2/msg/thruster_state.h
[0.408s] -- Up-to-date: /home/mazen/mini_girona/install/stonefish_ros2/include/stonefish_ros2/stonefish_ros2/msg/beacon_info.h
[0.408s] -- Up-to-date: /home/mazen/mini_girona/install/stonefish_ros2/include/stonefish_ros2/stonefish_ros2/msg/ins.h
[0.408s] -- Up-to-date: /home/mazen/mini_girona/install/stonefish_ros2/include/stonefish_ros2/stonefish_ros2/msg/rosidl_generator_c__visibility_control.h
[0.408s] -- Up-to-date: /home/mazen/mini_girona/install/stonefish_ros2/include/stonefish_ros2/stonefish_ros2/msg/dvl.h
[0.408s] -- Up-to-date: /home/mazen/mini_girona/install/stonefish_ros2/include/stonefish_ros2/stonefish_ros2/msg/int32_stamped.h
[0.409s] -- Up-to-date: /home/mazen/mini_girona/install/stonefish_ros2/include/stonefish_ros2/stonefish_ros2/msg/dvl_beam.h
[0.409s] -- Up-to-date: /home/mazen/mini_girona/install/stonefish_ros2/include/stonefish_ros2/stonefish_ros2/msg/ned_pose.h
[0.409s] -- Up-to-date: /home/mazen/mini_girona/install/stonefish_ros2/include/stonefish_ros2/stonefish_ros2/msg/detail
[0.409s] -- Up-to-date: /home/mazen/mini_girona/install/stonefish_ros2/include/stonefish_ros2/stonefish_ros2/msg/detail/beacon_info__functions.c
[0.409s] -- Up-to-date: /home/mazen/mini_girona/install/stonefish_ros2/include/stonefish_ros2/stonefish_ros2/msg/detail/debug_physics__struct.h
[0.409s] -- Up-to-date: /home/mazen/mini_girona/install/stonefish_ros2/include/stonefish_ros2/stonefish_ros2/msg/detail/debug_physics__functions.h
[0.409s] -- Up-to-date: /home/mazen/mini_girona/install/stonefish_ros2/include/stonefish_ros2/stonefish_ros2/msg/detail/int32_stamped__type_support.h
[0.409s] -- Up-to-date: /home/mazen/mini_girona/install/stonefish_ros2/include/stonefish_ros2/stonefish_ros2/msg/detail/dvl_beam__functions.h
[0.409s] -- Up-to-date: /home/mazen/mini_girona/install/stonefish_ros2/include/stonefish_ros2/stonefish_ros2/msg/detail/beacon_info__struct.h
[0.409s] -- Up-to-date: /home/mazen/mini_girona/install/stonefish_ros2/include/stonefish_ros2/stonefish_ros2/msg/detail/dvl__struct.h
[0.409s] -- Up-to-date: /home/mazen/mini_girona/install/stonefish_ros2/include/stonefish_ros2/stonefish_ros2/msg/detail/thruster_state__functions.h
[0.409s] -- Up-to-date: /home/mazen/mini_girona/install/stonefish_ros2/include/stonefish_ros2/stonefish_ros2/msg/detail/thruster_state__struct.h
[0.409s] -- Up-to-date: /home/mazen/mini_girona/install/stonefish_ros2/include/stonefish_ros2/stonefish_ros2/msg/detail/ned_pose__struct.h
[0.409s] -- Up-to-date: /home/mazen/mini_girona/install/stonefish_ros2/include/stonefish_ros2/stonefish_ros2/msg/detail/int32_stamped__functions.h
[0.409s] -- Up-to-date: /home/mazen/mini_girona/install/stonefish_ros2/include/stonefish_ros2/stonefish_ros2/msg/detail/thruster_state__functions.c
[0.410s] -- Up-to-date: /home/mazen/mini_girona/install/stonefish_ros2/include/stonefish_ros2/stonefish_ros2/msg/detail/beacon_info__functions.h
[0.410s] -- Up-to-date: /home/mazen/mini_girona/install/stonefish_ros2/include/stonefish_ros2/stonefish_ros2/msg/detail/debug_physics__functions.c
[0.410s] -- Up-to-date: /home/mazen/mini_girona/install/stonefish_ros2/include/stonefish_ros2/stonefish_ros2/msg/detail/dvl__type_support.h
[0.410s] -- Up-to-date: /home/mazen/mini_girona/install/stonefish_ros2/include/stonefish_ros2/stonefish_ros2/msg/detail/dvl_beam__struct.h
[0.410s] -- Up-to-date: /home/mazen/mini_girona/install/stonefish_ros2/include/stonefish_ros2/stonefish_ros2/msg/detail/dvl_beam__functions.c
[0.411s] -- Up-to-date: /home/mazen/mini_girona/install/stonefish_ros2/include/stonefish_ros2/stonefish_ros2/msg/detail/ins__functions.h
[0.411s] -- Up-to-date: /home/mazen/mini_girona/install/stonefish_ros2/include/stonefish_ros2/stonefish_ros2/msg/detail/int32_stamped__functions.c
[0.411s] -- Up-to-date: /home/mazen/mini_girona/install/stonefish_ros2/include/stonefish_ros2/stonefish_ros2/msg/detail/ned_pose__functions.c
[0.411s] -- Up-to-date: /home/mazen/mini_girona/install/stonefish_ros2/include/stonefish_ros2/stonefish_ros2/msg/detail/ins__struct.h
[0.411s] -- Up-to-date: /home/mazen/mini_girona/install/stonefish_ros2/include/stonefish_ros2/stonefish_ros2/msg/detail/beacon_info__type_support.h
[0.411s] -- Up-to-date: /home/mazen/mini_girona/install/stonefish_ros2/include/stonefish_ros2/stonefish_ros2/msg/detail/ins__functions.c
[0.411s] -- Up-to-date: /home/mazen/mini_girona/install/stonefish_ros2/include/stonefish_ros2/stonefish_ros2/msg/detail/dvl__functions.h
[0.412s] -- Up-to-date: /home/mazen/mini_girona/install/stonefish_ros2/include/stonefish_ros2/stonefish_ros2/msg/detail/ned_pose__type_support.h
[0.412s] -- Up-to-date: /home/mazen/mini_girona/install/stonefish_ros2/include/stonefish_ros2/stonefish_ros2/msg/detail/debug_physics__type_support.h
[0.412s] -- Up-to-date: /home/mazen/mini_girona/install/stonefish_ros2/include/stonefish_ros2/stonefish_ros2/msg/detail/int32_stamped__struct.h
[0.412s] -- Up-to-date: /home/mazen/mini_girona/install/stonefish_ros2/include/stonefish_ros2/stonefish_ros2/msg/detail/dvl__functions.c
[0.412s] -- Up-to-date: /home/mazen/mini_girona/install/stonefish_ros2/include/stonefish_ros2/stonefish_ros2/msg/detail/ins__type_support.h
[0.412s] -- Up-to-date: /home/mazen/mini_girona/install/stonefish_ros2/include/stonefish_ros2/stonefish_ros2/msg/detail/thruster_state__type_support.h
[0.412s] -- Up-to-date: /home/mazen/mini_girona/install/stonefish_ros2/include/stonefish_ros2/stonefish_ros2/msg/detail/ned_pose__functions.h
[0.412s] -- Up-to-date: /home/mazen/mini_girona/install/stonefish_ros2/include/stonefish_ros2/stonefish_ros2/msg/detail/dvl_beam__type_support.h
[0.413s] -- Up-to-date: /home/mazen/mini_girona/install/stonefish_ros2/share/stonefish_ros2/environment/library_path.sh
[0.413s] -- Up-to-date: /home/mazen/mini_girona/install/stonefish_ros2/share/stonefish_ros2/environment/library_path.dsv
[0.413s] -- Up-to-date: /home/mazen/mini_girona/install/stonefish_ros2/lib/libstonefish_ros2__rosidl_generator_c.so
[0.413s] -- Up-to-date: /home/mazen/mini_girona/install/stonefish_ros2/include/stonefish_ros2/stonefish_ros2
[0.413s] -- Up-to-date: /home/mazen/mini_girona/install/stonefish_ros2/include/stonefish_ros2/stonefish_ros2/srv
[0.413s] -- Up-to-date: /home/mazen/mini_girona/install/stonefish_ros2/include/stonefish_ros2/stonefish_ros2/srv/detail
[0.413s] -- Up-to-date: /home/mazen/mini_girona/install/stonefish_ros2/include/stonefish_ros2/stonefish_ros2/srv/detail/sonar_settings__rosidl_typesupport_fastrtps_c.h
[0.414s] -- Up-to-date: /home/mazen/mini_girona/install/stonefish_ros2/include/stonefish_ros2/stonefish_ros2/srv/detail/respawn__rosidl_typesupport_fastrtps_c.h
[0.414s] -- Up-to-date: /home/mazen/mini_girona/install/stonefish_ros2/include/stonefish_ros2/stonefish_ros2/srv/detail/sonar_settings2__rosidl_typesupport_fastrtps_c.h
[0.414s] -- Up-to-date: /home/mazen/mini_girona/install/stonefish_ros2/include/stonefish_ros2/stonefish_ros2/msg
[0.414s] -- Up-to-date: /home/mazen/mini_girona/install/stonefish_ros2/include/stonefish_ros2/stonefish_ros2/msg/rosidl_typesupport_fastrtps_c__visibility_control.h
[0.414s] -- Up-to-date: /home/mazen/mini_girona/install/stonefish_ros2/include/stonefish_ros2/stonefish_ros2/msg/detail
[0.414s] -- Up-to-date: /home/mazen/mini_girona/install/stonefish_ros2/include/stonefish_ros2/stonefish_ros2/msg/detail/ned_pose__rosidl_typesupport_fastrtps_c.h
[0.414s] -- Up-to-date: /home/mazen/mini_girona/install/stonefish_ros2/include/stonefish_ros2/stonefish_ros2/msg/detail/beacon_info__rosidl_typesupport_fastrtps_c.h
[0.414s] -- Up-to-date: /home/mazen/mini_girona/install/stonefish_ros2/include/stonefish_ros2/stonefish_ros2/msg/detail/debug_physics__rosidl_typesupport_fastrtps_c.h
[0.414s] -- Up-to-date: /home/mazen/mini_girona/install/stonefish_ros2/include/stonefish_ros2/stonefish_ros2/msg/detail/dvl_beam__rosidl_typesupport_fastrtps_c.h
[0.415s] -- Up-to-date: /home/mazen/mini_girona/install/stonefish_ros2/include/stonefish_ros2/stonefish_ros2/msg/detail/dvl__rosidl_typesupport_fastrtps_c.h
[0.415s] -- Up-to-date: /home/mazen/mini_girona/install/stonefish_ros2/include/stonefish_ros2/stonefish_ros2/msg/detail/thruster_state__rosidl_typesupport_fastrtps_c.h
[0.415s] -- Up-to-date: /home/mazen/mini_girona/install/stonefish_ros2/include/stonefish_ros2/stonefish_ros2/msg/detail/ins__rosidl_typesupport_fastrtps_c.h
[0.415s] -- Up-to-date: /home/mazen/mini_girona/install/stonefish_ros2/include/stonefish_ros2/stonefish_ros2/msg/detail/int32_stamped__rosidl_typesupport_fastrtps_c.h
[0.415s] -- Up-to-date: /home/mazen/mini_girona/install/stonefish_ros2/lib/libstonefish_ros2__rosidl_typesupport_fastrtps_c.so
[0.415s] -- Up-to-date: /home/mazen/mini_girona/install/stonefish_ros2/include/stonefish_ros2/stonefish_ros2
[0.415s] -- Up-to-date: /home/mazen/mini_girona/install/stonefish_ros2/include/stonefish_ros2/stonefish_ros2/srv
[0.415s] -- Up-to-date: /home/mazen/mini_girona/install/stonefish_ros2/include/stonefish_ros2/stonefish_ros2/srv/sonar_settings.hpp
[0.416s] -- Up-to-date: /home/mazen/mini_girona/install/stonefish_ros2/include/stonefish_ros2/stonefish_ros2/srv/respawn.hpp
[0.416s] -- Up-to-date: /home/mazen/mini_girona/install/stonefish_ros2/include/stonefish_ros2/stonefish_ros2/srv/sonar_settings2.hpp
[0.416s] -- Up-to-date: /home/mazen/mini_girona/install/stonefish_ros2/include/stonefish_ros2/stonefish_ros2/srv/detail
[0.416s] -- Up-to-date: /home/mazen/mini_girona/install/stonefish_ros2/include/stonefish_ros2/stonefish_ros2/srv/detail/sonar_settings2__struct.hpp
[0.416s] -- Up-to-date: /home/mazen/mini_girona/install/stonefish_ros2/include/stonefish_ros2/stonefish_ros2/srv/detail/sonar_settings__struct.hpp
[0.416s] -- Up-to-date: /home/mazen/mini_girona/install/stonefish_ros2/include/stonefish_ros2/stonefish_ros2/srv/detail/sonar_settings__builder.hpp
[0.416s] -- Up-to-date: /home/mazen/mini_girona/install/stonefish_ros2/include/stonefish_ros2/stonefish_ros2/srv/detail/sonar_settings__type_support.hpp
[0.417s] -- Up-to-date: /home/mazen/mini_girona/install/stonefish_ros2/include/stonefish_ros2/stonefish_ros2/srv/detail/respawn__traits.hpp
[0.417s] -- Up-to-date: /home/mazen/mini_girona/install/stonefish_ros2/include/stonefish_ros2/stonefish_ros2/srv/detail/sonar_settings2__builder.hpp
[0.417s] -- Up-to-date: /home/mazen/mini_girona/install/stonefish_ros2/include/stonefish_ros2/stonefish_ros2/srv/detail/sonar_settings2__type_support.hpp
[0.417s] -- Up-to-date: /home/mazen/mini_girona/install/stonefish_ros2/include/stonefish_ros2/stonefish_ros2/srv/detail/respawn__builder.hpp
[0.417s] -- Up-to-date: /home/mazen/mini_girona/install/stonefish_ros2/include/stonefish_ros2/stonefish_ros2/srv/detail/sonar_settings__traits.hpp
[0.417s] -- Up-to-date: /home/mazen/mini_girona/install/stonefish_ros2/include/stonefish_ros2/stonefish_ros2/srv/detail/respawn__type_support.hpp
[0.418s] -- Up-to-date: /home/mazen/mini_girona/install/stonefish_ros2/include/stonefish_ros2/stonefish_ros2/srv/detail/sonar_settings2__traits.hpp
[0.418s] -- Up-to-date: /home/mazen/mini_girona/install/stonefish_ros2/include/stonefish_ros2/stonefish_ros2/srv/detail/respawn__struct.hpp
[0.418s] -- Up-to-date: /home/mazen/mini_girona/install/stonefish_ros2/include/stonefish_ros2/stonefish_ros2/msg
[0.418s] -- Up-to-date: /home/mazen/mini_girona/install/stonefish_ros2/include/stonefish_ros2/stonefish_ros2/msg/dvl_beam.hpp
[0.418s] -- Up-to-date: /home/mazen/mini_girona/install/stonefish_ros2/include/stonefish_ros2/stonefish_ros2/msg/thruster_state.hpp
[0.419s] -- Up-to-date: /home/mazen/mini_girona/install/stonefish_ros2/include/stonefish_ros2/stonefish_ros2/msg/ned_pose.hpp
[0.419s] -- Up-to-date: /home/mazen/mini_girona/install/stonefish_ros2/include/stonefish_ros2/stonefish_ros2/msg/debug_physics.hpp
[0.419s] -- Up-to-date: /home/mazen/mini_girona/install/stonefish_ros2/include/stonefish_ros2/stonefish_ros2/msg/beacon_info.hpp
[0.419s] -- Up-to-date: /home/mazen/mini_girona/install/stonefish_ros2/include/stonefish_ros2/stonefish_ros2/msg/ins.hpp
[0.419s] -- Up-to-date: /home/mazen/mini_girona/install/stonefish_ros2/include/stonefish_ros2/stonefish_ros2/msg/rosidl_generator_cpp__visibility_control.hpp
[0.419s] -- Up-to-date: /home/mazen/mini_girona/install/stonefish_ros2/include/stonefish_ros2/stonefish_ros2/msg/dvl.hpp
[0.419s] -- Up-to-date: /home/mazen/mini_girona/install/stonefish_ros2/include/stonefish_ros2/stonefish_ros2/msg/int32_stamped.hpp
[0.419s] -- Up-to-date: /home/mazen/mini_girona/install/stonefish_ros2/include/stonefish_ros2/stonefish_ros2/msg/detail
[0.419s] -- Up-to-date: /home/mazen/mini_girona/install/stonefish_ros2/include/stonefish_ros2/stonefish_ros2/msg/detail/debug_physics__traits.hpp
[0.420s] -- Up-to-date: /home/mazen/mini_girona/install/stonefish_ros2/include/stonefish_ros2/stonefish_ros2/msg/detail/int32_stamped__traits.hpp
[0.420s] -- Up-to-date: /home/mazen/mini_girona/install/stonefish_ros2/include/stonefish_ros2/stonefish_ros2/msg/detail/dvl__struct.hpp
[0.420s] -- Up-to-date: /home/mazen/mini_girona/install/stonefish_ros2/include/stonefish_ros2/stonefish_ros2/msg/detail/int32_stamped__struct.hpp
[0.420s] -- Up-to-date: /home/mazen/mini_girona/install/stonefish_ros2/include/stonefish_ros2/stonefish_ros2/msg/detail/beacon_info__traits.hpp
[0.420s] -- Up-to-date: /home/mazen/mini_girona/install/stonefish_ros2/include/stonefish_ros2/stonefish_ros2/msg/detail/debug_physics__struct.hpp
[0.420s] -- Up-to-date: /home/mazen/mini_girona/install/stonefish_ros2/include/stonefish_ros2/stonefish_ros2/msg/detail/dvl_beam__type_support.hpp
[0.423s] -- Up-to-date: /home/mazen/mini_girona/install/stonefish_ros2/include/stonefish_ros2/stonefish_ros2/msg/detail/ned_pose__builder.hpp
[0.423s] -- Up-to-date: /home/mazen/mini_girona/install/stonefish_ros2/include/stonefish_ros2/stonefish_ros2/msg/detail/debug_physics__builder.hpp
[0.423s] -- Up-to-date: /home/mazen/mini_girona/install/stonefish_ros2/include/stonefish_ros2/stonefish_ros2/msg/detail/int32_stamped__builder.hpp
[0.424s] -- Up-to-date: /home/mazen/mini_girona/install/stonefish_ros2/include/stonefish_ros2/stonefish_ros2/msg/detail/beacon_info__builder.hpp
[0.424s] -- Up-to-date: /home/mazen/mini_girona/install/stonefish_ros2/include/stonefish_ros2/stonefish_ros2/msg/detail/ned_pose__traits.hpp
[0.425s] -- Up-to-date: /home/mazen/mini_girona/install/stonefish_ros2/include/stonefish_ros2/stonefish_ros2/msg/detail/dvl__traits.hpp
[0.425s] -- Up-to-date: /home/mazen/mini_girona/install/stonefish_ros2/include/stonefish_ros2/stonefish_ros2/msg/detail/ins__builder.hpp
[0.425s] -- Up-to-date: /home/mazen/mini_girona/install/stonefish_ros2/include/stonefish_ros2/stonefish_ros2/msg/detail/ins__type_support.hpp
[0.425s] -- Up-to-date: /home/mazen/mini_girona/install/stonefish_ros2/include/stonefish_ros2/stonefish_ros2/msg/detail/debug_physics__type_support.hpp
[0.426s] -- Up-to-date: /home/mazen/mini_girona/install/stonefish_ros2/include/stonefish_ros2/stonefish_ros2/msg/detail/dvl__builder.hpp
[0.426s] -- Up-to-date: /home/mazen/mini_girona/install/stonefish_ros2/include/stonefish_ros2/stonefish_ros2/msg/detail/beacon_info__type_support.hpp
[0.426s] -- Up-to-date: /home/mazen/mini_girona/install/stonefish_ros2/include/stonefish_ros2/stonefish_ros2/msg/detail/dvl_beam__builder.hpp
[0.427s] -- Up-to-date: /home/mazen/mini_girona/install/stonefish_ros2/include/stonefish_ros2/stonefish_ros2/msg/detail/thruster_state__builder.hpp
[0.427s] -- Up-to-date: /home/mazen/mini_girona/install/stonefish_ros2/include/stonefish_ros2/stonefish_ros2/msg/detail/ned_pose__type_support.hpp
[0.427s] -- Up-to-date: /home/mazen/mini_girona/install/stonefish_ros2/include/stonefish_ros2/stonefish_ros2/msg/detail/dvl_beam__traits.hpp
[0.428s] -- Up-to-date: /home/mazen/mini_girona/install/stonefish_ros2/include/stonefish_ros2/stonefish_ros2/msg/detail/thruster_state__type_support.hpp
[0.428s] -- Up-to-date: /home/mazen/mini_girona/install/stonefish_ros2/include/stonefish_ros2/stonefish_ros2/msg/detail/dvl_beam__struct.hpp
[0.428s] -- Up-to-date: /home/mazen/mini_girona/install/stonefish_ros2/include/stonefish_ros2/stonefish_ros2/msg/detail/thruster_state__struct.hpp
[0.428s] -- Up-to-date: /home/mazen/mini_girona/install/stonefish_ros2/include/stonefish_ros2/stonefish_ros2/msg/detail/ned_pose__struct.hpp
[0.428s] -- Up-to-date: /home/mazen/mini_girona/install/stonefish_ros2/include/stonefish_ros2/stonefish_ros2/msg/detail/ins__struct.hpp
[0.428s] -- Up-to-date: /home/mazen/mini_girona/install/stonefish_ros2/include/stonefish_ros2/stonefish_ros2/msg/detail/int32_stamped__type_support.hpp
[0.429s] -- Up-to-date: /home/mazen/mini_girona/install/stonefish_ros2/include/stonefish_ros2/stonefish_ros2/msg/detail/ins__traits.hpp
[0.429s] -- Up-to-date: /home/mazen/mini_girona/install/stonefish_ros2/include/stonefish_ros2/stonefish_ros2/msg/detail/dvl__type_support.hpp
[0.430s] -- Up-to-date: /home/mazen/mini_girona/install/stonefish_ros2/include/stonefish_ros2/stonefish_ros2/msg/detail/thruster_state__traits.hpp
[0.430s] -- Up-to-date: /home/mazen/mini_girona/install/stonefish_ros2/include/stonefish_ros2/stonefish_ros2/msg/detail/beacon_info__struct.hpp
[0.430s] -- Up-to-date: /home/mazen/mini_girona/install/stonefish_ros2/include/stonefish_ros2/stonefish_ros2
[0.430s] -- Up-to-date: /home/mazen/mini_girona/install/stonefish_ros2/include/stonefish_ros2/stonefish_ros2/srv
[0.430s] -- Up-to-date: /home/mazen/mini_girona/install/stonefish_ros2/include/stonefish_ros2/stonefish_ros2/srv/detail
[0.430s] -- Up-to-date: /home/mazen/mini_girona/install/stonefish_ros2/include/stonefish_ros2/stonefish_ros2/srv/detail/sonar_settings__rosidl_typesupport_fastrtps_cpp.hpp
[0.431s] -- Up-to-date: /home/mazen/mini_girona/install/stonefish_ros2/include/stonefish_ros2/stonefish_ros2/srv/detail/respawn__rosidl_typesupport_fastrtps_cpp.hpp
[0.431s] -- Up-to-date: /home/mazen/mini_girona/install/stonefish_ros2/include/stonefish_ros2/stonefish_ros2/srv/detail/sonar_settings2__rosidl_typesupport_fastrtps_cpp.hpp
[0.431s] -- Up-to-date: /home/mazen/mini_girona/install/stonefish_ros2/include/stonefish_ros2/stonefish_ros2/srv/detail/dds_fastrtps
[0.433s] -- Up-to-date: /home/mazen/mini_girona/install/stonefish_ros2/include/stonefish_ros2/stonefish_ros2/msg
[0.433s] -- Up-to-date: /home/mazen/mini_girona/install/stonefish_ros2/include/stonefish_ros2/stonefish_ros2/msg/rosidl_typesupport_fastrtps_cpp__visibility_control.h
[0.433s] -- Up-to-date: /home/mazen/mini_girona/install/stonefish_ros2/include/stonefish_ros2/stonefish_ros2/msg/detail
[0.433s] -- Up-to-date: /home/mazen/mini_girona/install/stonefish_ros2/include/stonefish_ros2/stonefish_ros2/msg/detail/int32_stamped__rosidl_typesupport_fastrtps_cpp.hpp
[0.433s] -- Up-to-date: /home/mazen/mini_girona/install/stonefish_ros2/include/stonefish_ros2/stonefish_ros2/msg/detail/debug_physics__rosidl_typesupport_fastrtps_cpp.hpp
[0.433s] -- Up-to-date: /home/mazen/mini_girona/install/stonefish_ros2/include/stonefish_ros2/stonefish_ros2/msg/detail/dvl_beam__rosidl_typesupport_fastrtps_cpp.hpp
[0.434s] -- Up-to-date: /home/mazen/mini_girona/install/stonefish_ros2/include/stonefish_ros2/stonefish_ros2/msg/detail/dvl__rosidl_typesupport_fastrtps_cpp.hpp
[0.434s] -- Up-to-date: /home/mazen/mini_girona/install/stonefish_ros2/include/stonefish_ros2/stonefish_ros2/msg/detail/ins__rosidl_typesupport_fastrtps_cpp.hpp
[0.434s] -- Up-to-date: /home/mazen/mini_girona/install/stonefish_ros2/include/stonefish_ros2/stonefish_ros2/msg/detail/dds_fastrtps
[0.434s] -- Up-to-date: /home/mazen/mini_girona/install/stonefish_ros2/include/stonefish_ros2/stonefish_ros2/msg/detail/beacon_info__rosidl_typesupport_fastrtps_cpp.hpp
[0.434s] -- Up-to-date: /home/mazen/mini_girona/install/stonefish_ros2/include/stonefish_ros2/stonefish_ros2/msg/detail/thruster_state__rosidl_typesupport_fastrtps_cpp.hpp
[0.434s] -- Up-to-date: /home/mazen/mini_girona/install/stonefish_ros2/include/stonefish_ros2/stonefish_ros2/msg/detail/ned_pose__rosidl_typesupport_fastrtps_cpp.hpp
[0.435s] -- Up-to-date: /home/mazen/mini_girona/install/stonefish_ros2/lib/libstonefish_ros2__rosidl_typesupport_fastrtps_cpp.so
[0.436s] -- Up-to-date: /home/mazen/mini_girona/install/stonefish_ros2/include/stonefish_ros2/stonefish_ros2
[0.436s] -- Up-to-date: /home/mazen/mini_girona/install/stonefish_ros2/include/stonefish_ros2/stonefish_ros2/srv
[0.437s] -- Up-to-date: /home/mazen/mini_girona/install/stonefish_ros2/include/stonefish_ros2/stonefish_ros2/srv/detail
[0.437s] -- Up-to-date: /home/mazen/mini_girona/install/stonefish_ros2/include/stonefish_ros2/stonefish_ros2/srv/detail/respawn__type_support.c
[0.437s] -- Up-to-date: /home/mazen/mini_girona/install/stonefish_ros2/include/stonefish_ros2/stonefish_ros2/srv/detail/respawn__rosidl_typesupport_introspection_c.h
[0.437s] -- Up-to-date: /home/mazen/mini_girona/install/stonefish_ros2/include/stonefish_ros2/stonefish_ros2/srv/detail/sonar_settings2__type_support.c
[0.437s] -- Up-to-date: /home/mazen/mini_girona/install/stonefish_ros2/include/stonefish_ros2/stonefish_ros2/srv/detail/sonar_settings__rosidl_typesupport_introspection_c.h
[0.437s] -- Up-to-date: /home/mazen/mini_girona/install/stonefish_ros2/include/stonefish_ros2/stonefish_ros2/srv/detail/sonar_settings__type_support.c
[0.437s] -- Up-to-date: /home/mazen/mini_girona/install/stonefish_ros2/include/stonefish_ros2/stonefish_ros2/srv/detail/sonar_settings2__rosidl_typesupport_introspection_c.h
[0.437s] -- Up-to-date: /home/mazen/mini_girona/install/stonefish_ros2/include/stonefish_ros2/stonefish_ros2/msg
[0.437s] -- Up-to-date: /home/mazen/mini_girona/install/stonefish_ros2/include/stonefish_ros2/stonefish_ros2/msg/rosidl_typesupport_introspection_c__visibility_control.h
[0.437s] -- Up-to-date: /home/mazen/mini_girona/install/stonefish_ros2/include/stonefish_ros2/stonefish_ros2/msg/detail
[0.438s] -- Up-to-date: /home/mazen/mini_girona/install/stonefish_ros2/include/stonefish_ros2/stonefish_ros2/msg/detail/int32_stamped__rosidl_typesupport_introspection_c.h
[0.438s] -- Up-to-date: /home/mazen/mini_girona/install/stonefish_ros2/include/stonefish_ros2/stonefish_ros2/msg/detail/dvl_beam__rosidl_typesupport_introspection_c.h
[0.438s] -- Up-to-date: /home/mazen/mini_girona/install/stonefish_ros2/include/stonefish_ros2/stonefish_ros2/msg/detail/beacon_info__type_support.c
[0.438s] -- Up-to-date: /home/mazen/mini_girona/install/stonefish_ros2/include/stonefish_ros2/stonefish_ros2/msg/detail/ned_pose__type_support.c
[0.438s] -- Up-to-date: /home/mazen/mini_girona/install/stonefish_ros2/include/stonefish_ros2/stonefish_ros2/msg/detail/ins__type_support.c
[0.438s] -- Up-to-date: /home/mazen/mini_girona/install/stonefish_ros2/include/stonefish_ros2/stonefish_ros2/msg/detail/thruster_state__type_support.c
[0.438s] -- Up-to-date: /home/mazen/mini_girona/install/stonefish_ros2/include/stonefish_ros2/stonefish_ros2/msg/detail/thruster_state__rosidl_typesupport_introspection_c.h
[0.438s] -- Up-to-date: /home/mazen/mini_girona/install/stonefish_ros2/include/stonefish_ros2/stonefish_ros2/msg/detail/dvl_beam__type_support.c
[0.438s] -- Up-to-date: /home/mazen/mini_girona/install/stonefish_ros2/include/stonefish_ros2/stonefish_ros2/msg/detail/ins__rosidl_typesupport_introspection_c.h
[0.439s] -- Up-to-date: /home/mazen/mini_girona/install/stonefish_ros2/include/stonefish_ros2/stonefish_ros2/msg/detail/dvl__rosidl_typesupport_introspection_c.h
[0.439s] -- Up-to-date: /home/mazen/mini_girona/install/stonefish_ros2/include/stonefish_ros2/stonefish_ros2/msg/detail/debug_physics__type_support.c
[0.439s] -- Up-to-date: /home/mazen/mini_girona/install/stonefish_ros2/include/stonefish_ros2/stonefish_ros2/msg/detail/dvl__type_support.c
[0.439s] -- Up-to-date: /home/mazen/mini_girona/install/stonefish_ros2/include/stonefish_ros2/stonefish_ros2/msg/detail/debug_physics__rosidl_typesupport_introspection_c.h
[0.439s] -- Up-to-date: /home/mazen/mini_girona/install/stonefish_ros2/include/stonefish_ros2/stonefish_ros2/msg/detail/beacon_info__rosidl_typesupport_introspection_c.h
[0.439s] -- Up-to-date: /home/mazen/mini_girona/install/stonefish_ros2/include/stonefish_ros2/stonefish_ros2/msg/detail/ned_pose__rosidl_typesupport_introspection_c.h
[0.439s] -- Up-to-date: /home/mazen/mini_girona/install/stonefish_ros2/include/stonefish_ros2/stonefish_ros2/msg/detail/int32_stamped__type_support.c
[0.442s] -- Up-to-date: /home/mazen/mini_girona/install/stonefish_ros2/lib/libstonefish_ros2__rosidl_typesupport_introspection_c.so
[0.444s] -- Up-to-date: /home/mazen/mini_girona/install/stonefish_ros2/lib/libstonefish_ros2__rosidl_typesupport_c.so
[0.447s] -- Up-to-date: /home/mazen/mini_girona/install/stonefish_ros2/include/stonefish_ros2/stonefish_ros2
[0.447s] -- Up-to-date: /home/mazen/mini_girona/install/stonefish_ros2/include/stonefish_ros2/stonefish_ros2/srv
[0.447s] -- Up-to-date: /home/mazen/mini_girona/install/stonefish_ros2/include/stonefish_ros2/stonefish_ros2/srv/detail
[0.447s] -- Up-to-date: /home/mazen/mini_girona/install/stonefish_ros2/include/stonefish_ros2/stonefish_ros2/srv/detail/respawn__type_support.cpp
[0.447s] -- Up-to-date: /home/mazen/mini_girona/install/stonefish_ros2/include/stonefish_ros2/stonefish_ros2/srv/detail/sonar_settings2__rosidl_typesupport_introspection_cpp.hpp
[0.448s] -- Up-to-date: /home/mazen/mini_girona/install/stonefish_ros2/include/stonefish_ros2/stonefish_ros2/srv/detail/sonar_settings__rosidl_typesupport_introspection_cpp.hpp
[0.448s] -- Up-to-date: /home/mazen/mini_girona/install/stonefish_ros2/include/stonefish_ros2/stonefish_ros2/srv/detail/sonar_settings__type_support.cpp
[0.448s] -- Up-to-date: /home/mazen/mini_girona/install/stonefish_ros2/include/stonefish_ros2/stonefish_ros2/srv/detail/respawn__rosidl_typesupport_introspection_cpp.hpp
[0.448s] -- Up-to-date: /home/mazen/mini_girona/install/stonefish_ros2/include/stonefish_ros2/stonefish_ros2/srv/detail/sonar_settings2__type_support.cpp
[0.448s] -- Up-to-date: /home/mazen/mini_girona/install/stonefish_ros2/include/stonefish_ros2/stonefish_ros2/msg
[0.448s] -- Up-to-date: /home/mazen/mini_girona/install/stonefish_ros2/include/stonefish_ros2/stonefish_ros2/msg/detail
[0.448s] -- Up-to-date: /home/mazen/mini_girona/install/stonefish_ros2/include/stonefish_ros2/stonefish_ros2/msg/detail/ins__rosidl_typesupport_introspection_cpp.hpp
[0.448s] -- Up-to-date: /home/mazen/mini_girona/install/stonefish_ros2/include/stonefish_ros2/stonefish_ros2/msg/detail/debug_physics__type_support.cpp
[0.448s] -- Up-to-date: /home/mazen/mini_girona/install/stonefish_ros2/include/stonefish_ros2/stonefish_ros2/msg/detail/dvl__type_support.cpp
[0.449s] -- Up-to-date: /home/mazen/mini_girona/install/stonefish_ros2/include/stonefish_ros2/stonefish_ros2/msg/detail/int32_stamped__type_support.cpp
[0.449s] -- Up-to-date: /home/mazen/mini_girona/install/stonefish_ros2/include/stonefish_ros2/stonefish_ros2/msg/detail/ned_pose__rosidl_typesupport_introspection_cpp.hpp
[0.449s] -- Up-to-date: /home/mazen/mini_girona/install/stonefish_ros2/include/stonefish_ros2/stonefish_ros2/msg/detail/ins__type_support.cpp
[0.449s] -- Up-to-date: /home/mazen/mini_girona/install/stonefish_ros2/include/stonefish_ros2/stonefish_ros2/msg/detail/thruster_state__type_support.cpp
[0.450s] -- Up-to-date: /home/mazen/mini_girona/install/stonefish_ros2/include/stonefish_ros2/stonefish_ros2/msg/detail/dvl_beam__type_support.cpp
[0.450s] -- Up-to-date: /home/mazen/mini_girona/install/stonefish_ros2/include/stonefish_ros2/stonefish_ros2/msg/detail/beacon_info__type_support.cpp
[0.450s] -- Up-to-date: /home/mazen/mini_girona/install/stonefish_ros2/include/stonefish_ros2/stonefish_ros2/msg/detail/dvl_beam__rosidl_typesupport_introspection_cpp.hpp
[0.450s] -- Up-to-date: /home/mazen/mini_girona/install/stonefish_ros2/include/stonefish_ros2/stonefish_ros2/msg/detail/ned_pose__type_support.cpp
[0.450s] -- Up-to-date: /home/mazen/mini_girona/install/stonefish_ros2/include/stonefish_ros2/stonefish_ros2/msg/detail/thruster_state__rosidl_typesupport_introspection_cpp.hpp
[0.450s] -- Up-to-date: /home/mazen/mini_girona/install/stonefish_ros2/include/stonefish_ros2/stonefish_ros2/msg/detail/debug_physics__rosidl_typesupport_introspection_cpp.hpp
[0.450s] -- Up-to-date: /home/mazen/mini_girona/install/stonefish_ros2/include/stonefish_ros2/stonefish_ros2/msg/detail/dvl__rosidl_typesupport_introspection_cpp.hpp
[0.450s] -- Up-to-date: /home/mazen/mini_girona/install/stonefish_ros2/include/stonefish_ros2/stonefish_ros2/msg/detail/beacon_info__rosidl_typesupport_introspection_cpp.hpp
[0.450s] -- Up-to-date: /home/mazen/mini_girona/install/stonefish_ros2/include/stonefish_ros2/stonefish_ros2/msg/detail/int32_stamped__rosidl_typesupport_introspection_cpp.hpp
[0.452s] -- Up-to-date: /home/mazen/mini_girona/install/stonefish_ros2/lib/libstonefish_ros2__rosidl_typesupport_introspection_cpp.so
[0.452s] -- Up-to-date: /home/mazen/mini_girona/install/stonefish_ros2/lib/libstonefish_ros2__rosidl_typesupport_cpp.so
[0.455s] -- Up-to-date: /home/mazen/mini_girona/install/stonefish_ros2/share/stonefish_ros2/environment/pythonpath.sh
[0.455s] -- Up-to-date: /home/mazen/mini_girona/install/stonefish_ros2/share/stonefish_ros2/environment/pythonpath.dsv
[0.455s] -- Up-to-date: /home/mazen/mini_girona/install/stonefish_ros2/local/lib/python3.10/dist-packages/stonefish_ros2-1.3.0-py3.10.egg-info
[0.455s] -- Installing: /home/mazen/mini_girona/install/stonefish_ros2/local/lib/python3.10/dist-packages/stonefish_ros2-1.3.0-py3.10.egg-info/top_level.txt
[0.455s] -- Installing: /home/mazen/mini_girona/install/stonefish_ros2/local/lib/python3.10/dist-packages/stonefish_ros2-1.3.0-py3.10.egg-info/PKG-INFO
[0.455s] -- Installing: /home/mazen/mini_girona/install/stonefish_ros2/local/lib/python3.10/dist-packages/stonefish_ros2-1.3.0-py3.10.egg-info/dependency_links.txt
[0.455s] -- Installing: /home/mazen/mini_girona/install/stonefish_ros2/local/lib/python3.10/dist-packages/stonefish_ros2-1.3.0-py3.10.egg-info/SOURCES.txt
[0.455s] -- Up-to-date: /home/mazen/mini_girona/install/stonefish_ros2/local/lib/python3.10/dist-packages/stonefish_ros2
[0.456s] -- Up-to-date: /home/mazen/mini_girona/install/stonefish_ros2/local/lib/python3.10/dist-packages/stonefish_ros2/_stonefish_ros2_s.ep.rosidl_typesupport_fastrtps_c.c
[0.456s] -- Up-to-date: /home/mazen/mini_girona/install/stonefish_ros2/local/lib/python3.10/dist-packages/stonefish_ros2/stonefish_ros2_s__rosidl_typesupport_introspection_c.cpython-310-x86_64-linux-gnu.so
[0.456s] -- Up-to-date: /home/mazen/mini_girona/install/stonefish_ros2/local/lib/python3.10/dist-packages/stonefish_ros2/srv
[0.456s] -- Up-to-date: /home/mazen/mini_girona/install/stonefish_ros2/local/lib/python3.10/dist-packages/stonefish_ros2/srv/_sonar_settings2.py
[0.456s] -- Up-to-date: /home/mazen/mini_girona/install/stonefish_ros2/local/lib/python3.10/dist-packages/stonefish_ros2/srv/_sonar_settings.py
[0.456s] -- Up-to-date: /home/mazen/mini_girona/install/stonefish_ros2/local/lib/python3.10/dist-packages/stonefish_ros2/srv/_respawn_s.c
[0.456s] -- Up-to-date: /home/mazen/mini_girona/install/stonefish_ros2/local/lib/python3.10/dist-packages/stonefish_ros2/srv/_sonar_settings_s.c
[0.456s] -- Up-to-date: /home/mazen/mini_girona/install/stonefish_ros2/local/lib/python3.10/dist-packages/stonefish_ros2/srv/__init__.py
[0.456s] -- Up-to-date: /home/mazen/mini_girona/install/stonefish_ros2/local/lib/python3.10/dist-packages/stonefish_ros2/srv/_respawn.py
[0.457s] -- Up-to-date: /home/mazen/mini_girona/install/stonefish_ros2/local/lib/python3.10/dist-packages/stonefish_ros2/srv/_sonar_settings2_s.c
[0.457s] -- Up-to-date: /home/mazen/mini_girona/install/stonefish_ros2/local/lib/python3.10/dist-packages/stonefish_ros2/_stonefish_ros2_s.ep.rosidl_typesupport_introspection_c.c
[0.457s] -- Up-to-date: /home/mazen/mini_girona/install/stonefish_ros2/local/lib/python3.10/dist-packages/stonefish_ros2/libstonefish_ros2__rosidl_generator_py.so
[0.457s] -- Up-to-date: /home/mazen/mini_girona/install/stonefish_ros2/local/lib/python3.10/dist-packages/stonefish_ros2/__init__.py
[0.457s] -- Up-to-date: /home/mazen/mini_girona/install/stonefish_ros2/local/lib/python3.10/dist-packages/stonefish_ros2/_stonefish_ros2_s.ep.rosidl_typesupport_c.c
[0.457s] -- Up-to-date: /home/mazen/mini_girona/install/stonefish_ros2/local/lib/python3.10/dist-packages/stonefish_ros2/stonefish_ros2_s__rosidl_typesupport_fastrtps_c.cpython-310-x86_64-linux-gnu.so
[0.458s] -- Up-to-date: /home/mazen/mini_girona/install/stonefish_ros2/local/lib/python3.10/dist-packages/stonefish_ros2/stonefish_ros2_s__rosidl_typesupport_c.cpython-310-x86_64-linux-gnu.so
[0.458s] -- Up-to-date: /home/mazen/mini_girona/install/stonefish_ros2/local/lib/python3.10/dist-packages/stonefish_ros2/msg
[0.458s] -- Up-to-date: /home/mazen/mini_girona/install/stonefish_ros2/local/lib/python3.10/dist-packages/stonefish_ros2/msg/_dvl_beam_s.c
[0.458s] -- Up-to-date: /home/mazen/mini_girona/install/stonefish_ros2/local/lib/python3.10/dist-packages/stonefish_ros2/msg/_thruster_state_s.c
[0.458s] -- Up-to-date: /home/mazen/mini_girona/install/stonefish_ros2/local/lib/python3.10/dist-packages/stonefish_ros2/msg/_ins_s.c
[0.458s] -- Up-to-date: /home/mazen/mini_girona/install/stonefish_ros2/local/lib/python3.10/dist-packages/stonefish_ros2/msg/_ned_pose_s.c
[0.458s] -- Up-to-date: /home/mazen/mini_girona/install/stonefish_ros2/local/lib/python3.10/dist-packages/stonefish_ros2/msg/_ned_pose.py
[0.459s] -- Up-to-date: /home/mazen/mini_girona/install/stonefish_ros2/local/lib/python3.10/dist-packages/stonefish_ros2/msg/_debug_physics_s.c
[0.459s] -- Up-to-date: /home/mazen/mini_girona/install/stonefish_ros2/local/lib/python3.10/dist-packages/stonefish_ros2/msg/_int32_stamped.py
[0.459s] -- Up-to-date: /home/mazen/mini_girona/install/stonefish_ros2/local/lib/python3.10/dist-packages/stonefish_ros2/msg/_int32_stamped_s.c
[0.459s] -- Up-to-date: /home/mazen/mini_girona/install/stonefish_ros2/local/lib/python3.10/dist-packages/stonefish_ros2/msg/__init__.py
[0.459s] -- Up-to-date: /home/mazen/mini_girona/install/stonefish_ros2/local/lib/python3.10/dist-packages/stonefish_ros2/msg/_ins.py
[0.459s] -- Up-to-date: /home/mazen/mini_girona/install/stonefish_ros2/local/lib/python3.10/dist-packages/stonefish_ros2/msg/_beacon_info.py
[0.459s] -- Up-to-date: /home/mazen/mini_girona/install/stonefish_ros2/local/lib/python3.10/dist-packages/stonefish_ros2/msg/_dvl_s.c
[0.459s] -- Up-to-date: /home/mazen/mini_girona/install/stonefish_ros2/local/lib/python3.10/dist-packages/stonefish_ros2/msg/_beacon_info_s.c
[0.459s] -- Up-to-date: /home/mazen/mini_girona/install/stonefish_ros2/local/lib/python3.10/dist-packages/stonefish_ros2/msg/_dvl_beam.py
[0.459s] -- Up-to-date: /home/mazen/mini_girona/install/stonefish_ros2/local/lib/python3.10/dist-packages/stonefish_ros2/msg/_dvl.py
[0.459s] -- Up-to-date: /home/mazen/mini_girona/install/stonefish_ros2/local/lib/python3.10/dist-packages/stonefish_ros2/msg/_debug_physics.py
[0.459s] -- Up-to-date: /home/mazen/mini_girona/install/stonefish_ros2/local/lib/python3.10/dist-packages/stonefish_ros2/msg/_thruster_state.py
[0.500s] Listing '/home/mazen/mini_girona/install/stonefish_ros2/local/lib/python3.10/dist-packages/stonefish_ros2'...
[0.500s] Listing '/home/mazen/mini_girona/install/stonefish_ros2/local/lib/python3.10/dist-packages/stonefish_ros2/msg'...
[0.500s] Listing '/home/mazen/mini_girona/install/stonefish_ros2/local/lib/python3.10/dist-packages/stonefish_ros2/srv'...
[0.501s] -- Up-to-date: /home/mazen/mini_girona/install/stonefish_ros2/local/lib/python3.10/dist-packages/stonefish_ros2/stonefish_ros2_s__rosidl_typesupport_fastrtps_c.cpython-310-x86_64-linux-gnu.so
[0.501s] -- Up-to-date: /home/mazen/mini_girona/install/stonefish_ros2/local/lib/python3.10/dist-packages/stonefish_ros2/stonefish_ros2_s__rosidl_typesupport_introspection_c.cpython-310-x86_64-linux-gnu.so
[0.501s] -- Up-to-date: /home/mazen/mini_girona/install/stonefish_ros2/local/lib/python3.10/dist-packages/stonefish_ros2/stonefish_ros2_s__rosidl_typesupport_c.cpython-310-x86_64-linux-gnu.so
[0.501s] -- Up-to-date: /home/mazen/mini_girona/install/stonefish_ros2/lib/libstonefish_ros2__rosidl_generator_py.so
[0.501s] -- Up-to-date: /home/mazen/mini_girona/install/stonefish_ros2/share/stonefish_ros2/msg/Int32Stamped.idl
[0.501s] -- Up-to-date: /home/mazen/mini_girona/install/stonefish_ros2/share/stonefish_ros2/msg/BeaconInfo.idl
[0.501s] -- Up-to-date: /home/mazen/mini_girona/install/stonefish_ros2/share/stonefish_ros2/msg/NEDPose.idl
[0.501s] -- Up-to-date: /home/mazen/mini_girona/install/stonefish_ros2/share/stonefish_ros2/msg/INS.idl
[0.501s] -- Up-to-date: /home/mazen/mini_girona/install/stonefish_ros2/share/stonefish_ros2/msg/DVLBeam.idl
[0.501s] -- Up-to-date: /home/mazen/mini_girona/install/stonefish_ros2/share/stonefish_ros2/msg/DVL.idl
[0.501s] -- Up-to-date: /home/mazen/mini_girona/install/stonefish_ros2/share/stonefish_ros2/msg/ThrusterState.idl
[0.501s] -- Up-to-date: /home/mazen/mini_girona/install/stonefish_ros2/share/stonefish_ros2/msg/DebugPhysics.idl
[0.501s] -- Up-to-date: /home/mazen/mini_girona/install/stonefish_ros2/share/stonefish_ros2/srv/SonarSettings.idl
[0.501s] -- Up-to-date: /home/mazen/mini_girona/install/stonefish_ros2/share/stonefish_ros2/srv/SonarSettings2.idl
[0.502s] -- Up-to-date: /home/mazen/mini_girona/install/stonefish_ros2/share/stonefish_ros2/srv/Respawn.idl
[0.502s] -- Up-to-date: /home/mazen/mini_girona/install/stonefish_ros2/share/stonefish_ros2/msg/Int32Stamped.msg
[0.502s] -- Up-to-date: /home/mazen/mini_girona/install/stonefish_ros2/share/stonefish_ros2/msg/BeaconInfo.msg
[0.502s] -- Up-to-date: /home/mazen/mini_girona/install/stonefish_ros2/share/stonefish_ros2/msg/NEDPose.msg
[0.502s] -- Up-to-date: /home/mazen/mini_girona/install/stonefish_ros2/share/stonefish_ros2/msg/INS.msg
[0.502s] -- Up-to-date: /home/mazen/mini_girona/install/stonefish_ros2/share/stonefish_ros2/msg/DVLBeam.msg
[0.502s] -- Up-to-date: /home/mazen/mini_girona/install/stonefish_ros2/share/stonefish_ros2/msg/DVL.msg
[0.502s] -- Up-to-date: /home/mazen/mini_girona/install/stonefish_ros2/share/stonefish_ros2/msg/ThrusterState.msg
[0.502s] -- Up-to-date: /home/mazen/mini_girona/install/stonefish_ros2/share/stonefish_ros2/msg/DebugPhysics.msg
[0.502s] -- Up-to-date: /home/mazen/mini_girona/install/stonefish_ros2/share/stonefish_ros2/srv/SonarSettings.srv
[0.502s] -- Up-to-date: /home/mazen/mini_girona/install/stonefish_ros2/share/stonefish_ros2/srv/SonarSettings_Request.msg
[0.503s] -- Up-to-date: /home/mazen/mini_girona/install/stonefish_ros2/share/stonefish_ros2/srv/SonarSettings_Response.msg
[0.503s] -- Up-to-date: /home/mazen/mini_girona/install/stonefish_ros2/share/stonefish_ros2/srv/SonarSettings2.srv
[0.503s] -- Up-to-date: /home/mazen/mini_girona/install/stonefish_ros2/share/stonefish_ros2/srv/SonarSettings2_Request.msg
[0.503s] -- Up-to-date: /home/mazen/mini_girona/install/stonefish_ros2/share/stonefish_ros2/srv/SonarSettings2_Response.msg
[0.503s] -- Up-to-date: /home/mazen/mini_girona/install/stonefish_ros2/share/stonefish_ros2/srv/Respawn.srv
[0.503s] -- Up-to-date: /home/mazen/mini_girona/install/stonefish_ros2/share/stonefish_ros2/srv/Respawn_Request.msg
[0.503s] -- Up-to-date: /home/mazen/mini_girona/install/stonefish_ros2/share/stonefish_ros2/srv/Respawn_Response.msg
[0.504s] -- Up-to-date: /home/mazen/mini_girona/install/stonefish_ros2/lib/libstonefish_ros2_interface.so
[0.504s] -- Up-to-date: /home/mazen/mini_girona/install/stonefish_ros2/include/include
[0.504s] -- Up-to-date: /home/mazen/mini_girona/install/stonefish_ros2/include/include/stonefish_ros2
[0.504s] -- Up-to-date: /home/mazen/mini_girona/install/stonefish_ros2/include/include/stonefish_ros2/ROS2Interface.h
[0.504s] -- Up-to-date: /home/mazen/mini_girona/install/stonefish_ros2/include/include/stonefish_ros2/ROS2SimulationManager.h
[0.504s] -- Up-to-date: /home/mazen/mini_girona/install/stonefish_ros2/include/include/stonefish_ros2/ROS2ScenarioParser.h
[0.504s] -- Up-to-date: /home/mazen/mini_girona/install/stonefish_ros2/include/include/stonefish_ros2/ROS2ConsoleSimulationApp.h
[0.504s] -- Up-to-date: /home/mazen/mini_girona/install/stonefish_ros2/include/include/stonefish_ros2/ROS2GraphicalSimulationApp.h
[0.504s] -- Up-to-date: /home/mazen/mini_girona/install/stonefish_ros2/lib/stonefish_ros2/stonefish_simulator
[0.505s] -- Up-to-date: /home/mazen/mini_girona/install/stonefish_ros2/lib/stonefish_ros2/stonefish_simulator_nogpu
[0.505s] -- Up-to-date: /home/mazen/mini_girona/install/stonefish_ros2/share/stonefish_ros2/launch
[0.505s] -- Up-to-date: /home/mazen/mini_girona/install/stonefish_ros2/share/stonefish_ros2/launch/stonefish_simulator_nogpu.launch.py
[0.505s] -- Up-to-date: /home/mazen/mini_girona/install/stonefish_ros2/share/stonefish_ros2/launch/stonefish_simulator.launch.py
[0.505s] -- Up-to-date: /home/mazen/mini_girona/install/stonefish_ros2/share/ament_index/resource_index/package_run_dependencies/stonefish_ros2
[0.505s] -- Up-to-date: /home/mazen/mini_girona/install/stonefish_ros2/share/ament_index/resource_index/parent_prefix_path/stonefish_ros2
[0.506s] -- Up-to-date: /home/mazen/mini_girona/install/stonefish_ros2/share/stonefish_ros2/environment/ament_prefix_path.sh
[0.506s] -- Up-to-date: /home/mazen/mini_girona/install/stonefish_ros2/share/stonefish_ros2/environment/ament_prefix_path.dsv
[0.506s] -- Up-to-date: /home/mazen/mini_girona/install/stonefish_ros2/share/stonefish_ros2/environment/path.sh
[0.506s] -- Up-to-date: /home/mazen/mini_girona/install/stonefish_ros2/share/stonefish_ros2/environment/path.dsv
[0.506s] -- Up-to-date: /home/mazen/mini_girona/install/stonefish_ros2/share/stonefish_ros2/local_setup.bash
[0.506s] -- Up-to-date: /home/mazen/mini_girona/install/stonefish_ros2/share/stonefish_ros2/local_setup.sh
[0.506s] -- Up-to-date: /home/mazen/mini_girona/install/stonefish_ros2/share/stonefish_ros2/local_setup.zsh
[0.506s] -- Up-to-date: /home/mazen/mini_girona/install/stonefish_ros2/share/stonefish_ros2/local_setup.dsv
[0.506s] -- Installing: /home/mazen/mini_girona/install/stonefish_ros2/share/stonefish_ros2/package.dsv
[0.507s] -- Up-to-date: /home/mazen/mini_girona/install/stonefish_ros2/share/ament_index/resource_index/packages/stonefish_ros2
[0.507s] -- Up-to-date: /home/mazen/mini_girona/install/stonefish_ros2/share/stonefish_ros2/cmake/export_stonefish_ros2__rosidl_generator_cExport.cmake
[0.507s] -- Up-to-date: /home/mazen/mini_girona/install/stonefish_ros2/share/stonefish_ros2/cmake/export_stonefish_ros2__rosidl_generator_cExport-noconfig.cmake
[0.507s] -- Up-to-date: /home/mazen/mini_girona/install/stonefish_ros2/share/stonefish_ros2/cmake/export_stonefish_ros2__rosidl_typesupport_fastrtps_cExport.cmake
[0.507s] -- Up-to-date: /home/mazen/mini_girona/install/stonefish_ros2/share/stonefish_ros2/cmake/export_stonefish_ros2__rosidl_typesupport_fastrtps_cExport-noconfig.cmake
[0.507s] -- Up-to-date: /home/mazen/mini_girona/install/stonefish_ros2/share/stonefish_ros2/cmake/export_stonefish_ros2__rosidl_generator_cppExport.cmake
[0.507s] -- Up-to-date: /home/mazen/mini_girona/install/stonefish_ros2/share/stonefish_ros2/cmake/export_stonefish_ros2__rosidl_typesupport_fastrtps_cppExport.cmake
[0.508s] -- Up-to-date: /home/mazen/mini_girona/install/stonefish_ros2/share/stonefish_ros2/cmake/export_stonefish_ros2__rosidl_typesupport_fastrtps_cppExport-noconfig.cmake
[0.508s] -- Up-to-date: /home/mazen/mini_girona/install/stonefish_ros2/share/stonefish_ros2/cmake/stonefish_ros2__rosidl_typesupport_introspection_cExport.cmake
[0.508s] -- Up-to-date: /home/mazen/mini_girona/install/stonefish_ros2/share/stonefish_ros2/cmake/stonefish_ros2__rosidl_typesupport_introspection_cExport-noconfig.cmake
[0.508s] -- Up-to-date: /home/mazen/mini_girona/install/stonefish_ros2/share/stonefish_ros2/cmake/stonefish_ros2__rosidl_typesupport_cExport.cmake
[0.508s] -- Up-to-date: /home/mazen/mini_girona/install/stonefish_ros2/share/stonefish_ros2/cmake/stonefish_ros2__rosidl_typesupport_cExport-noconfig.cmake
[0.508s] -- Up-to-date: /home/mazen/mini_girona/install/stonefish_ros2/share/stonefish_ros2/cmake/stonefish_ros2__rosidl_typesupport_introspection_cppExport.cmake
[0.508s] -- Up-to-date: /home/mazen/mini_girona/install/stonefish_ros2/share/stonefish_ros2/cmake/stonefish_ros2__rosidl_typesupport_introspection_cppExport-noconfig.cmake
[0.508s] -- Up-to-date: /home/mazen/mini_girona/install/stonefish_ros2/share/stonefish_ros2/cmake/stonefish_ros2__rosidl_typesupport_cppExport.cmake
[0.509s] -- Up-to-date: /home/mazen/mini_girona/install/stonefish_ros2/share/stonefish_ros2/cmake/stonefish_ros2__rosidl_typesupport_cppExport-noconfig.cmake
[0.509s] -- Up-to-date: /home/mazen/mini_girona/install/stonefish_ros2/share/stonefish_ros2/cmake/export_stonefish_ros2__rosidl_generator_pyExport.cmake
[0.509s] -- Up-to-date: /home/mazen/mini_girona/install/stonefish_ros2/share/stonefish_ros2/cmake/export_stonefish_ros2__rosidl_generator_pyExport-noconfig.cmake
[0.509s] -- Up-to-date: /home/mazen/mini_girona/install/stonefish_ros2/share/stonefish_ros2/cmake/rosidl_cmake-extras.cmake
[0.509s] -- Up-to-date: /home/mazen/mini_girona/install/stonefish_ros2/share/stonefish_ros2/cmake/ament_cmake_export_dependencies-extras.cmake
[0.509s] -- Up-to-date: /home/mazen/mini_girona/install/stonefish_ros2/share/stonefish_ros2/cmake/ament_cmake_export_include_directories-extras.cmake
[0.509s] -- Up-to-date: /home/mazen/mini_girona/install/stonefish_ros2/share/stonefish_ros2/cmake/ament_cmake_export_libraries-extras.cmake
[0.509s] -- Up-to-date: /home/mazen/mini_girona/install/stonefish_ros2/share/stonefish_ros2/cmake/ament_cmake_export_targets-extras.cmake
[0.509s] -- Up-to-date: /home/mazen/mini_girona/install/stonefish_ros2/share/stonefish_ros2/cmake/rosidl_cmake_export_typesupport_targets-extras.cmake
[0.510s] -- Up-to-date: /home/mazen/mini_girona/install/stonefish_ros2/share/stonefish_ros2/cmake/rosidl_cmake_export_typesupport_libraries-extras.cmake
[0.510s] -- Up-to-date: /home/mazen/mini_girona/install/stonefish_ros2/share/stonefish_ros2/cmake/stonefish_ros2Config.cmake
[0.510s] -- Up-to-date: /home/mazen/mini_girona/install/stonefish_ros2/share/stonefish_ros2/cmake/stonefish_ros2Config-version.cmake
[0.510s] -- Up-to-date: /home/mazen/mini_girona/install/stonefish_ros2/share/stonefish_ros2/package.xml
[0.512s] Invoked command in '/home/mazen/mini_girona/build/stonefish_ros2' returned '0': CMAKE_PREFIX_PATH=${CMAKE_PREFIX_PATH}:/opt/ros/humble /usr/bin/cmake --install /home/mazen/mini_girona/build/stonefish_ros2
