-- The C compiler identification is GNU 11.4.0
-- The CXX compiler identification is GNU 11.4.0
-- Detecting C compiler ABI info
-- Detecting C compiler ABI info - done
-- Check for working C compiler: /usr/bin/cc - skipped
-- Detecting C compile features
-- Detecting C compile features - done
-- Detecting CXX compiler ABI info
-- Detecting CXX compiler ABI info - done
-- Check for working CXX compiler: /usr/bin/c++ - skipped
-- Detecting CXX compile features
-- Detecting CXX compile features - done
-- Found ament_cmake: 1.3.11 (/opt/ros/humble/share/ament_cmake/cmake)
-- Found Python3: /usr/bin/python3 (found version "3.10.12") found components: Interpreter 
-- Found rclcpp: 16.0.11 (/opt/ros/humble/share/rclcpp/cmake)
-- Found rosidl_generator_c: 3.1.6 (/opt/ros/humble/share/rosidl_generator_c/cmake)
-- Found rosidl_adapter: 3.1.6 (/opt/ros/humble/share/rosidl_adapter/cmake)
-- Found rosidl_generator_cpp: 3.1.6 (/opt/ros/humble/share/rosidl_generator_cpp/cmake)
-- Using all available rosidl_typesupport_c: rosidl_typesupport_fastrtps_c;rosidl_typesupport_introspection_c
-- Using all available rosidl_typesupport_cpp: rosidl_typesupport_fastrtps_cpp;rosidl_typesupport_introspection_cpp
-- Found rmw_implementation_cmake: 6.1.2 (/opt/ros/humble/share/rmw_implementation_cmake/cmake)
-- Found rmw_fastrtps_cpp: 6.2.7 (/opt/ros/humble/share/rmw_fastrtps_cpp/cmake)
-- Found OpenSSL: /usr/lib/x86_64-linux-gnu/libcrypto.so (found version "3.0.2")  
-- Found FastRTPS: /opt/ros/humble/include  
-- Using RMW implementation 'rmw_fastrtps_cpp' as default
-- Looking for pthread.h
-- Looking for pthread.h - found
-- Performing Test CMAKE_HAVE_LIBC_PTHREAD
-- Performing Test CMAKE_HAVE_LIBC_PTHREAD - Success
-- Found Threads: TRUE  
-- Found rosbridge_server: 2.0.0 (/opt/ros/humble/share/rosbridge_server/cmake)
-- Found sensor_msgs: 4.2.4 (/opt/ros/humble/share/sensor_msgs/cmake)
-- Found tf2: 0.25.11 (/opt/ros/humble/share/tf2/cmake)
-- Found joy: 3.3.0 (/opt/ros/humble/share/joy/cmake)
-- Found rviz2: 11.2.16 (/opt/ros/humble/share/rviz2/cmake)
-- Found diagnostic_msgs: 4.2.4 (/opt/ros/humble/share/diagnostic_msgs/cmake)
-- Found topic_tools: 1.1.1 (/opt/ros/humble/share/topic_tools/cmake)
-- Found minigirona_description: 24.1.0 (/home/mazen/mini_girona/install/minigirona_description/share/minigirona_description/cmake)
-- Configuring done
-- Generating done
-- Build files have been written to: /home/mazen/mini_girona/build/cola2_minigirona
-- Install configuration: ""
-- Installing: /home/mazen/mini_girona/install/cola2_minigirona/share/cola2_minigirona/config
-- Installing: /home/mazen/mini_girona/install/cola2_minigirona/share/cola2_minigirona/config/logitech_fx10_to_teleoperation.yaml
-- Installing: /home/mazen/mini_girona/install/cola2_minigirona/share/cola2_minigirona/config/default_param_handler.yaml
-- Installing: /home/mazen/mini_girona/install/cola2_minigirona/share/cola2_minigirona/config/teleoperation.yaml
-- Installing: /home/mazen/mini_girona/install/cola2_minigirona/share/cola2_minigirona/config/diagnostic_aggregator.yaml
-- Installing: /home/mazen/mini_girona/install/cola2_minigirona/share/cola2_minigirona/config/captain.yaml
-- Installing: /home/mazen/mini_girona/install/cola2_minigirona/share/cola2_minigirona/config/virtual_cage.yaml
-- Installing: /home/mazen/mini_girona/install/cola2_minigirona/share/cola2_minigirona/config/mission_reporter.yaml
-- Installing: /home/mazen/mini_girona/install/cola2_minigirona/share/cola2_minigirona/config/navigator.yaml
-- Installing: /home/mazen/mini_girona/install/cola2_minigirona/share/cola2_minigirona/config/dynamics.yaml
-- Installing: /home/mazen/mini_girona/install/cola2_minigirona/share/cola2_minigirona/config/pilot.yaml
-- Installing: /home/mazen/mini_girona/install/cola2_minigirona/share/cola2_minigirona/config/controller.yaml
-- Installing: /home/mazen/mini_girona/install/cola2_minigirona/share/cola2_minigirona/launch
-- Installing: /home/mazen/mini_girona/install/cola2_minigirona/share/cola2_minigirona/launch/teleoperation.launch.py
-- Installing: /home/mazen/mini_girona/install/cola2_minigirona/share/cola2_minigirona/launch/sim_start.launch.py
-- Installing: /home/mazen/mini_girona/install/cola2_minigirona/share/cola2_minigirona/launch/sim_core.launch.py
-- Installing: /home/mazen/mini_girona/install/cola2_minigirona/share/cola2_minigirona/launch/start.launch.py
-- Installing: /home/mazen/mini_girona/install/cola2_minigirona/share/cola2_minigirona/launch/core.launch.py
-- Installing: /home/mazen/mini_girona/install/cola2_minigirona/share/cola2_minigirona/missions
-- Installing: /home/mazen/mini_girona/install/cola2_minigirona/share/cola2_minigirona/missions/section_test.xml
-- Installing: /home/mazen/mini_girona/install/cola2_minigirona/share/cola2_minigirona/missions/pool_test.xml
-- Installing: /home/mazen/mini_girona/install/cola2_minigirona/share/cola2_minigirona/missions/default_mission.xml
[31mCMake Error at cmake_install.cmake:46 (file):
  file INSTALL cannot find
  "/home/mazen/mini_girona/src/cola2_minigirona/scene": No such file or
  directory.

[0m
