[0.016s] Invoking command in '/home/mazen/mini_girona/build/minigirona_stonefish': CMAKE_PREFIX_PATH=/home/mazen/mini_girona/install/cola2_minigirona:/home/mazen/mini_girona/install/minigirona_description:/home/mazen/mini_girona/install/cola2_nav:/home/mazen/mini_girona/install/cola2_control:/home/mazen/mini_girona/install/cola2_lib_ros:/home/mazen/mini_girona/install/stonefish_ros2:/home/mazen/mini_girona/install/cola2_msgs:/home/mazen/mini_girona/install/minigirona_stonefish:/opt/ros/humble LD_LIBRARY_PATH=/home/mazen/mini_girona/install/cola2_lib_ros/lib:/home/mazen/mini_girona/install/stonefish_ros2/lib:/home/mazen/mini_girona/install/cola2_msgs/lib:/opt/ros/humble/opt/rviz_ogre_vendor/lib:/opt/ros/humble/lib/x86_64-linux-gnu:/opt/ros/humble/lib /usr/bin/cmake /home/mazen/mini_girona/src/minigirona_stonefish -DCMAKE_INSTALL_PREFIX=/home/mazen/mini_girona/install/minigirona_stonefish
[0.071s] -- The C compiler identification is GNU 11.4.0
[0.125s] -- The CXX compiler identification is GNU 11.4.0
[0.134s] -- Detecting C compiler ABI info
[0.201s] -- Detecting C compiler ABI info - done
[0.209s] -- Check for working C compiler: /usr/bin/cc - skipped
[0.209s] -- Detecting C compile features
[0.210s] -- Detecting C compile features - done
[0.212s] -- Detecting CXX compiler ABI info
[0.288s] -- Detecting CXX compiler ABI info - done
[0.302s] -- Check for working CXX compiler: /usr/bin/c++ - skipped
[0.303s] -- Detecting CXX compile features
[0.305s] -- Detecting CXX compile features - done
[0.309s] -- Found ament_cmake: 1.3.11 (/opt/ros/humble/share/ament_cmake/cmake)
[0.459s] -- Found Python3: /usr/bin/python3 (found version "3.10.12") found components: Interpreter 
[0.548s] -- Found rclcpp: 16.0.11 (/opt/ros/humble/share/rclcpp/cmake)
[0.595s] -- Found rosidl_generator_c: 3.1.6 (/opt/ros/humble/share/rosidl_generator_c/cmake)
[0.601s] -- Found rosidl_adapter: 3.1.6 (/opt/ros/humble/share/rosidl_adapter/cmake)
[0.610s] -- Found rosidl_generator_cpp: 3.1.6 (/opt/ros/humble/share/rosidl_generator_cpp/cmake)
[0.622s] -- Using all available rosidl_typesupport_c: rosidl_typesupport_fastrtps_c;rosidl_typesupport_introspection_c
[0.639s] -- Using all available rosidl_typesupport_cpp: rosidl_typesupport_fastrtps_cpp;rosidl_typesupport_introspection_cpp
[0.684s] -- Found rmw_implementation_cmake: 6.1.2 (/opt/ros/humble/share/rmw_implementation_cmake/cmake)
[0.687s] -- Found rmw_fastrtps_cpp: 6.2.7 (/opt/ros/humble/share/rmw_fastrtps_cpp/cmake)
[0.777s] -- Found OpenSSL: /usr/lib/x86_64-linux-gnu/libcrypto.so (found version "3.0.2")  
[0.802s] -- Found FastRTPS: /opt/ros/humble/include  
[0.840s] -- Using RMW implementation 'rmw_fastrtps_cpp' as default
[0.849s] -- Looking for pthread.h
[0.921s] -- Looking for pthread.h - found
[0.922s] -- Performing Test CMAKE_HAVE_LIBC_PTHREAD
[0.993s] -- Performing Test CMAKE_HAVE_LIBC_PTHREAD - Success
[0.994s] -- Found Threads: TRUE  
[1.048s] -- Found cola2_msgs: 24.1.0 (/home/mazen/mini_girona/install/cola2_msgs/share/cola2_msgs/cmake)
[1.171s] -- Found stonefish_ros2: 1.3.0 (/home/mazen/mini_girona/install/stonefish_ros2/share/stonefish_ros2/cmake)
[1.274s] -- Configuring done
[1.287s] -- Generating done
[1.334s] -- Build files have been written to: /home/mazen/mini_girona/build/minigirona_stonefish
[1.343s] Invoked command in '/home/mazen/mini_girona/build/minigirona_stonefish' returned '0': CMAKE_PREFIX_PATH=/home/mazen/mini_girona/install/cola2_minigirona:/home/mazen/mini_girona/install/minigirona_description:/home/mazen/mini_girona/install/cola2_nav:/home/mazen/mini_girona/install/cola2_control:/home/mazen/mini_girona/install/cola2_lib_ros:/home/mazen/mini_girona/install/stonefish_ros2:/home/mazen/mini_girona/install/cola2_msgs:/home/mazen/mini_girona/install/minigirona_stonefish:/opt/ros/humble LD_LIBRARY_PATH=/home/mazen/mini_girona/install/cola2_lib_ros/lib:/home/mazen/mini_girona/install/stonefish_ros2/lib:/home/mazen/mini_girona/install/cola2_msgs/lib:/opt/ros/humble/opt/rviz_ogre_vendor/lib:/opt/ros/humble/lib/x86_64-linux-gnu:/opt/ros/humble/lib /usr/bin/cmake /home/mazen/mini_girona/src/minigirona_stonefish -DCMAKE_INSTALL_PREFIX=/home/mazen/mini_girona/install/minigirona_stonefish
[1.344s] Invoking command in '/home/mazen/mini_girona/build/minigirona_stonefish': CMAKE_PREFIX_PATH=/home/mazen/mini_girona/install/cola2_minigirona:/home/mazen/mini_girona/install/minigirona_description:/home/mazen/mini_girona/install/cola2_nav:/home/mazen/mini_girona/install/cola2_control:/home/mazen/mini_girona/install/cola2_lib_ros:/home/mazen/mini_girona/install/stonefish_ros2:/home/mazen/mini_girona/install/cola2_msgs:/home/mazen/mini_girona/install/minigirona_stonefish:/opt/ros/humble LD_LIBRARY_PATH=/home/mazen/mini_girona/install/cola2_lib_ros/lib:/home/mazen/mini_girona/install/stonefish_ros2/lib:/home/mazen/mini_girona/install/cola2_msgs/lib:/opt/ros/humble/opt/rviz_ogre_vendor/lib:/opt/ros/humble/lib/x86_64-linux-gnu:/opt/ros/humble/lib /usr/bin/cmake --build /home/mazen/mini_girona/build/minigirona_stonefish -- -j12 -l12
[1.395s] [ 50%] [32mBuilding CXX object CMakeFiles/minigirona_stonefish_node.dir/src/minigirona_stonefish_node.cpp.o[0m
[15.302s] [100%] [32m[1mLinking CXX executable minigirona_stonefish_node[0m
[16.134s] [100%] Built target minigirona_stonefish_node
[16.145s] Invoked command in '/home/mazen/mini_girona/build/minigirona_stonefish' returned '0': CMAKE_PREFIX_PATH=/home/mazen/mini_girona/install/cola2_minigirona:/home/mazen/mini_girona/install/minigirona_description:/home/mazen/mini_girona/install/cola2_nav:/home/mazen/mini_girona/install/cola2_control:/home/mazen/mini_girona/install/cola2_lib_ros:/home/mazen/mini_girona/install/stonefish_ros2:/home/mazen/mini_girona/install/cola2_msgs:/home/mazen/mini_girona/install/minigirona_stonefish:/opt/ros/humble LD_LIBRARY_PATH=/home/mazen/mini_girona/install/cola2_lib_ros/lib:/home/mazen/mini_girona/install/stonefish_ros2/lib:/home/mazen/mini_girona/install/cola2_msgs/lib:/opt/ros/humble/opt/rviz_ogre_vendor/lib:/opt/ros/humble/lib/x86_64-linux-gnu:/opt/ros/humble/lib /usr/bin/cmake --build /home/mazen/mini_girona/build/minigirona_stonefish -- -j12 -l12
[16.146s] Invoking command in '/home/mazen/mini_girona/build/minigirona_stonefish': CMAKE_PREFIX_PATH=/home/mazen/mini_girona/install/cola2_minigirona:/home/mazen/mini_girona/install/minigirona_description:/home/mazen/mini_girona/install/cola2_nav:/home/mazen/mini_girona/install/cola2_control:/home/mazen/mini_girona/install/cola2_lib_ros:/home/mazen/mini_girona/install/stonefish_ros2:/home/mazen/mini_girona/install/cola2_msgs:/home/mazen/mini_girona/install/minigirona_stonefish:/opt/ros/humble LD_LIBRARY_PATH=/home/mazen/mini_girona/install/cola2_lib_ros/lib:/home/mazen/mini_girona/install/stonefish_ros2/lib:/home/mazen/mini_girona/install/cola2_msgs/lib:/opt/ros/humble/opt/rviz_ogre_vendor/lib:/opt/ros/humble/lib/x86_64-linux-gnu:/opt/ros/humble/lib /usr/bin/cmake --install /home/mazen/mini_girona/build/minigirona_stonefish
[16.154s] -- Install configuration: ""
[16.154s] -- Installing: /home/mazen/mini_girona/install/minigirona_stonefish/lib/minigirona_stonefish/minigirona_stonefish_node
[16.160s] -- Set runtime path of "/home/mazen/mini_girona/install/minigirona_stonefish/lib/minigirona_stonefish/minigirona_stonefish_node" to ""
[16.160s] -- Installing: /home/mazen/mini_girona/install/minigirona_stonefish/share/minigirona_stonefish/data
[16.160s] -- Installing: /home/mazen/mini_girona/install/minigirona_stonefish/share/minigirona_stonefish/data/pool
[16.161s] -- Installing: /home/mazen/mini_girona/install/minigirona_stonefish/share/minigirona_stonefish/data/pool/cirs_tank.obj
[16.161s] -- Installing: /home/mazen/mini_girona/install/minigirona_stonefish/share/minigirona_stonefish/data/minigirona
[16.161s] -- Installing: /home/mazen/mini_girona/install/minigirona_stonefish/share/minigirona_stonefish/data/minigirona/upper_left.png
[16.161s] -- Installing: /home/mazen/mini_girona/install/minigirona_stonefish/share/minigirona_stonefish/data/minigirona/vis_bosch350.obj
[16.161s] -- Installing: /home/mazen/mini_girona/install/minigirona_stonefish/share/minigirona_stonefish/data/minigirona/vis_thruster.mtl
[16.161s] -- Installing: /home/mazen/mini_girona/install/minigirona_stonefish/share/minigirona_stonefish/data/minigirona/lower_map.png
[16.161s] -- Installing: /home/mazen/mini_girona/install/minigirona_stonefish/share/minigirona_stonefish/data/minigirona/phy_cylinder_upper.obj
[16.162s] -- Installing: /home/mazen/mini_girona/install/minigirona_stonefish/share/minigirona_stonefish/data/minigirona/phy_bosch350.obj
[16.162s] -- Installing: /home/mazen/mini_girona/install/minigirona_stonefish/share/minigirona_stonefish/data/minigirona/vis_cylinder_ul.obj
[16.163s] -- Installing: /home/mazen/mini_girona/install/minigirona_stonefish/share/minigirona_stonefish/data/minigirona/phy_bosch200.obj
[16.163s] -- Installing: /home/mazen/mini_girona/install/minigirona_stonefish/share/minigirona_stonefish/data/minigirona/propeller.obj
[16.163s] -- Installing: /home/mazen/mini_girona/install/minigirona_stonefish/share/minigirona_stonefish/data/minigirona/vis_thruster.obj
[16.165s] -- Installing: /home/mazen/mini_girona/install/minigirona_stonefish/share/minigirona_stonefish/data/minigirona/vis_cylinder_ur.obj
[16.166s] -- Installing: /home/mazen/mini_girona/install/minigirona_stonefish/share/minigirona_stonefish/data/minigirona/vis_cylinder_bottom.obj
[16.167s] -- Installing: /home/mazen/mini_girona/install/minigirona_stonefish/share/minigirona_stonefish/data/minigirona/Phy_Cylinder_Bottom.obj
[16.167s] -- Installing: /home/mazen/mini_girona/install/minigirona_stonefish/share/minigirona_stonefish/data/minigirona/upper_right.png
[16.167s] -- Installing: /home/mazen/mini_girona/install/minigirona_stonefish/share/minigirona_stonefish/data/minigirona/vis_bosch200.obj
[16.167s] -- Installing: /home/mazen/mini_girona/install/minigirona_stonefish/share/minigirona_stonefish/data/minigirona/propeller.mtl
[16.167s] -- Installing: /home/mazen/mini_girona/install/minigirona_stonefish/share/minigirona_stonefish/data/minigirona/phy_thruster.obj
[16.167s] -- Installing: /home/mazen/mini_girona/install/minigirona_stonefish/share/minigirona_stonefish/launch
[16.167s] -- Installing: /home/mazen/mini_girona/install/minigirona_stonefish/share/minigirona_stonefish/launch/minigirona_simulation.launch.py
[16.168s] -- Installing: /home/mazen/mini_girona/install/minigirona_stonefish/share/minigirona_stonefish/scenarios
[16.168s] -- Installing: /home/mazen/mini_girona/install/minigirona_stonefish/share/minigirona_stonefish/scenarios/minigirona_tank.scn
[16.168s] -- Installing: /home/mazen/mini_girona/install/minigirona_stonefish/share/minigirona_stonefish/scenarios/minigirona.scn
[16.168s] -- Installing: /home/mazen/mini_girona/install/minigirona_stonefish/share/ament_index/resource_index/package_run_dependencies/minigirona_stonefish
[16.168s] -- Installing: /home/mazen/mini_girona/install/minigirona_stonefish/share/ament_index/resource_index/parent_prefix_path/minigirona_stonefish
[16.168s] -- Installing: /home/mazen/mini_girona/install/minigirona_stonefish/share/minigirona_stonefish/environment/ament_prefix_path.sh
[16.168s] -- Installing: /home/mazen/mini_girona/install/minigirona_stonefish/share/minigirona_stonefish/environment/ament_prefix_path.dsv
[16.169s] -- Installing: /home/mazen/mini_girona/install/minigirona_stonefish/share/minigirona_stonefish/environment/path.sh
[16.169s] -- Installing: /home/mazen/mini_girona/install/minigirona_stonefish/share/minigirona_stonefish/environment/path.dsv
[16.169s] -- Installing: /home/mazen/mini_girona/install/minigirona_stonefish/share/minigirona_stonefish/local_setup.bash
[16.169s] -- Installing: /home/mazen/mini_girona/install/minigirona_stonefish/share/minigirona_stonefish/local_setup.sh
[16.169s] -- Installing: /home/mazen/mini_girona/install/minigirona_stonefish/share/minigirona_stonefish/local_setup.zsh
[16.169s] -- Installing: /home/mazen/mini_girona/install/minigirona_stonefish/share/minigirona_stonefish/local_setup.dsv
[16.169s] -- Installing: /home/mazen/mini_girona/install/minigirona_stonefish/share/minigirona_stonefish/package.dsv
[16.169s] -- Installing: /home/mazen/mini_girona/install/minigirona_stonefish/share/ament_index/resource_index/packages/minigirona_stonefish
[16.170s] -- Installing: /home/mazen/mini_girona/install/minigirona_stonefish/share/minigirona_stonefish/cmake/minigirona_stonefishConfig.cmake
[16.170s] -- Installing: /home/mazen/mini_girona/install/minigirona_stonefish/share/minigirona_stonefish/cmake/minigirona_stonefishConfig-version.cmake
[16.170s] -- Installing: /home/mazen/mini_girona/install/minigirona_stonefish/share/minigirona_stonefish/package.xml
[16.172s] Invoked command in '/home/mazen/mini_girona/build/minigirona_stonefish' returned '0': CMAKE_PREFIX_PATH=/home/mazen/mini_girona/install/cola2_minigirona:/home/mazen/mini_girona/install/minigirona_description:/home/mazen/mini_girona/install/cola2_nav:/home/mazen/mini_girona/install/cola2_control:/home/mazen/mini_girona/install/cola2_lib_ros:/home/mazen/mini_girona/install/stonefish_ros2:/home/mazen/mini_girona/install/cola2_msgs:/home/mazen/mini_girona/install/minigirona_stonefish:/opt/ros/humble LD_LIBRARY_PATH=/home/mazen/mini_girona/install/cola2_lib_ros/lib:/home/mazen/mini_girona/install/stonefish_ros2/lib:/home/mazen/mini_girona/install/cola2_msgs/lib:/opt/ros/humble/opt/rviz_ogre_vendor/lib:/opt/ros/humble/lib/x86_64-linux-gnu:/opt/ros/humble/lib /usr/bin/cmake --install /home/mazen/mini_girona/build/minigirona_stonefish
