-- The C compiler identification is GNU 11.4.0
-- The CXX compiler identification is GNU 11.4.0
-- Detecting C compiler ABI info
-- Detecting C compiler ABI info - done
-- Check for working C compiler: /usr/bin/cc - skipped
-- Detecting C compile features
-- Detecting C compile features - done
-- Detecting CXX compiler ABI info
-- Detecting CXX compiler ABI info - done
-- Check for working CXX compiler: /usr/bin/c++ - skipped
-- Detecting CXX compile features
-- Detecting CXX compile features - done
-- Found ament_cmake: 1.3.11 (/opt/ros/humble/share/ament_cmake/cmake)
-- Found Python3: /usr/bin/python3 (found version "3.10.12") found components: Interpreter 
-- Found rclcpp: 16.0.11 (/opt/ros/humble/share/rclcpp/cmake)
-- Found rosidl_generator_c: 3.1.6 (/opt/ros/humble/share/rosidl_generator_c/cmake)
-- Found rosidl_adapter: 3.1.6 (/opt/ros/humble/share/rosidl_adapter/cmake)
-- Found rosidl_generator_cpp: 3.1.6 (/opt/ros/humble/share/rosidl_generator_cpp/cmake)
-- Using all available rosidl_typesupport_c: rosidl_typesupport_fastrtps_c;rosidl_typesupport_introspection_c
-- Using all available rosidl_typesupport_cpp: rosidl_typesupport_fastrtps_cpp;rosidl_typesupport_introspection_cpp
-- Found rmw_implementation_cmake: 6.1.2 (/opt/ros/humble/share/rmw_implementation_cmake/cmake)
-- Found rmw_fastrtps_cpp: 6.2.7 (/opt/ros/humble/share/rmw_fastrtps_cpp/cmake)
-- Found OpenSSL: /usr/lib/x86_64-linux-gnu/libcrypto.so (found version "3.0.2")  
-- Found FastRTPS: /opt/ros/humble/include  
-- Using RMW implementation 'rmw_fastrtps_cpp' as default
-- Looking for pthread.h
-- Looking for pthread.h - found
-- Performing Test CMAKE_HAVE_LIBC_PTHREAD
-- Performing Test CMAKE_HAVE_LIBC_PTHREAD - Success
-- Found Threads: TRUE  
-- Found std_srvs: 4.2.4 (/opt/ros/humble/share/std_srvs/cmake)
-- Found geometry_msgs: 4.2.4 (/opt/ros/humble/share/geometry_msgs/cmake)
-- Found nav_msgs: 4.2.4 (/opt/ros/humble/share/nav_msgs/cmake)
-- Found sensor_msgs: 4.2.4 (/opt/ros/humble/share/sensor_msgs/cmake)
-- Found visualization_msgs: 4.2.4 (/opt/ros/humble/share/visualization_msgs/cmake)
-- Found rosidl_default_generators: 1.2.0 (/opt/ros/humble/share/rosidl_default_generators/cmake)
-- Found pcl_conversions: 2.4.5 (/opt/ros/humble/share/pcl_conversions/cmake)
-- Checking for module 'eigen3'
--   Found eigen3, version 3.4.0
-- Found Eigen: /usr/include/eigen3 (Required is at least version "3.1") 
-- Eigen found (include: /usr/include/eigen3, version: 3.4.0)
-- Checking for module 'flann'
--   Found flann, version 1.9.1
-- Found FLANN: /usr/lib/x86_64-linux-gnu/libflann_cpp.so  
-- FLANN found (include: /usr/include, lib: /usr/lib/x86_64-linux-gnu/libflann_cpp.so)
-- Checking for module 'libusb-1.0'
--   Found libusb-1.0, version 1.0.25
-- Found libusb: /usr/lib/x86_64-linux-gnu/libusb-1.0.so  
-- OpenNI found (version: 1.5.4.0, include: /usr/include/ni, lib: /usr/lib/libOpenNI.so;libusb::libusb)
-- OpenNI2 found (version: 2.2.0.33, include: /usr/include/openni2, lib: /usr/lib/x86_64-linux-gnu/libOpenNI2.so;libusb::libusb)
-- Eigen found (include: /usr/include/eigen3, version: 3.4.0)
-- OpenNI found (version: 1.5.4.0, include: /usr/include/ni, lib: /usr/lib/libOpenNI.so;libusb::libusb)
-- OpenNI2 found (version: 2.2.0.33, include: /usr/include/openni2, lib: /usr/lib/x86_64-linux-gnu/libOpenNI2.so;libusb::libusb)
-- Found Qhull version 8.0.2
-- OpenNI found (version: 1.5.4.0, include: /usr/include/ni, lib: /usr/lib/libOpenNI.so;libusb::libusb)
-- Found PCL_COMMON: /usr/lib/x86_64-linux-gnu/libpcl_common.so  
-- Found PCL_KDTREE: /usr/lib/x86_64-linux-gnu/libpcl_kdtree.so  
-- Found PCL_OCTREE: /usr/lib/x86_64-linux-gnu/libpcl_octree.so  
-- Found PCL_SEARCH: /usr/lib/x86_64-linux-gnu/libpcl_search.so  
-- Found PCL_SAMPLE_CONSENSUS: /usr/lib/x86_64-linux-gnu/libpcl_sample_consensus.so  
-- Found PCL_FILTERS: /usr/lib/x86_64-linux-gnu/libpcl_filters.so  
-- Found PCL_2D: /usr/include/pcl-1.12  
-- Found PCL_GEOMETRY: /usr/include/pcl-1.12  
-- Found PCL_IO: /usr/lib/x86_64-linux-gnu/libpcl_io.so  
-- Found PCL_FEATURES: /usr/lib/x86_64-linux-gnu/libpcl_features.so  
-- Found PCL_ML: /usr/lib/x86_64-linux-gnu/libpcl_ml.so  
-- Found PCL_SEGMENTATION: /usr/lib/x86_64-linux-gnu/libpcl_segmentation.so  
-- Found PCL_VISUALIZATION: /usr/lib/x86_64-linux-gnu/libpcl_visualization.so  
-- Found PCL_SURFACE: /usr/lib/x86_64-linux-gnu/libpcl_surface.so  
-- Found PCL_REGISTRATION: /usr/lib/x86_64-linux-gnu/libpcl_registration.so  
-- Found PCL_KEYPOINTS: /usr/lib/x86_64-linux-gnu/libpcl_keypoints.so  
-- Found PCL_TRACKING: /usr/lib/x86_64-linux-gnu/libpcl_tracking.so  
-- Found PCL_RECOGNITION: /usr/lib/x86_64-linux-gnu/libpcl_recognition.so  
-- Found PCL_STEREO: /usr/lib/x86_64-linux-gnu/libpcl_stereo.so  
-- Found PCL_APPS: /usr/lib/x86_64-linux-gnu/libpcl_apps.so  
-- Found PCL_IN_HAND_SCANNER: /usr/include/pcl-1.12  
-- Found PCL_MODELER: /usr/include/pcl-1.12  
-- Found PCL_POINT_CLOUD_EDITOR: /usr/include/pcl-1.12  
-- Found PCL_OUTOFCORE: /usr/lib/x86_64-linux-gnu/libpcl_outofcore.so  
-- Found PCL_PEOPLE: /usr/lib/x86_64-linux-gnu/libpcl_people.so  
-- Found image_transport: 3.1.10 (/opt/ros/humble/share/image_transport/cmake)
-- Found tf2: 0.25.11 (/opt/ros/humble/share/tf2/cmake)
-- Found tf2_ros: 0.25.11 (/opt/ros/humble/share/tf2_ros/cmake)
-- Found OpenGL: /usr/lib/x86_64-linux-gnu/libOpenGL.so   
-- Found Freetype: /usr/lib/x86_64-linux-gnu/libfreetype.so (found version "2.11.1") 
-- Found OpenMP_C: -fopenmp (found version "4.5") 
-- Found OpenMP_CXX: -fopenmp (found version "4.5") 
-- Found OpenMP: TRUE (found version "4.5")  
-- Found ament_cmake_ros: 0.10.0 (/opt/ros/humble/share/ament_cmake_ros/cmake)
-- Using all available rosidl_typesupport_c: rosidl_typesupport_fastrtps_c;rosidl_typesupport_introspection_c
-- Using all available rosidl_typesupport_cpp: rosidl_typesupport_fastrtps_cpp;rosidl_typesupport_introspection_cpp
-- Found PythonInterp: /usr/bin/python3 (found suitable version "3.10.12", minimum required is "3.6") 
-- Found python_cmake_module: 0.10.0 (/opt/ros/humble/share/python_cmake_module/cmake)
-- Found PythonLibs: /usr/lib/x86_64-linux-gnu/libpython3.10.so (found suitable version "3.10.12", minimum required is "3.5") 
-- Using PYTHON_EXECUTABLE: /usr/bin/python3
-- Using PYTHON_INCLUDE_DIRS: /usr/include/python3.10
-- Using PYTHON_LIBRARIES: /usr/lib/x86_64-linux-gnu/libpython3.10.so
-- Found PythonExtra: .so  
-- Found ament_lint_auto: 0.12.11 (/opt/ros/humble/share/ament_lint_auto/cmake)
-- Added test 'cppcheck' to perform static code analysis on C / C++ code
-- Configured cppcheck include dirs: $<BUILD_INTERFACE:/home/mazen/mini_girona/src/stonefish_ros2/include>
-- Configured cppcheck exclude dirs and/or files: 
-- Added test 'flake8' to check Python code syntax and style conventions
-- Added test 'lint_cmake' to check CMake code style
-- Added test 'pep257' to check Python code against some of the docstring style conventions in PEP 257
-- Added test 'uncrustify' to check C / C++ code style
-- Configured uncrustify additional arguments: 
-- Added test 'xmllint' to check XML markup files
-- Configuring done
-- Generating done
-- Build files have been written to: /home/mazen/mini_girona/build/stonefish_ros2
[  1%] [34m[1mGenerating C code for ROS interfaces[0m
[  1%] [34m[1mGenerating C++ code for ROS interfaces[0m
[  1%] Built target ament_cmake_python_copy_stonefish_ros2
running egg_info
creating stonefish_ros2.egg-info
writing stonefish_ros2.egg-info/PKG-INFO
writing dependency_links to stonefish_ros2.egg-info/dependency_links.txt
writing top-level names to stonefish_ros2.egg-info/top_level.txt
writing manifest file 'stonefish_ros2.egg-info/SOURCES.txt'
reading manifest file 'stonefish_ros2.egg-info/SOURCES.txt'
writing manifest file 'stonefish_ros2.egg-info/SOURCES.txt'
[  1%] Built target ament_cmake_python_build_stonefish_ros2_egg
[  1%] Built target stonefish_ros2__cpp
[  2%] [34m[1mGenerating C++ type support dispatch for ROS interfaces[0m
[  4%] [34m[1mGenerating C++ type support for eProsima Fast-RTPS[0m
[  4%] [34m[1mGenerating C++ introspection for ROS interfaces[0m
[  5%] [32mBuilding C object CMakeFiles/stonefish_ros2__rosidl_generator_c.dir/rosidl_generator_c/stonefish_ros2/msg/detail/beacon_info__functions.c.o[0m
[  5%] [32mBuilding C object CMakeFiles/stonefish_ros2__rosidl_generator_c.dir/rosidl_generator_c/stonefish_ros2/msg/detail/ned_pose__functions.c.o[0m
[  7%] [32mBuilding C object CMakeFiles/stonefish_ros2__rosidl_generator_c.dir/rosidl_generator_c/stonefish_ros2/msg/detail/ins__functions.c.o[0m
[  7%] [32mBuilding C object CMakeFiles/stonefish_ros2__rosidl_generator_c.dir/rosidl_generator_c/stonefish_ros2/msg/detail/dvl_beam__functions.c.o[0m
[  8%] [32mBuilding C object CMakeFiles/stonefish_ros2__rosidl_generator_c.dir/rosidl_generator_c/stonefish_ros2/msg/detail/int32_stamped__functions.c.o[0m
[ 10%] [32mBuilding C object CMakeFiles/stonefish_ros2__rosidl_generator_c.dir/rosidl_generator_c/stonefish_ros2/msg/detail/debug_physics__functions.c.o[0m
[ 10%] [32mBuilding C object CMakeFiles/stonefish_ros2__rosidl_generator_c.dir/rosidl_generator_c/stonefish_ros2/msg/detail/dvl__functions.c.o[0m
[ 11%] [32mBuilding C object CMakeFiles/stonefish_ros2__rosidl_generator_c.dir/rosidl_generator_c/stonefish_ros2/msg/detail/thruster_state__functions.c.o[0m
[ 11%] [32mBuilding C object CMakeFiles/stonefish_ros2__rosidl_generator_c.dir/rosidl_generator_c/stonefish_ros2/srv/detail/sonar_settings__functions.c.o[0m
[ 12%] [32mBuilding C object CMakeFiles/stonefish_ros2__rosidl_generator_c.dir/rosidl_generator_c/stonefish_ros2/srv/detail/sonar_settings2__functions.c.o[0m
[ 13%] [32mBuilding C object CMakeFiles/stonefish_ros2__rosidl_generator_c.dir/rosidl_generator_c/stonefish_ros2/srv/detail/respawn__functions.c.o[0m
[ 14%] [32m[1mLinking C shared library libstonefish_ros2__rosidl_generator_c.so[0m
[ 14%] Built target stonefish_ros2__rosidl_generator_c
[ 17%] [34m[1mGenerating C type support for eProsima Fast-RTPS[0m
[ 17%] [34m[1mGenerating C introspection for ROS interfaces[0m
[ 17%] [34m[1mGenerating C type support dispatch for ROS interfaces[0m
[ 18%] [32mBuilding CXX object CMakeFiles/stonefish_ros2__rosidl_typesupport_cpp.dir/rosidl_typesupport_cpp/stonefish_ros2/msg/beacon_info__type_support.cpp.o[0m
[ 19%] [32mBuilding CXX object CMakeFiles/stonefish_ros2__rosidl_typesupport_cpp.dir/rosidl_typesupport_cpp/stonefish_ros2/msg/int32_stamped__type_support.cpp.o[0m
[ 21%] [32mBuilding CXX object CMakeFiles/stonefish_ros2__rosidl_typesupport_cpp.dir/rosidl_typesupport_cpp/stonefish_ros2/msg/ins__type_support.cpp.o[0m
[ 21%] [32mBuilding CXX object CMakeFiles/stonefish_ros2__rosidl_typesupport_cpp.dir/rosidl_typesupport_cpp/stonefish_ros2/msg/ned_pose__type_support.cpp.o[0m
[ 21%] [32mBuilding CXX object CMakeFiles/stonefish_ros2__rosidl_typesupport_cpp.dir/rosidl_typesupport_cpp/stonefish_ros2/msg/dvl_beam__type_support.cpp.o[0m
[ 22%] [32mBuilding CXX object CMakeFiles/stonefish_ros2__rosidl_typesupport_cpp.dir/rosidl_typesupport_cpp/stonefish_ros2/msg/thruster_state__type_support.cpp.o[0m
[ 23%] [32mBuilding CXX object CMakeFiles/stonefish_ros2__rosidl_typesupport_cpp.dir/rosidl_typesupport_cpp/stonefish_ros2/msg/dvl__type_support.cpp.o[0m
[ 23%] [32mBuilding CXX object CMakeFiles/stonefish_ros2__rosidl_typesupport_c.dir/rosidl_typesupport_c/stonefish_ros2/msg/int32_stamped__type_support.cpp.o[0m
[ 24%] [32mBuilding CXX object CMakeFiles/stonefish_ros2__rosidl_typesupport_c.dir/rosidl_typesupport_c/stonefish_ros2/msg/beacon_info__type_support.cpp.o[0m
[ 25%] [32mBuilding CXX object CMakeFiles/stonefish_ros2__rosidl_typesupport_cpp.dir/rosidl_typesupport_cpp/stonefish_ros2/msg/debug_physics__type_support.cpp.o[0m
[ 26%] [32mBuilding CXX object CMakeFiles/stonefish_ros2__rosidl_typesupport_c.dir/rosidl_typesupport_c/stonefish_ros2/msg/ned_pose__type_support.cpp.o[0m
[ 26%] [32mBuilding CXX object CMakeFiles/stonefish_ros2__rosidl_typesupport_cpp.dir/rosidl_typesupport_cpp/stonefish_ros2/srv/sonar_settings__type_support.cpp.o[0m
[ 27%] [32mBuilding CXX object CMakeFiles/stonefish_ros2__rosidl_typesupport_c.dir/rosidl_typesupport_c/stonefish_ros2/msg/ins__type_support.cpp.o[0m
[ 28%] [32mBuilding CXX object CMakeFiles/stonefish_ros2__rosidl_typesupport_c.dir/rosidl_typesupport_c/stonefish_ros2/msg/dvl_beam__type_support.cpp.o[0m
[ 29%] [32mBuilding CXX object CMakeFiles/stonefish_ros2__rosidl_typesupport_cpp.dir/rosidl_typesupport_cpp/stonefish_ros2/srv/sonar_settings2__type_support.cpp.o[0m
[ 30%] [32mBuilding CXX object CMakeFiles/stonefish_ros2__rosidl_typesupport_introspection_cpp.dir/rosidl_typesupport_introspection_cpp/stonefish_ros2/msg/detail/int32_stamped__type_support.cpp.o[0m
[ 31%] [32mBuilding CXX object CMakeFiles/stonefish_ros2__rosidl_typesupport_c.dir/rosidl_typesupport_c/stonefish_ros2/msg/dvl__type_support.cpp.o[0m
[ 32%] [32mBuilding CXX object CMakeFiles/stonefish_ros2__rosidl_typesupport_introspection_cpp.dir/rosidl_typesupport_introspection_cpp/stonefish_ros2/msg/detail/beacon_info__type_support.cpp.o[0m
[ 33%] [32mBuilding CXX object CMakeFiles/stonefish_ros2__rosidl_typesupport_introspection_cpp.dir/rosidl_typesupport_introspection_cpp/stonefish_ros2/msg/detail/ned_pose__type_support.cpp.o[0m
[ 34%] [32mBuilding CXX object CMakeFiles/stonefish_ros2__rosidl_typesupport_introspection_cpp.dir/rosidl_typesupport_introspection_cpp/stonefish_ros2/msg/detail/ins__type_support.cpp.o[0m
[ 34%] [32mBuilding CXX object CMakeFiles/stonefish_ros2__rosidl_typesupport_introspection_cpp.dir/rosidl_typesupport_introspection_cpp/stonefish_ros2/msg/detail/dvl_beam__type_support.cpp.o[0m
[ 34%] [32mBuilding CXX object CMakeFiles/stonefish_ros2__rosidl_typesupport_c.dir/rosidl_typesupport_c/stonefish_ros2/msg/thruster_state__type_support.cpp.o[0m
[ 35%] [32mBuilding CXX object CMakeFiles/stonefish_ros2__rosidl_typesupport_c.dir/rosidl_typesupport_c/stonefish_ros2/msg/debug_physics__type_support.cpp.o[0m
[ 36%] [32mBuilding CXX object CMakeFiles/stonefish_ros2__rosidl_typesupport_c.dir/rosidl_typesupport_c/stonefish_ros2/srv/sonar_settings__type_support.cpp.o[0m
[ 37%] [32mBuilding CXX object CMakeFiles/stonefish_ros2__rosidl_typesupport_fastrtps_cpp.dir/rosidl_typesupport_fastrtps_cpp/stonefish_ros2/msg/detail/dds_fastrtps/int32_stamped__type_support.cpp.o[0m
[ 38%] [32mBuilding CXX object CMakeFiles/stonefish_ros2__rosidl_typesupport_c.dir/rosidl_typesupport_c/stonefish_ros2/srv/sonar_settings2__type_support.cpp.o[0m
[ 39%] [32mBuilding CXX object CMakeFiles/stonefish_ros2__rosidl_typesupport_c.dir/rosidl_typesupport_c/stonefish_ros2/srv/respawn__type_support.cpp.o[0m
[ 40%] [32m[1mLinking CXX shared library libstonefish_ros2__rosidl_typesupport_c.so[0m
[ 40%] Built target stonefish_ros2__rosidl_typesupport_c
[ 41%] [32mBuilding CXX object CMakeFiles/stonefish_ros2__rosidl_typesupport_introspection_cpp.dir/rosidl_typesupport_introspection_cpp/stonefish_ros2/msg/detail/dvl__type_support.cpp.o[0m
[ 43%] [32mBuilding CXX object CMakeFiles/stonefish_ros2__rosidl_typesupport_fastrtps_cpp.dir/rosidl_typesupport_fastrtps_cpp/stonefish_ros2/msg/detail/dds_fastrtps/beacon_info__type_support.cpp.o[0m
[ 43%] [32mBuilding C object CMakeFiles/stonefish_ros2__rosidl_typesupport_introspection_c.dir/rosidl_typesupport_introspection_c/stonefish_ros2/msg/detail/int32_stamped__type_support.c.o[0m
[ 44%] [32mBuilding C object CMakeFiles/stonefish_ros2__rosidl_typesupport_introspection_c.dir/rosidl_typesupport_introspection_c/stonefish_ros2/msg/detail/beacon_info__type_support.c.o[0m
[ 45%] [32mBuilding CXX object CMakeFiles/stonefish_ros2__rosidl_typesupport_cpp.dir/rosidl_typesupport_cpp/stonefish_ros2/srv/respawn__type_support.cpp.o[0m
[ 46%] [32mBuilding CXX object CMakeFiles/stonefish_ros2__rosidl_typesupport_introspection_cpp.dir/rosidl_typesupport_introspection_cpp/stonefish_ros2/msg/detail/thruster_state__type_support.cpp.o[0m
[ 46%] [32mBuilding C object CMakeFiles/stonefish_ros2__rosidl_typesupport_introspection_c.dir/rosidl_typesupport_introspection_c/stonefish_ros2/msg/detail/ned_pose__type_support.c.o[0m
[ 47%] [32mBuilding CXX object CMakeFiles/stonefish_ros2__rosidl_typesupport_fastrtps_c.dir/rosidl_typesupport_fastrtps_c/stonefish_ros2/msg/detail/int32_stamped__type_support_c.cpp.o[0m
[ 48%] [32mBuilding C object CMakeFiles/stonefish_ros2__rosidl_typesupport_introspection_c.dir/rosidl_typesupport_introspection_c/stonefish_ros2/msg/detail/ins__type_support.c.o[0m
[ 49%] [32mBuilding C object CMakeFiles/stonefish_ros2__rosidl_typesupport_introspection_c.dir/rosidl_typesupport_introspection_c/stonefish_ros2/msg/detail/dvl_beam__type_support.c.o[0m
[ 49%] [32mBuilding CXX object CMakeFiles/stonefish_ros2__rosidl_typesupport_fastrtps_c.dir/rosidl_typesupport_fastrtps_c/stonefish_ros2/msg/detail/beacon_info__type_support_c.cpp.o[0m
[ 50%] [32mBuilding CXX object CMakeFiles/stonefish_ros2__rosidl_typesupport_fastrtps_cpp.dir/rosidl_typesupport_fastrtps_cpp/stonefish_ros2/msg/detail/dds_fastrtps/ned_pose__type_support.cpp.o[0m
[ 51%] [32mBuilding CXX object CMakeFiles/stonefish_ros2__rosidl_typesupport_fastrtps_c.dir/rosidl_typesupport_fastrtps_c/stonefish_ros2/msg/detail/ned_pose__type_support_c.cpp.o[0m
[ 52%] [32mBuilding C object CMakeFiles/stonefish_ros2__rosidl_typesupport_introspection_c.dir/rosidl_typesupport_introspection_c/stonefish_ros2/msg/detail/dvl__type_support.c.o[0m
[ 53%] [32mBuilding CXX object CMakeFiles/stonefish_ros2__rosidl_typesupport_fastrtps_c.dir/rosidl_typesupport_fastrtps_c/stonefish_ros2/msg/detail/ins__type_support_c.cpp.o[0m
[ 54%] [32mBuilding CXX object CMakeFiles/stonefish_ros2__rosidl_typesupport_fastrtps_c.dir/rosidl_typesupport_fastrtps_c/stonefish_ros2/msg/detail/dvl_beam__type_support_c.cpp.o[0m
[ 55%] [32mBuilding C object CMakeFiles/stonefish_ros2__rosidl_typesupport_introspection_c.dir/rosidl_typesupport_introspection_c/stonefish_ros2/msg/detail/thruster_state__type_support.c.o[0m
[ 56%] [32mBuilding C object CMakeFiles/stonefish_ros2__rosidl_typesupport_introspection_c.dir/rosidl_typesupport_introspection_c/stonefish_ros2/msg/detail/debug_physics__type_support.c.o[0m
[ 57%] [32mBuilding CXX object CMakeFiles/stonefish_ros2__rosidl_typesupport_fastrtps_c.dir/rosidl_typesupport_fastrtps_c/stonefish_ros2/msg/detail/dvl__type_support_c.cpp.o[0m
[ 57%] [32mBuilding C object CMakeFiles/stonefish_ros2__rosidl_typesupport_introspection_c.dir/rosidl_typesupport_introspection_c/stonefish_ros2/srv/detail/sonar_settings__type_support.c.o[0m
[ 58%] [32m[1mLinking CXX shared library libstonefish_ros2__rosidl_typesupport_cpp.so[0m
[ 59%] [32mBuilding C object CMakeFiles/stonefish_ros2__rosidl_typesupport_introspection_c.dir/rosidl_typesupport_introspection_c/stonefish_ros2/srv/detail/sonar_settings2__type_support.c.o[0m
[ 59%] Built target stonefish_ros2__rosidl_typesupport_cpp
[ 60%] [32mBuilding CXX object CMakeFiles/stonefish_ros2__rosidl_typesupport_fastrtps_c.dir/rosidl_typesupport_fastrtps_c/stonefish_ros2/msg/detail/thruster_state__type_support_c.cpp.o[0m
[ 61%] [32mBuilding C object CMakeFiles/stonefish_ros2__rosidl_typesupport_introspection_c.dir/rosidl_typesupport_introspection_c/stonefish_ros2/srv/detail/respawn__type_support.c.o[0m
[ 62%] [32m[1mLinking C shared library libstonefish_ros2__rosidl_typesupport_introspection_c.so[0m
[ 63%] [32mBuilding CXX object CMakeFiles/stonefish_ros2__rosidl_typesupport_introspection_cpp.dir/rosidl_typesupport_introspection_cpp/stonefish_ros2/msg/detail/debug_physics__type_support.cpp.o[0m
[ 63%] [32mBuilding CXX object CMakeFiles/stonefish_ros2__rosidl_typesupport_fastrtps_cpp.dir/rosidl_typesupport_fastrtps_cpp/stonefish_ros2/msg/detail/dds_fastrtps/ins__type_support.cpp.o[0m
[ 63%] Built target stonefish_ros2__rosidl_typesupport_introspection_c
[ 64%] [32mBuilding CXX object CMakeFiles/stonefish_ros2__rosidl_typesupport_introspection_cpp.dir/rosidl_typesupport_introspection_cpp/stonefish_ros2/srv/detail/sonar_settings__type_support.cpp.o[0m
[ 65%] [32mBuilding CXX object CMakeFiles/stonefish_ros2__rosidl_typesupport_introspection_cpp.dir/rosidl_typesupport_introspection_cpp/stonefish_ros2/srv/detail/sonar_settings2__type_support.cpp.o[0m
[ 65%] [32mBuilding CXX object CMakeFiles/stonefish_ros2__rosidl_typesupport_fastrtps_c.dir/rosidl_typesupport_fastrtps_c/stonefish_ros2/msg/detail/debug_physics__type_support_c.cpp.o[0m
[ 66%] [32mBuilding CXX object CMakeFiles/stonefish_ros2__rosidl_typesupport_fastrtps_cpp.dir/rosidl_typesupport_fastrtps_cpp/stonefish_ros2/msg/detail/dds_fastrtps/dvl_beam__type_support.cpp.o[0m
[ 67%] [32mBuilding CXX object CMakeFiles/stonefish_ros2_interface.dir/src/stonefish_ros2/ROS2ConsoleSimulationApp.cpp.o[0m
[ 67%] [32mBuilding CXX object CMakeFiles/stonefish_ros2__rosidl_typesupport_introspection_cpp.dir/rosidl_typesupport_introspection_cpp/stonefish_ros2/srv/detail/respawn__type_support.cpp.o[0m
[ 68%] [32mBuilding CXX object CMakeFiles/stonefish_ros2__rosidl_typesupport_fastrtps_cpp.dir/rosidl_typesupport_fastrtps_cpp/stonefish_ros2/msg/detail/dds_fastrtps/dvl__type_support.cpp.o[0m
[ 69%] [32mBuilding CXX object CMakeFiles/stonefish_ros2_interface.dir/src/stonefish_ros2/ROS2GraphicalSimulationApp.cpp.o[0m
[ 70%] [32mBuilding CXX object CMakeFiles/stonefish_ros2_interface.dir/src/stonefish_ros2/ROS2SimulationManager.cpp.o[0m
[ 71%] [32mBuilding CXX object CMakeFiles/stonefish_ros2_interface.dir/src/stonefish_ros2/ROS2ScenarioParser.cpp.o[0m
[ 72%] [32mBuilding CXX object CMakeFiles/stonefish_ros2__rosidl_typesupport_fastrtps_c.dir/rosidl_typesupport_fastrtps_c/stonefish_ros2/srv/detail/sonar_settings__type_support_c.cpp.o[0m
[ 73%] [32mBuilding CXX object CMakeFiles/stonefish_ros2__rosidl_typesupport_fastrtps_cpp.dir/rosidl_typesupport_fastrtps_cpp/stonefish_ros2/msg/detail/dds_fastrtps/thruster_state__type_support.cpp.o[0m
[ 74%] [32mBuilding CXX object CMakeFiles/stonefish_ros2__rosidl_typesupport_fastrtps_cpp.dir/rosidl_typesupport_fastrtps_cpp/stonefish_ros2/msg/detail/dds_fastrtps/debug_physics__type_support.cpp.o[0m
[ 74%] [32mBuilding CXX object CMakeFiles/stonefish_ros2_interface.dir/src/stonefish_ros2/ROS2Interface.cpp.o[0m
[ 75%] [32mBuilding CXX object CMakeFiles/stonefish_ros2__rosidl_typesupport_fastrtps_cpp.dir/rosidl_typesupport_fastrtps_cpp/stonefish_ros2/srv/detail/dds_fastrtps/sonar_settings__type_support.cpp.o[0m
[ 76%] [32m[1mLinking CXX shared library libstonefish_ros2__rosidl_typesupport_introspection_cpp.so[0m
[ 77%] [32mBuilding CXX object CMakeFiles/stonefish_ros2__rosidl_typesupport_fastrtps_c.dir/rosidl_typesupport_fastrtps_c/stonefish_ros2/srv/detail/sonar_settings2__type_support_c.cpp.o[0m
[ 77%] Built target stonefish_ros2__rosidl_typesupport_introspection_cpp
[ 78%] [32mBuilding CXX object CMakeFiles/stonefish_ros2__rosidl_typesupport_fastrtps_c.dir/rosidl_typesupport_fastrtps_c/stonefish_ros2/srv/detail/respawn__type_support_c.cpp.o[0m
[ 78%] [32mBuilding CXX object CMakeFiles/stonefish_ros2__rosidl_typesupport_fastrtps_cpp.dir/rosidl_typesupport_fastrtps_cpp/stonefish_ros2/srv/detail/dds_fastrtps/sonar_settings2__type_support.cpp.o[0m
[ 79%] [32mBuilding CXX object CMakeFiles/stonefish_ros2__rosidl_typesupport_fastrtps_cpp.dir/rosidl_typesupport_fastrtps_cpp/stonefish_ros2/srv/detail/dds_fastrtps/respawn__type_support.cpp.o[0m
[ 80%] [32m[1mLinking CXX shared library libstonefish_ros2__rosidl_typesupport_fastrtps_c.so[0m
[ 80%] Built target stonefish_ros2__rosidl_typesupport_fastrtps_c
[ 81%] [32m[1mLinking CXX shared library libstonefish_ros2__rosidl_typesupport_fastrtps_cpp.so[0m
[ 81%] Built target stonefish_ros2__rosidl_typesupport_fastrtps_cpp
[ 81%] Built target stonefish_ros2
[ 82%] [34m[1mGenerating Python code for ROS interfaces[0m
[ 82%] Built target stonefish_ros2__py
[ 84%] [32mBuilding C object CMakeFiles/stonefish_ros2__rosidl_generator_py.dir/rosidl_generator_py/stonefish_ros2/msg/_int32_stamped_s.c.o[0m
[ 84%] [32mBuilding C object CMakeFiles/stonefish_ros2__rosidl_generator_py.dir/rosidl_generator_py/stonefish_ros2/msg/_beacon_info_s.c.o[0m
[ 86%] [32mBuilding C object CMakeFiles/stonefish_ros2__rosidl_generator_py.dir/rosidl_generator_py/stonefish_ros2/msg/_dvl_beam_s.c.o[0m
[ 86%] [32mBuilding C object CMakeFiles/stonefish_ros2__rosidl_generator_py.dir/rosidl_generator_py/stonefish_ros2/msg/_ned_pose_s.c.o[0m
[ 86%] [32mBuilding C object CMakeFiles/stonefish_ros2__rosidl_generator_py.dir/rosidl_generator_py/stonefish_ros2/msg/_ins_s.c.o[0m
[ 88%] [32mBuilding C object CMakeFiles/stonefish_ros2__rosidl_generator_py.dir/rosidl_generator_py/stonefish_ros2/msg/_dvl_s.c.o[0m
[ 88%] [32mBuilding C object CMakeFiles/stonefish_ros2__rosidl_generator_py.dir/rosidl_generator_py/stonefish_ros2/msg/_thruster_state_s.c.o[0m
[ 89%] [32mBuilding C object CMakeFiles/stonefish_ros2__rosidl_generator_py.dir/rosidl_generator_py/stonefish_ros2/msg/_debug_physics_s.c.o[0m
[ 89%] [32mBuilding C object CMakeFiles/stonefish_ros2__rosidl_generator_py.dir/rosidl_generator_py/stonefish_ros2/srv/_sonar_settings_s.c.o[0m
[ 90%] [32mBuilding C object CMakeFiles/stonefish_ros2__rosidl_generator_py.dir/rosidl_generator_py/stonefish_ros2/srv/_sonar_settings2_s.c.o[0m
[ 91%] [32mBuilding C object CMakeFiles/stonefish_ros2__rosidl_generator_py.dir/rosidl_generator_py/stonefish_ros2/srv/_respawn_s.c.o[0m
[ 92%] [32m[1mLinking C shared library rosidl_generator_py/stonefish_ros2/libstonefish_ros2__rosidl_generator_py.so[0m
[ 92%] Built target stonefish_ros2__rosidl_generator_py
[ 92%] [32mBuilding C object CMakeFiles/stonefish_ros2__rosidl_typesupport_c__pyext.dir/rosidl_generator_py/stonefish_ros2/_stonefish_ros2_s.ep.rosidl_typesupport_c.c.o[0m
[ 94%] [32mBuilding C object CMakeFiles/stonefish_ros2__rosidl_typesupport_introspection_c__pyext.dir/rosidl_generator_py/stonefish_ros2/_stonefish_ros2_s.ep.rosidl_typesupport_introspection_c.c.o[0m
[ 94%] [32mBuilding C object CMakeFiles/stonefish_ros2__rosidl_typesupport_fastrtps_c__pyext.dir/rosidl_generator_py/stonefish_ros2/_stonefish_ros2_s.ep.rosidl_typesupport_fastrtps_c.c.o[0m
[ 94%] [32m[1mLinking C shared library rosidl_generator_py/stonefish_ros2/stonefish_ros2_s__rosidl_typesupport_fastrtps_c.cpython-310-x86_64-linux-gnu.so[0m
[ 94%] [32m[1mLinking C shared library rosidl_generator_py/stonefish_ros2/stonefish_ros2_s__rosidl_typesupport_introspection_c.cpython-310-x86_64-linux-gnu.so[0m
[ 95%] [32m[1mLinking C shared library rosidl_generator_py/stonefish_ros2/stonefish_ros2_s__rosidl_typesupport_c.cpython-310-x86_64-linux-gnu.so[0m
[ 95%] Built target stonefish_ros2__rosidl_typesupport_fastrtps_c__pyext
[ 95%] Built target stonefish_ros2__rosidl_typesupport_c__pyext
[ 95%] Built target stonefish_ros2__rosidl_typesupport_introspection_c__pyext
[ 96%] [32m[1mLinking CXX shared library libstonefish_ros2_interface.so[0m
[ 96%] Built target stonefish_ros2_interface
[ 98%] [32mBuilding CXX object CMakeFiles/stonefish_simulator_nogpu.dir/src/stonefish_simulator_nogpu.cpp.o[0m
[ 98%] [32mBuilding CXX object CMakeFiles/stonefish_simulator.dir/src/stonefish_simulator.cpp.o[0m
[ 99%] [32m[1mLinking CXX executable stonefish_simulator_nogpu[0m
[100%] [32m[1mLinking CXX executable stonefish_simulator[0m
[100%] Built target stonefish_simulator_nogpu
[100%] Built target stonefish_simulator
-- Install configuration: ""
-- Installing: /home/mazen/mini_girona/install/stonefish_ros2/share/ament_index/resource_index/rosidl_interfaces/stonefish_ros2
-- Installing: /home/mazen/mini_girona/install/stonefish_ros2/include/stonefish_ros2/stonefish_ros2
-- Installing: /home/mazen/mini_girona/install/stonefish_ros2/include/stonefish_ros2/stonefish_ros2/srv
-- Installing: /home/mazen/mini_girona/install/stonefish_ros2/include/stonefish_ros2/stonefish_ros2/srv/respawn.h
-- Installing: /home/mazen/mini_girona/install/stonefish_ros2/include/stonefish_ros2/stonefish_ros2/srv/sonar_settings2.h
-- Installing: /home/mazen/mini_girona/install/stonefish_ros2/include/stonefish_ros2/stonefish_ros2/srv/sonar_settings.h
-- Installing: /home/mazen/mini_girona/install/stonefish_ros2/include/stonefish_ros2/stonefish_ros2/srv/detail
-- Installing: /home/mazen/mini_girona/install/stonefish_ros2/include/stonefish_ros2/stonefish_ros2/srv/detail/sonar_settings__type_support.h
-- Installing: /home/mazen/mini_girona/install/stonefish_ros2/include/stonefish_ros2/stonefish_ros2/srv/detail/respawn__type_support.h
-- Installing: /home/mazen/mini_girona/install/stonefish_ros2/include/stonefish_ros2/stonefish_ros2/srv/detail/sonar_settings__functions.c
-- Installing: /home/mazen/mini_girona/install/stonefish_ros2/include/stonefish_ros2/stonefish_ros2/srv/detail/sonar_settings__struct.h
-- Installing: /home/mazen/mini_girona/install/stonefish_ros2/include/stonefish_ros2/stonefish_ros2/srv/detail/sonar_settings2__functions.c
-- Installing: /home/mazen/mini_girona/install/stonefish_ros2/include/stonefish_ros2/stonefish_ros2/srv/detail/sonar_settings2__type_support.h
-- Installing: /home/mazen/mini_girona/install/stonefish_ros2/include/stonefish_ros2/stonefish_ros2/srv/detail/sonar_settings2__functions.h
-- Installing: /home/mazen/mini_girona/install/stonefish_ros2/include/stonefish_ros2/stonefish_ros2/srv/detail/sonar_settings2__struct.h
-- Installing: /home/mazen/mini_girona/install/stonefish_ros2/include/stonefish_ros2/stonefish_ros2/srv/detail/respawn__functions.c
-- Installing: /home/mazen/mini_girona/install/stonefish_ros2/include/stonefish_ros2/stonefish_ros2/srv/detail/sonar_settings__functions.h
-- Installing: /home/mazen/mini_girona/install/stonefish_ros2/include/stonefish_ros2/stonefish_ros2/srv/detail/respawn__functions.h
-- Installing: /home/mazen/mini_girona/install/stonefish_ros2/include/stonefish_ros2/stonefish_ros2/srv/detail/respawn__struct.h
-- Installing: /home/mazen/mini_girona/install/stonefish_ros2/include/stonefish_ros2/stonefish_ros2/msg
-- Installing: /home/mazen/mini_girona/install/stonefish_ros2/include/stonefish_ros2/stonefish_ros2/msg/debug_physics.h
-- Installing: /home/mazen/mini_girona/install/stonefish_ros2/include/stonefish_ros2/stonefish_ros2/msg/thruster_state.h
-- Installing: /home/mazen/mini_girona/install/stonefish_ros2/include/stonefish_ros2/stonefish_ros2/msg/beacon_info.h
-- Installing: /home/mazen/mini_girona/install/stonefish_ros2/include/stonefish_ros2/stonefish_ros2/msg/ins.h
-- Installing: /home/mazen/mini_girona/install/stonefish_ros2/include/stonefish_ros2/stonefish_ros2/msg/rosidl_generator_c__visibility_control.h
-- Installing: /home/mazen/mini_girona/install/stonefish_ros2/include/stonefish_ros2/stonefish_ros2/msg/dvl.h
-- Installing: /home/mazen/mini_girona/install/stonefish_ros2/include/stonefish_ros2/stonefish_ros2/msg/int32_stamped.h
-- Installing: /home/mazen/mini_girona/install/stonefish_ros2/include/stonefish_ros2/stonefish_ros2/msg/dvl_beam.h
-- Installing: /home/mazen/mini_girona/install/stonefish_ros2/include/stonefish_ros2/stonefish_ros2/msg/ned_pose.h
-- Installing: /home/mazen/mini_girona/install/stonefish_ros2/include/stonefish_ros2/stonefish_ros2/msg/detail
-- Installing: /home/mazen/mini_girona/install/stonefish_ros2/include/stonefish_ros2/stonefish_ros2/msg/detail/beacon_info__functions.c
-- Installing: /home/mazen/mini_girona/install/stonefish_ros2/include/stonefish_ros2/stonefish_ros2/msg/detail/debug_physics__struct.h
-- Installing: /home/mazen/mini_girona/install/stonefish_ros2/include/stonefish_ros2/stonefish_ros2/msg/detail/debug_physics__functions.h
-- Installing: /home/mazen/mini_girona/install/stonefish_ros2/include/stonefish_ros2/stonefish_ros2/msg/detail/int32_stamped__type_support.h
-- Installing: /home/mazen/mini_girona/install/stonefish_ros2/include/stonefish_ros2/stonefish_ros2/msg/detail/dvl_beam__functions.h
-- Installing: /home/mazen/mini_girona/install/stonefish_ros2/include/stonefish_ros2/stonefish_ros2/msg/detail/beacon_info__struct.h
-- Installing: /home/mazen/mini_girona/install/stonefish_ros2/include/stonefish_ros2/stonefish_ros2/msg/detail/dvl__struct.h
-- Installing: /home/mazen/mini_girona/install/stonefish_ros2/include/stonefish_ros2/stonefish_ros2/msg/detail/thruster_state__functions.h
-- Installing: /home/mazen/mini_girona/install/stonefish_ros2/include/stonefish_ros2/stonefish_ros2/msg/detail/thruster_state__struct.h
-- Installing: /home/mazen/mini_girona/install/stonefish_ros2/include/stonefish_ros2/stonefish_ros2/msg/detail/ned_pose__struct.h
-- Installing: /home/mazen/mini_girona/install/stonefish_ros2/include/stonefish_ros2/stonefish_ros2/msg/detail/int32_stamped__functions.h
-- Installing: /home/mazen/mini_girona/install/stonefish_ros2/include/stonefish_ros2/stonefish_ros2/msg/detail/thruster_state__functions.c
-- Installing: /home/mazen/mini_girona/install/stonefish_ros2/include/stonefish_ros2/stonefish_ros2/msg/detail/beacon_info__functions.h
-- Installing: /home/mazen/mini_girona/install/stonefish_ros2/include/stonefish_ros2/stonefish_ros2/msg/detail/debug_physics__functions.c
-- Installing: /home/mazen/mini_girona/install/stonefish_ros2/include/stonefish_ros2/stonefish_ros2/msg/detail/dvl__type_support.h
-- Installing: /home/mazen/mini_girona/install/stonefish_ros2/include/stonefish_ros2/stonefish_ros2/msg/detail/dvl_beam__struct.h
-- Installing: /home/mazen/mini_girona/install/stonefish_ros2/include/stonefish_ros2/stonefish_ros2/msg/detail/dvl_beam__functions.c
-- Installing: /home/mazen/mini_girona/install/stonefish_ros2/include/stonefish_ros2/stonefish_ros2/msg/detail/ins__functions.h
-- Installing: /home/mazen/mini_girona/install/stonefish_ros2/include/stonefish_ros2/stonefish_ros2/msg/detail/int32_stamped__functions.c
-- Installing: /home/mazen/mini_girona/install/stonefish_ros2/include/stonefish_ros2/stonefish_ros2/msg/detail/ned_pose__functions.c
-- Installing: /home/mazen/mini_girona/install/stonefish_ros2/include/stonefish_ros2/stonefish_ros2/msg/detail/ins__struct.h
-- Installing: /home/mazen/mini_girona/install/stonefish_ros2/include/stonefish_ros2/stonefish_ros2/msg/detail/beacon_info__type_support.h
-- Installing: /home/mazen/mini_girona/install/stonefish_ros2/include/stonefish_ros2/stonefish_ros2/msg/detail/ins__functions.c
-- Installing: /home/mazen/mini_girona/install/stonefish_ros2/include/stonefish_ros2/stonefish_ros2/msg/detail/dvl__functions.h
-- Installing: /home/mazen/mini_girona/install/stonefish_ros2/include/stonefish_ros2/stonefish_ros2/msg/detail/ned_pose__type_support.h
-- Installing: /home/mazen/mini_girona/install/stonefish_ros2/include/stonefish_ros2/stonefish_ros2/msg/detail/debug_physics__type_support.h
-- Installing: /home/mazen/mini_girona/install/stonefish_ros2/include/stonefish_ros2/stonefish_ros2/msg/detail/int32_stamped__struct.h
-- Installing: /home/mazen/mini_girona/install/stonefish_ros2/include/stonefish_ros2/stonefish_ros2/msg/detail/dvl__functions.c
-- Installing: /home/mazen/mini_girona/install/stonefish_ros2/include/stonefish_ros2/stonefish_ros2/msg/detail/ins__type_support.h
-- Installing: /home/mazen/mini_girona/install/stonefish_ros2/include/stonefish_ros2/stonefish_ros2/msg/detail/thruster_state__type_support.h
-- Installing: /home/mazen/mini_girona/install/stonefish_ros2/include/stonefish_ros2/stonefish_ros2/msg/detail/ned_pose__functions.h
-- Installing: /home/mazen/mini_girona/install/stonefish_ros2/include/stonefish_ros2/stonefish_ros2/msg/detail/dvl_beam__type_support.h
-- Installing: /home/mazen/mini_girona/install/stonefish_ros2/share/stonefish_ros2/environment/library_path.sh
-- Installing: /home/mazen/mini_girona/install/stonefish_ros2/share/stonefish_ros2/environment/library_path.dsv
-- Installing: /home/mazen/mini_girona/install/stonefish_ros2/lib/libstonefish_ros2__rosidl_generator_c.so
-- Set runtime path of "/home/mazen/mini_girona/install/stonefish_ros2/lib/libstonefish_ros2__rosidl_generator_c.so" to ""
-- Up-to-date: /home/mazen/mini_girona/install/stonefish_ros2/include/stonefish_ros2/stonefish_ros2
-- Up-to-date: /home/mazen/mini_girona/install/stonefish_ros2/include/stonefish_ros2/stonefish_ros2/srv
-- Up-to-date: /home/mazen/mini_girona/install/stonefish_ros2/include/stonefish_ros2/stonefish_ros2/srv/detail
-- Installing: /home/mazen/mini_girona/install/stonefish_ros2/include/stonefish_ros2/stonefish_ros2/srv/detail/sonar_settings__rosidl_typesupport_fastrtps_c.h
-- Installing: /home/mazen/mini_girona/install/stonefish_ros2/include/stonefish_ros2/stonefish_ros2/srv/detail/respawn__rosidl_typesupport_fastrtps_c.h
-- Installing: /home/mazen/mini_girona/install/stonefish_ros2/include/stonefish_ros2/stonefish_ros2/srv/detail/sonar_settings2__rosidl_typesupport_fastrtps_c.h
-- Up-to-date: /home/mazen/mini_girona/install/stonefish_ros2/include/stonefish_ros2/stonefish_ros2/msg
-- Installing: /home/mazen/mini_girona/install/stonefish_ros2/include/stonefish_ros2/stonefish_ros2/msg/rosidl_typesupport_fastrtps_c__visibility_control.h
-- Up-to-date: /home/mazen/mini_girona/install/stonefish_ros2/include/stonefish_ros2/stonefish_ros2/msg/detail
-- Installing: /home/mazen/mini_girona/install/stonefish_ros2/include/stonefish_ros2/stonefish_ros2/msg/detail/ned_pose__rosidl_typesupport_fastrtps_c.h
-- Installing: /home/mazen/mini_girona/install/stonefish_ros2/include/stonefish_ros2/stonefish_ros2/msg/detail/beacon_info__rosidl_typesupport_fastrtps_c.h
-- Installing: /home/mazen/mini_girona/install/stonefish_ros2/include/stonefish_ros2/stonefish_ros2/msg/detail/debug_physics__rosidl_typesupport_fastrtps_c.h
-- Installing: /home/mazen/mini_girona/install/stonefish_ros2/include/stonefish_ros2/stonefish_ros2/msg/detail/dvl_beam__rosidl_typesupport_fastrtps_c.h
-- Installing: /home/mazen/mini_girona/install/stonefish_ros2/include/stonefish_ros2/stonefish_ros2/msg/detail/dvl__rosidl_typesupport_fastrtps_c.h
-- Installing: /home/mazen/mini_girona/install/stonefish_ros2/include/stonefish_ros2/stonefish_ros2/msg/detail/thruster_state__rosidl_typesupport_fastrtps_c.h
-- Installing: /home/mazen/mini_girona/install/stonefish_ros2/include/stonefish_ros2/stonefish_ros2/msg/detail/ins__rosidl_typesupport_fastrtps_c.h
-- Installing: /home/mazen/mini_girona/install/stonefish_ros2/include/stonefish_ros2/stonefish_ros2/msg/detail/int32_stamped__rosidl_typesupport_fastrtps_c.h
-- Installing: /home/mazen/mini_girona/install/stonefish_ros2/lib/libstonefish_ros2__rosidl_typesupport_fastrtps_c.so
-- Set runtime path of "/home/mazen/mini_girona/install/stonefish_ros2/lib/libstonefish_ros2__rosidl_typesupport_fastrtps_c.so" to ""
-- Up-to-date: /home/mazen/mini_girona/install/stonefish_ros2/include/stonefish_ros2/stonefish_ros2
-- Up-to-date: /home/mazen/mini_girona/install/stonefish_ros2/include/stonefish_ros2/stonefish_ros2/srv
-- Installing: /home/mazen/mini_girona/install/stonefish_ros2/include/stonefish_ros2/stonefish_ros2/srv/sonar_settings.hpp
-- Installing: /home/mazen/mini_girona/install/stonefish_ros2/include/stonefish_ros2/stonefish_ros2/srv/respawn.hpp
-- Installing: /home/mazen/mini_girona/install/stonefish_ros2/include/stonefish_ros2/stonefish_ros2/srv/sonar_settings2.hpp
-- Up-to-date: /home/mazen/mini_girona/install/stonefish_ros2/include/stonefish_ros2/stonefish_ros2/srv/detail
-- Installing: /home/mazen/mini_girona/install/stonefish_ros2/include/stonefish_ros2/stonefish_ros2/srv/detail/sonar_settings2__struct.hpp
-- Installing: /home/mazen/mini_girona/install/stonefish_ros2/include/stonefish_ros2/stonefish_ros2/srv/detail/sonar_settings__struct.hpp
-- Installing: /home/mazen/mini_girona/install/stonefish_ros2/include/stonefish_ros2/stonefish_ros2/srv/detail/sonar_settings__builder.hpp
-- Installing: /home/mazen/mini_girona/install/stonefish_ros2/include/stonefish_ros2/stonefish_ros2/srv/detail/sonar_settings__type_support.hpp
-- Installing: /home/mazen/mini_girona/install/stonefish_ros2/include/stonefish_ros2/stonefish_ros2/srv/detail/respawn__traits.hpp
-- Installing: /home/mazen/mini_girona/install/stonefish_ros2/include/stonefish_ros2/stonefish_ros2/srv/detail/sonar_settings2__builder.hpp
-- Installing: /home/mazen/mini_girona/install/stonefish_ros2/include/stonefish_ros2/stonefish_ros2/srv/detail/sonar_settings2__type_support.hpp
-- Installing: /home/mazen/mini_girona/install/stonefish_ros2/include/stonefish_ros2/stonefish_ros2/srv/detail/respawn__builder.hpp
-- Installing: /home/mazen/mini_girona/install/stonefish_ros2/include/stonefish_ros2/stonefish_ros2/srv/detail/sonar_settings__traits.hpp
-- Installing: /home/mazen/mini_girona/install/stonefish_ros2/include/stonefish_ros2/stonefish_ros2/srv/detail/respawn__type_support.hpp
-- Installing: /home/mazen/mini_girona/install/stonefish_ros2/include/stonefish_ros2/stonefish_ros2/srv/detail/sonar_settings2__traits.hpp
-- Installing: /home/mazen/mini_girona/install/stonefish_ros2/include/stonefish_ros2/stonefish_ros2/srv/detail/respawn__struct.hpp
-- Up-to-date: /home/mazen/mini_girona/install/stonefish_ros2/include/stonefish_ros2/stonefish_ros2/msg
-- Installing: /home/mazen/mini_girona/install/stonefish_ros2/include/stonefish_ros2/stonefish_ros2/msg/dvl_beam.hpp
-- Installing: /home/mazen/mini_girona/install/stonefish_ros2/include/stonefish_ros2/stonefish_ros2/msg/thruster_state.hpp
-- Installing: /home/mazen/mini_girona/install/stonefish_ros2/include/stonefish_ros2/stonefish_ros2/msg/ned_pose.hpp
-- Installing: /home/mazen/mini_girona/install/stonefish_ros2/include/stonefish_ros2/stonefish_ros2/msg/debug_physics.hpp
-- Installing: /home/mazen/mini_girona/install/stonefish_ros2/include/stonefish_ros2/stonefish_ros2/msg/beacon_info.hpp
-- Installing: /home/mazen/mini_girona/install/stonefish_ros2/include/stonefish_ros2/stonefish_ros2/msg/ins.hpp
-- Installing: /home/mazen/mini_girona/install/stonefish_ros2/include/stonefish_ros2/stonefish_ros2/msg/rosidl_generator_cpp__visibility_control.hpp
-- Installing: /home/mazen/mini_girona/install/stonefish_ros2/include/stonefish_ros2/stonefish_ros2/msg/dvl.hpp
-- Installing: /home/mazen/mini_girona/install/stonefish_ros2/include/stonefish_ros2/stonefish_ros2/msg/int32_stamped.hpp
-- Up-to-date: /home/mazen/mini_girona/install/stonefish_ros2/include/stonefish_ros2/stonefish_ros2/msg/detail
-- Installing: /home/mazen/mini_girona/install/stonefish_ros2/include/stonefish_ros2/stonefish_ros2/msg/detail/debug_physics__traits.hpp
-- Installing: /home/mazen/mini_girona/install/stonefish_ros2/include/stonefish_ros2/stonefish_ros2/msg/detail/int32_stamped__traits.hpp
-- Installing: /home/mazen/mini_girona/install/stonefish_ros2/include/stonefish_ros2/stonefish_ros2/msg/detail/dvl__struct.hpp
-- Installing: /home/mazen/mini_girona/install/stonefish_ros2/include/stonefish_ros2/stonefish_ros2/msg/detail/int32_stamped__struct.hpp
-- Installing: /home/mazen/mini_girona/install/stonefish_ros2/include/stonefish_ros2/stonefish_ros2/msg/detail/beacon_info__traits.hpp
-- Installing: /home/mazen/mini_girona/install/stonefish_ros2/include/stonefish_ros2/stonefish_ros2/msg/detail/debug_physics__struct.hpp
-- Installing: /home/mazen/mini_girona/install/stonefish_ros2/include/stonefish_ros2/stonefish_ros2/msg/detail/dvl_beam__type_support.hpp
-- Installing: /home/mazen/mini_girona/install/stonefish_ros2/include/stonefish_ros2/stonefish_ros2/msg/detail/ned_pose__builder.hpp
-- Installing: /home/mazen/mini_girona/install/stonefish_ros2/include/stonefish_ros2/stonefish_ros2/msg/detail/debug_physics__builder.hpp
-- Installing: /home/mazen/mini_girona/install/stonefish_ros2/include/stonefish_ros2/stonefish_ros2/msg/detail/int32_stamped__builder.hpp
-- Installing: /home/mazen/mini_girona/install/stonefish_ros2/include/stonefish_ros2/stonefish_ros2/msg/detail/beacon_info__builder.hpp
-- Installing: /home/mazen/mini_girona/install/stonefish_ros2/include/stonefish_ros2/stonefish_ros2/msg/detail/ned_pose__traits.hpp
-- Installing: /home/mazen/mini_girona/install/stonefish_ros2/include/stonefish_ros2/stonefish_ros2/msg/detail/dvl__traits.hpp
-- Installing: /home/mazen/mini_girona/install/stonefish_ros2/include/stonefish_ros2/stonefish_ros2/msg/detail/ins__builder.hpp
-- Installing: /home/mazen/mini_girona/install/stonefish_ros2/include/stonefish_ros2/stonefish_ros2/msg/detail/ins__type_support.hpp
-- Installing: /home/mazen/mini_girona/install/stonefish_ros2/include/stonefish_ros2/stonefish_ros2/msg/detail/debug_physics__type_support.hpp
-- Installing: /home/mazen/mini_girona/install/stonefish_ros2/include/stonefish_ros2/stonefish_ros2/msg/detail/dvl__builder.hpp
-- Installing: /home/mazen/mini_girona/install/stonefish_ros2/include/stonefish_ros2/stonefish_ros2/msg/detail/beacon_info__type_support.hpp
-- Installing: /home/mazen/mini_girona/install/stonefish_ros2/include/stonefish_ros2/stonefish_ros2/msg/detail/dvl_beam__builder.hpp
-- Installing: /home/mazen/mini_girona/install/stonefish_ros2/include/stonefish_ros2/stonefish_ros2/msg/detail/thruster_state__builder.hpp
-- Installing: /home/mazen/mini_girona/install/stonefish_ros2/include/stonefish_ros2/stonefish_ros2/msg/detail/ned_pose__type_support.hpp
-- Installing: /home/mazen/mini_girona/install/stonefish_ros2/include/stonefish_ros2/stonefish_ros2/msg/detail/dvl_beam__traits.hpp
-- Installing: /home/mazen/mini_girona/install/stonefish_ros2/include/stonefish_ros2/stonefish_ros2/msg/detail/thruster_state__type_support.hpp
-- Installing: /home/mazen/mini_girona/install/stonefish_ros2/include/stonefish_ros2/stonefish_ros2/msg/detail/dvl_beam__struct.hpp
-- Installing: /home/mazen/mini_girona/install/stonefish_ros2/include/stonefish_ros2/stonefish_ros2/msg/detail/thruster_state__struct.hpp
-- Installing: /home/mazen/mini_girona/install/stonefish_ros2/include/stonefish_ros2/stonefish_ros2/msg/detail/ned_pose__struct.hpp
-- Installing: /home/mazen/mini_girona/install/stonefish_ros2/include/stonefish_ros2/stonefish_ros2/msg/detail/ins__struct.hpp
-- Installing: /home/mazen/mini_girona/install/stonefish_ros2/include/stonefish_ros2/stonefish_ros2/msg/detail/int32_stamped__type_support.hpp
-- Installing: /home/mazen/mini_girona/install/stonefish_ros2/include/stonefish_ros2/stonefish_ros2/msg/detail/ins__traits.hpp
-- Installing: /home/mazen/mini_girona/install/stonefish_ros2/include/stonefish_ros2/stonefish_ros2/msg/detail/dvl__type_support.hpp
-- Installing: /home/mazen/mini_girona/install/stonefish_ros2/include/stonefish_ros2/stonefish_ros2/msg/detail/thruster_state__traits.hpp
-- Installing: /home/mazen/mini_girona/install/stonefish_ros2/include/stonefish_ros2/stonefish_ros2/msg/detail/beacon_info__struct.hpp
-- Up-to-date: /home/mazen/mini_girona/install/stonefish_ros2/include/stonefish_ros2/stonefish_ros2
-- Up-to-date: /home/mazen/mini_girona/install/stonefish_ros2/include/stonefish_ros2/stonefish_ros2/srv
-- Up-to-date: /home/mazen/mini_girona/install/stonefish_ros2/include/stonefish_ros2/stonefish_ros2/srv/detail
-- Installing: /home/mazen/mini_girona/install/stonefish_ros2/include/stonefish_ros2/stonefish_ros2/srv/detail/sonar_settings__rosidl_typesupport_fastrtps_cpp.hpp
-- Installing: /home/mazen/mini_girona/install/stonefish_ros2/include/stonefish_ros2/stonefish_ros2/srv/detail/respawn__rosidl_typesupport_fastrtps_cpp.hpp
-- Installing: /home/mazen/mini_girona/install/stonefish_ros2/include/stonefish_ros2/stonefish_ros2/srv/detail/sonar_settings2__rosidl_typesupport_fastrtps_cpp.hpp
-- Installing: /home/mazen/mini_girona/install/stonefish_ros2/include/stonefish_ros2/stonefish_ros2/srv/detail/dds_fastrtps
-- Up-to-date: /home/mazen/mini_girona/install/stonefish_ros2/include/stonefish_ros2/stonefish_ros2/msg
-- Installing: /home/mazen/mini_girona/install/stonefish_ros2/include/stonefish_ros2/stonefish_ros2/msg/rosidl_typesupport_fastrtps_cpp__visibility_control.h
-- Up-to-date: /home/mazen/mini_girona/install/stonefish_ros2/include/stonefish_ros2/stonefish_ros2/msg/detail
-- Installing: /home/mazen/mini_girona/install/stonefish_ros2/include/stonefish_ros2/stonefish_ros2/msg/detail/int32_stamped__rosidl_typesupport_fastrtps_cpp.hpp
-- Installing: /home/mazen/mini_girona/install/stonefish_ros2/include/stonefish_ros2/stonefish_ros2/msg/detail/debug_physics__rosidl_typesupport_fastrtps_cpp.hpp
-- Installing: /home/mazen/mini_girona/install/stonefish_ros2/include/stonefish_ros2/stonefish_ros2/msg/detail/dvl_beam__rosidl_typesupport_fastrtps_cpp.hpp
-- Installing: /home/mazen/mini_girona/install/stonefish_ros2/include/stonefish_ros2/stonefish_ros2/msg/detail/dvl__rosidl_typesupport_fastrtps_cpp.hpp
-- Installing: /home/mazen/mini_girona/install/stonefish_ros2/include/stonefish_ros2/stonefish_ros2/msg/detail/ins__rosidl_typesupport_fastrtps_cpp.hpp
-- Installing: /home/mazen/mini_girona/install/stonefish_ros2/include/stonefish_ros2/stonefish_ros2/msg/detail/dds_fastrtps
-- Installing: /home/mazen/mini_girona/install/stonefish_ros2/include/stonefish_ros2/stonefish_ros2/msg/detail/beacon_info__rosidl_typesupport_fastrtps_cpp.hpp
-- Installing: /home/mazen/mini_girona/install/stonefish_ros2/include/stonefish_ros2/stonefish_ros2/msg/detail/thruster_state__rosidl_typesupport_fastrtps_cpp.hpp
-- Installing: /home/mazen/mini_girona/install/stonefish_ros2/include/stonefish_ros2/stonefish_ros2/msg/detail/ned_pose__rosidl_typesupport_fastrtps_cpp.hpp
-- Installing: /home/mazen/mini_girona/install/stonefish_ros2/lib/libstonefish_ros2__rosidl_typesupport_fastrtps_cpp.so
-- Set runtime path of "/home/mazen/mini_girona/install/stonefish_ros2/lib/libstonefish_ros2__rosidl_typesupport_fastrtps_cpp.so" to ""
-- Up-to-date: /home/mazen/mini_girona/install/stonefish_ros2/include/stonefish_ros2/stonefish_ros2
-- Up-to-date: /home/mazen/mini_girona/install/stonefish_ros2/include/stonefish_ros2/stonefish_ros2/srv
-- Up-to-date: /home/mazen/mini_girona/install/stonefish_ros2/include/stonefish_ros2/stonefish_ros2/srv/detail
-- Installing: /home/mazen/mini_girona/install/stonefish_ros2/include/stonefish_ros2/stonefish_ros2/srv/detail/respawn__type_support.c
-- Installing: /home/mazen/mini_girona/install/stonefish_ros2/include/stonefish_ros2/stonefish_ros2/srv/detail/respawn__rosidl_typesupport_introspection_c.h
-- Installing: /home/mazen/mini_girona/install/stonefish_ros2/include/stonefish_ros2/stonefish_ros2/srv/detail/sonar_settings2__type_support.c
-- Installing: /home/mazen/mini_girona/install/stonefish_ros2/include/stonefish_ros2/stonefish_ros2/srv/detail/sonar_settings__rosidl_typesupport_introspection_c.h
-- Installing: /home/mazen/mini_girona/install/stonefish_ros2/include/stonefish_ros2/stonefish_ros2/srv/detail/sonar_settings__type_support.c
-- Installing: /home/mazen/mini_girona/install/stonefish_ros2/include/stonefish_ros2/stonefish_ros2/srv/detail/sonar_settings2__rosidl_typesupport_introspection_c.h
-- Up-to-date: /home/mazen/mini_girona/install/stonefish_ros2/include/stonefish_ros2/stonefish_ros2/msg
-- Installing: /home/mazen/mini_girona/install/stonefish_ros2/include/stonefish_ros2/stonefish_ros2/msg/rosidl_typesupport_introspection_c__visibility_control.h
-- Up-to-date: /home/mazen/mini_girona/install/stonefish_ros2/include/stonefish_ros2/stonefish_ros2/msg/detail
-- Installing: /home/mazen/mini_girona/install/stonefish_ros2/include/stonefish_ros2/stonefish_ros2/msg/detail/int32_stamped__rosidl_typesupport_introspection_c.h
-- Installing: /home/mazen/mini_girona/install/stonefish_ros2/include/stonefish_ros2/stonefish_ros2/msg/detail/dvl_beam__rosidl_typesupport_introspection_c.h
-- Installing: /home/mazen/mini_girona/install/stonefish_ros2/include/stonefish_ros2/stonefish_ros2/msg/detail/beacon_info__type_support.c
-- Installing: /home/mazen/mini_girona/install/stonefish_ros2/include/stonefish_ros2/stonefish_ros2/msg/detail/ned_pose__type_support.c
-- Installing: /home/mazen/mini_girona/install/stonefish_ros2/include/stonefish_ros2/stonefish_ros2/msg/detail/ins__type_support.c
-- Installing: /home/mazen/mini_girona/install/stonefish_ros2/include/stonefish_ros2/stonefish_ros2/msg/detail/thruster_state__type_support.c
-- Installing: /home/mazen/mini_girona/install/stonefish_ros2/include/stonefish_ros2/stonefish_ros2/msg/detail/thruster_state__rosidl_typesupport_introspection_c.h
-- Installing: /home/mazen/mini_girona/install/stonefish_ros2/include/stonefish_ros2/stonefish_ros2/msg/detail/dvl_beam__type_support.c
-- Installing: /home/mazen/mini_girona/install/stonefish_ros2/include/stonefish_ros2/stonefish_ros2/msg/detail/ins__rosidl_typesupport_introspection_c.h
-- Installing: /home/mazen/mini_girona/install/stonefish_ros2/include/stonefish_ros2/stonefish_ros2/msg/detail/dvl__rosidl_typesupport_introspection_c.h
-- Installing: /home/mazen/mini_girona/install/stonefish_ros2/include/stonefish_ros2/stonefish_ros2/msg/detail/debug_physics__type_support.c
-- Installing: /home/mazen/mini_girona/install/stonefish_ros2/include/stonefish_ros2/stonefish_ros2/msg/detail/dvl__type_support.c
-- Installing: /home/mazen/mini_girona/install/stonefish_ros2/include/stonefish_ros2/stonefish_ros2/msg/detail/debug_physics__rosidl_typesupport_introspection_c.h
-- Installing: /home/mazen/mini_girona/install/stonefish_ros2/include/stonefish_ros2/stonefish_ros2/msg/detail/beacon_info__rosidl_typesupport_introspection_c.h
-- Installing: /home/mazen/mini_girona/install/stonefish_ros2/include/stonefish_ros2/stonefish_ros2/msg/detail/ned_pose__rosidl_typesupport_introspection_c.h
-- Installing: /home/mazen/mini_girona/install/stonefish_ros2/include/stonefish_ros2/stonefish_ros2/msg/detail/int32_stamped__type_support.c
-- Installing: /home/mazen/mini_girona/install/stonefish_ros2/lib/libstonefish_ros2__rosidl_typesupport_introspection_c.so
-- Set runtime path of "/home/mazen/mini_girona/install/stonefish_ros2/lib/libstonefish_ros2__rosidl_typesupport_introspection_c.so" to ""
-- Installing: /home/mazen/mini_girona/install/stonefish_ros2/lib/libstonefish_ros2__rosidl_typesupport_c.so
-- Set runtime path of "/home/mazen/mini_girona/install/stonefish_ros2/lib/libstonefish_ros2__rosidl_typesupport_c.so" to ""
-- Up-to-date: /home/mazen/mini_girona/install/stonefish_ros2/include/stonefish_ros2/stonefish_ros2
-- Up-to-date: /home/mazen/mini_girona/install/stonefish_ros2/include/stonefish_ros2/stonefish_ros2/srv
-- Up-to-date: /home/mazen/mini_girona/install/stonefish_ros2/include/stonefish_ros2/stonefish_ros2/srv/detail
-- Installing: /home/mazen/mini_girona/install/stonefish_ros2/include/stonefish_ros2/stonefish_ros2/srv/detail/respawn__type_support.cpp
-- Installing: /home/mazen/mini_girona/install/stonefish_ros2/include/stonefish_ros2/stonefish_ros2/srv/detail/sonar_settings2__rosidl_typesupport_introspection_cpp.hpp
-- Installing: /home/mazen/mini_girona/install/stonefish_ros2/include/stonefish_ros2/stonefish_ros2/srv/detail/sonar_settings__rosidl_typesupport_introspection_cpp.hpp
-- Installing: /home/mazen/mini_girona/install/stonefish_ros2/include/stonefish_ros2/stonefish_ros2/srv/detail/sonar_settings__type_support.cpp
-- Installing: /home/mazen/mini_girona/install/stonefish_ros2/include/stonefish_ros2/stonefish_ros2/srv/detail/respawn__rosidl_typesupport_introspection_cpp.hpp
-- Installing: /home/mazen/mini_girona/install/stonefish_ros2/include/stonefish_ros2/stonefish_ros2/srv/detail/sonar_settings2__type_support.cpp
-- Up-to-date: /home/mazen/mini_girona/install/stonefish_ros2/include/stonefish_ros2/stonefish_ros2/msg
-- Up-to-date: /home/mazen/mini_girona/install/stonefish_ros2/include/stonefish_ros2/stonefish_ros2/msg/detail
-- Installing: /home/mazen/mini_girona/install/stonefish_ros2/include/stonefish_ros2/stonefish_ros2/msg/detail/ins__rosidl_typesupport_introspection_cpp.hpp
-- Installing: /home/mazen/mini_girona/install/stonefish_ros2/include/stonefish_ros2/stonefish_ros2/msg/detail/debug_physics__type_support.cpp
-- Installing: /home/mazen/mini_girona/install/stonefish_ros2/include/stonefish_ros2/stonefish_ros2/msg/detail/dvl__type_support.cpp
-- Installing: /home/mazen/mini_girona/install/stonefish_ros2/include/stonefish_ros2/stonefish_ros2/msg/detail/int32_stamped__type_support.cpp
-- Installing: /home/mazen/mini_girona/install/stonefish_ros2/include/stonefish_ros2/stonefish_ros2/msg/detail/ned_pose__rosidl_typesupport_introspection_cpp.hpp
-- Installing: /home/mazen/mini_girona/install/stonefish_ros2/include/stonefish_ros2/stonefish_ros2/msg/detail/ins__type_support.cpp
-- Installing: /home/mazen/mini_girona/install/stonefish_ros2/include/stonefish_ros2/stonefish_ros2/msg/detail/thruster_state__type_support.cpp
-- Installing: /home/mazen/mini_girona/install/stonefish_ros2/include/stonefish_ros2/stonefish_ros2/msg/detail/dvl_beam__type_support.cpp
-- Installing: /home/mazen/mini_girona/install/stonefish_ros2/include/stonefish_ros2/stonefish_ros2/msg/detail/beacon_info__type_support.cpp
-- Installing: /home/mazen/mini_girona/install/stonefish_ros2/include/stonefish_ros2/stonefish_ros2/msg/detail/dvl_beam__rosidl_typesupport_introspection_cpp.hpp
-- Installing: /home/mazen/mini_girona/install/stonefish_ros2/include/stonefish_ros2/stonefish_ros2/msg/detail/ned_pose__type_support.cpp
-- Installing: /home/mazen/mini_girona/install/stonefish_ros2/include/stonefish_ros2/stonefish_ros2/msg/detail/thruster_state__rosidl_typesupport_introspection_cpp.hpp
-- Installing: /home/mazen/mini_girona/install/stonefish_ros2/include/stonefish_ros2/stonefish_ros2/msg/detail/debug_physics__rosidl_typesupport_introspection_cpp.hpp
-- Installing: /home/mazen/mini_girona/install/stonefish_ros2/include/stonefish_ros2/stonefish_ros2/msg/detail/dvl__rosidl_typesupport_introspection_cpp.hpp
-- Installing: /home/mazen/mini_girona/install/stonefish_ros2/include/stonefish_ros2/stonefish_ros2/msg/detail/beacon_info__rosidl_typesupport_introspection_cpp.hpp
-- Installing: /home/mazen/mini_girona/install/stonefish_ros2/include/stonefish_ros2/stonefish_ros2/msg/detail/int32_stamped__rosidl_typesupport_introspection_cpp.hpp
-- Installing: /home/mazen/mini_girona/install/stonefish_ros2/lib/libstonefish_ros2__rosidl_typesupport_introspection_cpp.so
-- Set runtime path of "/home/mazen/mini_girona/install/stonefish_ros2/lib/libstonefish_ros2__rosidl_typesupport_introspection_cpp.so" to ""
-- Installing: /home/mazen/mini_girona/install/stonefish_ros2/lib/libstonefish_ros2__rosidl_typesupport_cpp.so
-- Set runtime path of "/home/mazen/mini_girona/install/stonefish_ros2/lib/libstonefish_ros2__rosidl_typesupport_cpp.so" to ""
-- Installing: /home/mazen/mini_girona/install/stonefish_ros2/share/stonefish_ros2/environment/pythonpath.sh
-- Installing: /home/mazen/mini_girona/install/stonefish_ros2/share/stonefish_ros2/environment/pythonpath.dsv
-- Installing: /home/mazen/mini_girona/install/stonefish_ros2/local/lib/python3.10/dist-packages/stonefish_ros2-1.3.0-py3.10.egg-info
-- Installing: /home/mazen/mini_girona/install/stonefish_ros2/local/lib/python3.10/dist-packages/stonefish_ros2-1.3.0-py3.10.egg-info/top_level.txt
-- Installing: /home/mazen/mini_girona/install/stonefish_ros2/local/lib/python3.10/dist-packages/stonefish_ros2-1.3.0-py3.10.egg-info/PKG-INFO
-- Installing: /home/mazen/mini_girona/install/stonefish_ros2/local/lib/python3.10/dist-packages/stonefish_ros2-1.3.0-py3.10.egg-info/dependency_links.txt
-- Installing: /home/mazen/mini_girona/install/stonefish_ros2/local/lib/python3.10/dist-packages/stonefish_ros2-1.3.0-py3.10.egg-info/SOURCES.txt
-- Installing: /home/mazen/mini_girona/install/stonefish_ros2/local/lib/python3.10/dist-packages/stonefish_ros2
-- Installing: /home/mazen/mini_girona/install/stonefish_ros2/local/lib/python3.10/dist-packages/stonefish_ros2/_stonefish_ros2_s.ep.rosidl_typesupport_fastrtps_c.c
-- Installing: /home/mazen/mini_girona/install/stonefish_ros2/local/lib/python3.10/dist-packages/stonefish_ros2/stonefish_ros2_s__rosidl_typesupport_introspection_c.cpython-310-x86_64-linux-gnu.so
-- Installing: /home/mazen/mini_girona/install/stonefish_ros2/local/lib/python3.10/dist-packages/stonefish_ros2/srv
-- Installing: /home/mazen/mini_girona/install/stonefish_ros2/local/lib/python3.10/dist-packages/stonefish_ros2/srv/_sonar_settings2.py
-- Installing: /home/mazen/mini_girona/install/stonefish_ros2/local/lib/python3.10/dist-packages/stonefish_ros2/srv/_sonar_settings.py
-- Installing: /home/mazen/mini_girona/install/stonefish_ros2/local/lib/python3.10/dist-packages/stonefish_ros2/srv/_respawn_s.c
-- Installing: /home/mazen/mini_girona/install/stonefish_ros2/local/lib/python3.10/dist-packages/stonefish_ros2/srv/_sonar_settings_s.c
-- Installing: /home/mazen/mini_girona/install/stonefish_ros2/local/lib/python3.10/dist-packages/stonefish_ros2/srv/__init__.py
-- Installing: /home/mazen/mini_girona/install/stonefish_ros2/local/lib/python3.10/dist-packages/stonefish_ros2/srv/_respawn.py
-- Installing: /home/mazen/mini_girona/install/stonefish_ros2/local/lib/python3.10/dist-packages/stonefish_ros2/srv/_sonar_settings2_s.c
-- Installing: /home/mazen/mini_girona/install/stonefish_ros2/local/lib/python3.10/dist-packages/stonefish_ros2/_stonefish_ros2_s.ep.rosidl_typesupport_introspection_c.c
-- Installing: /home/mazen/mini_girona/install/stonefish_ros2/local/lib/python3.10/dist-packages/stonefish_ros2/libstonefish_ros2__rosidl_generator_py.so
-- Installing: /home/mazen/mini_girona/install/stonefish_ros2/local/lib/python3.10/dist-packages/stonefish_ros2/__init__.py
-- Installing: /home/mazen/mini_girona/install/stonefish_ros2/local/lib/python3.10/dist-packages/stonefish_ros2/_stonefish_ros2_s.ep.rosidl_typesupport_c.c
-- Installing: /home/mazen/mini_girona/install/stonefish_ros2/local/lib/python3.10/dist-packages/stonefish_ros2/stonefish_ros2_s__rosidl_typesupport_fastrtps_c.cpython-310-x86_64-linux-gnu.so
-- Installing: /home/mazen/mini_girona/install/stonefish_ros2/local/lib/python3.10/dist-packages/stonefish_ros2/stonefish_ros2_s__rosidl_typesupport_c.cpython-310-x86_64-linux-gnu.so
-- Installing: /home/mazen/mini_girona/install/stonefish_ros2/local/lib/python3.10/dist-packages/stonefish_ros2/msg
-- Installing: /home/mazen/mini_girona/install/stonefish_ros2/local/lib/python3.10/dist-packages/stonefish_ros2/msg/_dvl_beam_s.c
-- Installing: /home/mazen/mini_girona/install/stonefish_ros2/local/lib/python3.10/dist-packages/stonefish_ros2/msg/_thruster_state_s.c
-- Installing: /home/mazen/mini_girona/install/stonefish_ros2/local/lib/python3.10/dist-packages/stonefish_ros2/msg/_ins_s.c
-- Installing: /home/mazen/mini_girona/install/stonefish_ros2/local/lib/python3.10/dist-packages/stonefish_ros2/msg/_ned_pose_s.c
-- Installing: /home/mazen/mini_girona/install/stonefish_ros2/local/lib/python3.10/dist-packages/stonefish_ros2/msg/_ned_pose.py
-- Installing: /home/mazen/mini_girona/install/stonefish_ros2/local/lib/python3.10/dist-packages/stonefish_ros2/msg/_debug_physics_s.c
-- Installing: /home/mazen/mini_girona/install/stonefish_ros2/local/lib/python3.10/dist-packages/stonefish_ros2/msg/_int32_stamped.py
-- Installing: /home/mazen/mini_girona/install/stonefish_ros2/local/lib/python3.10/dist-packages/stonefish_ros2/msg/_int32_stamped_s.c
-- Installing: /home/mazen/mini_girona/install/stonefish_ros2/local/lib/python3.10/dist-packages/stonefish_ros2/msg/__init__.py
-- Installing: /home/mazen/mini_girona/install/stonefish_ros2/local/lib/python3.10/dist-packages/stonefish_ros2/msg/_ins.py
-- Installing: /home/mazen/mini_girona/install/stonefish_ros2/local/lib/python3.10/dist-packages/stonefish_ros2/msg/_beacon_info.py
-- Installing: /home/mazen/mini_girona/install/stonefish_ros2/local/lib/python3.10/dist-packages/stonefish_ros2/msg/_dvl_s.c
-- Installing: /home/mazen/mini_girona/install/stonefish_ros2/local/lib/python3.10/dist-packages/stonefish_ros2/msg/_beacon_info_s.c
-- Installing: /home/mazen/mini_girona/install/stonefish_ros2/local/lib/python3.10/dist-packages/stonefish_ros2/msg/_dvl_beam.py
-- Installing: /home/mazen/mini_girona/install/stonefish_ros2/local/lib/python3.10/dist-packages/stonefish_ros2/msg/_dvl.py
-- Installing: /home/mazen/mini_girona/install/stonefish_ros2/local/lib/python3.10/dist-packages/stonefish_ros2/msg/_debug_physics.py
-- Installing: /home/mazen/mini_girona/install/stonefish_ros2/local/lib/python3.10/dist-packages/stonefish_ros2/msg/_thruster_state.py
Listing '/home/mazen/mini_girona/install/stonefish_ros2/local/lib/python3.10/dist-packages/stonefish_ros2'...
Compiling '/home/mazen/mini_girona/install/stonefish_ros2/local/lib/python3.10/dist-packages/stonefish_ros2/__init__.py'...
Listing '/home/mazen/mini_girona/install/stonefish_ros2/local/lib/python3.10/dist-packages/stonefish_ros2/msg'...
Compiling '/home/mazen/mini_girona/install/stonefish_ros2/local/lib/python3.10/dist-packages/stonefish_ros2/msg/__init__.py'...
Compiling '/home/mazen/mini_girona/install/stonefish_ros2/local/lib/python3.10/dist-packages/stonefish_ros2/msg/_beacon_info.py'...
Compiling '/home/mazen/mini_girona/install/stonefish_ros2/local/lib/python3.10/dist-packages/stonefish_ros2/msg/_debug_physics.py'...
Compiling '/home/mazen/mini_girona/install/stonefish_ros2/local/lib/python3.10/dist-packages/stonefish_ros2/msg/_dvl.py'...
Compiling '/home/mazen/mini_girona/install/stonefish_ros2/local/lib/python3.10/dist-packages/stonefish_ros2/msg/_dvl_beam.py'...
Compiling '/home/mazen/mini_girona/install/stonefish_ros2/local/lib/python3.10/dist-packages/stonefish_ros2/msg/_ins.py'...
Compiling '/home/mazen/mini_girona/install/stonefish_ros2/local/lib/python3.10/dist-packages/stonefish_ros2/msg/_int32_stamped.py'...
Compiling '/home/mazen/mini_girona/install/stonefish_ros2/local/lib/python3.10/dist-packages/stonefish_ros2/msg/_ned_pose.py'...
Compiling '/home/mazen/mini_girona/install/stonefish_ros2/local/lib/python3.10/dist-packages/stonefish_ros2/msg/_thruster_state.py'...
Listing '/home/mazen/mini_girona/install/stonefish_ros2/local/lib/python3.10/dist-packages/stonefish_ros2/srv'...
Compiling '/home/mazen/mini_girona/install/stonefish_ros2/local/lib/python3.10/dist-packages/stonefish_ros2/srv/__init__.py'...
Compiling '/home/mazen/mini_girona/install/stonefish_ros2/local/lib/python3.10/dist-packages/stonefish_ros2/srv/_respawn.py'...
Compiling '/home/mazen/mini_girona/install/stonefish_ros2/local/lib/python3.10/dist-packages/stonefish_ros2/srv/_sonar_settings.py'...
Compiling '/home/mazen/mini_girona/install/stonefish_ros2/local/lib/python3.10/dist-packages/stonefish_ros2/srv/_sonar_settings2.py'...
-- Installing: /home/mazen/mini_girona/install/stonefish_ros2/local/lib/python3.10/dist-packages/stonefish_ros2/stonefish_ros2_s__rosidl_typesupport_fastrtps_c.cpython-310-x86_64-linux-gnu.so
-- Set runtime path of "/home/mazen/mini_girona/install/stonefish_ros2/local/lib/python3.10/dist-packages/stonefish_ros2/stonefish_ros2_s__rosidl_typesupport_fastrtps_c.cpython-310-x86_64-linux-gnu.so" to ""
-- Installing: /home/mazen/mini_girona/install/stonefish_ros2/local/lib/python3.10/dist-packages/stonefish_ros2/stonefish_ros2_s__rosidl_typesupport_introspection_c.cpython-310-x86_64-linux-gnu.so
-- Set runtime path of "/home/mazen/mini_girona/install/stonefish_ros2/local/lib/python3.10/dist-packages/stonefish_ros2/stonefish_ros2_s__rosidl_typesupport_introspection_c.cpython-310-x86_64-linux-gnu.so" to ""
-- Installing: /home/mazen/mini_girona/install/stonefish_ros2/local/lib/python3.10/dist-packages/stonefish_ros2/stonefish_ros2_s__rosidl_typesupport_c.cpython-310-x86_64-linux-gnu.so
-- Set runtime path of "/home/mazen/mini_girona/install/stonefish_ros2/local/lib/python3.10/dist-packages/stonefish_ros2/stonefish_ros2_s__rosidl_typesupport_c.cpython-310-x86_64-linux-gnu.so" to ""
-- Installing: /home/mazen/mini_girona/install/stonefish_ros2/lib/libstonefish_ros2__rosidl_generator_py.so
-- Set runtime path of "/home/mazen/mini_girona/install/stonefish_ros2/lib/libstonefish_ros2__rosidl_generator_py.so" to ""
-- Installing: /home/mazen/mini_girona/install/stonefish_ros2/share/stonefish_ros2/msg/Int32Stamped.idl
-- Installing: /home/mazen/mini_girona/install/stonefish_ros2/share/stonefish_ros2/msg/BeaconInfo.idl
-- Installing: /home/mazen/mini_girona/install/stonefish_ros2/share/stonefish_ros2/msg/NEDPose.idl
-- Installing: /home/mazen/mini_girona/install/stonefish_ros2/share/stonefish_ros2/msg/INS.idl
-- Installing: /home/mazen/mini_girona/install/stonefish_ros2/share/stonefish_ros2/msg/DVLBeam.idl
-- Installing: /home/mazen/mini_girona/install/stonefish_ros2/share/stonefish_ros2/msg/DVL.idl
-- Installing: /home/mazen/mini_girona/install/stonefish_ros2/share/stonefish_ros2/msg/ThrusterState.idl
-- Installing: /home/mazen/mini_girona/install/stonefish_ros2/share/stonefish_ros2/msg/DebugPhysics.idl
-- Installing: /home/mazen/mini_girona/install/stonefish_ros2/share/stonefish_ros2/srv/SonarSettings.idl
-- Installing: /home/mazen/mini_girona/install/stonefish_ros2/share/stonefish_ros2/srv/SonarSettings2.idl
-- Installing: /home/mazen/mini_girona/install/stonefish_ros2/share/stonefish_ros2/srv/Respawn.idl
-- Installing: /home/mazen/mini_girona/install/stonefish_ros2/share/stonefish_ros2/msg/Int32Stamped.msg
-- Installing: /home/mazen/mini_girona/install/stonefish_ros2/share/stonefish_ros2/msg/BeaconInfo.msg
-- Installing: /home/mazen/mini_girona/install/stonefish_ros2/share/stonefish_ros2/msg/NEDPose.msg
-- Installing: /home/mazen/mini_girona/install/stonefish_ros2/share/stonefish_ros2/msg/INS.msg
-- Installing: /home/mazen/mini_girona/install/stonefish_ros2/share/stonefish_ros2/msg/DVLBeam.msg
-- Installing: /home/mazen/mini_girona/install/stonefish_ros2/share/stonefish_ros2/msg/DVL.msg
-- Installing: /home/mazen/mini_girona/install/stonefish_ros2/share/stonefish_ros2/msg/ThrusterState.msg
-- Installing: /home/mazen/mini_girona/install/stonefish_ros2/share/stonefish_ros2/msg/DebugPhysics.msg
-- Installing: /home/mazen/mini_girona/install/stonefish_ros2/share/stonefish_ros2/srv/SonarSettings.srv
-- Installing: /home/mazen/mini_girona/install/stonefish_ros2/share/stonefish_ros2/srv/SonarSettings_Request.msg
-- Installing: /home/mazen/mini_girona/install/stonefish_ros2/share/stonefish_ros2/srv/SonarSettings_Response.msg
-- Installing: /home/mazen/mini_girona/install/stonefish_ros2/share/stonefish_ros2/srv/SonarSettings2.srv
-- Installing: /home/mazen/mini_girona/install/stonefish_ros2/share/stonefish_ros2/srv/SonarSettings2_Request.msg
-- Installing: /home/mazen/mini_girona/install/stonefish_ros2/share/stonefish_ros2/srv/SonarSettings2_Response.msg
-- Installing: /home/mazen/mini_girona/install/stonefish_ros2/share/stonefish_ros2/srv/Respawn.srv
-- Installing: /home/mazen/mini_girona/install/stonefish_ros2/share/stonefish_ros2/srv/Respawn_Request.msg
-- Installing: /home/mazen/mini_girona/install/stonefish_ros2/share/stonefish_ros2/srv/Respawn_Response.msg
-- Installing: /home/mazen/mini_girona/install/stonefish_ros2/lib/libstonefish_ros2_interface.so
-- Set runtime path of "/home/mazen/mini_girona/install/stonefish_ros2/lib/libstonefish_ros2_interface.so" to ""
-- Installing: /home/mazen/mini_girona/install/stonefish_ros2/include/include
-- Installing: /home/mazen/mini_girona/install/stonefish_ros2/include/include/stonefish_ros2
-- Installing: /home/mazen/mini_girona/install/stonefish_ros2/include/include/stonefish_ros2/ROS2Interface.h
-- Installing: /home/mazen/mini_girona/install/stonefish_ros2/include/include/stonefish_ros2/ROS2SimulationManager.h
-- Installing: /home/mazen/mini_girona/install/stonefish_ros2/include/include/stonefish_ros2/ROS2ScenarioParser.h
-- Installing: /home/mazen/mini_girona/install/stonefish_ros2/include/include/stonefish_ros2/ROS2ConsoleSimulationApp.h
-- Installing: /home/mazen/mini_girona/install/stonefish_ros2/include/include/stonefish_ros2/ROS2GraphicalSimulationApp.h
-- Installing: /home/mazen/mini_girona/install/stonefish_ros2/lib/stonefish_ros2/stonefish_simulator
-- Set runtime path of "/home/mazen/mini_girona/install/stonefish_ros2/lib/stonefish_ros2/stonefish_simulator" to ""
-- Installing: /home/mazen/mini_girona/install/stonefish_ros2/lib/stonefish_ros2/stonefish_simulator_nogpu
-- Set runtime path of "/home/mazen/mini_girona/install/stonefish_ros2/lib/stonefish_ros2/stonefish_simulator_nogpu" to ""
-- Installing: /home/mazen/mini_girona/install/stonefish_ros2/share/stonefish_ros2/launch
-- Installing: /home/mazen/mini_girona/install/stonefish_ros2/share/stonefish_ros2/launch/stonefish_simulator_nogpu.launch.py
-- Installing: /home/mazen/mini_girona/install/stonefish_ros2/share/stonefish_ros2/launch/stonefish_simulator.launch.py
-- Installing: /home/mazen/mini_girona/install/stonefish_ros2/share/ament_index/resource_index/package_run_dependencies/stonefish_ros2
-- Installing: /home/mazen/mini_girona/install/stonefish_ros2/share/ament_index/resource_index/parent_prefix_path/stonefish_ros2
-- Installing: /home/mazen/mini_girona/install/stonefish_ros2/share/stonefish_ros2/environment/ament_prefix_path.sh
-- Installing: /home/mazen/mini_girona/install/stonefish_ros2/share/stonefish_ros2/environment/ament_prefix_path.dsv
-- Installing: /home/mazen/mini_girona/install/stonefish_ros2/share/stonefish_ros2/environment/path.sh
-- Installing: /home/mazen/mini_girona/install/stonefish_ros2/share/stonefish_ros2/environment/path.dsv
-- Installing: /home/mazen/mini_girona/install/stonefish_ros2/share/stonefish_ros2/local_setup.bash
-- Installing: /home/mazen/mini_girona/install/stonefish_ros2/share/stonefish_ros2/local_setup.sh
-- Installing: /home/mazen/mini_girona/install/stonefish_ros2/share/stonefish_ros2/local_setup.zsh
-- Installing: /home/mazen/mini_girona/install/stonefish_ros2/share/stonefish_ros2/local_setup.dsv
-- Installing: /home/mazen/mini_girona/install/stonefish_ros2/share/stonefish_ros2/package.dsv
-- Installing: /home/mazen/mini_girona/install/stonefish_ros2/share/ament_index/resource_index/packages/stonefish_ros2
-- Installing: /home/mazen/mini_girona/install/stonefish_ros2/share/stonefish_ros2/cmake/export_stonefish_ros2__rosidl_generator_cExport.cmake
-- Installing: /home/mazen/mini_girona/install/stonefish_ros2/share/stonefish_ros2/cmake/export_stonefish_ros2__rosidl_generator_cExport-noconfig.cmake
-- Installing: /home/mazen/mini_girona/install/stonefish_ros2/share/stonefish_ros2/cmake/export_stonefish_ros2__rosidl_typesupport_fastrtps_cExport.cmake
-- Installing: /home/mazen/mini_girona/install/stonefish_ros2/share/stonefish_ros2/cmake/export_stonefish_ros2__rosidl_typesupport_fastrtps_cExport-noconfig.cmake
-- Installing: /home/mazen/mini_girona/install/stonefish_ros2/share/stonefish_ros2/cmake/export_stonefish_ros2__rosidl_generator_cppExport.cmake
-- Installing: /home/mazen/mini_girona/install/stonefish_ros2/share/stonefish_ros2/cmake/export_stonefish_ros2__rosidl_typesupport_fastrtps_cppExport.cmake
-- Installing: /home/mazen/mini_girona/install/stonefish_ros2/share/stonefish_ros2/cmake/export_stonefish_ros2__rosidl_typesupport_fastrtps_cppExport-noconfig.cmake
-- Installing: /home/mazen/mini_girona/install/stonefish_ros2/share/stonefish_ros2/cmake/stonefish_ros2__rosidl_typesupport_introspection_cExport.cmake
-- Installing: /home/mazen/mini_girona/install/stonefish_ros2/share/stonefish_ros2/cmake/stonefish_ros2__rosidl_typesupport_introspection_cExport-noconfig.cmake
-- Installing: /home/mazen/mini_girona/install/stonefish_ros2/share/stonefish_ros2/cmake/stonefish_ros2__rosidl_typesupport_cExport.cmake
-- Installing: /home/mazen/mini_girona/install/stonefish_ros2/share/stonefish_ros2/cmake/stonefish_ros2__rosidl_typesupport_cExport-noconfig.cmake
-- Installing: /home/mazen/mini_girona/install/stonefish_ros2/share/stonefish_ros2/cmake/stonefish_ros2__rosidl_typesupport_introspection_cppExport.cmake
-- Installing: /home/mazen/mini_girona/install/stonefish_ros2/share/stonefish_ros2/cmake/stonefish_ros2__rosidl_typesupport_introspection_cppExport-noconfig.cmake
-- Installing: /home/mazen/mini_girona/install/stonefish_ros2/share/stonefish_ros2/cmake/stonefish_ros2__rosidl_typesupport_cppExport.cmake
-- Installing: /home/mazen/mini_girona/install/stonefish_ros2/share/stonefish_ros2/cmake/stonefish_ros2__rosidl_typesupport_cppExport-noconfig.cmake
-- Installing: /home/mazen/mini_girona/install/stonefish_ros2/share/stonefish_ros2/cmake/export_stonefish_ros2__rosidl_generator_pyExport.cmake
-- Installing: /home/mazen/mini_girona/install/stonefish_ros2/share/stonefish_ros2/cmake/export_stonefish_ros2__rosidl_generator_pyExport-noconfig.cmake
-- Installing: /home/mazen/mini_girona/install/stonefish_ros2/share/stonefish_ros2/cmake/rosidl_cmake-extras.cmake
-- Installing: /home/mazen/mini_girona/install/stonefish_ros2/share/stonefish_ros2/cmake/ament_cmake_export_dependencies-extras.cmake
-- Installing: /home/mazen/mini_girona/install/stonefish_ros2/share/stonefish_ros2/cmake/ament_cmake_export_include_directories-extras.cmake
-- Installing: /home/mazen/mini_girona/install/stonefish_ros2/share/stonefish_ros2/cmake/ament_cmake_export_libraries-extras.cmake
-- Installing: /home/mazen/mini_girona/install/stonefish_ros2/share/stonefish_ros2/cmake/ament_cmake_export_targets-extras.cmake
-- Installing: /home/mazen/mini_girona/install/stonefish_ros2/share/stonefish_ros2/cmake/rosidl_cmake_export_typesupport_targets-extras.cmake
-- Installing: /home/mazen/mini_girona/install/stonefish_ros2/share/stonefish_ros2/cmake/rosidl_cmake_export_typesupport_libraries-extras.cmake
-- Installing: /home/mazen/mini_girona/install/stonefish_ros2/share/stonefish_ros2/cmake/stonefish_ros2Config.cmake
-- Installing: /home/mazen/mini_girona/install/stonefish_ros2/share/stonefish_ros2/cmake/stonefish_ros2Config-version.cmake
-- Installing: /home/mazen/mini_girona/install/stonefish_ros2/share/stonefish_ros2/package.xml
