[0.008s] Invoking command in '/home/mazen/mini_girona/build/stonefish_ros2': CMAKE_PREFIX_PATH=${CMAKE_PREFIX_PATH}:/opt/ros/humble /usr/bin/cmake /home/mazen/mini_girona/src/stonefish_ros2 -DCMAKE_INSTALL_PREFIX=/home/mazen/mini_girona/install/stonefish_ros2
[0.059s] -- The C compiler identification is GNU 11.4.0
[0.111s] -- The CXX compiler identification is GNU 11.4.0
[0.117s] -- Detecting C compiler ABI info
[0.181s] -- Detecting C compiler ABI info - done
[0.188s] -- Check for working C compiler: /usr/bin/cc - skipped
[0.188s] -- Detecting C compile features
[0.189s] -- Detecting C compile features - done
[0.191s] -- Detecting CXX compiler ABI info
[0.266s] -- Detecting CXX compiler ABI info - done
[0.273s] -- Check for working CXX compiler: /usr/bin/c++ - skipped
[0.273s] -- Detecting CXX compile features
[0.274s] -- Detecting CXX compile features - done
[0.276s] -- Found ament_cmake: 1.3.11 (/opt/ros/humble/share/ament_cmake/cmake)
[0.409s] -- Found Python3: /usr/bin/python3 (found version "3.10.12") found components: Interpreter 
[0.485s] -- Found rclcpp: 16.0.11 (/opt/ros/humble/share/rclcpp/cmake)
[0.520s] -- Found rosidl_generator_c: 3.1.6 (/opt/ros/humble/share/rosidl_generator_c/cmake)
[0.524s] -- Found rosidl_adapter: 3.1.6 (/opt/ros/humble/share/rosidl_adapter/cmake)
[0.531s] -- Found rosidl_generator_cpp: 3.1.6 (/opt/ros/humble/share/rosidl_generator_cpp/cmake)
[0.542s] -- Using all available rosidl_typesupport_c: rosidl_typesupport_fastrtps_c;rosidl_typesupport_introspection_c
[0.556s] -- Using all available rosidl_typesupport_cpp: rosidl_typesupport_fastrtps_cpp;rosidl_typesupport_introspection_cpp
[0.594s] -- Found rmw_implementation_cmake: 6.1.2 (/opt/ros/humble/share/rmw_implementation_cmake/cmake)
[0.597s] -- Found rmw_fastrtps_cpp: 6.2.7 (/opt/ros/humble/share/rmw_fastrtps_cpp/cmake)
[0.670s] -- Found OpenSSL: /usr/lib/x86_64-linux-gnu/libcrypto.so (found version "3.0.2")  
[0.691s] -- Found FastRTPS: /opt/ros/humble/include  
[0.724s] -- Using RMW implementation 'rmw_fastrtps_cpp' as default
[0.732s] -- Looking for pthread.h
[0.802s] -- Looking for pthread.h - found
[0.803s] -- Performing Test CMAKE_HAVE_LIBC_PTHREAD
[0.911s] -- Performing Test CMAKE_HAVE_LIBC_PTHREAD - Success
[0.913s] -- Found Threads: TRUE  
[0.969s] -- Found std_srvs: 4.2.4 (/opt/ros/humble/share/std_srvs/cmake)
[0.978s] -- Found geometry_msgs: 4.2.4 (/opt/ros/humble/share/geometry_msgs/cmake)
[0.991s] -- Found nav_msgs: 4.2.4 (/opt/ros/humble/share/nav_msgs/cmake)
[1.007s] -- Found sensor_msgs: 4.2.4 (/opt/ros/humble/share/sensor_msgs/cmake)
[1.024s] -- Found visualization_msgs: 4.2.4 (/opt/ros/humble/share/visualization_msgs/cmake)
[1.045s] -- Found rosidl_default_generators: 1.2.0 (/opt/ros/humble/share/rosidl_default_generators/cmake)
[1.053s] -- Found pcl_conversions: 2.4.5 (/opt/ros/humble/share/pcl_conversions/cmake)
[1.087s] -- Checking for module 'eigen3'
[1.098s] --   Found eigen3, version 3.4.0
[1.127s] -- Found Eigen: /usr/include/eigen3 (Required is at least version "3.1") 
[1.127s] -- Eigen found (include: /usr/include/eigen3, version: 3.4.0)
[1.156s] -- Checking for module 'flann'
[1.168s] --   Found flann, version 1.9.1
[1.201s] -- Found FLANN: /usr/lib/x86_64-linux-gnu/libflann_cpp.so  
[1.201s] -- FLANN found (include: /usr/include, lib: /usr/lib/x86_64-linux-gnu/libflann_cpp.so)
[2.122s] -- Checking for module 'libusb-1.0'
[2.135s] --   Found libusb-1.0, version 1.0.25
[2.166s] -- Found libusb: /usr/lib/x86_64-linux-gnu/libusb-1.0.so  
[2.167s] -- OpenNI found (version: 1.5.4.0, include: /usr/include/ni, lib: /usr/lib/libOpenNI.so;libusb::libusb)
[2.215s] -- OpenNI2 found (version: 2.2.0.33, include: /usr/include/openni2, lib: /usr/lib/x86_64-linux-gnu/libOpenNI2.so;libusb::libusb)
[2.349s] -- Eigen found (include: /usr/include/eigen3, version: 3.4.0)
[2.355s] -- OpenNI found (version: 1.5.4.0, include: /usr/include/ni, lib: /usr/lib/libOpenNI.so;libusb::libusb)
[2.361s] -- OpenNI2 found (version: 2.2.0.33, include: /usr/include/openni2, lib: /usr/lib/x86_64-linux-gnu/libOpenNI2.so;libusb::libusb)
[2.489s] -- Found Qhull version 8.0.2
[2.620s] -- OpenNI found (version: 1.5.4.0, include: /usr/include/ni, lib: /usr/lib/libOpenNI.so;libusb::libusb)
[2.745s] -- Found PCL_COMMON: /usr/lib/x86_64-linux-gnu/libpcl_common.so  
[2.746s] -- Found PCL_KDTREE: /usr/lib/x86_64-linux-gnu/libpcl_kdtree.so  
[2.747s] -- Found PCL_OCTREE: /usr/lib/x86_64-linux-gnu/libpcl_octree.so  
[2.747s] -- Found PCL_SEARCH: /usr/lib/x86_64-linux-gnu/libpcl_search.so  
[2.748s] -- Found PCL_SAMPLE_CONSENSUS: /usr/lib/x86_64-linux-gnu/libpcl_sample_consensus.so  
[2.749s] -- Found PCL_FILTERS: /usr/lib/x86_64-linux-gnu/libpcl_filters.so  
[2.749s] -- Found PCL_2D: /usr/include/pcl-1.12  
[2.749s] -- Found PCL_GEOMETRY: /usr/include/pcl-1.12  
[2.750s] -- Found PCL_IO: /usr/lib/x86_64-linux-gnu/libpcl_io.so  
[2.751s] -- Found PCL_FEATURES: /usr/lib/x86_64-linux-gnu/libpcl_features.so  
[2.752s] -- Found PCL_ML: /usr/lib/x86_64-linux-gnu/libpcl_ml.so  
[2.752s] -- Found PCL_SEGMENTATION: /usr/lib/x86_64-linux-gnu/libpcl_segmentation.so  
[2.753s] -- Found PCL_VISUALIZATION: /usr/lib/x86_64-linux-gnu/libpcl_visualization.so  
[2.754s] -- Found PCL_SURFACE: /usr/lib/x86_64-linux-gnu/libpcl_surface.so  
[2.755s] -- Found PCL_REGISTRATION: /usr/lib/x86_64-linux-gnu/libpcl_registration.so  
[2.755s] -- Found PCL_KEYPOINTS: /usr/lib/x86_64-linux-gnu/libpcl_keypoints.so  
[2.757s] -- Found PCL_TRACKING: /usr/lib/x86_64-linux-gnu/libpcl_tracking.so  
[2.757s] -- Found PCL_RECOGNITION: /usr/lib/x86_64-linux-gnu/libpcl_recognition.so  
[2.758s] -- Found PCL_STEREO: /usr/lib/x86_64-linux-gnu/libpcl_stereo.so  
[2.759s] -- Found PCL_APPS: /usr/lib/x86_64-linux-gnu/libpcl_apps.so  
[2.759s] -- Found PCL_IN_HAND_SCANNER: /usr/include/pcl-1.12  
[2.760s] -- Found PCL_MODELER: /usr/include/pcl-1.12  
[2.760s] -- Found PCL_POINT_CLOUD_EDITOR: /usr/include/pcl-1.12  
[2.761s] -- Found PCL_OUTOFCORE: /usr/lib/x86_64-linux-gnu/libpcl_outofcore.so  
[2.762s] -- Found PCL_PEOPLE: /usr/lib/x86_64-linux-gnu/libpcl_people.so  
[2.764s] -- Found image_transport: 3.1.10 (/opt/ros/humble/share/image_transport/cmake)
[2.787s] -- Found tf2: 0.25.11 (/opt/ros/humble/share/tf2/cmake)
[2.791s] -- Found tf2_ros: 0.25.11 (/opt/ros/humble/share/tf2_ros/cmake)
[2.869s] -- Found OpenGL: /usr/lib/x86_64-linux-gnu/libOpenGL.so   
[2.874s] -- Found Freetype: /usr/lib/x86_64-linux-gnu/libfreetype.so (found version "2.11.1") 
[3.098s] -- Found OpenMP_C: -fopenmp (found version "4.5") 
[3.185s] -- Found OpenMP_CXX: -fopenmp (found version "4.5") 
[3.185s] -- Found OpenMP: TRUE (found version "4.5")  
[3.511s] -- Found ament_cmake_ros: 0.10.0 (/opt/ros/humble/share/ament_cmake_ros/cmake)
[3.898s] -- Using all available rosidl_typesupport_c: rosidl_typesupport_fastrtps_c;rosidl_typesupport_introspection_c
[4.048s] -- Using all available rosidl_typesupport_cpp: rosidl_typesupport_fastrtps_cpp;rosidl_typesupport_introspection_cpp
[4.069s] -- Found PythonInterp: /usr/bin/python3 (found suitable version "3.10.12", minimum required is "3.6") 
[4.070s] -- Found python_cmake_module: 0.10.0 (/opt/ros/humble/share/python_cmake_module/cmake)
[4.093s] -- Found PythonLibs: /usr/lib/x86_64-linux-gnu/libpython3.10.so (found suitable version "3.10.12", minimum required is "3.5") 
[4.094s] -- Using PYTHON_EXECUTABLE: /usr/bin/python3
[4.094s] -- Using PYTHON_INCLUDE_DIRS: /usr/include/python3.10
[4.094s] -- Using PYTHON_LIBRARIES: /usr/lib/x86_64-linux-gnu/libpython3.10.so
[4.113s] -- Found PythonExtra: .so  
[4.177s] [33mCMake Warning (dev) at CMakeLists.txt:44 (find_package):
[4.177s]   Policy CMP0074 is not set: find_package uses <PackageName>_ROOT variables.
[4.177s]   Run "cmake --help-policy CMP0074" for policy details.  Use the cmake_policy
[4.177s]   command to set the policy and suppress this warning.
[4.177s] 
[4.178s]   CMake variable PCL_ROOT is set to:
[4.178s] 
[4.178s]     /usr
[4.178s] 
[4.178s]   For compatibility, CMake is ignoring the variable.
[4.178s] This warning is for project developers.  Use -Wno-dev to suppress it.
[4.178s] [0m
[4.199s] -- Found ament_lint_auto: 0.12.11 (/opt/ros/humble/share/ament_lint_auto/cmake)
[4.218s] -- Added test 'cppcheck' to perform static code analysis on C / C++ code
[4.218s] -- Configured cppcheck include dirs: $<BUILD_INTERFACE:/home/mazen/mini_girona/src/stonefish_ros2/include>
[4.218s] -- Configured cppcheck exclude dirs and/or files: 
[4.219s] -- Added test 'flake8' to check Python code syntax and style conventions
[4.221s] -- Added test 'lint_cmake' to check CMake code style
[4.222s] -- Added test 'pep257' to check Python code against some of the docstring style conventions in PEP 257
[4.226s] -- Added test 'uncrustify' to check C / C++ code style
[4.226s] -- Configured uncrustify additional arguments: 
[4.227s] -- Added test 'xmllint' to check XML markup files
[4.230s] -- Configuring done
[4.363s] -- Generating done
[4.391s] -- Build files have been written to: /home/mazen/mini_girona/build/stonefish_ros2
[4.410s] Invoked command in '/home/mazen/mini_girona/build/stonefish_ros2' returned '0': CMAKE_PREFIX_PATH=${CMAKE_PREFIX_PATH}:/opt/ros/humble /usr/bin/cmake /home/mazen/mini_girona/src/stonefish_ros2 -DCMAKE_INSTALL_PREFIX=/home/mazen/mini_girona/install/stonefish_ros2
[4.412s] Invoking command in '/home/mazen/mini_girona/build/stonefish_ros2': CMAKE_PREFIX_PATH=${CMAKE_PREFIX_PATH}:/opt/ros/humble /usr/bin/cmake --build /home/mazen/mini_girona/build/stonefish_ros2 -- -j12 -l12
[4.456s] [  1%] [34m[1mGenerating C code for ROS interfaces[0m
[4.467s] [  1%] [34m[1mGenerating C++ code for ROS interfaces[0m
[4.474s] [  1%] Built target ament_cmake_python_copy_stonefish_ros2
[4.677s] running egg_info
[4.677s] creating stonefish_ros2.egg-info
[4.678s] writing stonefish_ros2.egg-info/PKG-INFO
[4.678s] writing dependency_links to stonefish_ros2.egg-info/dependency_links.txt
[4.678s] writing top-level names to stonefish_ros2.egg-info/top_level.txt
[4.678s] writing manifest file 'stonefish_ros2.egg-info/SOURCES.txt'
[4.680s] reading manifest file 'stonefish_ros2.egg-info/SOURCES.txt'
[4.680s] writing manifest file 'stonefish_ros2.egg-info/SOURCES.txt'
[4.704s] [  1%] Built target ament_cmake_python_build_stonefish_ros2_egg
[5.509s] [  1%] Built target stonefish_ros2__cpp
[5.520s] [  2%] [34m[1mGenerating C++ type support dispatch for ROS interfaces[0m
[5.520s] [  4%] [34m[1mGenerating C++ type support for eProsima Fast-RTPS[0m
[5.520s] [  4%] [34m[1mGenerating C++ introspection for ROS interfaces[0m
[5.543s] [  5%] [32mBuilding C object CMakeFiles/stonefish_ros2__rosidl_generator_c.dir/rosidl_generator_c/stonefish_ros2/msg/detail/beacon_info__functions.c.o[0m
[5.543s] [  5%] [32mBuilding C object CMakeFiles/stonefish_ros2__rosidl_generator_c.dir/rosidl_generator_c/stonefish_ros2/msg/detail/ned_pose__functions.c.o[0m
[5.544s] [  7%] [32mBuilding C object CMakeFiles/stonefish_ros2__rosidl_generator_c.dir/rosidl_generator_c/stonefish_ros2/msg/detail/ins__functions.c.o[0m
[5.544s] [  7%] [32mBuilding C object CMakeFiles/stonefish_ros2__rosidl_generator_c.dir/rosidl_generator_c/stonefish_ros2/msg/detail/dvl_beam__functions.c.o[0m
[5.544s] [  8%] [32mBuilding C object CMakeFiles/stonefish_ros2__rosidl_generator_c.dir/rosidl_generator_c/stonefish_ros2/msg/detail/int32_stamped__functions.c.o[0m
[5.544s] [ 10%] [32mBuilding C object CMakeFiles/stonefish_ros2__rosidl_generator_c.dir/rosidl_generator_c/stonefish_ros2/msg/detail/debug_physics__functions.c.o[0m
[5.544s] [ 10%] [32mBuilding C object CMakeFiles/stonefish_ros2__rosidl_generator_c.dir/rosidl_generator_c/stonefish_ros2/msg/detail/dvl__functions.c.o[0m
[5.544s] [ 11%] [32mBuilding C object CMakeFiles/stonefish_ros2__rosidl_generator_c.dir/rosidl_generator_c/stonefish_ros2/msg/detail/thruster_state__functions.c.o[0m
[5.546s] [ 11%] [32mBuilding C object CMakeFiles/stonefish_ros2__rosidl_generator_c.dir/rosidl_generator_c/stonefish_ros2/srv/detail/sonar_settings__functions.c.o[0m
[5.630s] [ 12%] [32mBuilding C object CMakeFiles/stonefish_ros2__rosidl_generator_c.dir/rosidl_generator_c/stonefish_ros2/srv/detail/sonar_settings2__functions.c.o[0m
[5.635s] [ 13%] [32mBuilding C object CMakeFiles/stonefish_ros2__rosidl_generator_c.dir/rosidl_generator_c/stonefish_ros2/srv/detail/respawn__functions.c.o[0m
[5.704s] [ 14%] [32m[1mLinking C shared library libstonefish_ros2__rosidl_generator_c.so[0m
[5.749s] [ 14%] Built target stonefish_ros2__rosidl_generator_c
[5.762s] [ 17%] [34m[1mGenerating C type support for eProsima Fast-RTPS[0m
[5.762s] [ 17%] [34m[1mGenerating C introspection for ROS interfaces[0m
[5.762s] [ 17%] [34m[1mGenerating C type support dispatch for ROS interfaces[0m
[6.403s] [ 18%] [32mBuilding CXX object CMakeFiles/stonefish_ros2__rosidl_typesupport_cpp.dir/rosidl_typesupport_cpp/stonefish_ros2/msg/beacon_info__type_support.cpp.o[0m
[6.403s] [ 19%] [32mBuilding CXX object CMakeFiles/stonefish_ros2__rosidl_typesupport_cpp.dir/rosidl_typesupport_cpp/stonefish_ros2/msg/int32_stamped__type_support.cpp.o[0m
[6.403s] [ 21%] [32mBuilding CXX object CMakeFiles/stonefish_ros2__rosidl_typesupport_cpp.dir/rosidl_typesupport_cpp/stonefish_ros2/msg/ins__type_support.cpp.o[0m
[6.403s] [ 21%] [32mBuilding CXX object CMakeFiles/stonefish_ros2__rosidl_typesupport_cpp.dir/rosidl_typesupport_cpp/stonefish_ros2/msg/ned_pose__type_support.cpp.o[0m
[6.403s] [ 21%] [32mBuilding CXX object CMakeFiles/stonefish_ros2__rosidl_typesupport_cpp.dir/rosidl_typesupport_cpp/stonefish_ros2/msg/dvl_beam__type_support.cpp.o[0m
[6.403s] [ 22%] [32mBuilding CXX object CMakeFiles/stonefish_ros2__rosidl_typesupport_cpp.dir/rosidl_typesupport_cpp/stonefish_ros2/msg/thruster_state__type_support.cpp.o[0m
[6.407s] [ 23%] [32mBuilding CXX object CMakeFiles/stonefish_ros2__rosidl_typesupport_cpp.dir/rosidl_typesupport_cpp/stonefish_ros2/msg/dvl__type_support.cpp.o[0m
[6.811s] [ 23%] [32mBuilding CXX object CMakeFiles/stonefish_ros2__rosidl_typesupport_c.dir/rosidl_typesupport_c/stonefish_ros2/msg/int32_stamped__type_support.cpp.o[0m
[6.872s] [ 24%] [32mBuilding CXX object CMakeFiles/stonefish_ros2__rosidl_typesupport_c.dir/rosidl_typesupport_c/stonefish_ros2/msg/beacon_info__type_support.cpp.o[0m
[6.928s] [ 25%] [32mBuilding CXX object CMakeFiles/stonefish_ros2__rosidl_typesupport_cpp.dir/rosidl_typesupport_cpp/stonefish_ros2/msg/debug_physics__type_support.cpp.o[0m
[6.928s] [ 26%] [32mBuilding CXX object CMakeFiles/stonefish_ros2__rosidl_typesupport_c.dir/rosidl_typesupport_c/stonefish_ros2/msg/ned_pose__type_support.cpp.o[0m
[6.934s] [ 26%] [32mBuilding CXX object CMakeFiles/stonefish_ros2__rosidl_typesupport_cpp.dir/rosidl_typesupport_cpp/stonefish_ros2/srv/sonar_settings__type_support.cpp.o[0m
[6.936s] [ 27%] [32mBuilding CXX object CMakeFiles/stonefish_ros2__rosidl_typesupport_c.dir/rosidl_typesupport_c/stonefish_ros2/msg/ins__type_support.cpp.o[0m
[6.943s] [ 28%] [32mBuilding CXX object CMakeFiles/stonefish_ros2__rosidl_typesupport_c.dir/rosidl_typesupport_c/stonefish_ros2/msg/dvl_beam__type_support.cpp.o[0m
[6.950s] [ 29%] [32mBuilding CXX object CMakeFiles/stonefish_ros2__rosidl_typesupport_cpp.dir/rosidl_typesupport_cpp/stonefish_ros2/srv/sonar_settings2__type_support.cpp.o[0m
[6.951s] [ 30%] [32mBuilding CXX object CMakeFiles/stonefish_ros2__rosidl_typesupport_introspection_cpp.dir/rosidl_typesupport_introspection_cpp/stonefish_ros2/msg/detail/int32_stamped__type_support.cpp.o[0m
[6.958s] [ 31%] [32mBuilding CXX object CMakeFiles/stonefish_ros2__rosidl_typesupport_c.dir/rosidl_typesupport_c/stonefish_ros2/msg/dvl__type_support.cpp.o[0m
[6.973s] [ 32%] [32mBuilding CXX object CMakeFiles/stonefish_ros2__rosidl_typesupport_introspection_cpp.dir/rosidl_typesupport_introspection_cpp/stonefish_ros2/msg/detail/beacon_info__type_support.cpp.o[0m
[6.985s] [ 33%] [32mBuilding CXX object CMakeFiles/stonefish_ros2__rosidl_typesupport_introspection_cpp.dir/rosidl_typesupport_introspection_cpp/stonefish_ros2/msg/detail/ned_pose__type_support.cpp.o[0m
[7.000s] [ 34%] [32mBuilding CXX object CMakeFiles/stonefish_ros2__rosidl_typesupport_introspection_cpp.dir/rosidl_typesupport_introspection_cpp/stonefish_ros2/msg/detail/ins__type_support.cpp.o[0m
[7.011s] [ 34%] [32mBuilding CXX object CMakeFiles/stonefish_ros2__rosidl_typesupport_introspection_cpp.dir/rosidl_typesupport_introspection_cpp/stonefish_ros2/msg/detail/dvl_beam__type_support.cpp.o[0m
[7.017s] [ 34%] [32mBuilding CXX object CMakeFiles/stonefish_ros2__rosidl_typesupport_c.dir/rosidl_typesupport_c/stonefish_ros2/msg/thruster_state__type_support.cpp.o[0m
[7.075s] [ 35%] [32mBuilding CXX object CMakeFiles/stonefish_ros2__rosidl_typesupport_c.dir/rosidl_typesupport_c/stonefish_ros2/msg/debug_physics__type_support.cpp.o[0m
[7.133s] [ 36%] [32mBuilding CXX object CMakeFiles/stonefish_ros2__rosidl_typesupport_c.dir/rosidl_typesupport_c/stonefish_ros2/srv/sonar_settings__type_support.cpp.o[0m
[7.145s] [ 37%] [32mBuilding CXX object CMakeFiles/stonefish_ros2__rosidl_typesupport_fastrtps_cpp.dir/rosidl_typesupport_fastrtps_cpp/stonefish_ros2/msg/detail/dds_fastrtps/int32_stamped__type_support.cpp.o[0m
[7.194s] [ 38%] [32mBuilding CXX object CMakeFiles/stonefish_ros2__rosidl_typesupport_c.dir/rosidl_typesupport_c/stonefish_ros2/srv/sonar_settings2__type_support.cpp.o[0m
[7.263s] [ 39%] [32mBuilding CXX object CMakeFiles/stonefish_ros2__rosidl_typesupport_c.dir/rosidl_typesupport_c/stonefish_ros2/srv/respawn__type_support.cpp.o[0m
[7.323s] [ 40%] [32m[1mLinking CXX shared library libstonefish_ros2__rosidl_typesupport_c.so[0m
[7.418s] [ 40%] Built target stonefish_ros2__rosidl_typesupport_c
[7.434s] [ 41%] [32mBuilding CXX object CMakeFiles/stonefish_ros2__rosidl_typesupport_introspection_cpp.dir/rosidl_typesupport_introspection_cpp/stonefish_ros2/msg/detail/dvl__type_support.cpp.o[0m
[7.460s] [ 43%] [32mBuilding CXX object CMakeFiles/stonefish_ros2__rosidl_typesupport_fastrtps_cpp.dir/rosidl_typesupport_fastrtps_cpp/stonefish_ros2/msg/detail/dds_fastrtps/beacon_info__type_support.cpp.o[0m
[7.460s] [ 43%] [32mBuilding C object CMakeFiles/stonefish_ros2__rosidl_typesupport_introspection_c.dir/rosidl_typesupport_introspection_c/stonefish_ros2/msg/detail/int32_stamped__type_support.c.o[0m
[7.470s] [ 44%] [32mBuilding C object CMakeFiles/stonefish_ros2__rosidl_typesupport_introspection_c.dir/rosidl_typesupport_introspection_c/stonefish_ros2/msg/detail/beacon_info__type_support.c.o[0m
[7.495s] [ 45%] [32mBuilding CXX object CMakeFiles/stonefish_ros2__rosidl_typesupport_cpp.dir/rosidl_typesupport_cpp/stonefish_ros2/srv/respawn__type_support.cpp.o[0m
[7.536s] [ 46%] [32mBuilding CXX object CMakeFiles/stonefish_ros2__rosidl_typesupport_introspection_cpp.dir/rosidl_typesupport_introspection_cpp/stonefish_ros2/msg/detail/thruster_state__type_support.cpp.o[0m
[7.549s] [ 46%] [32mBuilding C object CMakeFiles/stonefish_ros2__rosidl_typesupport_introspection_c.dir/rosidl_typesupport_introspection_c/stonefish_ros2/msg/detail/ned_pose__type_support.c.o[0m
[7.583s] [ 47%] [32mBuilding CXX object CMakeFiles/stonefish_ros2__rosidl_typesupport_fastrtps_c.dir/rosidl_typesupport_fastrtps_c/stonefish_ros2/msg/detail/int32_stamped__type_support_c.cpp.o[0m
[7.622s] [ 48%] [32mBuilding C object CMakeFiles/stonefish_ros2__rosidl_typesupport_introspection_c.dir/rosidl_typesupport_introspection_c/stonefish_ros2/msg/detail/ins__type_support.c.o[0m
[7.694s] [ 49%] [32mBuilding C object CMakeFiles/stonefish_ros2__rosidl_typesupport_introspection_c.dir/rosidl_typesupport_introspection_c/stonefish_ros2/msg/detail/dvl_beam__type_support.c.o[0m
[7.732s] [ 49%] [32mBuilding CXX object CMakeFiles/stonefish_ros2__rosidl_typesupport_fastrtps_c.dir/rosidl_typesupport_fastrtps_c/stonefish_ros2/msg/detail/beacon_info__type_support_c.cpp.o[0m
[7.745s] [ 50%] [32mBuilding CXX object CMakeFiles/stonefish_ros2__rosidl_typesupport_fastrtps_cpp.dir/rosidl_typesupport_fastrtps_cpp/stonefish_ros2/msg/detail/dds_fastrtps/ned_pose__type_support.cpp.o[0m
[7.763s] [ 51%] [32mBuilding CXX object CMakeFiles/stonefish_ros2__rosidl_typesupport_fastrtps_c.dir/rosidl_typesupport_fastrtps_c/stonefish_ros2/msg/detail/ned_pose__type_support_c.cpp.o[0m
[7.767s] [ 52%] [32mBuilding C object CMakeFiles/stonefish_ros2__rosidl_typesupport_introspection_c.dir/rosidl_typesupport_introspection_c/stonefish_ros2/msg/detail/dvl__type_support.c.o[0m
[7.780s] [ 53%] [32mBuilding CXX object CMakeFiles/stonefish_ros2__rosidl_typesupport_fastrtps_c.dir/rosidl_typesupport_fastrtps_c/stonefish_ros2/msg/detail/ins__type_support_c.cpp.o[0m
[7.788s] [ 54%] [32mBuilding CXX object CMakeFiles/stonefish_ros2__rosidl_typesupport_fastrtps_c.dir/rosidl_typesupport_fastrtps_c/stonefish_ros2/msg/detail/dvl_beam__type_support_c.cpp.o[0m
[7.850s] [ 55%] [32mBuilding C object CMakeFiles/stonefish_ros2__rosidl_typesupport_introspection_c.dir/rosidl_typesupport_introspection_c/stonefish_ros2/msg/detail/thruster_state__type_support.c.o[0m
[7.942s] [ 56%] [32mBuilding C object CMakeFiles/stonefish_ros2__rosidl_typesupport_introspection_c.dir/rosidl_typesupport_introspection_c/stonefish_ros2/msg/detail/debug_physics__type_support.c.o[0m
[7.945s] [ 57%] [32mBuilding CXX object CMakeFiles/stonefish_ros2__rosidl_typesupport_fastrtps_c.dir/rosidl_typesupport_fastrtps_c/stonefish_ros2/msg/detail/dvl__type_support_c.cpp.o[0m
[8.018s] [ 57%] [32mBuilding C object CMakeFiles/stonefish_ros2__rosidl_typesupport_introspection_c.dir/rosidl_typesupport_introspection_c/stonefish_ros2/srv/detail/sonar_settings__type_support.c.o[0m
[8.041s] [ 58%] [32m[1mLinking CXX shared library libstonefish_ros2__rosidl_typesupport_cpp.so[0m
[8.091s] [ 59%] [32mBuilding C object CMakeFiles/stonefish_ros2__rosidl_typesupport_introspection_c.dir/rosidl_typesupport_introspection_c/stonefish_ros2/srv/detail/sonar_settings2__type_support.c.o[0m
[8.132s] [ 59%] Built target stonefish_ros2__rosidl_typesupport_cpp
[8.145s] [ 60%] [32mBuilding CXX object CMakeFiles/stonefish_ros2__rosidl_typesupport_fastrtps_c.dir/rosidl_typesupport_fastrtps_c/stonefish_ros2/msg/detail/thruster_state__type_support_c.cpp.o[0m
[8.165s] [ 61%] [32mBuilding C object CMakeFiles/stonefish_ros2__rosidl_typesupport_introspection_c.dir/rosidl_typesupport_introspection_c/stonefish_ros2/srv/detail/respawn__type_support.c.o[0m
[8.242s] [ 62%] [32m[1mLinking C shared library libstonefish_ros2__rosidl_typesupport_introspection_c.so[0m
[8.264s] [ 63%] [32mBuilding CXX object CMakeFiles/stonefish_ros2__rosidl_typesupport_introspection_cpp.dir/rosidl_typesupport_introspection_cpp/stonefish_ros2/msg/detail/debug_physics__type_support.cpp.o[0m
[8.277s] [ 63%] [32mBuilding CXX object CMakeFiles/stonefish_ros2__rosidl_typesupport_fastrtps_cpp.dir/rosidl_typesupport_fastrtps_cpp/stonefish_ros2/msg/detail/dds_fastrtps/ins__type_support.cpp.o[0m
[8.314s] [ 63%] Built target stonefish_ros2__rosidl_typesupport_introspection_c
[8.331s] [ 64%] [32mBuilding CXX object CMakeFiles/stonefish_ros2__rosidl_typesupport_introspection_cpp.dir/rosidl_typesupport_introspection_cpp/stonefish_ros2/srv/detail/sonar_settings__type_support.cpp.o[0m
[8.341s] [ 65%] [32mBuilding CXX object CMakeFiles/stonefish_ros2__rosidl_typesupport_introspection_cpp.dir/rosidl_typesupport_introspection_cpp/stonefish_ros2/srv/detail/sonar_settings2__type_support.cpp.o[0m
[8.383s] [ 65%] [32mBuilding CXX object CMakeFiles/stonefish_ros2__rosidl_typesupport_fastrtps_c.dir/rosidl_typesupport_fastrtps_c/stonefish_ros2/msg/detail/debug_physics__type_support_c.cpp.o[0m
[8.428s] [ 66%] [32mBuilding CXX object CMakeFiles/stonefish_ros2__rosidl_typesupport_fastrtps_cpp.dir/rosidl_typesupport_fastrtps_cpp/stonefish_ros2/msg/detail/dds_fastrtps/dvl_beam__type_support.cpp.o[0m
[8.454s] [ 67%] [32mBuilding CXX object CMakeFiles/stonefish_ros2_interface.dir/src/stonefish_ros2/ROS2ConsoleSimulationApp.cpp.o[0m
[8.462s] [ 67%] [32mBuilding CXX object CMakeFiles/stonefish_ros2__rosidl_typesupport_introspection_cpp.dir/rosidl_typesupport_introspection_cpp/stonefish_ros2/srv/detail/respawn__type_support.cpp.o[0m
[8.513s] [ 68%] [32mBuilding CXX object CMakeFiles/stonefish_ros2__rosidl_typesupport_fastrtps_cpp.dir/rosidl_typesupport_fastrtps_cpp/stonefish_ros2/msg/detail/dds_fastrtps/dvl__type_support.cpp.o[0m
[8.538s] [ 69%] [32mBuilding CXX object CMakeFiles/stonefish_ros2_interface.dir/src/stonefish_ros2/ROS2GraphicalSimulationApp.cpp.o[0m
[8.626s] [ 70%] [32mBuilding CXX object CMakeFiles/stonefish_ros2_interface.dir/src/stonefish_ros2/ROS2SimulationManager.cpp.o[0m
[8.814s] [ 71%] [32mBuilding CXX object CMakeFiles/stonefish_ros2_interface.dir/src/stonefish_ros2/ROS2ScenarioParser.cpp.o[0m
[9.027s] [ 72%] [32mBuilding CXX object CMakeFiles/stonefish_ros2__rosidl_typesupport_fastrtps_c.dir/rosidl_typesupport_fastrtps_c/stonefish_ros2/srv/detail/sonar_settings__type_support_c.cpp.o[0m
[9.113s] [ 73%] [32mBuilding CXX object CMakeFiles/stonefish_ros2__rosidl_typesupport_fastrtps_cpp.dir/rosidl_typesupport_fastrtps_cpp/stonefish_ros2/msg/detail/dds_fastrtps/thruster_state__type_support.cpp.o[0m
[9.118s] [ 74%] [32mBuilding CXX object CMakeFiles/stonefish_ros2__rosidl_typesupport_fastrtps_cpp.dir/rosidl_typesupport_fastrtps_cpp/stonefish_ros2/msg/detail/dds_fastrtps/debug_physics__type_support.cpp.o[0m
[9.118s] [ 74%] [32mBuilding CXX object CMakeFiles/stonefish_ros2_interface.dir/src/stonefish_ros2/ROS2Interface.cpp.o[0m
[9.163s] [ 75%] [32mBuilding CXX object CMakeFiles/stonefish_ros2__rosidl_typesupport_fastrtps_cpp.dir/rosidl_typesupport_fastrtps_cpp/stonefish_ros2/srv/detail/dds_fastrtps/sonar_settings__type_support.cpp.o[0m
[9.225s] [ 76%] [32m[1mLinking CXX shared library libstonefish_ros2__rosidl_typesupport_introspection_cpp.so[0m
[9.234s] [ 77%] [32mBuilding CXX object CMakeFiles/stonefish_ros2__rosidl_typesupport_fastrtps_c.dir/rosidl_typesupport_fastrtps_c/stonefish_ros2/srv/detail/sonar_settings2__type_support_c.cpp.o[0m
[9.401s] [ 77%] Built target stonefish_ros2__rosidl_typesupport_introspection_cpp
[9.411s] [ 78%] [32mBuilding CXX object CMakeFiles/stonefish_ros2__rosidl_typesupport_fastrtps_c.dir/rosidl_typesupport_fastrtps_c/stonefish_ros2/srv/detail/respawn__type_support_c.cpp.o[0m
[9.420s] [ 78%] [32mBuilding CXX object CMakeFiles/stonefish_ros2__rosidl_typesupport_fastrtps_cpp.dir/rosidl_typesupport_fastrtps_cpp/stonefish_ros2/srv/detail/dds_fastrtps/sonar_settings2__type_support.cpp.o[0m
[9.739s] [ 79%] [32mBuilding CXX object CMakeFiles/stonefish_ros2__rosidl_typesupport_fastrtps_cpp.dir/rosidl_typesupport_fastrtps_cpp/stonefish_ros2/srv/detail/dds_fastrtps/respawn__type_support.cpp.o[0m
[10.125s] [ 80%] [32m[1mLinking CXX shared library libstonefish_ros2__rosidl_typesupport_fastrtps_c.so[0m
[10.282s] [ 80%] Built target stonefish_ros2__rosidl_typesupport_fastrtps_c
[10.334s] [ 81%] [32m[1mLinking CXX shared library libstonefish_ros2__rosidl_typesupport_fastrtps_cpp.so[0m
[10.444s] [ 81%] Built target stonefish_ros2__rosidl_typesupport_fastrtps_cpp
[10.469s] [ 81%] Built target stonefish_ros2
[10.495s] [ 82%] [34m[1mGenerating Python code for ROS interfaces[0m
[12.702s] [ 82%] Built target stonefish_ros2__py
[12.732s] [ 84%] [32mBuilding C object CMakeFiles/stonefish_ros2__rosidl_generator_py.dir/rosidl_generator_py/stonefish_ros2/msg/_int32_stamped_s.c.o[0m
[12.733s] [ 84%] [32mBuilding C object CMakeFiles/stonefish_ros2__rosidl_generator_py.dir/rosidl_generator_py/stonefish_ros2/msg/_beacon_info_s.c.o[0m
[12.733s] [ 86%] [32mBuilding C object CMakeFiles/stonefish_ros2__rosidl_generator_py.dir/rosidl_generator_py/stonefish_ros2/msg/_dvl_beam_s.c.o[0m
[12.733s] [ 86%] [32mBuilding C object CMakeFiles/stonefish_ros2__rosidl_generator_py.dir/rosidl_generator_py/stonefish_ros2/msg/_ned_pose_s.c.o[0m
[12.733s] [ 86%] [32mBuilding C object CMakeFiles/stonefish_ros2__rosidl_generator_py.dir/rosidl_generator_py/stonefish_ros2/msg/_ins_s.c.o[0m
[12.733s] [ 88%] [32mBuilding C object CMakeFiles/stonefish_ros2__rosidl_generator_py.dir/rosidl_generator_py/stonefish_ros2/msg/_dvl_s.c.o[0m
[12.734s] [ 88%] [32mBuilding C object CMakeFiles/stonefish_ros2__rosidl_generator_py.dir/rosidl_generator_py/stonefish_ros2/msg/_thruster_state_s.c.o[0m
[12.956s] [ 89%] [32mBuilding C object CMakeFiles/stonefish_ros2__rosidl_generator_py.dir/rosidl_generator_py/stonefish_ros2/msg/_debug_physics_s.c.o[0m
[12.956s] [ 89%] [32mBuilding C object CMakeFiles/stonefish_ros2__rosidl_generator_py.dir/rosidl_generator_py/stonefish_ros2/srv/_sonar_settings_s.c.o[0m
[12.958s] [ 90%] [32mBuilding C object CMakeFiles/stonefish_ros2__rosidl_generator_py.dir/rosidl_generator_py/stonefish_ros2/srv/_sonar_settings2_s.c.o[0m
[12.959s] [ 91%] [32mBuilding C object CMakeFiles/stonefish_ros2__rosidl_generator_py.dir/rosidl_generator_py/stonefish_ros2/srv/_respawn_s.c.o[0m
[13.182s] [ 92%] [32m[1mLinking C shared library rosidl_generator_py/stonefish_ros2/libstonefish_ros2__rosidl_generator_py.so[0m
[13.240s] [ 92%] Built target stonefish_ros2__rosidl_generator_py
[13.269s] [ 92%] [32mBuilding C object CMakeFiles/stonefish_ros2__rosidl_typesupport_c__pyext.dir/rosidl_generator_py/stonefish_ros2/_stonefish_ros2_s.ep.rosidl_typesupport_c.c.o[0m
[13.271s] [ 94%] [32mBuilding C object CMakeFiles/stonefish_ros2__rosidl_typesupport_introspection_c__pyext.dir/rosidl_generator_py/stonefish_ros2/_stonefish_ros2_s.ep.rosidl_typesupport_introspection_c.c.o[0m
[13.271s] [ 94%] [32mBuilding C object CMakeFiles/stonefish_ros2__rosidl_typesupport_fastrtps_c__pyext.dir/rosidl_generator_py/stonefish_ros2/_stonefish_ros2_s.ep.rosidl_typesupport_fastrtps_c.c.o[0m
[13.543s] [ 94%] [32m[1mLinking C shared library rosidl_generator_py/stonefish_ros2/stonefish_ros2_s__rosidl_typesupport_fastrtps_c.cpython-310-x86_64-linux-gnu.so[0m
[13.543s] [ 94%] [32m[1mLinking C shared library rosidl_generator_py/stonefish_ros2/stonefish_ros2_s__rosidl_typesupport_introspection_c.cpython-310-x86_64-linux-gnu.so[0m
[13.545s] [ 95%] [32m[1mLinking C shared library rosidl_generator_py/stonefish_ros2/stonefish_ros2_s__rosidl_typesupport_c.cpython-310-x86_64-linux-gnu.so[0m
[13.623s] [ 95%] Built target stonefish_ros2__rosidl_typesupport_fastrtps_c__pyext
[13.626s] [ 95%] Built target stonefish_ros2__rosidl_typesupport_c__pyext
[13.626s] [ 95%] Built target stonefish_ros2__rosidl_typesupport_introspection_c__pyext
[39.889s] [ 96%] [32m[1mLinking CXX shared library libstonefish_ros2_interface.so[0m
[44.024s] [ 96%] Built target stonefish_ros2_interface
[44.043s] [ 98%] [32mBuilding CXX object CMakeFiles/stonefish_simulator_nogpu.dir/src/stonefish_simulator_nogpu.cpp.o[0m
[44.044s] [ 98%] [32mBuilding CXX object CMakeFiles/stonefish_simulator.dir/src/stonefish_simulator.cpp.o[0m
[49.800s] [ 99%] [32m[1mLinking CXX executable stonefish_simulator_nogpu[0m
[49.940s] [100%] [32m[1mLinking CXX executable stonefish_simulator[0m
[53.592s] [100%] Built target stonefish_simulator_nogpu
[53.828s] [100%] Built target stonefish_simulator
[53.842s] Invoked command in '/home/mazen/mini_girona/build/stonefish_ros2' returned '0': CMAKE_PREFIX_PATH=${CMAKE_PREFIX_PATH}:/opt/ros/humble /usr/bin/cmake --build /home/mazen/mini_girona/build/stonefish_ros2 -- -j12 -l12
[53.852s] Invoking command in '/home/mazen/mini_girona/build/stonefish_ros2': CMAKE_PREFIX_PATH=${CMAKE_PREFIX_PATH}:/opt/ros/humble /usr/bin/cmake --install /home/mazen/mini_girona/build/stonefish_ros2
[53.860s] -- Install configuration: ""
[53.860s] -- Installing: /home/mazen/mini_girona/install/stonefish_ros2/share/ament_index/resource_index/rosidl_interfaces/stonefish_ros2
[53.860s] -- Installing: /home/mazen/mini_girona/install/stonefish_ros2/include/stonefish_ros2/stonefish_ros2
[53.860s] -- Installing: /home/mazen/mini_girona/install/stonefish_ros2/include/stonefish_ros2/stonefish_ros2/srv
[53.860s] -- Installing: /home/mazen/mini_girona/install/stonefish_ros2/include/stonefish_ros2/stonefish_ros2/srv/respawn.h
[53.861s] -- Installing: /home/mazen/mini_girona/install/stonefish_ros2/include/stonefish_ros2/stonefish_ros2/srv/sonar_settings2.h
[53.861s] -- Installing: /home/mazen/mini_girona/install/stonefish_ros2/include/stonefish_ros2/stonefish_ros2/srv/sonar_settings.h
[53.861s] -- Installing: /home/mazen/mini_girona/install/stonefish_ros2/include/stonefish_ros2/stonefish_ros2/srv/detail
[53.861s] -- Installing: /home/mazen/mini_girona/install/stonefish_ros2/include/stonefish_ros2/stonefish_ros2/srv/detail/sonar_settings__type_support.h
[53.861s] -- Installing: /home/mazen/mini_girona/install/stonefish_ros2/include/stonefish_ros2/stonefish_ros2/srv/detail/respawn__type_support.h
[53.861s] -- Installing: /home/mazen/mini_girona/install/stonefish_ros2/include/stonefish_ros2/stonefish_ros2/srv/detail/sonar_settings__functions.c
[53.861s] -- Installing: /home/mazen/mini_girona/install/stonefish_ros2/include/stonefish_ros2/stonefish_ros2/srv/detail/sonar_settings__struct.h
[53.861s] -- Installing: /home/mazen/mini_girona/install/stonefish_ros2/include/stonefish_ros2/stonefish_ros2/srv/detail/sonar_settings2__functions.c
[53.861s] -- Installing: /home/mazen/mini_girona/install/stonefish_ros2/include/stonefish_ros2/stonefish_ros2/srv/detail/sonar_settings2__type_support.h
[53.862s] -- Installing: /home/mazen/mini_girona/install/stonefish_ros2/include/stonefish_ros2/stonefish_ros2/srv/detail/sonar_settings2__functions.h
[53.862s] -- Installing: /home/mazen/mini_girona/install/stonefish_ros2/include/stonefish_ros2/stonefish_ros2/srv/detail/sonar_settings2__struct.h
[53.862s] -- Installing: /home/mazen/mini_girona/install/stonefish_ros2/include/stonefish_ros2/stonefish_ros2/srv/detail/respawn__functions.c
[53.862s] -- Installing: /home/mazen/mini_girona/install/stonefish_ros2/include/stonefish_ros2/stonefish_ros2/srv/detail/sonar_settings__functions.h
[53.862s] -- Installing: /home/mazen/mini_girona/install/stonefish_ros2/include/stonefish_ros2/stonefish_ros2/srv/detail/respawn__functions.h
[53.862s] -- Installing: /home/mazen/mini_girona/install/stonefish_ros2/include/stonefish_ros2/stonefish_ros2/srv/detail/respawn__struct.h
[53.862s] -- Installing: /home/mazen/mini_girona/install/stonefish_ros2/include/stonefish_ros2/stonefish_ros2/msg
[53.862s] -- Installing: /home/mazen/mini_girona/install/stonefish_ros2/include/stonefish_ros2/stonefish_ros2/msg/debug_physics.h
[53.862s] -- Installing: /home/mazen/mini_girona/install/stonefish_ros2/include/stonefish_ros2/stonefish_ros2/msg/thruster_state.h
[53.863s] -- Installing: /home/mazen/mini_girona/install/stonefish_ros2/include/stonefish_ros2/stonefish_ros2/msg/beacon_info.h
[53.863s] -- Installing: /home/mazen/mini_girona/install/stonefish_ros2/include/stonefish_ros2/stonefish_ros2/msg/ins.h
[53.863s] -- Installing: /home/mazen/mini_girona/install/stonefish_ros2/include/stonefish_ros2/stonefish_ros2/msg/rosidl_generator_c__visibility_control.h
[53.863s] -- Installing: /home/mazen/mini_girona/install/stonefish_ros2/include/stonefish_ros2/stonefish_ros2/msg/dvl.h
[53.863s] -- Installing: /home/mazen/mini_girona/install/stonefish_ros2/include/stonefish_ros2/stonefish_ros2/msg/int32_stamped.h
[53.863s] -- Installing: /home/mazen/mini_girona/install/stonefish_ros2/include/stonefish_ros2/stonefish_ros2/msg/dvl_beam.h
[53.863s] -- Installing: /home/mazen/mini_girona/install/stonefish_ros2/include/stonefish_ros2/stonefish_ros2/msg/ned_pose.h
[53.863s] -- Installing: /home/mazen/mini_girona/install/stonefish_ros2/include/stonefish_ros2/stonefish_ros2/msg/detail
[53.863s] -- Installing: /home/mazen/mini_girona/install/stonefish_ros2/include/stonefish_ros2/stonefish_ros2/msg/detail/beacon_info__functions.c
[53.864s] -- Installing: /home/mazen/mini_girona/install/stonefish_ros2/include/stonefish_ros2/stonefish_ros2/msg/detail/debug_physics__struct.h
[53.864s] -- Installing: /home/mazen/mini_girona/install/stonefish_ros2/include/stonefish_ros2/stonefish_ros2/msg/detail/debug_physics__functions.h
[53.864s] -- Installing: /home/mazen/mini_girona/install/stonefish_ros2/include/stonefish_ros2/stonefish_ros2/msg/detail/int32_stamped__type_support.h
[53.864s] -- Installing: /home/mazen/mini_girona/install/stonefish_ros2/include/stonefish_ros2/stonefish_ros2/msg/detail/dvl_beam__functions.h
[53.864s] -- Installing: /home/mazen/mini_girona/install/stonefish_ros2/include/stonefish_ros2/stonefish_ros2/msg/detail/beacon_info__struct.h
[53.864s] -- Installing: /home/mazen/mini_girona/install/stonefish_ros2/include/stonefish_ros2/stonefish_ros2/msg/detail/dvl__struct.h
[53.864s] -- Installing: /home/mazen/mini_girona/install/stonefish_ros2/include/stonefish_ros2/stonefish_ros2/msg/detail/thruster_state__functions.h
[53.864s] -- Installing: /home/mazen/mini_girona/install/stonefish_ros2/include/stonefish_ros2/stonefish_ros2/msg/detail/thruster_state__struct.h
[53.864s] -- Installing: /home/mazen/mini_girona/install/stonefish_ros2/include/stonefish_ros2/stonefish_ros2/msg/detail/ned_pose__struct.h
[53.865s] -- Installing: /home/mazen/mini_girona/install/stonefish_ros2/include/stonefish_ros2/stonefish_ros2/msg/detail/int32_stamped__functions.h
[53.865s] -- Installing: /home/mazen/mini_girona/install/stonefish_ros2/include/stonefish_ros2/stonefish_ros2/msg/detail/thruster_state__functions.c
[53.865s] -- Installing: /home/mazen/mini_girona/install/stonefish_ros2/include/stonefish_ros2/stonefish_ros2/msg/detail/beacon_info__functions.h
[53.865s] -- Installing: /home/mazen/mini_girona/install/stonefish_ros2/include/stonefish_ros2/stonefish_ros2/msg/detail/debug_physics__functions.c
[53.865s] -- Installing: /home/mazen/mini_girona/install/stonefish_ros2/include/stonefish_ros2/stonefish_ros2/msg/detail/dvl__type_support.h
[53.865s] -- Installing: /home/mazen/mini_girona/install/stonefish_ros2/include/stonefish_ros2/stonefish_ros2/msg/detail/dvl_beam__struct.h
[53.865s] -- Installing: /home/mazen/mini_girona/install/stonefish_ros2/include/stonefish_ros2/stonefish_ros2/msg/detail/dvl_beam__functions.c
[53.865s] -- Installing: /home/mazen/mini_girona/install/stonefish_ros2/include/stonefish_ros2/stonefish_ros2/msg/detail/ins__functions.h
[53.865s] -- Installing: /home/mazen/mini_girona/install/stonefish_ros2/include/stonefish_ros2/stonefish_ros2/msg/detail/int32_stamped__functions.c
[53.865s] -- Installing: /home/mazen/mini_girona/install/stonefish_ros2/include/stonefish_ros2/stonefish_ros2/msg/detail/ned_pose__functions.c
[53.865s] -- Installing: /home/mazen/mini_girona/install/stonefish_ros2/include/stonefish_ros2/stonefish_ros2/msg/detail/ins__struct.h
[53.865s] -- Installing: /home/mazen/mini_girona/install/stonefish_ros2/include/stonefish_ros2/stonefish_ros2/msg/detail/beacon_info__type_support.h
[53.865s] -- Installing: /home/mazen/mini_girona/install/stonefish_ros2/include/stonefish_ros2/stonefish_ros2/msg/detail/ins__functions.c
[53.866s] -- Installing: /home/mazen/mini_girona/install/stonefish_ros2/include/stonefish_ros2/stonefish_ros2/msg/detail/dvl__functions.h
[53.866s] -- Installing: /home/mazen/mini_girona/install/stonefish_ros2/include/stonefish_ros2/stonefish_ros2/msg/detail/ned_pose__type_support.h
[53.866s] -- Installing: /home/mazen/mini_girona/install/stonefish_ros2/include/stonefish_ros2/stonefish_ros2/msg/detail/debug_physics__type_support.h
[53.866s] -- Installing: /home/mazen/mini_girona/install/stonefish_ros2/include/stonefish_ros2/stonefish_ros2/msg/detail/int32_stamped__struct.h
[53.866s] -- Installing: /home/mazen/mini_girona/install/stonefish_ros2/include/stonefish_ros2/stonefish_ros2/msg/detail/dvl__functions.c
[53.866s] -- Installing: /home/mazen/mini_girona/install/stonefish_ros2/include/stonefish_ros2/stonefish_ros2/msg/detail/ins__type_support.h
[53.866s] -- Installing: /home/mazen/mini_girona/install/stonefish_ros2/include/stonefish_ros2/stonefish_ros2/msg/detail/thruster_state__type_support.h
[53.866s] -- Installing: /home/mazen/mini_girona/install/stonefish_ros2/include/stonefish_ros2/stonefish_ros2/msg/detail/ned_pose__functions.h
[53.866s] -- Installing: /home/mazen/mini_girona/install/stonefish_ros2/include/stonefish_ros2/stonefish_ros2/msg/detail/dvl_beam__type_support.h
[53.867s] -- Installing: /home/mazen/mini_girona/install/stonefish_ros2/share/stonefish_ros2/environment/library_path.sh
[53.867s] -- Installing: /home/mazen/mini_girona/install/stonefish_ros2/share/stonefish_ros2/environment/library_path.dsv
[53.867s] -- Installing: /home/mazen/mini_girona/install/stonefish_ros2/lib/libstonefish_ros2__rosidl_generator_c.so
[53.867s] -- Set runtime path of "/home/mazen/mini_girona/install/stonefish_ros2/lib/libstonefish_ros2__rosidl_generator_c.so" to ""
[53.868s] -- Up-to-date: /home/mazen/mini_girona/install/stonefish_ros2/include/stonefish_ros2/stonefish_ros2
[53.868s] -- Up-to-date: /home/mazen/mini_girona/install/stonefish_ros2/include/stonefish_ros2/stonefish_ros2/srv
[53.868s] -- Up-to-date: /home/mazen/mini_girona/install/stonefish_ros2/include/stonefish_ros2/stonefish_ros2/srv/detail
[53.868s] -- Installing: /home/mazen/mini_girona/install/stonefish_ros2/include/stonefish_ros2/stonefish_ros2/srv/detail/sonar_settings__rosidl_typesupport_fastrtps_c.h
[53.868s] -- Installing: /home/mazen/mini_girona/install/stonefish_ros2/include/stonefish_ros2/stonefish_ros2/srv/detail/respawn__rosidl_typesupport_fastrtps_c.h
[53.868s] -- Installing: /home/mazen/mini_girona/install/stonefish_ros2/include/stonefish_ros2/stonefish_ros2/srv/detail/sonar_settings2__rosidl_typesupport_fastrtps_c.h
[53.868s] -- Up-to-date: /home/mazen/mini_girona/install/stonefish_ros2/include/stonefish_ros2/stonefish_ros2/msg
[53.868s] -- Installing: /home/mazen/mini_girona/install/stonefish_ros2/include/stonefish_ros2/stonefish_ros2/msg/rosidl_typesupport_fastrtps_c__visibility_control.h
[53.868s] -- Up-to-date: /home/mazen/mini_girona/install/stonefish_ros2/include/stonefish_ros2/stonefish_ros2/msg/detail
[53.868s] -- Installing: /home/mazen/mini_girona/install/stonefish_ros2/include/stonefish_ros2/stonefish_ros2/msg/detail/ned_pose__rosidl_typesupport_fastrtps_c.h
[53.868s] -- Installing: /home/mazen/mini_girona/install/stonefish_ros2/include/stonefish_ros2/stonefish_ros2/msg/detail/beacon_info__rosidl_typesupport_fastrtps_c.h
[53.869s] -- Installing: /home/mazen/mini_girona/install/stonefish_ros2/include/stonefish_ros2/stonefish_ros2/msg/detail/debug_physics__rosidl_typesupport_fastrtps_c.h
[53.869s] -- Installing: /home/mazen/mini_girona/install/stonefish_ros2/include/stonefish_ros2/stonefish_ros2/msg/detail/dvl_beam__rosidl_typesupport_fastrtps_c.h
[53.869s] -- Installing: /home/mazen/mini_girona/install/stonefish_ros2/include/stonefish_ros2/stonefish_ros2/msg/detail/dvl__rosidl_typesupport_fastrtps_c.h
[53.869s] -- Installing: /home/mazen/mini_girona/install/stonefish_ros2/include/stonefish_ros2/stonefish_ros2/msg/detail/thruster_state__rosidl_typesupport_fastrtps_c.h
[53.869s] -- Installing: /home/mazen/mini_girona/install/stonefish_ros2/include/stonefish_ros2/stonefish_ros2/msg/detail/ins__rosidl_typesupport_fastrtps_c.h
[53.869s] -- Installing: /home/mazen/mini_girona/install/stonefish_ros2/include/stonefish_ros2/stonefish_ros2/msg/detail/int32_stamped__rosidl_typesupport_fastrtps_c.h
[53.869s] -- Installing: /home/mazen/mini_girona/install/stonefish_ros2/lib/libstonefish_ros2__rosidl_typesupport_fastrtps_c.so
[53.869s] -- Set runtime path of "/home/mazen/mini_girona/install/stonefish_ros2/lib/libstonefish_ros2__rosidl_typesupport_fastrtps_c.so" to ""
[53.869s] -- Up-to-date: /home/mazen/mini_girona/install/stonefish_ros2/include/stonefish_ros2/stonefish_ros2
[53.870s] -- Up-to-date: /home/mazen/mini_girona/install/stonefish_ros2/include/stonefish_ros2/stonefish_ros2/srv
[53.870s] -- Installing: /home/mazen/mini_girona/install/stonefish_ros2/include/stonefish_ros2/stonefish_ros2/srv/sonar_settings.hpp
[53.870s] -- Installing: /home/mazen/mini_girona/install/stonefish_ros2/include/stonefish_ros2/stonefish_ros2/srv/respawn.hpp
[53.870s] -- Installing: /home/mazen/mini_girona/install/stonefish_ros2/include/stonefish_ros2/stonefish_ros2/srv/sonar_settings2.hpp
[53.870s] -- Up-to-date: /home/mazen/mini_girona/install/stonefish_ros2/include/stonefish_ros2/stonefish_ros2/srv/detail
[53.870s] -- Installing: /home/mazen/mini_girona/install/stonefish_ros2/include/stonefish_ros2/stonefish_ros2/srv/detail/sonar_settings2__struct.hpp
[53.870s] -- Installing: /home/mazen/mini_girona/install/stonefish_ros2/include/stonefish_ros2/stonefish_ros2/srv/detail/sonar_settings__struct.hpp
[53.870s] -- Installing: /home/mazen/mini_girona/install/stonefish_ros2/include/stonefish_ros2/stonefish_ros2/srv/detail/sonar_settings__builder.hpp
[53.870s] -- Installing: /home/mazen/mini_girona/install/stonefish_ros2/include/stonefish_ros2/stonefish_ros2/srv/detail/sonar_settings__type_support.hpp
[53.870s] -- Installing: /home/mazen/mini_girona/install/stonefish_ros2/include/stonefish_ros2/stonefish_ros2/srv/detail/respawn__traits.hpp
[53.870s] -- Installing: /home/mazen/mini_girona/install/stonefish_ros2/include/stonefish_ros2/stonefish_ros2/srv/detail/sonar_settings2__builder.hpp
[53.870s] -- Installing: /home/mazen/mini_girona/install/stonefish_ros2/include/stonefish_ros2/stonefish_ros2/srv/detail/sonar_settings2__type_support.hpp
[53.871s] -- Installing: /home/mazen/mini_girona/install/stonefish_ros2/include/stonefish_ros2/stonefish_ros2/srv/detail/respawn__builder.hpp
[53.871s] -- Installing: /home/mazen/mini_girona/install/stonefish_ros2/include/stonefish_ros2/stonefish_ros2/srv/detail/sonar_settings__traits.hpp
[53.871s] -- Installing: /home/mazen/mini_girona/install/stonefish_ros2/include/stonefish_ros2/stonefish_ros2/srv/detail/respawn__type_support.hpp
[53.871s] -- Installing: /home/mazen/mini_girona/install/stonefish_ros2/include/stonefish_ros2/stonefish_ros2/srv/detail/sonar_settings2__traits.hpp
[53.871s] -- Installing: /home/mazen/mini_girona/install/stonefish_ros2/include/stonefish_ros2/stonefish_ros2/srv/detail/respawn__struct.hpp
[53.871s] -- Up-to-date: /home/mazen/mini_girona/install/stonefish_ros2/include/stonefish_ros2/stonefish_ros2/msg
[53.871s] -- Installing: /home/mazen/mini_girona/install/stonefish_ros2/include/stonefish_ros2/stonefish_ros2/msg/dvl_beam.hpp
[53.871s] -- Installing: /home/mazen/mini_girona/install/stonefish_ros2/include/stonefish_ros2/stonefish_ros2/msg/thruster_state.hpp
[53.871s] -- Installing: /home/mazen/mini_girona/install/stonefish_ros2/include/stonefish_ros2/stonefish_ros2/msg/ned_pose.hpp
[53.871s] -- Installing: /home/mazen/mini_girona/install/stonefish_ros2/include/stonefish_ros2/stonefish_ros2/msg/debug_physics.hpp
[53.872s] -- Installing: /home/mazen/mini_girona/install/stonefish_ros2/include/stonefish_ros2/stonefish_ros2/msg/beacon_info.hpp
[53.872s] -- Installing: /home/mazen/mini_girona/install/stonefish_ros2/include/stonefish_ros2/stonefish_ros2/msg/ins.hpp
[53.872s] -- Installing: /home/mazen/mini_girona/install/stonefish_ros2/include/stonefish_ros2/stonefish_ros2/msg/rosidl_generator_cpp__visibility_control.hpp
[53.872s] -- Installing: /home/mazen/mini_girona/install/stonefish_ros2/include/stonefish_ros2/stonefish_ros2/msg/dvl.hpp
[53.872s] -- Installing: /home/mazen/mini_girona/install/stonefish_ros2/include/stonefish_ros2/stonefish_ros2/msg/int32_stamped.hpp
[53.872s] -- Up-to-date: /home/mazen/mini_girona/install/stonefish_ros2/include/stonefish_ros2/stonefish_ros2/msg/detail
[53.872s] -- Installing: /home/mazen/mini_girona/install/stonefish_ros2/include/stonefish_ros2/stonefish_ros2/msg/detail/debug_physics__traits.hpp
[53.872s] -- Installing: /home/mazen/mini_girona/install/stonefish_ros2/include/stonefish_ros2/stonefish_ros2/msg/detail/int32_stamped__traits.hpp
[53.872s] -- Installing: /home/mazen/mini_girona/install/stonefish_ros2/include/stonefish_ros2/stonefish_ros2/msg/detail/dvl__struct.hpp
[53.872s] -- Installing: /home/mazen/mini_girona/install/stonefish_ros2/include/stonefish_ros2/stonefish_ros2/msg/detail/int32_stamped__struct.hpp
[53.872s] -- Installing: /home/mazen/mini_girona/install/stonefish_ros2/include/stonefish_ros2/stonefish_ros2/msg/detail/beacon_info__traits.hpp
[53.873s] -- Installing: /home/mazen/mini_girona/install/stonefish_ros2/include/stonefish_ros2/stonefish_ros2/msg/detail/debug_physics__struct.hpp
[53.873s] -- Installing: /home/mazen/mini_girona/install/stonefish_ros2/include/stonefish_ros2/stonefish_ros2/msg/detail/dvl_beam__type_support.hpp
[53.873s] -- Installing: /home/mazen/mini_girona/install/stonefish_ros2/include/stonefish_ros2/stonefish_ros2/msg/detail/ned_pose__builder.hpp
[53.873s] -- Installing: /home/mazen/mini_girona/install/stonefish_ros2/include/stonefish_ros2/stonefish_ros2/msg/detail/debug_physics__builder.hpp
[53.873s] -- Installing: /home/mazen/mini_girona/install/stonefish_ros2/include/stonefish_ros2/stonefish_ros2/msg/detail/int32_stamped__builder.hpp
[53.873s] -- Installing: /home/mazen/mini_girona/install/stonefish_ros2/include/stonefish_ros2/stonefish_ros2/msg/detail/beacon_info__builder.hpp
[53.873s] -- Installing: /home/mazen/mini_girona/install/stonefish_ros2/include/stonefish_ros2/stonefish_ros2/msg/detail/ned_pose__traits.hpp
[53.873s] -- Installing: /home/mazen/mini_girona/install/stonefish_ros2/include/stonefish_ros2/stonefish_ros2/msg/detail/dvl__traits.hpp
[53.873s] -- Installing: /home/mazen/mini_girona/install/stonefish_ros2/include/stonefish_ros2/stonefish_ros2/msg/detail/ins__builder.hpp
[53.873s] -- Installing: /home/mazen/mini_girona/install/stonefish_ros2/include/stonefish_ros2/stonefish_ros2/msg/detail/ins__type_support.hpp
[53.874s] -- Installing: /home/mazen/mini_girona/install/stonefish_ros2/include/stonefish_ros2/stonefish_ros2/msg/detail/debug_physics__type_support.hpp
[53.874s] -- Installing: /home/mazen/mini_girona/install/stonefish_ros2/include/stonefish_ros2/stonefish_ros2/msg/detail/dvl__builder.hpp
[53.874s] -- Installing: /home/mazen/mini_girona/install/stonefish_ros2/include/stonefish_ros2/stonefish_ros2/msg/detail/beacon_info__type_support.hpp
[53.874s] -- Installing: /home/mazen/mini_girona/install/stonefish_ros2/include/stonefish_ros2/stonefish_ros2/msg/detail/dvl_beam__builder.hpp
[53.874s] -- Installing: /home/mazen/mini_girona/install/stonefish_ros2/include/stonefish_ros2/stonefish_ros2/msg/detail/thruster_state__builder.hpp
[53.874s] -- Installing: /home/mazen/mini_girona/install/stonefish_ros2/include/stonefish_ros2/stonefish_ros2/msg/detail/ned_pose__type_support.hpp
[53.874s] -- Installing: /home/mazen/mini_girona/install/stonefish_ros2/include/stonefish_ros2/stonefish_ros2/msg/detail/dvl_beam__traits.hpp
[53.874s] -- Installing: /home/mazen/mini_girona/install/stonefish_ros2/include/stonefish_ros2/stonefish_ros2/msg/detail/thruster_state__type_support.hpp
[53.874s] -- Installing: /home/mazen/mini_girona/install/stonefish_ros2/include/stonefish_ros2/stonefish_ros2/msg/detail/dvl_beam__struct.hpp
[53.874s] -- Installing: /home/mazen/mini_girona/install/stonefish_ros2/include/stonefish_ros2/stonefish_ros2/msg/detail/thruster_state__struct.hpp
[53.875s] -- Installing: /home/mazen/mini_girona/install/stonefish_ros2/include/stonefish_ros2/stonefish_ros2/msg/detail/ned_pose__struct.hpp
[53.875s] -- Installing: /home/mazen/mini_girona/install/stonefish_ros2/include/stonefish_ros2/stonefish_ros2/msg/detail/ins__struct.hpp
[53.875s] -- Installing: /home/mazen/mini_girona/install/stonefish_ros2/include/stonefish_ros2/stonefish_ros2/msg/detail/int32_stamped__type_support.hpp
[53.875s] -- Installing: /home/mazen/mini_girona/install/stonefish_ros2/include/stonefish_ros2/stonefish_ros2/msg/detail/ins__traits.hpp
[53.875s] -- Installing: /home/mazen/mini_girona/install/stonefish_ros2/include/stonefish_ros2/stonefish_ros2/msg/detail/dvl__type_support.hpp
[53.875s] -- Installing: /home/mazen/mini_girona/install/stonefish_ros2/include/stonefish_ros2/stonefish_ros2/msg/detail/thruster_state__traits.hpp
[53.875s] -- Installing: /home/mazen/mini_girona/install/stonefish_ros2/include/stonefish_ros2/stonefish_ros2/msg/detail/beacon_info__struct.hpp
[53.875s] -- Up-to-date: /home/mazen/mini_girona/install/stonefish_ros2/include/stonefish_ros2/stonefish_ros2
[53.875s] -- Up-to-date: /home/mazen/mini_girona/install/stonefish_ros2/include/stonefish_ros2/stonefish_ros2/srv
[53.875s] -- Up-to-date: /home/mazen/mini_girona/install/stonefish_ros2/include/stonefish_ros2/stonefish_ros2/srv/detail
[53.876s] -- Installing: /home/mazen/mini_girona/install/stonefish_ros2/include/stonefish_ros2/stonefish_ros2/srv/detail/sonar_settings__rosidl_typesupport_fastrtps_cpp.hpp
[53.876s] -- Installing: /home/mazen/mini_girona/install/stonefish_ros2/include/stonefish_ros2/stonefish_ros2/srv/detail/respawn__rosidl_typesupport_fastrtps_cpp.hpp
[53.876s] -- Installing: /home/mazen/mini_girona/install/stonefish_ros2/include/stonefish_ros2/stonefish_ros2/srv/detail/sonar_settings2__rosidl_typesupport_fastrtps_cpp.hpp
[53.876s] -- Installing: /home/mazen/mini_girona/install/stonefish_ros2/include/stonefish_ros2/stonefish_ros2/srv/detail/dds_fastrtps
[53.876s] -- Up-to-date: /home/mazen/mini_girona/install/stonefish_ros2/include/stonefish_ros2/stonefish_ros2/msg
[53.876s] -- Installing: /home/mazen/mini_girona/install/stonefish_ros2/include/stonefish_ros2/stonefish_ros2/msg/rosidl_typesupport_fastrtps_cpp__visibility_control.h
[53.876s] -- Up-to-date: /home/mazen/mini_girona/install/stonefish_ros2/include/stonefish_ros2/stonefish_ros2/msg/detail
[53.876s] -- Installing: /home/mazen/mini_girona/install/stonefish_ros2/include/stonefish_ros2/stonefish_ros2/msg/detail/int32_stamped__rosidl_typesupport_fastrtps_cpp.hpp
[53.876s] -- Installing: /home/mazen/mini_girona/install/stonefish_ros2/include/stonefish_ros2/stonefish_ros2/msg/detail/debug_physics__rosidl_typesupport_fastrtps_cpp.hpp
[53.876s] -- Installing: /home/mazen/mini_girona/install/stonefish_ros2/include/stonefish_ros2/stonefish_ros2/msg/detail/dvl_beam__rosidl_typesupport_fastrtps_cpp.hpp
[53.876s] -- Installing: /home/mazen/mini_girona/install/stonefish_ros2/include/stonefish_ros2/stonefish_ros2/msg/detail/dvl__rosidl_typesupport_fastrtps_cpp.hpp
[53.877s] -- Installing: /home/mazen/mini_girona/install/stonefish_ros2/include/stonefish_ros2/stonefish_ros2/msg/detail/ins__rosidl_typesupport_fastrtps_cpp.hpp
[53.877s] -- Installing: /home/mazen/mini_girona/install/stonefish_ros2/include/stonefish_ros2/stonefish_ros2/msg/detail/dds_fastrtps
[53.877s] -- Installing: /home/mazen/mini_girona/install/stonefish_ros2/include/stonefish_ros2/stonefish_ros2/msg/detail/beacon_info__rosidl_typesupport_fastrtps_cpp.hpp
[53.877s] -- Installing: /home/mazen/mini_girona/install/stonefish_ros2/include/stonefish_ros2/stonefish_ros2/msg/detail/thruster_state__rosidl_typesupport_fastrtps_cpp.hpp
[53.877s] -- Installing: /home/mazen/mini_girona/install/stonefish_ros2/include/stonefish_ros2/stonefish_ros2/msg/detail/ned_pose__rosidl_typesupport_fastrtps_cpp.hpp
[53.877s] -- Installing: /home/mazen/mini_girona/install/stonefish_ros2/lib/libstonefish_ros2__rosidl_typesupport_fastrtps_cpp.so
[53.877s] -- Set runtime path of "/home/mazen/mini_girona/install/stonefish_ros2/lib/libstonefish_ros2__rosidl_typesupport_fastrtps_cpp.so" to ""
[53.878s] -- Up-to-date: /home/mazen/mini_girona/install/stonefish_ros2/include/stonefish_ros2/stonefish_ros2
[53.878s] -- Up-to-date: /home/mazen/mini_girona/install/stonefish_ros2/include/stonefish_ros2/stonefish_ros2/srv
[53.878s] -- Up-to-date: /home/mazen/mini_girona/install/stonefish_ros2/include/stonefish_ros2/stonefish_ros2/srv/detail
[53.878s] -- Installing: /home/mazen/mini_girona/install/stonefish_ros2/include/stonefish_ros2/stonefish_ros2/srv/detail/respawn__type_support.c
[53.878s] -- Installing: /home/mazen/mini_girona/install/stonefish_ros2/include/stonefish_ros2/stonefish_ros2/srv/detail/respawn__rosidl_typesupport_introspection_c.h
[53.878s] -- Installing: /home/mazen/mini_girona/install/stonefish_ros2/include/stonefish_ros2/stonefish_ros2/srv/detail/sonar_settings2__type_support.c
[53.878s] -- Installing: /home/mazen/mini_girona/install/stonefish_ros2/include/stonefish_ros2/stonefish_ros2/srv/detail/sonar_settings__rosidl_typesupport_introspection_c.h
[53.878s] -- Installing: /home/mazen/mini_girona/install/stonefish_ros2/include/stonefish_ros2/stonefish_ros2/srv/detail/sonar_settings__type_support.c
[53.878s] -- Installing: /home/mazen/mini_girona/install/stonefish_ros2/include/stonefish_ros2/stonefish_ros2/srv/detail/sonar_settings2__rosidl_typesupport_introspection_c.h
[53.878s] -- Up-to-date: /home/mazen/mini_girona/install/stonefish_ros2/include/stonefish_ros2/stonefish_ros2/msg
[53.878s] -- Installing: /home/mazen/mini_girona/install/stonefish_ros2/include/stonefish_ros2/stonefish_ros2/msg/rosidl_typesupport_introspection_c__visibility_control.h
[53.879s] -- Up-to-date: /home/mazen/mini_girona/install/stonefish_ros2/include/stonefish_ros2/stonefish_ros2/msg/detail
[53.879s] -- Installing: /home/mazen/mini_girona/install/stonefish_ros2/include/stonefish_ros2/stonefish_ros2/msg/detail/int32_stamped__rosidl_typesupport_introspection_c.h
[53.879s] -- Installing: /home/mazen/mini_girona/install/stonefish_ros2/include/stonefish_ros2/stonefish_ros2/msg/detail/dvl_beam__rosidl_typesupport_introspection_c.h
[53.879s] -- Installing: /home/mazen/mini_girona/install/stonefish_ros2/include/stonefish_ros2/stonefish_ros2/msg/detail/beacon_info__type_support.c
[53.879s] -- Installing: /home/mazen/mini_girona/install/stonefish_ros2/include/stonefish_ros2/stonefish_ros2/msg/detail/ned_pose__type_support.c
[53.879s] -- Installing: /home/mazen/mini_girona/install/stonefish_ros2/include/stonefish_ros2/stonefish_ros2/msg/detail/ins__type_support.c
[53.879s] -- Installing: /home/mazen/mini_girona/install/stonefish_ros2/include/stonefish_ros2/stonefish_ros2/msg/detail/thruster_state__type_support.c
[53.879s] -- Installing: /home/mazen/mini_girona/install/stonefish_ros2/include/stonefish_ros2/stonefish_ros2/msg/detail/thruster_state__rosidl_typesupport_introspection_c.h
[53.879s] -- Installing: /home/mazen/mini_girona/install/stonefish_ros2/include/stonefish_ros2/stonefish_ros2/msg/detail/dvl_beam__type_support.c
[53.879s] -- Installing: /home/mazen/mini_girona/install/stonefish_ros2/include/stonefish_ros2/stonefish_ros2/msg/detail/ins__rosidl_typesupport_introspection_c.h
[53.879s] -- Installing: /home/mazen/mini_girona/install/stonefish_ros2/include/stonefish_ros2/stonefish_ros2/msg/detail/dvl__rosidl_typesupport_introspection_c.h
[53.880s] -- Installing: /home/mazen/mini_girona/install/stonefish_ros2/include/stonefish_ros2/stonefish_ros2/msg/detail/debug_physics__type_support.c
[53.880s] -- Installing: /home/mazen/mini_girona/install/stonefish_ros2/include/stonefish_ros2/stonefish_ros2/msg/detail/dvl__type_support.c
[53.880s] -- Installing: /home/mazen/mini_girona/install/stonefish_ros2/include/stonefish_ros2/stonefish_ros2/msg/detail/debug_physics__rosidl_typesupport_introspection_c.h
[53.880s] -- Installing: /home/mazen/mini_girona/install/stonefish_ros2/include/stonefish_ros2/stonefish_ros2/msg/detail/beacon_info__rosidl_typesupport_introspection_c.h
[53.880s] -- Installing: /home/mazen/mini_girona/install/stonefish_ros2/include/stonefish_ros2/stonefish_ros2/msg/detail/ned_pose__rosidl_typesupport_introspection_c.h
[53.880s] -- Installing: /home/mazen/mini_girona/install/stonefish_ros2/include/stonefish_ros2/stonefish_ros2/msg/detail/int32_stamped__type_support.c
[53.880s] -- Installing: /home/mazen/mini_girona/install/stonefish_ros2/lib/libstonefish_ros2__rosidl_typesupport_introspection_c.so
[53.881s] -- Set runtime path of "/home/mazen/mini_girona/install/stonefish_ros2/lib/libstonefish_ros2__rosidl_typesupport_introspection_c.so" to ""
[53.881s] -- Installing: /home/mazen/mini_girona/install/stonefish_ros2/lib/libstonefish_ros2__rosidl_typesupport_c.so
[53.881s] -- Set runtime path of "/home/mazen/mini_girona/install/stonefish_ros2/lib/libstonefish_ros2__rosidl_typesupport_c.so" to ""
[53.881s] -- Up-to-date: /home/mazen/mini_girona/install/stonefish_ros2/include/stonefish_ros2/stonefish_ros2
[53.881s] -- Up-to-date: /home/mazen/mini_girona/install/stonefish_ros2/include/stonefish_ros2/stonefish_ros2/srv
[53.881s] -- Up-to-date: /home/mazen/mini_girona/install/stonefish_ros2/include/stonefish_ros2/stonefish_ros2/srv/detail
[53.882s] -- Installing: /home/mazen/mini_girona/install/stonefish_ros2/include/stonefish_ros2/stonefish_ros2/srv/detail/respawn__type_support.cpp
[53.882s] -- Installing: /home/mazen/mini_girona/install/stonefish_ros2/include/stonefish_ros2/stonefish_ros2/srv/detail/sonar_settings2__rosidl_typesupport_introspection_cpp.hpp
[53.882s] -- Installing: /home/mazen/mini_girona/install/stonefish_ros2/include/stonefish_ros2/stonefish_ros2/srv/detail/sonar_settings__rosidl_typesupport_introspection_cpp.hpp
[53.882s] -- Installing: /home/mazen/mini_girona/install/stonefish_ros2/include/stonefish_ros2/stonefish_ros2/srv/detail/sonar_settings__type_support.cpp
[53.882s] -- Installing: /home/mazen/mini_girona/install/stonefish_ros2/include/stonefish_ros2/stonefish_ros2/srv/detail/respawn__rosidl_typesupport_introspection_cpp.hpp
[53.882s] -- Installing: /home/mazen/mini_girona/install/stonefish_ros2/include/stonefish_ros2/stonefish_ros2/srv/detail/sonar_settings2__type_support.cpp
[53.882s] -- Up-to-date: /home/mazen/mini_girona/install/stonefish_ros2/include/stonefish_ros2/stonefish_ros2/msg
[53.882s] -- Up-to-date: /home/mazen/mini_girona/install/stonefish_ros2/include/stonefish_ros2/stonefish_ros2/msg/detail
[53.882s] -- Installing: /home/mazen/mini_girona/install/stonefish_ros2/include/stonefish_ros2/stonefish_ros2/msg/detail/ins__rosidl_typesupport_introspection_cpp.hpp
[53.882s] -- Installing: /home/mazen/mini_girona/install/stonefish_ros2/include/stonefish_ros2/stonefish_ros2/msg/detail/debug_physics__type_support.cpp
[53.882s] -- Installing: /home/mazen/mini_girona/install/stonefish_ros2/include/stonefish_ros2/stonefish_ros2/msg/detail/dvl__type_support.cpp
[53.882s] -- Installing: /home/mazen/mini_girona/install/stonefish_ros2/include/stonefish_ros2/stonefish_ros2/msg/detail/int32_stamped__type_support.cpp
[53.883s] -- Installing: /home/mazen/mini_girona/install/stonefish_ros2/include/stonefish_ros2/stonefish_ros2/msg/detail/ned_pose__rosidl_typesupport_introspection_cpp.hpp
[53.883s] -- Installing: /home/mazen/mini_girona/install/stonefish_ros2/include/stonefish_ros2/stonefish_ros2/msg/detail/ins__type_support.cpp
[53.883s] -- Installing: /home/mazen/mini_girona/install/stonefish_ros2/include/stonefish_ros2/stonefish_ros2/msg/detail/thruster_state__type_support.cpp
[53.883s] -- Installing: /home/mazen/mini_girona/install/stonefish_ros2/include/stonefish_ros2/stonefish_ros2/msg/detail/dvl_beam__type_support.cpp
[53.883s] -- Installing: /home/mazen/mini_girona/install/stonefish_ros2/include/stonefish_ros2/stonefish_ros2/msg/detail/beacon_info__type_support.cpp
[53.883s] -- Installing: /home/mazen/mini_girona/install/stonefish_ros2/include/stonefish_ros2/stonefish_ros2/msg/detail/dvl_beam__rosidl_typesupport_introspection_cpp.hpp
[53.883s] -- Installing: /home/mazen/mini_girona/install/stonefish_ros2/include/stonefish_ros2/stonefish_ros2/msg/detail/ned_pose__type_support.cpp
[53.883s] -- Installing: /home/mazen/mini_girona/install/stonefish_ros2/include/stonefish_ros2/stonefish_ros2/msg/detail/thruster_state__rosidl_typesupport_introspection_cpp.hpp
[53.883s] -- Installing: /home/mazen/mini_girona/install/stonefish_ros2/include/stonefish_ros2/stonefish_ros2/msg/detail/debug_physics__rosidl_typesupport_introspection_cpp.hpp
[53.883s] -- Installing: /home/mazen/mini_girona/install/stonefish_ros2/include/stonefish_ros2/stonefish_ros2/msg/detail/dvl__rosidl_typesupport_introspection_cpp.hpp
[53.884s] -- Installing: /home/mazen/mini_girona/install/stonefish_ros2/include/stonefish_ros2/stonefish_ros2/msg/detail/beacon_info__rosidl_typesupport_introspection_cpp.hpp
[53.884s] -- Installing: /home/mazen/mini_girona/install/stonefish_ros2/include/stonefish_ros2/stonefish_ros2/msg/detail/int32_stamped__rosidl_typesupport_introspection_cpp.hpp
[53.884s] -- Installing: /home/mazen/mini_girona/install/stonefish_ros2/lib/libstonefish_ros2__rosidl_typesupport_introspection_cpp.so
[53.884s] -- Set runtime path of "/home/mazen/mini_girona/install/stonefish_ros2/lib/libstonefish_ros2__rosidl_typesupport_introspection_cpp.so" to ""
[53.884s] -- Installing: /home/mazen/mini_girona/install/stonefish_ros2/lib/libstonefish_ros2__rosidl_typesupport_cpp.so
[53.885s] -- Set runtime path of "/home/mazen/mini_girona/install/stonefish_ros2/lib/libstonefish_ros2__rosidl_typesupport_cpp.so" to ""
[53.885s] -- Installing: /home/mazen/mini_girona/install/stonefish_ros2/share/stonefish_ros2/environment/pythonpath.sh
[53.885s] -- Installing: /home/mazen/mini_girona/install/stonefish_ros2/share/stonefish_ros2/environment/pythonpath.dsv
[53.885s] -- Installing: /home/mazen/mini_girona/install/stonefish_ros2/local/lib/python3.10/dist-packages/stonefish_ros2-1.3.0-py3.10.egg-info
[53.885s] -- Installing: /home/mazen/mini_girona/install/stonefish_ros2/local/lib/python3.10/dist-packages/stonefish_ros2-1.3.0-py3.10.egg-info/top_level.txt
[53.885s] -- Installing: /home/mazen/mini_girona/install/stonefish_ros2/local/lib/python3.10/dist-packages/stonefish_ros2-1.3.0-py3.10.egg-info/PKG-INFO
[53.886s] -- Installing: /home/mazen/mini_girona/install/stonefish_ros2/local/lib/python3.10/dist-packages/stonefish_ros2-1.3.0-py3.10.egg-info/dependency_links.txt
[53.886s] -- Installing: /home/mazen/mini_girona/install/stonefish_ros2/local/lib/python3.10/dist-packages/stonefish_ros2-1.3.0-py3.10.egg-info/SOURCES.txt
[53.886s] -- Installing: /home/mazen/mini_girona/install/stonefish_ros2/local/lib/python3.10/dist-packages/stonefish_ros2
[53.886s] -- Installing: /home/mazen/mini_girona/install/stonefish_ros2/local/lib/python3.10/dist-packages/stonefish_ros2/_stonefish_ros2_s.ep.rosidl_typesupport_fastrtps_c.c
[53.886s] -- Installing: /home/mazen/mini_girona/install/stonefish_ros2/local/lib/python3.10/dist-packages/stonefish_ros2/stonefish_ros2_s__rosidl_typesupport_introspection_c.cpython-310-x86_64-linux-gnu.so
[53.886s] -- Installing: /home/mazen/mini_girona/install/stonefish_ros2/local/lib/python3.10/dist-packages/stonefish_ros2/srv
[53.886s] -- Installing: /home/mazen/mini_girona/install/stonefish_ros2/local/lib/python3.10/dist-packages/stonefish_ros2/srv/_sonar_settings2.py
[53.886s] -- Installing: /home/mazen/mini_girona/install/stonefish_ros2/local/lib/python3.10/dist-packages/stonefish_ros2/srv/_sonar_settings.py
[53.886s] -- Installing: /home/mazen/mini_girona/install/stonefish_ros2/local/lib/python3.10/dist-packages/stonefish_ros2/srv/_respawn_s.c
[53.886s] -- Installing: /home/mazen/mini_girona/install/stonefish_ros2/local/lib/python3.10/dist-packages/stonefish_ros2/srv/_sonar_settings_s.c
[53.887s] -- Installing: /home/mazen/mini_girona/install/stonefish_ros2/local/lib/python3.10/dist-packages/stonefish_ros2/srv/__init__.py
[53.887s] -- Installing: /home/mazen/mini_girona/install/stonefish_ros2/local/lib/python3.10/dist-packages/stonefish_ros2/srv/_respawn.py
[53.887s] -- Installing: /home/mazen/mini_girona/install/stonefish_ros2/local/lib/python3.10/dist-packages/stonefish_ros2/srv/_sonar_settings2_s.c
[53.887s] -- Installing: /home/mazen/mini_girona/install/stonefish_ros2/local/lib/python3.10/dist-packages/stonefish_ros2/_stonefish_ros2_s.ep.rosidl_typesupport_introspection_c.c
[53.887s] -- Installing: /home/mazen/mini_girona/install/stonefish_ros2/local/lib/python3.10/dist-packages/stonefish_ros2/libstonefish_ros2__rosidl_generator_py.so
[53.887s] -- Installing: /home/mazen/mini_girona/install/stonefish_ros2/local/lib/python3.10/dist-packages/stonefish_ros2/__init__.py
[53.887s] -- Installing: /home/mazen/mini_girona/install/stonefish_ros2/local/lib/python3.10/dist-packages/stonefish_ros2/_stonefish_ros2_s.ep.rosidl_typesupport_c.c
[53.887s] -- Installing: /home/mazen/mini_girona/install/stonefish_ros2/local/lib/python3.10/dist-packages/stonefish_ros2/stonefish_ros2_s__rosidl_typesupport_fastrtps_c.cpython-310-x86_64-linux-gnu.so
[53.888s] -- Installing: /home/mazen/mini_girona/install/stonefish_ros2/local/lib/python3.10/dist-packages/stonefish_ros2/stonefish_ros2_s__rosidl_typesupport_c.cpython-310-x86_64-linux-gnu.so
[53.888s] -- Installing: /home/mazen/mini_girona/install/stonefish_ros2/local/lib/python3.10/dist-packages/stonefish_ros2/msg
[53.888s] -- Installing: /home/mazen/mini_girona/install/stonefish_ros2/local/lib/python3.10/dist-packages/stonefish_ros2/msg/_dvl_beam_s.c
[53.888s] -- Installing: /home/mazen/mini_girona/install/stonefish_ros2/local/lib/python3.10/dist-packages/stonefish_ros2/msg/_thruster_state_s.c
[53.888s] -- Installing: /home/mazen/mini_girona/install/stonefish_ros2/local/lib/python3.10/dist-packages/stonefish_ros2/msg/_ins_s.c
[53.888s] -- Installing: /home/mazen/mini_girona/install/stonefish_ros2/local/lib/python3.10/dist-packages/stonefish_ros2/msg/_ned_pose_s.c
[53.888s] -- Installing: /home/mazen/mini_girona/install/stonefish_ros2/local/lib/python3.10/dist-packages/stonefish_ros2/msg/_ned_pose.py
[53.888s] -- Installing: /home/mazen/mini_girona/install/stonefish_ros2/local/lib/python3.10/dist-packages/stonefish_ros2/msg/_debug_physics_s.c
[53.889s] -- Installing: /home/mazen/mini_girona/install/stonefish_ros2/local/lib/python3.10/dist-packages/stonefish_ros2/msg/_int32_stamped.py
[53.889s] -- Installing: /home/mazen/mini_girona/install/stonefish_ros2/local/lib/python3.10/dist-packages/stonefish_ros2/msg/_int32_stamped_s.c
[53.889s] -- Installing: /home/mazen/mini_girona/install/stonefish_ros2/local/lib/python3.10/dist-packages/stonefish_ros2/msg/__init__.py
[53.889s] -- Installing: /home/mazen/mini_girona/install/stonefish_ros2/local/lib/python3.10/dist-packages/stonefish_ros2/msg/_ins.py
[53.889s] -- Installing: /home/mazen/mini_girona/install/stonefish_ros2/local/lib/python3.10/dist-packages/stonefish_ros2/msg/_beacon_info.py
[53.889s] -- Installing: /home/mazen/mini_girona/install/stonefish_ros2/local/lib/python3.10/dist-packages/stonefish_ros2/msg/_dvl_s.c
[53.889s] -- Installing: /home/mazen/mini_girona/install/stonefish_ros2/local/lib/python3.10/dist-packages/stonefish_ros2/msg/_beacon_info_s.c
[53.889s] -- Installing: /home/mazen/mini_girona/install/stonefish_ros2/local/lib/python3.10/dist-packages/stonefish_ros2/msg/_dvl_beam.py
[53.889s] -- Installing: /home/mazen/mini_girona/install/stonefish_ros2/local/lib/python3.10/dist-packages/stonefish_ros2/msg/_dvl.py
[53.890s] -- Installing: /home/mazen/mini_girona/install/stonefish_ros2/local/lib/python3.10/dist-packages/stonefish_ros2/msg/_debug_physics.py
[53.890s] -- Installing: /home/mazen/mini_girona/install/stonefish_ros2/local/lib/python3.10/dist-packages/stonefish_ros2/msg/_thruster_state.py
[53.942s] Listing '/home/mazen/mini_girona/install/stonefish_ros2/local/lib/python3.10/dist-packages/stonefish_ros2'...
[53.942s] Compiling '/home/mazen/mini_girona/install/stonefish_ros2/local/lib/python3.10/dist-packages/stonefish_ros2/__init__.py'...
[53.942s] Listing '/home/mazen/mini_girona/install/stonefish_ros2/local/lib/python3.10/dist-packages/stonefish_ros2/msg'...
[53.942s] Compiling '/home/mazen/mini_girona/install/stonefish_ros2/local/lib/python3.10/dist-packages/stonefish_ros2/msg/__init__.py'...
[53.942s] Compiling '/home/mazen/mini_girona/install/stonefish_ros2/local/lib/python3.10/dist-packages/stonefish_ros2/msg/_beacon_info.py'...
[53.942s] Compiling '/home/mazen/mini_girona/install/stonefish_ros2/local/lib/python3.10/dist-packages/stonefish_ros2/msg/_debug_physics.py'...
[53.942s] Compiling '/home/mazen/mini_girona/install/stonefish_ros2/local/lib/python3.10/dist-packages/stonefish_ros2/msg/_dvl.py'...
[53.942s] Compiling '/home/mazen/mini_girona/install/stonefish_ros2/local/lib/python3.10/dist-packages/stonefish_ros2/msg/_dvl_beam.py'...
[53.942s] Compiling '/home/mazen/mini_girona/install/stonefish_ros2/local/lib/python3.10/dist-packages/stonefish_ros2/msg/_ins.py'...
[53.942s] Compiling '/home/mazen/mini_girona/install/stonefish_ros2/local/lib/python3.10/dist-packages/stonefish_ros2/msg/_int32_stamped.py'...
[53.942s] Compiling '/home/mazen/mini_girona/install/stonefish_ros2/local/lib/python3.10/dist-packages/stonefish_ros2/msg/_ned_pose.py'...
[53.942s] Compiling '/home/mazen/mini_girona/install/stonefish_ros2/local/lib/python3.10/dist-packages/stonefish_ros2/msg/_thruster_state.py'...
[53.943s] Listing '/home/mazen/mini_girona/install/stonefish_ros2/local/lib/python3.10/dist-packages/stonefish_ros2/srv'...
[53.943s] Compiling '/home/mazen/mini_girona/install/stonefish_ros2/local/lib/python3.10/dist-packages/stonefish_ros2/srv/__init__.py'...
[53.943s] Compiling '/home/mazen/mini_girona/install/stonefish_ros2/local/lib/python3.10/dist-packages/stonefish_ros2/srv/_respawn.py'...
[53.943s] Compiling '/home/mazen/mini_girona/install/stonefish_ros2/local/lib/python3.10/dist-packages/stonefish_ros2/srv/_sonar_settings.py'...
[53.943s] Compiling '/home/mazen/mini_girona/install/stonefish_ros2/local/lib/python3.10/dist-packages/stonefish_ros2/srv/_sonar_settings2.py'...
[53.947s] -- Installing: /home/mazen/mini_girona/install/stonefish_ros2/local/lib/python3.10/dist-packages/stonefish_ros2/stonefish_ros2_s__rosidl_typesupport_fastrtps_c.cpython-310-x86_64-linux-gnu.so
[53.947s] -- Set runtime path of "/home/mazen/mini_girona/install/stonefish_ros2/local/lib/python3.10/dist-packages/stonefish_ros2/stonefish_ros2_s__rosidl_typesupport_fastrtps_c.cpython-310-x86_64-linux-gnu.so" to ""
[53.947s] -- Installing: /home/mazen/mini_girona/install/stonefish_ros2/local/lib/python3.10/dist-packages/stonefish_ros2/stonefish_ros2_s__rosidl_typesupport_introspection_c.cpython-310-x86_64-linux-gnu.so
[53.948s] -- Set runtime path of "/home/mazen/mini_girona/install/stonefish_ros2/local/lib/python3.10/dist-packages/stonefish_ros2/stonefish_ros2_s__rosidl_typesupport_introspection_c.cpython-310-x86_64-linux-gnu.so" to ""
[53.948s] -- Installing: /home/mazen/mini_girona/install/stonefish_ros2/local/lib/python3.10/dist-packages/stonefish_ros2/stonefish_ros2_s__rosidl_typesupport_c.cpython-310-x86_64-linux-gnu.so
[53.948s] -- Set runtime path of "/home/mazen/mini_girona/install/stonefish_ros2/local/lib/python3.10/dist-packages/stonefish_ros2/stonefish_ros2_s__rosidl_typesupport_c.cpython-310-x86_64-linux-gnu.so" to ""
[53.948s] -- Installing: /home/mazen/mini_girona/install/stonefish_ros2/lib/libstonefish_ros2__rosidl_generator_py.so
[53.949s] -- Set runtime path of "/home/mazen/mini_girona/install/stonefish_ros2/lib/libstonefish_ros2__rosidl_generator_py.so" to ""
[53.949s] -- Installing: /home/mazen/mini_girona/install/stonefish_ros2/share/stonefish_ros2/msg/Int32Stamped.idl
[53.949s] -- Installing: /home/mazen/mini_girona/install/stonefish_ros2/share/stonefish_ros2/msg/BeaconInfo.idl
[53.949s] -- Installing: /home/mazen/mini_girona/install/stonefish_ros2/share/stonefish_ros2/msg/NEDPose.idl
[53.949s] -- Installing: /home/mazen/mini_girona/install/stonefish_ros2/share/stonefish_ros2/msg/INS.idl
[53.949s] -- Installing: /home/mazen/mini_girona/install/stonefish_ros2/share/stonefish_ros2/msg/DVLBeam.idl
[53.950s] -- Installing: /home/mazen/mini_girona/install/stonefish_ros2/share/stonefish_ros2/msg/DVL.idl
[53.950s] -- Installing: /home/mazen/mini_girona/install/stonefish_ros2/share/stonefish_ros2/msg/ThrusterState.idl
[53.950s] -- Installing: /home/mazen/mini_girona/install/stonefish_ros2/share/stonefish_ros2/msg/DebugPhysics.idl
[53.950s] -- Installing: /home/mazen/mini_girona/install/stonefish_ros2/share/stonefish_ros2/srv/SonarSettings.idl
[53.950s] -- Installing: /home/mazen/mini_girona/install/stonefish_ros2/share/stonefish_ros2/srv/SonarSettings2.idl
[53.950s] -- Installing: /home/mazen/mini_girona/install/stonefish_ros2/share/stonefish_ros2/srv/Respawn.idl
[53.950s] -- Installing: /home/mazen/mini_girona/install/stonefish_ros2/share/stonefish_ros2/msg/Int32Stamped.msg
[53.950s] -- Installing: /home/mazen/mini_girona/install/stonefish_ros2/share/stonefish_ros2/msg/BeaconInfo.msg
[53.951s] -- Installing: /home/mazen/mini_girona/install/stonefish_ros2/share/stonefish_ros2/msg/NEDPose.msg
[53.951s] -- Installing: /home/mazen/mini_girona/install/stonefish_ros2/share/stonefish_ros2/msg/INS.msg
[53.951s] -- Installing: /home/mazen/mini_girona/install/stonefish_ros2/share/stonefish_ros2/msg/DVLBeam.msg
[53.951s] -- Installing: /home/mazen/mini_girona/install/stonefish_ros2/share/stonefish_ros2/msg/DVL.msg
[53.951s] -- Installing: /home/mazen/mini_girona/install/stonefish_ros2/share/stonefish_ros2/msg/ThrusterState.msg
[53.951s] -- Installing: /home/mazen/mini_girona/install/stonefish_ros2/share/stonefish_ros2/msg/DebugPhysics.msg
[53.951s] -- Installing: /home/mazen/mini_girona/install/stonefish_ros2/share/stonefish_ros2/srv/SonarSettings.srv
[53.951s] -- Installing: /home/mazen/mini_girona/install/stonefish_ros2/share/stonefish_ros2/srv/SonarSettings_Request.msg
[53.952s] -- Installing: /home/mazen/mini_girona/install/stonefish_ros2/share/stonefish_ros2/srv/SonarSettings_Response.msg
[53.952s] -- Installing: /home/mazen/mini_girona/install/stonefish_ros2/share/stonefish_ros2/srv/SonarSettings2.srv
[53.952s] -- Installing: /home/mazen/mini_girona/install/stonefish_ros2/share/stonefish_ros2/srv/SonarSettings2_Request.msg
[53.952s] -- Installing: /home/mazen/mini_girona/install/stonefish_ros2/share/stonefish_ros2/srv/SonarSettings2_Response.msg
[53.952s] -- Installing: /home/mazen/mini_girona/install/stonefish_ros2/share/stonefish_ros2/srv/Respawn.srv
[53.952s] -- Installing: /home/mazen/mini_girona/install/stonefish_ros2/share/stonefish_ros2/srv/Respawn_Request.msg
[53.952s] -- Installing: /home/mazen/mini_girona/install/stonefish_ros2/share/stonefish_ros2/srv/Respawn_Response.msg
[53.952s] -- Installing: /home/mazen/mini_girona/install/stonefish_ros2/lib/libstonefish_ros2_interface.so
[53.982s] -- Set runtime path of "/home/mazen/mini_girona/install/stonefish_ros2/lib/libstonefish_ros2_interface.so" to ""
[53.982s] -- Installing: /home/mazen/mini_girona/install/stonefish_ros2/include/include
[53.982s] -- Installing: /home/mazen/mini_girona/install/stonefish_ros2/include/include/stonefish_ros2
[53.982s] -- Installing: /home/mazen/mini_girona/install/stonefish_ros2/include/include/stonefish_ros2/ROS2Interface.h
[53.982s] -- Installing: /home/mazen/mini_girona/install/stonefish_ros2/include/include/stonefish_ros2/ROS2SimulationManager.h
[53.982s] -- Installing: /home/mazen/mini_girona/install/stonefish_ros2/include/include/stonefish_ros2/ROS2ScenarioParser.h
[53.982s] -- Installing: /home/mazen/mini_girona/install/stonefish_ros2/include/include/stonefish_ros2/ROS2ConsoleSimulationApp.h
[53.982s] -- Installing: /home/mazen/mini_girona/install/stonefish_ros2/include/include/stonefish_ros2/ROS2GraphicalSimulationApp.h
[53.982s] -- Installing: /home/mazen/mini_girona/install/stonefish_ros2/lib/stonefish_ros2/stonefish_simulator
[53.983s] -- Set runtime path of "/home/mazen/mini_girona/install/stonefish_ros2/lib/stonefish_ros2/stonefish_simulator" to ""
[53.983s] -- Installing: /home/mazen/mini_girona/install/stonefish_ros2/lib/stonefish_ros2/stonefish_simulator_nogpu
[53.983s] -- Set runtime path of "/home/mazen/mini_girona/install/stonefish_ros2/lib/stonefish_ros2/stonefish_simulator_nogpu" to ""
[53.983s] -- Installing: /home/mazen/mini_girona/install/stonefish_ros2/share/stonefish_ros2/launch
[53.984s] -- Installing: /home/mazen/mini_girona/install/stonefish_ros2/share/stonefish_ros2/launch/stonefish_simulator_nogpu.launch.py
[53.984s] -- Installing: /home/mazen/mini_girona/install/stonefish_ros2/share/stonefish_ros2/launch/stonefish_simulator.launch.py
[53.984s] -- Installing: /home/mazen/mini_girona/install/stonefish_ros2/share/ament_index/resource_index/package_run_dependencies/stonefish_ros2
[53.984s] -- Installing: /home/mazen/mini_girona/install/stonefish_ros2/share/ament_index/resource_index/parent_prefix_path/stonefish_ros2
[53.984s] -- Installing: /home/mazen/mini_girona/install/stonefish_ros2/share/stonefish_ros2/environment/ament_prefix_path.sh
[53.984s] -- Installing: /home/mazen/mini_girona/install/stonefish_ros2/share/stonefish_ros2/environment/ament_prefix_path.dsv
[53.984s] -- Installing: /home/mazen/mini_girona/install/stonefish_ros2/share/stonefish_ros2/environment/path.sh
[53.984s] -- Installing: /home/mazen/mini_girona/install/stonefish_ros2/share/stonefish_ros2/environment/path.dsv
[53.985s] -- Installing: /home/mazen/mini_girona/install/stonefish_ros2/share/stonefish_ros2/local_setup.bash
[53.985s] -- Installing: /home/mazen/mini_girona/install/stonefish_ros2/share/stonefish_ros2/local_setup.sh
[53.985s] -- Installing: /home/mazen/mini_girona/install/stonefish_ros2/share/stonefish_ros2/local_setup.zsh
[53.985s] -- Installing: /home/mazen/mini_girona/install/stonefish_ros2/share/stonefish_ros2/local_setup.dsv
[53.985s] -- Installing: /home/mazen/mini_girona/install/stonefish_ros2/share/stonefish_ros2/package.dsv
[53.985s] -- Installing: /home/mazen/mini_girona/install/stonefish_ros2/share/ament_index/resource_index/packages/stonefish_ros2
[53.985s] -- Installing: /home/mazen/mini_girona/install/stonefish_ros2/share/stonefish_ros2/cmake/export_stonefish_ros2__rosidl_generator_cExport.cmake
[53.986s] -- Installing: /home/mazen/mini_girona/install/stonefish_ros2/share/stonefish_ros2/cmake/export_stonefish_ros2__rosidl_generator_cExport-noconfig.cmake
[53.986s] -- Installing: /home/mazen/mini_girona/install/stonefish_ros2/share/stonefish_ros2/cmake/export_stonefish_ros2__rosidl_typesupport_fastrtps_cExport.cmake
[53.986s] -- Installing: /home/mazen/mini_girona/install/stonefish_ros2/share/stonefish_ros2/cmake/export_stonefish_ros2__rosidl_typesupport_fastrtps_cExport-noconfig.cmake
[53.986s] -- Installing: /home/mazen/mini_girona/install/stonefish_ros2/share/stonefish_ros2/cmake/export_stonefish_ros2__rosidl_generator_cppExport.cmake
[53.986s] -- Installing: /home/mazen/mini_girona/install/stonefish_ros2/share/stonefish_ros2/cmake/export_stonefish_ros2__rosidl_typesupport_fastrtps_cppExport.cmake
[53.986s] -- Installing: /home/mazen/mini_girona/install/stonefish_ros2/share/stonefish_ros2/cmake/export_stonefish_ros2__rosidl_typesupport_fastrtps_cppExport-noconfig.cmake
[53.986s] -- Installing: /home/mazen/mini_girona/install/stonefish_ros2/share/stonefish_ros2/cmake/stonefish_ros2__rosidl_typesupport_introspection_cExport.cmake
[53.987s] -- Installing: /home/mazen/mini_girona/install/stonefish_ros2/share/stonefish_ros2/cmake/stonefish_ros2__rosidl_typesupport_introspection_cExport-noconfig.cmake
[53.987s] -- Installing: /home/mazen/mini_girona/install/stonefish_ros2/share/stonefish_ros2/cmake/stonefish_ros2__rosidl_typesupport_cExport.cmake
[53.987s] -- Installing: /home/mazen/mini_girona/install/stonefish_ros2/share/stonefish_ros2/cmake/stonefish_ros2__rosidl_typesupport_cExport-noconfig.cmake
[53.987s] -- Installing: /home/mazen/mini_girona/install/stonefish_ros2/share/stonefish_ros2/cmake/stonefish_ros2__rosidl_typesupport_introspection_cppExport.cmake
[53.987s] -- Installing: /home/mazen/mini_girona/install/stonefish_ros2/share/stonefish_ros2/cmake/stonefish_ros2__rosidl_typesupport_introspection_cppExport-noconfig.cmake
[53.987s] -- Installing: /home/mazen/mini_girona/install/stonefish_ros2/share/stonefish_ros2/cmake/stonefish_ros2__rosidl_typesupport_cppExport.cmake
[53.987s] -- Installing: /home/mazen/mini_girona/install/stonefish_ros2/share/stonefish_ros2/cmake/stonefish_ros2__rosidl_typesupport_cppExport-noconfig.cmake
[53.987s] -- Installing: /home/mazen/mini_girona/install/stonefish_ros2/share/stonefish_ros2/cmake/export_stonefish_ros2__rosidl_generator_pyExport.cmake
[53.988s] -- Installing: /home/mazen/mini_girona/install/stonefish_ros2/share/stonefish_ros2/cmake/export_stonefish_ros2__rosidl_generator_pyExport-noconfig.cmake
[53.988s] -- Installing: /home/mazen/mini_girona/install/stonefish_ros2/share/stonefish_ros2/cmake/rosidl_cmake-extras.cmake
[53.988s] -- Installing: /home/mazen/mini_girona/install/stonefish_ros2/share/stonefish_ros2/cmake/ament_cmake_export_dependencies-extras.cmake
[53.988s] -- Installing: /home/mazen/mini_girona/install/stonefish_ros2/share/stonefish_ros2/cmake/ament_cmake_export_include_directories-extras.cmake
[53.988s] -- Installing: /home/mazen/mini_girona/install/stonefish_ros2/share/stonefish_ros2/cmake/ament_cmake_export_libraries-extras.cmake
[53.988s] -- Installing: /home/mazen/mini_girona/install/stonefish_ros2/share/stonefish_ros2/cmake/ament_cmake_export_targets-extras.cmake
[53.989s] -- Installing: /home/mazen/mini_girona/install/stonefish_ros2/share/stonefish_ros2/cmake/rosidl_cmake_export_typesupport_targets-extras.cmake
[53.989s] -- Installing: /home/mazen/mini_girona/install/stonefish_ros2/share/stonefish_ros2/cmake/rosidl_cmake_export_typesupport_libraries-extras.cmake
[53.989s] -- Installing: /home/mazen/mini_girona/install/stonefish_ros2/share/stonefish_ros2/cmake/stonefish_ros2Config.cmake
[53.989s] -- Installing: /home/mazen/mini_girona/install/stonefish_ros2/share/stonefish_ros2/cmake/stonefish_ros2Config-version.cmake
[53.989s] -- Installing: /home/mazen/mini_girona/install/stonefish_ros2/share/stonefish_ros2/package.xml
[53.991s] Invoked command in '/home/mazen/mini_girona/build/stonefish_ros2' returned '0': CMAKE_PREFIX_PATH=${CMAKE_PREFIX_PATH}:/opt/ros/humble /usr/bin/cmake --install /home/mazen/mini_girona/build/stonefish_ros2
