[35m[1mConsolidate compiler generated dependencies of target cola2_nav[0m
[ 20%] [32mBuilding CXX object CMakeFiles/cola2_nav.dir/src/cola2_nav/ekf_base_ros2.cpp.o[0m
[ 20%] [32mBuilding CXX object CMakeFiles/cola2_nav.dir/src/cola2_nav/ekf_base.cpp.o[0m
[ 30%] [32m[1mLinking CXX static library libcola2_nav.a[0m
[ 40%] Built target cola2_nav
[ 70%] [32mBuilding CXX object CMakeFiles/navigator_node.dir/src/navigator_node.cpp.o[0m
[ 70%] [32mBuilding CXX object CMakeFiles/navigator_position_node.dir/src/navigator_position_node.cpp.o[0m
[ 70%] [32mBuilding CXX object CMakeFiles/navigator_surface_node.dir/src/navigator_surface_node.cpp.o[0m
[ 80%] [32m[1mLinking CXX executable navigator_surface_node[0m
[ 80%] Built target navigator_surface_node
[ 90%] [32m[1mLinking CXX executable navigator_position_node[0m
[100%] [32m[1mLinking CXX executable navigator_node[0m
[100%] Built target navigator_position_node
[100%] Built target navigator_node
-- Install configuration: ""
-- Installing: /home/mazen/mini_girona/install/cola2_nav/lib/cola2_nav/libcola2_nav.a
-- Installing: /home/mazen/mini_girona/install/cola2_nav/lib/cola2_nav/navigator_node
-- Set runtime path of "/home/mazen/mini_girona/install/cola2_nav/lib/cola2_nav/navigator_node" to ""
-- Installing: /home/mazen/mini_girona/install/cola2_nav/lib/cola2_nav/navigator_position_node
-- Set runtime path of "/home/mazen/mini_girona/install/cola2_nav/lib/cola2_nav/navigator_position_node" to ""
-- Installing: /home/mazen/mini_girona/install/cola2_nav/lib/cola2_nav/navigator_surface_node
-- Set runtime path of "/home/mazen/mini_girona/install/cola2_nav/lib/cola2_nav/navigator_surface_node" to ""
-- Installing: /home/mazen/mini_girona/install/cola2_nav/include/cola2_nav
-- Installing: /home/mazen/mini_girona/install/cola2_nav/include/cola2_nav/transformations.h
-- Installing: /home/mazen/mini_girona/install/cola2_nav/include/cola2_nav/ekf_base.h
-- Installing: /home/mazen/mini_girona/install/cola2_nav/include/cola2_nav/ekf_base_ros2.h
-- Installing: /home/mazen/mini_girona/install/cola2_nav/share/cola2_nav/config
-- Installing: /home/mazen/mini_girona/install/cola2_nav/share/cola2_nav/config/navigator_position.yaml
-- Installing: /home/mazen/mini_girona/install/cola2_nav/share/cola2_nav/config/navigator.yaml
-- Installing: /home/mazen/mini_girona/install/cola2_nav/share/cola2_nav/launch
-- Installing: /home/mazen/mini_girona/install/cola2_nav/share/cola2_nav/launch/navigation.launch.py
-- Installing: /home/mazen/mini_girona/install/cola2_nav/share/ament_index/resource_index/package_run_dependencies/cola2_nav
-- Installing: /home/mazen/mini_girona/install/cola2_nav/share/ament_index/resource_index/parent_prefix_path/cola2_nav
-- Installing: /home/mazen/mini_girona/install/cola2_nav/share/cola2_nav/environment/ament_prefix_path.sh
-- Installing: /home/mazen/mini_girona/install/cola2_nav/share/cola2_nav/environment/ament_prefix_path.dsv
-- Installing: /home/mazen/mini_girona/install/cola2_nav/share/cola2_nav/environment/path.sh
-- Installing: /home/mazen/mini_girona/install/cola2_nav/share/cola2_nav/environment/path.dsv
-- Installing: /home/mazen/mini_girona/install/cola2_nav/share/cola2_nav/local_setup.bash
-- Installing: /home/mazen/mini_girona/install/cola2_nav/share/cola2_nav/local_setup.sh
-- Installing: /home/mazen/mini_girona/install/cola2_nav/share/cola2_nav/local_setup.zsh
-- Installing: /home/mazen/mini_girona/install/cola2_nav/share/cola2_nav/local_setup.dsv
-- Installing: /home/mazen/mini_girona/install/cola2_nav/share/cola2_nav/package.dsv
-- Installing: /home/mazen/mini_girona/install/cola2_nav/share/ament_index/resource_index/packages/cola2_nav
-- Installing: /home/mazen/mini_girona/install/cola2_nav/share/cola2_nav/cmake/cola2_navConfig.cmake
-- Installing: /home/mazen/mini_girona/install/cola2_nav/share/cola2_nav/cmake/cola2_navConfig-version.cmake
-- Installing: /home/mazen/mini_girona/install/cola2_nav/share/cola2_nav/package.xml
