[0.013s] Invoking command in '/home/mazen/mini_girona/build/cola2_nav': CMAKE_PREFIX_PATH=/home/mazen/mini_girona/install/cola2_lib_ros:/home/mazen/mini_girona/install/cola2_msgs:/home/mazen/mini_girona/install/cola2_nav:/home/mazen/mini_girona/install/minigirona_stonefish:/home/mazen/mini_girona/install/stonefish_ros2:/home/mazen/mini_girona/install/cola2_minigirona:/home/mazen/mini_girona/install/minigirona_description:/home/mazen/mini_girona/install/cola2_control:/opt/ros/humble LD_LIBRARY_PATH=/home/mazen/mini_girona/install/cola2_lib_ros/lib:/home/mazen/mini_girona/install/cola2_msgs/lib:/home/mazen/mini_girona/install/stonefish_ros2/lib:/opt/ros/humble/opt/rviz_ogre_vendor/lib:/opt/ros/humble/lib/x86_64-linux-gnu:/opt/ros/humble/lib /usr/bin/cmake --build /home/mazen/mini_girona/build/cola2_nav -- -j12 -l12
[0.051s] [35m[1mConsolidate compiler generated dependencies of target cola2_nav[0m
[0.064s] [ 20%] [32mBuilding CXX object CMakeFiles/cola2_nav.dir/src/cola2_nav/ekf_base_ros2.cpp.o[0m
[0.064s] [ 20%] [32mBuilding CXX object CMakeFiles/cola2_nav.dir/src/cola2_nav/ekf_base.cpp.o[0m
[9.041s] [ 30%] [32m[1mLinking CXX static library libcola2_nav.a[0m
[9.290s] [ 40%] Built target cola2_nav
[9.310s] [ 70%] [32mBuilding CXX object CMakeFiles/navigator_node.dir/src/navigator_node.cpp.o[0m
[9.310s] [ 70%] [32mBuilding CXX object CMakeFiles/navigator_position_node.dir/src/navigator_position_node.cpp.o[0m
[9.310s] [ 70%] [32mBuilding CXX object CMakeFiles/navigator_surface_node.dir/src/navigator_surface_node.cpp.o[0m
[30.011s] [ 80%] [32m[1mLinking CXX executable navigator_surface_node[0m
[33.754s] [ 80%] Built target navigator_surface_node
[35.563s] [ 90%] [32m[1mLinking CXX executable navigator_position_node[0m
[36.389s] [100%] [32m[1mLinking CXX executable navigator_node[0m
[41.858s] [100%] Built target navigator_position_node
[42.398s] [100%] Built target navigator_node
[42.420s] Invoked command in '/home/mazen/mini_girona/build/cola2_nav' returned '0': CMAKE_PREFIX_PATH=/home/mazen/mini_girona/install/cola2_lib_ros:/home/mazen/mini_girona/install/cola2_msgs:/home/mazen/mini_girona/install/cola2_nav:/home/mazen/mini_girona/install/minigirona_stonefish:/home/mazen/mini_girona/install/stonefish_ros2:/home/mazen/mini_girona/install/cola2_minigirona:/home/mazen/mini_girona/install/minigirona_description:/home/mazen/mini_girona/install/cola2_control:/opt/ros/humble LD_LIBRARY_PATH=/home/mazen/mini_girona/install/cola2_lib_ros/lib:/home/mazen/mini_girona/install/cola2_msgs/lib:/home/mazen/mini_girona/install/stonefish_ros2/lib:/opt/ros/humble/opt/rviz_ogre_vendor/lib:/opt/ros/humble/lib/x86_64-linux-gnu:/opt/ros/humble/lib /usr/bin/cmake --build /home/mazen/mini_girona/build/cola2_nav -- -j12 -l12
[42.422s] Invoking command in '/home/mazen/mini_girona/build/cola2_nav': CMAKE_PREFIX_PATH=/home/mazen/mini_girona/install/cola2_lib_ros:/home/mazen/mini_girona/install/cola2_msgs:/home/mazen/mini_girona/install/cola2_nav:/home/mazen/mini_girona/install/minigirona_stonefish:/home/mazen/mini_girona/install/stonefish_ros2:/home/mazen/mini_girona/install/cola2_minigirona:/home/mazen/mini_girona/install/minigirona_description:/home/mazen/mini_girona/install/cola2_control:/opt/ros/humble LD_LIBRARY_PATH=/home/mazen/mini_girona/install/cola2_lib_ros/lib:/home/mazen/mini_girona/install/cola2_msgs/lib:/home/mazen/mini_girona/install/stonefish_ros2/lib:/opt/ros/humble/opt/rviz_ogre_vendor/lib:/opt/ros/humble/lib/x86_64-linux-gnu:/opt/ros/humble/lib /usr/bin/cmake --install /home/mazen/mini_girona/build/cola2_nav
[42.429s] -- Install configuration: ""
[42.429s] -- Installing: /home/mazen/mini_girona/install/cola2_nav/lib/cola2_nav/libcola2_nav.a
[42.443s] -- Installing: /home/mazen/mini_girona/install/cola2_nav/lib/cola2_nav/navigator_node
[42.459s] -- Set runtime path of "/home/mazen/mini_girona/install/cola2_nav/lib/cola2_nav/navigator_node" to ""
[42.460s] -- Installing: /home/mazen/mini_girona/install/cola2_nav/lib/cola2_nav/navigator_position_node
[42.476s] -- Set runtime path of "/home/mazen/mini_girona/install/cola2_nav/lib/cola2_nav/navigator_position_node" to ""
[42.476s] -- Installing: /home/mazen/mini_girona/install/cola2_nav/lib/cola2_nav/navigator_surface_node
[42.489s] -- Set runtime path of "/home/mazen/mini_girona/install/cola2_nav/lib/cola2_nav/navigator_surface_node" to ""
[42.489s] -- Installing: /home/mazen/mini_girona/install/cola2_nav/include/cola2_nav
[42.489s] -- Installing: /home/mazen/mini_girona/install/cola2_nav/include/cola2_nav/transformations.h
[42.489s] -- Installing: /home/mazen/mini_girona/install/cola2_nav/include/cola2_nav/ekf_base.h
[42.489s] -- Installing: /home/mazen/mini_girona/install/cola2_nav/include/cola2_nav/ekf_base_ros2.h
[42.489s] -- Installing: /home/mazen/mini_girona/install/cola2_nav/share/cola2_nav/config
[42.489s] -- Installing: /home/mazen/mini_girona/install/cola2_nav/share/cola2_nav/config/navigator_position.yaml
[42.490s] -- Installing: /home/mazen/mini_girona/install/cola2_nav/share/cola2_nav/config/navigator.yaml
[42.490s] -- Installing: /home/mazen/mini_girona/install/cola2_nav/share/cola2_nav/launch
[42.490s] -- Installing: /home/mazen/mini_girona/install/cola2_nav/share/cola2_nav/launch/navigation.launch.py
[42.490s] -- Installing: /home/mazen/mini_girona/install/cola2_nav/share/ament_index/resource_index/package_run_dependencies/cola2_nav
[42.490s] -- Installing: /home/mazen/mini_girona/install/cola2_nav/share/ament_index/resource_index/parent_prefix_path/cola2_nav
[42.490s] -- Installing: /home/mazen/mini_girona/install/cola2_nav/share/cola2_nav/environment/ament_prefix_path.sh
[42.490s] -- Installing: /home/mazen/mini_girona/install/cola2_nav/share/cola2_nav/environment/ament_prefix_path.dsv
[42.490s] -- Installing: /home/mazen/mini_girona/install/cola2_nav/share/cola2_nav/environment/path.sh
[42.491s] -- Installing: /home/mazen/mini_girona/install/cola2_nav/share/cola2_nav/environment/path.dsv
[42.491s] -- Installing: /home/mazen/mini_girona/install/cola2_nav/share/cola2_nav/local_setup.bash
[42.491s] -- Installing: /home/mazen/mini_girona/install/cola2_nav/share/cola2_nav/local_setup.sh
[42.491s] -- Installing: /home/mazen/mini_girona/install/cola2_nav/share/cola2_nav/local_setup.zsh
[42.491s] -- Installing: /home/mazen/mini_girona/install/cola2_nav/share/cola2_nav/local_setup.dsv
[42.491s] -- Installing: /home/mazen/mini_girona/install/cola2_nav/share/cola2_nav/package.dsv
[42.491s] -- Installing: /home/mazen/mini_girona/install/cola2_nav/share/ament_index/resource_index/packages/cola2_nav
[42.491s] -- Installing: /home/mazen/mini_girona/install/cola2_nav/share/cola2_nav/cmake/cola2_navConfig.cmake
[42.491s] -- Installing: /home/mazen/mini_girona/install/cola2_nav/share/cola2_nav/cmake/cola2_navConfig-version.cmake
[42.491s] -- Installing: /home/mazen/mini_girona/install/cola2_nav/share/cola2_nav/package.xml
[42.494s] Invoked command in '/home/mazen/mini_girona/build/cola2_nav' returned '0': CMAKE_PREFIX_PATH=/home/mazen/mini_girona/install/cola2_lib_ros:/home/mazen/mini_girona/install/cola2_msgs:/home/mazen/mini_girona/install/cola2_nav:/home/mazen/mini_girona/install/minigirona_stonefish:/home/mazen/mini_girona/install/stonefish_ros2:/home/mazen/mini_girona/install/cola2_minigirona:/home/mazen/mini_girona/install/minigirona_description:/home/mazen/mini_girona/install/cola2_control:/opt/ros/humble LD_LIBRARY_PATH=/home/mazen/mini_girona/install/cola2_lib_ros/lib:/home/mazen/mini_girona/install/cola2_msgs/lib:/home/mazen/mini_girona/install/stonefish_ros2/lib:/opt/ros/humble/opt/rviz_ogre_vendor/lib:/opt/ros/humble/lib/x86_64-linux-gnu:/opt/ros/humble/lib /usr/bin/cmake --install /home/mazen/mini_girona/build/cola2_nav
