[35m[1mConsolidate compiler generated dependencies of target cola2_ros[0m
[100%] Built target cola2_ros
-- Install configuration: ""
-- Up-to-date: /home/mazen/mini_girona/install/cola2_lib_ros/lib/libcola2_ros.so
-- Up-to-date: /home/mazen/mini_girona/install/cola2_lib_ros/include/cola2_lib_ros
-- Up-to-date: /home/mazen/mini_girona/install/cola2_lib_ros/include/cola2_lib_ros/types.h
-- Up-to-date: /home/mazen/mini_girona/install/cola2_lib_ros/include/cola2_lib_ros/navigation_helper.h
-- Up-to-date: /home/mazen/mini_girona/install/cola2_lib_ros/include/cola2_lib_ros/param_loader.h
-- Up-to-date: /home/mazen/mini_girona/install/cola2_lib_ros/include/cola2_lib_ros/captain_helper.h
-- Up-to-date: /home/mazen/mini_girona/install/cola2_lib_ros/include/cola2_lib_ros/transform_handler.h
-- Up-to-date: /home/mazen/mini_girona/install/cola2_lib_ros/include/cola2_lib_ros/setpoints_selector.h
-- Up-to-date: /home/mazen/mini_girona/install/cola2_lib_ros/include/cola2_lib_ros/this_node.h
-- Up-to-date: /home/mazen/mini_girona/install/cola2_lib_ros/include/cola2_lib_ros/serviceclient_helper.h
-- Up-to-date: /home/mazen/mini_girona/install/cola2_lib_ros/include/cola2_lib_ros/diagnostic_helper.h
-- Up-to-date: /home/mazen/mini_girona/install/cola2_lib_ros/lib/cola2_lib_ros/python
-- Up-to-date: /home/mazen/mini_girona/install/cola2_lib_ros/lib/cola2_lib_ros/python/cola2_ros
-- Up-to-date: /home/mazen/mini_girona/install/cola2_lib_ros/lib/cola2_lib_ros/python/cola2_ros/transform_handler.py
-- Up-to-date: /home/mazen/mini_girona/install/cola2_lib_ros/lib/cola2_lib_ros/python/cola2_ros/navigation_helper.py
-- Up-to-date: /home/mazen/mini_girona/install/cola2_lib_ros/lib/cola2_lib_ros/python/cola2_ros/this_node.py
-- Up-to-date: /home/mazen/mini_girona/install/cola2_lib_ros/lib/cola2_lib_ros/python/cola2_ros/diagnostic_helper.py
-- Up-to-date: /home/mazen/mini_girona/install/cola2_lib_ros/lib/cola2_lib_ros/python/cola2_ros/service_helper.py
-- Up-to-date: /home/mazen/mini_girona/install/cola2_lib_ros/lib/cola2_lib_ros/python/cola2_ros/captain_helper.py
-- Up-to-date: /home/mazen/mini_girona/install/cola2_lib_ros/lib/cola2_lib_ros/python/cola2_ros/__init__.py
-- Up-to-date: /home/mazen/mini_girona/install/cola2_lib_ros/lib/cola2_lib_ros/python/cola2_ros/param_loader.py
-- Up-to-date: /home/mazen/mini_girona/install/cola2_lib_ros/share/cola2_lib_ros/src/cola2_lib_ros/urdf_macros.xacro
-- Up-to-date: /home/mazen/mini_girona/install/cola2_lib_ros/share/cola2_lib_ros/environment/library_path.sh
-- Up-to-date: /home/mazen/mini_girona/install/cola2_lib_ros/share/cola2_lib_ros/environment/library_path.dsv
-- Up-to-date: /home/mazen/mini_girona/install/cola2_lib_ros/share/ament_index/resource_index/package_run_dependencies/cola2_lib_ros
-- Up-to-date: /home/mazen/mini_girona/install/cola2_lib_ros/share/ament_index/resource_index/parent_prefix_path/cola2_lib_ros
-- Up-to-date: /home/mazen/mini_girona/install/cola2_lib_ros/share/cola2_lib_ros/environment/ament_prefix_path.sh
-- Up-to-date: /home/mazen/mini_girona/install/cola2_lib_ros/share/cola2_lib_ros/environment/ament_prefix_path.dsv
-- Up-to-date: /home/mazen/mini_girona/install/cola2_lib_ros/share/cola2_lib_ros/environment/path.sh
-- Up-to-date: /home/mazen/mini_girona/install/cola2_lib_ros/share/cola2_lib_ros/environment/path.dsv
-- Up-to-date: /home/mazen/mini_girona/install/cola2_lib_ros/share/cola2_lib_ros/local_setup.bash
-- Up-to-date: /home/mazen/mini_girona/install/cola2_lib_ros/share/cola2_lib_ros/local_setup.sh
-- Up-to-date: /home/mazen/mini_girona/install/cola2_lib_ros/share/cola2_lib_ros/local_setup.zsh
-- Up-to-date: /home/mazen/mini_girona/install/cola2_lib_ros/share/cola2_lib_ros/local_setup.dsv
-- Installing: /home/mazen/mini_girona/install/cola2_lib_ros/share/cola2_lib_ros/package.dsv
-- Up-to-date: /home/mazen/mini_girona/install/cola2_lib_ros/share/ament_index/resource_index/packages/cola2_lib_ros
-- Up-to-date: /home/mazen/mini_girona/install/cola2_lib_ros/share/cola2_lib_ros/cmake/ament_cmake_export_dependencies-extras.cmake
-- Up-to-date: /home/mazen/mini_girona/install/cola2_lib_ros/share/cola2_lib_ros/cmake/ament_cmake_export_include_directories-extras.cmake
-- Up-to-date: /home/mazen/mini_girona/install/cola2_lib_ros/share/cola2_lib_ros/cmake/ament_cmake_export_libraries-extras.cmake
-- Up-to-date: /home/mazen/mini_girona/install/cola2_lib_ros/share/cola2_lib_ros/cmake/cola2_lib_rosConfig.cmake
-- Up-to-date: /home/mazen/mini_girona/install/cola2_lib_ros/share/cola2_lib_ros/cmake/cola2_lib_rosConfig-version.cmake
-- Up-to-date: /home/mazen/mini_girona/install/cola2_lib_ros/share/cola2_lib_ros/package.xml
