-- Install configuration: ""
-- Up-to-date: /home/mazen/mini_girona/install/minigirona_description/share/minigirona_description/launch
-- Up-to-date: /home/mazen/mini_girona/install/minigirona_description/share/minigirona_description/launch/minig_description.launch.py
-- Up-to-date: /home/mazen/mini_girona/install/minigirona_description/share/minigirona_description/meshes
-- Up-to-date: /home/mazen/mini_girona/install/minigirona_description/share/minigirona_description/meshes/minigirona.dae
-- Up-to-date: /home/mazen/mini_girona/install/minigirona_description/share/minigirona_description/urdf
-- Up-to-date: /home/mazen/mini_girona/install/minigirona_description/share/minigirona_description/urdf/payload.urdf.xacro
-- Up-to-date: /home/mazen/mini_girona/install/minigirona_description/share/minigirona_description/urdf/core.urdf.xacro
-- Up-to-date: /home/mazen/mini_girona/install/minigirona_description/share/minigirona_description/resources
-- Up-to-date: /home/mazen/mini_girona/install/minigirona_description/share/minigirona_description/resources/textures
-- Up-to-date: /home/mazen/mini_girona/install/minigirona_description/share/minigirona_description/resources/textures/upper_hull_tex.png
-- Up-to-date: /home/mazen/mini_girona/install/minigirona_description/share/minigirona_description/resources/textures/tbar_front_tex.png
-- Up-to-date: /home/mazen/mini_girona/install/minigirona_description/share/minigirona_description/resources/textures/duct_tex.png
-- Up-to-date: /home/mazen/mini_girona/install/minigirona_description/share/minigirona_description/resources/textures/tbar_back_tex.png
-- Up-to-date: /home/mazen/mini_girona/install/minigirona_description/share/minigirona_description/resources/textures/lower_hull_tex.png
-- Up-to-date: /home/mazen/mini_girona/install/minigirona_description/share/minigirona_description/resources/textures/propeller_tex.png
-- Up-to-date: /home/mazen/mini_girona/install/minigirona_description/share/minigirona_description/resources/meshes
-- Up-to-date: /home/mazen/mini_girona/install/minigirona_description/share/minigirona_description/resources/meshes/upper_hull.obj
-- Up-to-date: /home/mazen/mini_girona/install/minigirona_description/share/minigirona_description/resources/meshes/lower_hull.obj
-- Up-to-date: /home/mazen/mini_girona/install/minigirona_description/share/minigirona_description/resources/meshes/duct.obj
-- Up-to-date: /home/mazen/mini_girona/install/minigirona_description/share/minigirona_description/resources/meshes/hull_phy.obj
-- Up-to-date: /home/mazen/mini_girona/install/minigirona_description/share/minigirona_description/resources/meshes/tbar_back.obj
-- Up-to-date: /home/mazen/mini_girona/install/minigirona_description/share/minigirona_description/resources/meshes/antenna_phy.obj
-- Up-to-date: /home/mazen/mini_girona/install/minigirona_description/share/minigirona_description/resources/meshes/girona500.dae
-- Up-to-date: /home/mazen/mini_girona/install/minigirona_description/share/minigirona_description/resources/meshes/antenna.obj
-- Up-to-date: /home/mazen/mini_girona/install/minigirona_description/share/minigirona_description/resources/meshes/duct_phy.obj
-- Up-to-date: /home/mazen/mini_girona/install/minigirona_description/share/minigirona_description/resources/meshes/tbar_phy.obj
-- Up-to-date: /home/mazen/mini_girona/install/minigirona_description/share/minigirona_description/resources/meshes/propeller.obj
-- Up-to-date: /home/mazen/mini_girona/install/minigirona_description/share/minigirona_description/resources/meshes/hull.obj
-- Up-to-date: /home/mazen/mini_girona/install/minigirona_description/share/minigirona_description/resources/meshes/tbar_front.obj
-- Up-to-date: /home/mazen/mini_girona/install/minigirona_description/share/minigirona_description/resources/meshes/hull_phy2.obj
-- Up-to-date: /home/mazen/mini_girona/install/minigirona_description/share/ament_index/resource_index/package_run_dependencies/minigirona_description
-- Up-to-date: /home/mazen/mini_girona/install/minigirona_description/share/ament_index/resource_index/parent_prefix_path/minigirona_description
-- Up-to-date: /home/mazen/mini_girona/install/minigirona_description/share/minigirona_description/environment/ament_prefix_path.sh
-- Up-to-date: /home/mazen/mini_girona/install/minigirona_description/share/minigirona_description/environment/ament_prefix_path.dsv
-- Up-to-date: /home/mazen/mini_girona/install/minigirona_description/share/minigirona_description/environment/path.sh
-- Up-to-date: /home/mazen/mini_girona/install/minigirona_description/share/minigirona_description/environment/path.dsv
-- Up-to-date: /home/mazen/mini_girona/install/minigirona_description/share/minigirona_description/local_setup.bash
-- Up-to-date: /home/mazen/mini_girona/install/minigirona_description/share/minigirona_description/local_setup.sh
-- Up-to-date: /home/mazen/mini_girona/install/minigirona_description/share/minigirona_description/local_setup.zsh
-- Up-to-date: /home/mazen/mini_girona/install/minigirona_description/share/minigirona_description/local_setup.dsv
-- Up-to-date: /home/mazen/mini_girona/install/minigirona_description/share/minigirona_description/package.dsv
-- Up-to-date: /home/mazen/mini_girona/install/minigirona_description/share/ament_index/resource_index/packages/minigirona_description
-- Up-to-date: /home/mazen/mini_girona/install/minigirona_description/share/minigirona_description/cmake/minigirona_descriptionConfig.cmake
-- Up-to-date: /home/mazen/mini_girona/install/minigirona_description/share/minigirona_description/cmake/minigirona_descriptionConfig-version.cmake
-- Up-to-date: /home/mazen/mini_girona/install/minigirona_description/share/minigirona_description/package.xml
