-- Install configuration: ""
-- Up-to-date: /home/mazen/mini_girona/install/cola2_minigirona/share/cola2_minigirona/config
-- Up-to-date: /home/mazen/mini_girona/install/cola2_minigirona/share/cola2_minigirona/config/logitech_fx10_to_teleoperation.yaml
-- Up-to-date: /home/mazen/mini_girona/install/cola2_minigirona/share/cola2_minigirona/config/default_param_handler.yaml
-- Up-to-date: /home/mazen/mini_girona/install/cola2_minigirona/share/cola2_minigirona/config/teleoperation.yaml
-- Up-to-date: /home/mazen/mini_girona/install/cola2_minigirona/share/cola2_minigirona/config/diagnostic_aggregator.yaml
-- Up-to-date: /home/mazen/mini_girona/install/cola2_minigirona/share/cola2_minigirona/config/captain.yaml
-- Up-to-date: /home/mazen/mini_girona/install/cola2_minigirona/share/cola2_minigirona/config/virtual_cage.yaml
-- Up-to-date: /home/mazen/mini_girona/install/cola2_minigirona/share/cola2_minigirona/config/mission_reporter.yaml
-- Up-to-date: /home/mazen/mini_girona/install/cola2_minigirona/share/cola2_minigirona/config/navigator.yaml
-- Up-to-date: /home/mazen/mini_girona/install/cola2_minigirona/share/cola2_minigirona/config/dynamics.yaml
-- Up-to-date: /home/mazen/mini_girona/install/cola2_minigirona/share/cola2_minigirona/config/pilot.yaml
-- Up-to-date: /home/mazen/mini_girona/install/cola2_minigirona/share/cola2_minigirona/config/controller.yaml
-- Up-to-date: /home/mazen/mini_girona/install/cola2_minigirona/share/cola2_minigirona/launch
-- Up-to-date: /home/mazen/mini_girona/install/cola2_minigirona/share/cola2_minigirona/launch/teleoperation.launch.py
-- Up-to-date: /home/mazen/mini_girona/install/cola2_minigirona/share/cola2_minigirona/launch/sim_start.launch.py
-- Up-to-date: /home/mazen/mini_girona/install/cola2_minigirona/share/cola2_minigirona/launch/sim_core.launch.py
-- Up-to-date: /home/mazen/mini_girona/install/cola2_minigirona/share/cola2_minigirona/launch/start.launch.py
-- Up-to-date: /home/mazen/mini_girona/install/cola2_minigirona/share/cola2_minigirona/launch/core.launch.py
-- Up-to-date: /home/mazen/mini_girona/install/cola2_minigirona/share/cola2_minigirona/missions
-- Up-to-date: /home/mazen/mini_girona/install/cola2_minigirona/share/cola2_minigirona/missions/section_test.xml
-- Up-to-date: /home/mazen/mini_girona/install/cola2_minigirona/share/cola2_minigirona/missions/pool_test.xml
-- Up-to-date: /home/mazen/mini_girona/install/cola2_minigirona/share/cola2_minigirona/missions/default_mission.xml
-- Up-to-date: /home/mazen/mini_girona/install/cola2_minigirona/share/cola2_minigirona/sim_config
-- Up-to-date: /home/mazen/mini_girona/install/cola2_minigirona/share/cola2_minigirona/sim_config/logitech_fx10_to_teleoperation.yaml
-- Up-to-date: /home/mazen/mini_girona/install/cola2_minigirona/share/cola2_minigirona/sim_config/sim_auv_nav_sensors.yaml
-- Up-to-date: /home/mazen/mini_girona/install/cola2_minigirona/share/cola2_minigirona/sim_config/default_param_handler.yaml
-- Up-to-date: /home/mazen/mini_girona/install/cola2_minigirona/share/cola2_minigirona/sim_config/teleoperation.yaml
-- Up-to-date: /home/mazen/mini_girona/install/cola2_minigirona/share/cola2_minigirona/sim_config/diagnostic_aggregator.yaml
-- Up-to-date: /home/mazen/mini_girona/install/cola2_minigirona/share/cola2_minigirona/sim_config/captain.yaml
-- Up-to-date: /home/mazen/mini_girona/install/cola2_minigirona/share/cola2_minigirona/sim_config/virtual_cage.yaml
-- Up-to-date: /home/mazen/mini_girona/install/cola2_minigirona/share/cola2_minigirona/sim_config/mission_reporter.yaml
-- Up-to-date: /home/mazen/mini_girona/install/cola2_minigirona/share/cola2_minigirona/sim_config/navigator.yaml
-- Up-to-date: /home/mazen/mini_girona/install/cola2_minigirona/share/cola2_minigirona/sim_config/dynamics.yaml
-- Up-to-date: /home/mazen/mini_girona/install/cola2_minigirona/share/cola2_minigirona/sim_config/pilot.yaml
-- Up-to-date: /home/mazen/mini_girona/install/cola2_minigirona/share/cola2_minigirona/sim_config/sim_internal_sensors.yaml
-- Up-to-date: /home/mazen/mini_girona/install/cola2_minigirona/share/cola2_minigirona/sim_config/controller.yaml
-- Up-to-date: /home/mazen/mini_girona/install/cola2_minigirona/share/ament_index/resource_index/package_run_dependencies/cola2_minigirona
-- Up-to-date: /home/mazen/mini_girona/install/cola2_minigirona/share/ament_index/resource_index/parent_prefix_path/cola2_minigirona
-- Up-to-date: /home/mazen/mini_girona/install/cola2_minigirona/share/cola2_minigirona/environment/ament_prefix_path.sh
-- Up-to-date: /home/mazen/mini_girona/install/cola2_minigirona/share/cola2_minigirona/environment/ament_prefix_path.dsv
-- Up-to-date: /home/mazen/mini_girona/install/cola2_minigirona/share/cola2_minigirona/environment/path.sh
-- Up-to-date: /home/mazen/mini_girona/install/cola2_minigirona/share/cola2_minigirona/environment/path.dsv
-- Up-to-date: /home/mazen/mini_girona/install/cola2_minigirona/share/cola2_minigirona/local_setup.bash
-- Up-to-date: /home/mazen/mini_girona/install/cola2_minigirona/share/cola2_minigirona/local_setup.sh
-- Up-to-date: /home/mazen/mini_girona/install/cola2_minigirona/share/cola2_minigirona/local_setup.zsh
-- Up-to-date: /home/mazen/mini_girona/install/cola2_minigirona/share/cola2_minigirona/local_setup.dsv
-- Up-to-date: /home/mazen/mini_girona/install/cola2_minigirona/share/cola2_minigirona/package.dsv
-- Up-to-date: /home/mazen/mini_girona/install/cola2_minigirona/share/ament_index/resource_index/packages/cola2_minigirona
-- Up-to-date: /home/mazen/mini_girona/install/cola2_minigirona/share/cola2_minigirona/cmake/cola2_minigironaConfig.cmake
-- Up-to-date: /home/mazen/mini_girona/install/cola2_minigirona/share/cola2_minigirona/cmake/cola2_minigironaConfig-version.cmake
-- Up-to-date: /home/mazen/mini_girona/install/cola2_minigirona/share/cola2_minigirona/package.xml
