[0.013s] Invoking command in '/home/mazen/mini_girona/build/cola2_minigirona': CMAKE_PREFIX_PATH=/home/mazen/mini_girona/install/minigirona_description:/home/mazen/mini_girona/install/cola2_lib_ros:/home/mazen/mini_girona/install/cola2_msgs:/home/mazen/mini_girona/install/cola2_nav:/home/mazen/mini_girona/install/minigirona_stonefish:/home/mazen/mini_girona/install/stonefish_ros2:/home/mazen/mini_girona/install/cola2_minigirona:/home/mazen/mini_girona/install/cola2_control:/opt/ros/humble LD_LIBRARY_PATH=/home/mazen/mini_girona/install/cola2_lib_ros/lib:/home/mazen/mini_girona/install/cola2_msgs/lib:/home/mazen/mini_girona/install/stonefish_ros2/lib:/opt/ros/humble/opt/rviz_ogre_vendor/lib:/opt/ros/humble/lib/x86_64-linux-gnu:/opt/ros/humble/lib /usr/bin/cmake --build /home/mazen/mini_girona/build/cola2_minigirona -- -j12 -l12
[0.061s] Invoked command in '/home/mazen/mini_girona/build/cola2_minigirona' returned '0': CMAKE_PREFIX_PATH=/home/mazen/mini_girona/install/minigirona_description:/home/mazen/mini_girona/install/cola2_lib_ros:/home/mazen/mini_girona/install/cola2_msgs:/home/mazen/mini_girona/install/cola2_nav:/home/mazen/mini_girona/install/minigirona_stonefish:/home/mazen/mini_girona/install/stonefish_ros2:/home/mazen/mini_girona/install/cola2_minigirona:/home/mazen/mini_girona/install/cola2_control:/opt/ros/humble LD_LIBRARY_PATH=/home/mazen/mini_girona/install/cola2_lib_ros/lib:/home/mazen/mini_girona/install/cola2_msgs/lib:/home/mazen/mini_girona/install/stonefish_ros2/lib:/opt/ros/humble/opt/rviz_ogre_vendor/lib:/opt/ros/humble/lib/x86_64-linux-gnu:/opt/ros/humble/lib /usr/bin/cmake --build /home/mazen/mini_girona/build/cola2_minigirona -- -j12 -l12
[0.063s] Invoking command in '/home/mazen/mini_girona/build/cola2_minigirona': CMAKE_PREFIX_PATH=/home/mazen/mini_girona/install/minigirona_description:/home/mazen/mini_girona/install/cola2_lib_ros:/home/mazen/mini_girona/install/cola2_msgs:/home/mazen/mini_girona/install/cola2_nav:/home/mazen/mini_girona/install/minigirona_stonefish:/home/mazen/mini_girona/install/stonefish_ros2:/home/mazen/mini_girona/install/cola2_minigirona:/home/mazen/mini_girona/install/cola2_control:/opt/ros/humble LD_LIBRARY_PATH=/home/mazen/mini_girona/install/cola2_lib_ros/lib:/home/mazen/mini_girona/install/cola2_msgs/lib:/home/mazen/mini_girona/install/stonefish_ros2/lib:/opt/ros/humble/opt/rviz_ogre_vendor/lib:/opt/ros/humble/lib/x86_64-linux-gnu:/opt/ros/humble/lib /usr/bin/cmake --install /home/mazen/mini_girona/build/cola2_minigirona
[0.070s] -- Install configuration: ""
[0.070s] -- Up-to-date: /home/mazen/mini_girona/install/cola2_minigirona/share/cola2_minigirona/config
[0.070s] -- Up-to-date: /home/mazen/mini_girona/install/cola2_minigirona/share/cola2_minigirona/config/logitech_fx10_to_teleoperation.yaml
[0.070s] -- Up-to-date: /home/mazen/mini_girona/install/cola2_minigirona/share/cola2_minigirona/config/default_param_handler.yaml
[0.070s] -- Up-to-date: /home/mazen/mini_girona/install/cola2_minigirona/share/cola2_minigirona/config/teleoperation.yaml
[0.070s] -- Up-to-date: /home/mazen/mini_girona/install/cola2_minigirona/share/cola2_minigirona/config/diagnostic_aggregator.yaml
[0.071s] -- Up-to-date: /home/mazen/mini_girona/install/cola2_minigirona/share/cola2_minigirona/config/captain.yaml
[0.071s] -- Up-to-date: /home/mazen/mini_girona/install/cola2_minigirona/share/cola2_minigirona/config/virtual_cage.yaml
[0.071s] -- Up-to-date: /home/mazen/mini_girona/install/cola2_minigirona/share/cola2_minigirona/config/mission_reporter.yaml
[0.071s] -- Up-to-date: /home/mazen/mini_girona/install/cola2_minigirona/share/cola2_minigirona/config/navigator.yaml
[0.071s] -- Up-to-date: /home/mazen/mini_girona/install/cola2_minigirona/share/cola2_minigirona/config/dynamics.yaml
[0.071s] -- Up-to-date: /home/mazen/mini_girona/install/cola2_minigirona/share/cola2_minigirona/config/pilot.yaml
[0.071s] -- Up-to-date: /home/mazen/mini_girona/install/cola2_minigirona/share/cola2_minigirona/config/controller.yaml
[0.071s] -- Up-to-date: /home/mazen/mini_girona/install/cola2_minigirona/share/cola2_minigirona/launch
[0.071s] -- Up-to-date: /home/mazen/mini_girona/install/cola2_minigirona/share/cola2_minigirona/launch/teleoperation.launch.py
[0.071s] -- Up-to-date: /home/mazen/mini_girona/install/cola2_minigirona/share/cola2_minigirona/launch/sim_start.launch.py
[0.071s] -- Up-to-date: /home/mazen/mini_girona/install/cola2_minigirona/share/cola2_minigirona/launch/sim_core.launch.py
[0.071s] -- Up-to-date: /home/mazen/mini_girona/install/cola2_minigirona/share/cola2_minigirona/launch/start.launch.py
[0.071s] -- Up-to-date: /home/mazen/mini_girona/install/cola2_minigirona/share/cola2_minigirona/launch/core.launch.py
[0.071s] -- Up-to-date: /home/mazen/mini_girona/install/cola2_minigirona/share/cola2_minigirona/missions
[0.071s] -- Up-to-date: /home/mazen/mini_girona/install/cola2_minigirona/share/cola2_minigirona/missions/section_test.xml
[0.071s] -- Up-to-date: /home/mazen/mini_girona/install/cola2_minigirona/share/cola2_minigirona/missions/pool_test.xml
[0.072s] -- Up-to-date: /home/mazen/mini_girona/install/cola2_minigirona/share/cola2_minigirona/missions/default_mission.xml
[0.072s] -- Up-to-date: /home/mazen/mini_girona/install/cola2_minigirona/share/cola2_minigirona/sim_config
[0.072s] -- Up-to-date: /home/mazen/mini_girona/install/cola2_minigirona/share/cola2_minigirona/sim_config/logitech_fx10_to_teleoperation.yaml
[0.072s] -- Up-to-date: /home/mazen/mini_girona/install/cola2_minigirona/share/cola2_minigirona/sim_config/sim_auv_nav_sensors.yaml
[0.072s] -- Up-to-date: /home/mazen/mini_girona/install/cola2_minigirona/share/cola2_minigirona/sim_config/default_param_handler.yaml
[0.072s] -- Up-to-date: /home/mazen/mini_girona/install/cola2_minigirona/share/cola2_minigirona/sim_config/teleoperation.yaml
[0.072s] -- Up-to-date: /home/mazen/mini_girona/install/cola2_minigirona/share/cola2_minigirona/sim_config/diagnostic_aggregator.yaml
[0.072s] -- Up-to-date: /home/mazen/mini_girona/install/cola2_minigirona/share/cola2_minigirona/sim_config/captain.yaml
[0.072s] -- Up-to-date: /home/mazen/mini_girona/install/cola2_minigirona/share/cola2_minigirona/sim_config/virtual_cage.yaml
[0.072s] -- Up-to-date: /home/mazen/mini_girona/install/cola2_minigirona/share/cola2_minigirona/sim_config/mission_reporter.yaml
[0.072s] -- Up-to-date: /home/mazen/mini_girona/install/cola2_minigirona/share/cola2_minigirona/sim_config/navigator.yaml
[0.072s] -- Up-to-date: /home/mazen/mini_girona/install/cola2_minigirona/share/cola2_minigirona/sim_config/dynamics.yaml
[0.072s] -- Up-to-date: /home/mazen/mini_girona/install/cola2_minigirona/share/cola2_minigirona/sim_config/pilot.yaml
[0.072s] -- Up-to-date: /home/mazen/mini_girona/install/cola2_minigirona/share/cola2_minigirona/sim_config/sim_internal_sensors.yaml
[0.072s] -- Up-to-date: /home/mazen/mini_girona/install/cola2_minigirona/share/cola2_minigirona/sim_config/controller.yaml
[0.073s] -- Up-to-date: /home/mazen/mini_girona/install/cola2_minigirona/share/ament_index/resource_index/package_run_dependencies/cola2_minigirona
[0.073s] -- Up-to-date: /home/mazen/mini_girona/install/cola2_minigirona/share/ament_index/resource_index/parent_prefix_path/cola2_minigirona
[0.073s] -- Up-to-date: /home/mazen/mini_girona/install/cola2_minigirona/share/cola2_minigirona/environment/ament_prefix_path.sh
[0.073s] -- Up-to-date: /home/mazen/mini_girona/install/cola2_minigirona/share/cola2_minigirona/environment/ament_prefix_path.dsv
[0.073s] -- Up-to-date: /home/mazen/mini_girona/install/cola2_minigirona/share/cola2_minigirona/environment/path.sh
[0.073s] -- Up-to-date: /home/mazen/mini_girona/install/cola2_minigirona/share/cola2_minigirona/environment/path.dsv
[0.073s] -- Up-to-date: /home/mazen/mini_girona/install/cola2_minigirona/share/cola2_minigirona/local_setup.bash
[0.074s] -- Up-to-date: /home/mazen/mini_girona/install/cola2_minigirona/share/cola2_minigirona/local_setup.sh
[0.074s] -- Up-to-date: /home/mazen/mini_girona/install/cola2_minigirona/share/cola2_minigirona/local_setup.zsh
[0.074s] -- Up-to-date: /home/mazen/mini_girona/install/cola2_minigirona/share/cola2_minigirona/local_setup.dsv
[0.074s] -- Up-to-date: /home/mazen/mini_girona/install/cola2_minigirona/share/cola2_minigirona/package.dsv
[0.074s] -- Up-to-date: /home/mazen/mini_girona/install/cola2_minigirona/share/ament_index/resource_index/packages/cola2_minigirona
[0.074s] -- Up-to-date: /home/mazen/mini_girona/install/cola2_minigirona/share/cola2_minigirona/cmake/cola2_minigironaConfig.cmake
[0.075s] -- Up-to-date: /home/mazen/mini_girona/install/cola2_minigirona/share/cola2_minigirona/cmake/cola2_minigironaConfig-version.cmake
[0.075s] -- Up-to-date: /home/mazen/mini_girona/install/cola2_minigirona/share/cola2_minigirona/package.xml
[0.078s] Invoked command in '/home/mazen/mini_girona/build/cola2_minigirona' returned '0': CMAKE_PREFIX_PATH=/home/mazen/mini_girona/install/minigirona_description:/home/mazen/mini_girona/install/cola2_lib_ros:/home/mazen/mini_girona/install/cola2_msgs:/home/mazen/mini_girona/install/cola2_nav:/home/mazen/mini_girona/install/minigirona_stonefish:/home/mazen/mini_girona/install/stonefish_ros2:/home/mazen/mini_girona/install/cola2_minigirona:/home/mazen/mini_girona/install/cola2_control:/opt/ros/humble LD_LIBRARY_PATH=/home/mazen/mini_girona/install/cola2_lib_ros/lib:/home/mazen/mini_girona/install/cola2_msgs/lib:/home/mazen/mini_girona/install/stonefish_ros2/lib:/opt/ros/humble/opt/rviz_ogre_vendor/lib:/opt/ros/humble/lib/x86_64-linux-gnu:/opt/ros/humble/lib /usr/bin/cmake --install /home/mazen/mini_girona/build/cola2_minigirona
