-- The C compiler identification is GNU 11.4.0
-- The CXX compiler identification is GNU 11.4.0
-- Detecting C compiler ABI info
-- Detecting C compiler ABI info - done
-- Check for working C compiler: /usr/bin/cc - skipped
-- Detecting C compile features
-- Detecting C compile features - done
-- Detecting CXX compiler ABI info
-- Detecting CXX compiler ABI info - done
-- Check for working CXX compiler: /usr/bin/c++ - skipped
-- Detecting CXX compile features
-- Detecting CXX compile features - done
-- COLA2_LIB found version 24.1.1
-- COLA2_LIB include directories: /usr/local/share/cola2_lib/../../include/cola2_lib;/usr/include;/usr/include/eigen3
-- COLA2_LIB libraries: cola2_io;cola2_utils;cola2_mission;cola2_comms;cola2_wmmc;cola2_wmm
-- Including COLA2_LIB include directories
-- Found Boost: /usr/lib/x86_64-linux-gnu/cmake/Boost-1.74.0/BoostConfig.cmake (found version "1.74.0") found components: thread date_time filesystem 
-- Found TinyXML: /usr/lib/x86_64-linux-gnu/libtinyxml.so  
-- Found rosidl_default_generators: 1.2.0 (/opt/ros/humble/share/rosidl_default_generators/cmake)
-- Found ament_cmake_core: 1.3.11 (/opt/ros/humble/share/ament_cmake_core/cmake)
-- Found Python3: /usr/bin/python3 (found version "3.10.12") found components: Interpreter 
-- Using all available rosidl_typesupport_c: rosidl_typesupport_fastrtps_c;rosidl_typesupport_introspection_c
-- Found rosidl_adapter: 3.1.6 (/opt/ros/humble/share/rosidl_adapter/cmake)
-- Using all available rosidl_typesupport_cpp: rosidl_typesupport_fastrtps_cpp;rosidl_typesupport_introspection_cpp
-- Found rclpy: 3.3.15 (/opt/ros/humble/share/rclpy/cmake)
-- Found rclcpp: 16.0.11 (/opt/ros/humble/share/rclcpp/cmake)
-- Found rmw_implementation_cmake: 6.1.2 (/opt/ros/humble/share/rmw_implementation_cmake/cmake)
-- Found rmw_fastrtps_cpp: 6.2.7 (/opt/ros/humble/share/rmw_fastrtps_cpp/cmake)
-- Found OpenSSL: /usr/lib/x86_64-linux-gnu/libcrypto.so (found version "3.0.2")  
-- Found FastRTPS: /opt/ros/humble/include  
-- Using RMW implementation 'rmw_fastrtps_cpp' as default
-- Found Threads: TRUE  
-- Found tf2: 0.25.11 (/opt/ros/humble/share/tf2/cmake)
-- Found tf2_ros: 0.25.11 (/opt/ros/humble/share/tf2_ros/cmake)
-- Found tf2_geometry_msgs: 0.25.11 (/opt/ros/humble/share/tf2_geometry_msgs/cmake)
-- Found eigen3_cmake_module: 0.1.1 (/opt/ros/humble/share/eigen3_cmake_module/cmake)
-- Found Eigen3: TRUE (found version "3.4.0") 
-- Ensuring Eigen3 include directory is part of orocos-kdl CMake target
-- Found tf2_eigen: 0.25.11 (/opt/ros/humble/share/tf2_eigen/cmake)
-- Found std_srvs: 4.2.4 (/opt/ros/humble/share/std_srvs/cmake)
-- Found sensor_msgs: 4.2.4 (/opt/ros/humble/share/sensor_msgs/cmake)
-- Found visualization_msgs: 4.2.4 (/opt/ros/humble/share/visualization_msgs/cmake)
-- Found diagnostic_msgs: 4.2.4 (/opt/ros/humble/share/diagnostic_msgs/cmake)
-- Found nav_msgs: 4.2.4 (/opt/ros/humble/share/nav_msgs/cmake)
-- Found cola2_msgs: 24.1.0 (/home/mazen/mini_girona/install/cola2_msgs/share/cola2_msgs/cmake)
-- Found cola2_lib_ros: 24.1.2 (/home/mazen/mini_girona/install/cola2_lib_ros/share/cola2_lib_ros/cmake)
-- Configuring done
-- Generating done
-- Build files have been written to: /home/mazen/mini_girona/build/cola2_control
[  4%] [32mBuilding CXX object CMakeFiles/cola2_control.dir/src/cola2_control/controllers/anchor.cpp.o[0m
[ 13%] [32mBuilding CXX object CMakeFiles/cola2_control.dir/src/cola2_control/low_level_controllers/controller_base.cpp.o[0m
[ 13%] [32mBuilding CXX object CMakeFiles/cola2_control.dir/src/cola2_control/low_level_controllers/auv_controller_base.cpp.o[0m
[ 18%] [32mBuilding CXX object CMakeFiles/cola2_control.dir/src/cola2_control/low_level_controllers/merge.cpp.o[0m
[ 22%] [32mBuilding CXX object CMakeFiles/cola2_control.dir/src/cola2_control/low_level_controllers/ndof_controller.cpp.o[0m
[ 27%] [32mBuilding CXX object CMakeFiles/cola2_control.dir/src/cola2_control/controllers/holonomic_keep_position.cpp.o[0m
[ 31%] [32mBuilding CXX object CMakeFiles/cola2_control.dir/src/cola2_control/low_level_controllers/only_thruster_allocator.cpp.o[0m
[ 36%] [32mBuilding CXX object CMakeFiles/cola2_control.dir/src/cola2_control/controllers/section.cpp.o[0m
[ 40%] [32mBuilding CXX object CMakeFiles/cola2_control.dir/src/cola2_control/low_level_controllers/only_thrusters_controller.cpp.o[0m
[ 45%] [32mBuilding CXX object CMakeFiles/cola2_control.dir/src/cola2_control/low_level_controllers/poly.cpp.o[0m
[ 50%] [32mBuilding CXX object CMakeFiles/cola2_control.dir/src/cola2_control/low_level_controllers/pid.cpp.o[0m
[ 50%] Built target ament_cmake_python_copy_cola2_control
running egg_info
creating cola2_control.egg-info
writing cola2_control.egg-info/PKG-INFO
writing dependency_links to cola2_control.egg-info/dependency_links.txt
writing top-level names to cola2_control.egg-info/top_level.txt
writing manifest file 'cola2_control.egg-info/SOURCES.txt'
reading manifest file 'cola2_control.egg-info/SOURCES.txt'
writing manifest file 'cola2_control.egg-info/SOURCES.txt'
[ 50%] Built target ament_cmake_python_build_cola2_control_egg
[ 54%] [32mBuilding CXX object CMakeFiles/cola2_control.dir/src/cola2_control/low_level_controllers/request.cpp.o[0m
[ 59%] [32mBuilding CXX object CMakeFiles/cola2_control.dir/src/cola2_control/ros_controller/auv_ros_controller.cpp.o[0m
[ 63%] [32m[1mLinking CXX static library libcola2_control.a[0m
[ 63%] Built target cola2_control
[ 77%] [32mBuilding CXX object CMakeFiles/controller_node.dir/src/controller_node.cpp.o[0m
[ 77%] [32mBuilding CXX object CMakeFiles/pilot_node.dir/src/pilot_node.cpp.o[0m
[ 77%] [32mBuilding CXX object CMakeFiles/captain_node.dir/src/captain_node.cpp.o[0m
[ 81%] [32mBuilding CXX object CMakeFiles/teleoperation_node.dir/src/teleoperation_node.cpp.o[0m
[ 86%] [32m[1mLinking CXX executable controller_node[0m
[ 86%] Built target controller_node
[ 90%] [32m[1mLinking CXX executable pilot_node[0m
[ 90%] Built target pilot_node
[ 95%] [32m[1mLinking CXX executable teleoperation_node[0m
[100%] [32m[1mLinking CXX executable captain_node[0m
[100%] Built target captain_node
[100%] Built target teleoperation_node
-- Install configuration: ""
-- Installing: /home/mazen/mini_girona/install/cola2_control/lib/cola2_control/libcola2_control.a
-- Installing: /home/mazen/mini_girona/install/cola2_control/lib/cola2_control/captain_node
-- Set runtime path of "/home/mazen/mini_girona/install/cola2_control/lib/cola2_control/captain_node" to ""
-- Installing: /home/mazen/mini_girona/install/cola2_control/lib/cola2_control/controller_node
-- Set runtime path of "/home/mazen/mini_girona/install/cola2_control/lib/cola2_control/controller_node" to ""
-- Installing: /home/mazen/mini_girona/install/cola2_control/lib/cola2_control/pilot_node
-- Set runtime path of "/home/mazen/mini_girona/install/cola2_control/lib/cola2_control/pilot_node" to ""
-- Installing: /home/mazen/mini_girona/install/cola2_control/lib/cola2_control/teleoperation_node
-- Set runtime path of "/home/mazen/mini_girona/install/cola2_control/lib/cola2_control/teleoperation_node" to ""
-- Installing: /home/mazen/mini_girona/install/cola2_control/include/cola2_control
-- Installing: /home/mazen/mini_girona/install/cola2_control/include/cola2_control/ros_controller
-- Installing: /home/mazen/mini_girona/install/cola2_control/include/cola2_control/ros_controller/auv_ros_controller_base.h
-- Installing: /home/mazen/mini_girona/install/cola2_control/include/cola2_control/low_level_controllers
-- Installing: /home/mazen/mini_girona/install/cola2_control/include/cola2_control/low_level_controllers/poly.h
-- Installing: /home/mazen/mini_girona/install/cola2_control/include/cola2_control/low_level_controllers/auv_controller_base.h
-- Installing: /home/mazen/mini_girona/install/cola2_control/include/cola2_control/low_level_controllers/only_thruster_allocator.h
-- Installing: /home/mazen/mini_girona/install/cola2_control/include/cola2_control/low_level_controllers/merge.h
-- Installing: /home/mazen/mini_girona/install/cola2_control/include/cola2_control/low_level_controllers/request.h
-- Installing: /home/mazen/mini_girona/install/cola2_control/include/cola2_control/low_level_controllers/only_thrusters_controller.h
-- Installing: /home/mazen/mini_girona/install/cola2_control/include/cola2_control/low_level_controllers/ndof_controller.h
-- Installing: /home/mazen/mini_girona/install/cola2_control/include/cola2_control/low_level_controllers/controller_base.h
-- Installing: /home/mazen/mini_girona/install/cola2_control/include/cola2_control/low_level_controllers/pid.h
-- Installing: /home/mazen/mini_girona/install/cola2_control/include/cola2_control/controllers
-- Installing: /home/mazen/mini_girona/install/cola2_control/include/cola2_control/controllers/types.h
-- Installing: /home/mazen/mini_girona/install/cola2_control/include/cola2_control/controllers/anchor.h
-- Installing: /home/mazen/mini_girona/install/cola2_control/include/cola2_control/controllers/section.h
-- Installing: /home/mazen/mini_girona/install/cola2_control/include/cola2_control/controllers/holonomic_keep_position.h
-- Installing: /home/mazen/mini_girona/install/cola2_control/share/cola2_control/cfg
-- Installing: /home/mazen/mini_girona/install/cola2_control/share/cola2_control/cfg/controller.cfg
-- Installing: /home/mazen/mini_girona/install/cola2_control/share/cola2_control/config
-- Installing: /home/mazen/mini_girona/install/cola2_control/share/cola2_control/config/logitech_fx10_to_teleoperation.yaml
-- Installing: /home/mazen/mini_girona/install/cola2_control/share/cola2_control/config/teleoperation.yaml
-- Installing: /home/mazen/mini_girona/install/cola2_control/share/cola2_control/config/captain.yaml
-- Installing: /home/mazen/mini_girona/install/cola2_control/share/cola2_control/config/pilot.yaml
-- Installing: /home/mazen/mini_girona/install/cola2_control/share/cola2_control/config/controller.yaml
-- Installing: /home/mazen/mini_girona/install/cola2_control/share/cola2_control/launch
-- Installing: /home/mazen/mini_girona/install/cola2_control/share/cola2_control/launch/control.launch.py
-- Installing: /home/mazen/mini_girona/install/cola2_control/share/cola2_control/environment/pythonpath.sh
-- Installing: /home/mazen/mini_girona/install/cola2_control/share/cola2_control/environment/pythonpath.dsv
-- Installing: /home/mazen/mini_girona/install/cola2_control/local/lib/python3.10/dist-packages/cola2_control-24.1.4-py3.10.egg-info
-- Installing: /home/mazen/mini_girona/install/cola2_control/local/lib/python3.10/dist-packages/cola2_control-24.1.4-py3.10.egg-info/top_level.txt
-- Installing: /home/mazen/mini_girona/install/cola2_control/local/lib/python3.10/dist-packages/cola2_control-24.1.4-py3.10.egg-info/PKG-INFO
-- Installing: /home/mazen/mini_girona/install/cola2_control/local/lib/python3.10/dist-packages/cola2_control-24.1.4-py3.10.egg-info/dependency_links.txt
-- Installing: /home/mazen/mini_girona/install/cola2_control/local/lib/python3.10/dist-packages/cola2_control-24.1.4-py3.10.egg-info/SOURCES.txt
-- Installing: /home/mazen/mini_girona/install/cola2_control/local/lib/python3.10/dist-packages/cola2_control
-- Installing: /home/mazen/mini_girona/install/cola2_control/local/lib/python3.10/dist-packages/cola2_control/joystickbase.py
-- Installing: /home/mazen/mini_girona/install/cola2_control/local/lib/python3.10/dist-packages/cola2_control/__init__.py
Listing '/home/mazen/mini_girona/install/cola2_control/local/lib/python3.10/dist-packages/cola2_control'...
Compiling '/home/mazen/mini_girona/install/cola2_control/local/lib/python3.10/dist-packages/cola2_control/__init__.py'...
Compiling '/home/mazen/mini_girona/install/cola2_control/local/lib/python3.10/dist-packages/cola2_control/joystickbase.py'...
-- Installing: /home/mazen/mini_girona/install/cola2_control/lib/cola2_control/logitech_fx10_to_teleoperation_node.py
-- Installing: /home/mazen/mini_girona/install/cola2_control/share/ament_index/resource_index/package_run_dependencies/cola2_control
-- Installing: /home/mazen/mini_girona/install/cola2_control/share/ament_index/resource_index/parent_prefix_path/cola2_control
-- Installing: /home/mazen/mini_girona/install/cola2_control/share/cola2_control/environment/ament_prefix_path.sh
-- Installing: /home/mazen/mini_girona/install/cola2_control/share/cola2_control/environment/ament_prefix_path.dsv
-- Installing: /home/mazen/mini_girona/install/cola2_control/share/cola2_control/environment/path.sh
-- Installing: /home/mazen/mini_girona/install/cola2_control/share/cola2_control/environment/path.dsv
-- Installing: /home/mazen/mini_girona/install/cola2_control/share/cola2_control/local_setup.bash
-- Installing: /home/mazen/mini_girona/install/cola2_control/share/cola2_control/local_setup.sh
-- Installing: /home/mazen/mini_girona/install/cola2_control/share/cola2_control/local_setup.zsh
-- Installing: /home/mazen/mini_girona/install/cola2_control/share/cola2_control/local_setup.dsv
-- Installing: /home/mazen/mini_girona/install/cola2_control/share/cola2_control/package.dsv
-- Installing: /home/mazen/mini_girona/install/cola2_control/share/ament_index/resource_index/packages/cola2_control
-- Installing: /home/mazen/mini_girona/install/cola2_control/share/cola2_control/cmake/cola2_controlConfig.cmake
-- Installing: /home/mazen/mini_girona/install/cola2_control/share/cola2_control/cmake/cola2_controlConfig-version.cmake
-- Installing: /home/mazen/mini_girona/install/cola2_control/share/cola2_control/package.xml
