[0.113s] DEBUG:colcon:Command line arguments: ['/usr/bin/colcon', 'build']
[0.113s] DEBUG:colcon:Parsed command line arguments: Namespace(log_base=None, log_level=None, verb_name='build', build_base='build', install_base='install', merge_install=False, symlink_install=False, test_result_base=None, continue_on_error=False, executor='parallel', parallel_workers=12, event_handlers=None, ignore_user_meta=False, metas=['./colcon.meta'], base_paths=['.'], packages_ignore=None, packages_ignore_regex=None, paths=None, packages_up_to=None, packages_up_to_regex=None, packages_above=None, packages_above_and_dependencies=None, packages_above_depth=None, packages_select_by_dep=None, packages_skip_by_dep=None, packages_skip_up_to=None, packages_select_build_failed=False, packages_skip_build_finished=False, packages_select_test_failures=False, packages_skip_test_passed=False, packages_select=None, packages_skip=None, packages_select_regex=None, packages_skip_regex=None, packages_start=None, packages_end=None, allow_overriding=[], cmake_args=None, cmake_target=None, cmake_target_skip_unavailable=False, cmake_clean_cache=False, cmake_clean_first=False, cmake_force_configure=False, ament_cmake_args=None, catkin_cmake_args=None, catkin_skip_building_tests=False, verb_parser=<colcon_defaults.argument_parser.defaults.DefaultArgumentsDecorator object at 0x73759ac017b0>, verb_extension=<colcon_core.verb.build.BuildVerb object at 0x73759ad8bdc0>, main=<bound method BuildVerb.main of <colcon_core.verb.build.BuildVerb object at 0x73759ad8bdc0>>)
[0.243s] Level 1:colcon.colcon_core.package_discovery:discover_packages(colcon_meta) check parameters
[0.243s] Level 1:colcon.colcon_core.package_discovery:discover_packages(recursive) check parameters
[0.243s] Level 1:colcon.colcon_core.package_discovery:discover_packages(ignore) check parameters
[0.243s] Level 1:colcon.colcon_core.package_discovery:discover_packages(path) check parameters
[0.243s] Level 1:colcon.colcon_core.package_discovery:discover_packages(colcon_meta) discover
[0.243s] Level 1:colcon.colcon_core.package_discovery:discover_packages(recursive) discover
[0.243s] INFO:colcon.colcon_core.package_discovery:Crawling recursively for packages in '/home/mazen/mini_girona'
[0.243s] Level 1:colcon.colcon_core.package_identification:_identify(.) by extensions ['ignore', 'ignore_ament_install']
[0.243s] Level 1:colcon.colcon_core.package_identification:_identify(.) by extension 'ignore'
[0.243s] Level 1:colcon.colcon_core.package_identification:_identify(.) by extension 'ignore_ament_install'
[0.243s] Level 1:colcon.colcon_core.package_identification:_identify(.) by extensions ['colcon_pkg']
[0.243s] Level 1:colcon.colcon_core.package_identification:_identify(.) by extension 'colcon_pkg'
[0.243s] Level 1:colcon.colcon_core.package_identification:_identify(.) by extensions ['colcon_meta']
[0.243s] Level 1:colcon.colcon_core.package_identification:_identify(.) by extension 'colcon_meta'
[0.243s] Level 1:colcon.colcon_core.package_identification:_identify(.) by extensions ['ros']
[0.243s] Level 1:colcon.colcon_core.package_identification:_identify(.) by extension 'ros'
[0.253s] Level 1:colcon.colcon_core.package_identification:_identify(.) by extensions ['cmake', 'python']
[0.253s] Level 1:colcon.colcon_core.package_identification:_identify(.) by extension 'cmake'
[0.253s] Level 1:colcon.colcon_core.package_identification:_identify(.) by extension 'python'
[0.253s] Level 1:colcon.colcon_core.package_identification:_identify(.) by extensions ['python_setup_py']
[0.253s] Level 1:colcon.colcon_core.package_identification:_identify(.) by extension 'python_setup_py'
[0.253s] Level 1:colcon.colcon_core.package_identification:_identify(build) by extensions ['ignore', 'ignore_ament_install']
[0.253s] Level 1:colcon.colcon_core.package_identification:_identify(build) by extension 'ignore'
[0.253s] Level 1:colcon.colcon_core.package_identification:_identify(build) ignored
[0.253s] Level 1:colcon.colcon_core.package_identification:_identify(install) by extensions ['ignore', 'ignore_ament_install']
[0.254s] Level 1:colcon.colcon_core.package_identification:_identify(install) by extension 'ignore'
[0.254s] Level 1:colcon.colcon_core.package_identification:_identify(install) ignored
[0.254s] Level 1:colcon.colcon_core.package_identification:_identify(log) by extensions ['ignore', 'ignore_ament_install']
[0.254s] Level 1:colcon.colcon_core.package_identification:_identify(log) by extension 'ignore'
[0.254s] Level 1:colcon.colcon_core.package_identification:_identify(log) ignored
[0.254s] Level 1:colcon.colcon_core.package_identification:_identify(src) by extensions ['ignore', 'ignore_ament_install']
[0.254s] Level 1:colcon.colcon_core.package_identification:_identify(src) by extension 'ignore'
[0.254s] Level 1:colcon.colcon_core.package_identification:_identify(src) by extension 'ignore_ament_install'
[0.254s] Level 1:colcon.colcon_core.package_identification:_identify(src) by extensions ['colcon_pkg']
[0.254s] Level 1:colcon.colcon_core.package_identification:_identify(src) by extension 'colcon_pkg'
[0.254s] Level 1:colcon.colcon_core.package_identification:_identify(src) by extensions ['colcon_meta']
[0.254s] Level 1:colcon.colcon_core.package_identification:_identify(src) by extension 'colcon_meta'
[0.254s] Level 1:colcon.colcon_core.package_identification:_identify(src) by extensions ['ros']
[0.254s] Level 1:colcon.colcon_core.package_identification:_identify(src) by extension 'ros'
[0.254s] Level 1:colcon.colcon_core.package_identification:_identify(src) by extensions ['cmake', 'python']
[0.254s] Level 1:colcon.colcon_core.package_identification:_identify(src) by extension 'cmake'
[0.254s] Level 1:colcon.colcon_core.package_identification:_identify(src) by extension 'python'
[0.254s] Level 1:colcon.colcon_core.package_identification:_identify(src) by extensions ['python_setup_py']
[0.254s] Level 1:colcon.colcon_core.package_identification:_identify(src) by extension 'python_setup_py'
[0.255s] Level 1:colcon.colcon_core.package_identification:_identify(src/cola2_control) by extensions ['ignore', 'ignore_ament_install']
[0.255s] Level 1:colcon.colcon_core.package_identification:_identify(src/cola2_control) by extension 'ignore'
[0.255s] Level 1:colcon.colcon_core.package_identification:_identify(src/cola2_control) by extension 'ignore_ament_install'
[0.255s] Level 1:colcon.colcon_core.package_identification:_identify(src/cola2_control) by extensions ['colcon_pkg']
[0.255s] Level 1:colcon.colcon_core.package_identification:_identify(src/cola2_control) by extension 'colcon_pkg'
[0.255s] Level 1:colcon.colcon_core.package_identification:_identify(src/cola2_control) by extensions ['colcon_meta']
[0.255s] Level 1:colcon.colcon_core.package_identification:_identify(src/cola2_control) by extension 'colcon_meta'
[0.255s] Level 1:colcon.colcon_core.package_identification:_identify(src/cola2_control) by extensions ['ros']
[0.255s] Level 1:colcon.colcon_core.package_identification:_identify(src/cola2_control) by extension 'ros'
[0.258s] DEBUG:colcon.colcon_core.package_identification:Package 'src/cola2_control' with type 'ros.ament_cmake' and name 'cola2_control'
[0.258s] Level 1:colcon.colcon_core.package_identification:_identify(src/cola2_lib_ros) by extensions ['ignore', 'ignore_ament_install']
[0.258s] Level 1:colcon.colcon_core.package_identification:_identify(src/cola2_lib_ros) by extension 'ignore'
[0.258s] Level 1:colcon.colcon_core.package_identification:_identify(src/cola2_lib_ros) by extension 'ignore_ament_install'
[0.258s] Level 1:colcon.colcon_core.package_identification:_identify(src/cola2_lib_ros) by extensions ['colcon_pkg']
[0.258s] Level 1:colcon.colcon_core.package_identification:_identify(src/cola2_lib_ros) by extension 'colcon_pkg'
[0.258s] Level 1:colcon.colcon_core.package_identification:_identify(src/cola2_lib_ros) by extensions ['colcon_meta']
[0.258s] Level 1:colcon.colcon_core.package_identification:_identify(src/cola2_lib_ros) by extension 'colcon_meta'
[0.258s] Level 1:colcon.colcon_core.package_identification:_identify(src/cola2_lib_ros) by extensions ['ros']
[0.258s] Level 1:colcon.colcon_core.package_identification:_identify(src/cola2_lib_ros) by extension 'ros'
[0.260s] DEBUG:colcon.colcon_core.package_identification:Package 'src/cola2_lib_ros' with type 'ros.ament_cmake' and name 'cola2_lib_ros'
[0.260s] Level 1:colcon.colcon_core.package_identification:_identify(src/cola2_minigirona) by extensions ['ignore', 'ignore_ament_install']
[0.260s] Level 1:colcon.colcon_core.package_identification:_identify(src/cola2_minigirona) by extension 'ignore'
[0.260s] Level 1:colcon.colcon_core.package_identification:_identify(src/cola2_minigirona) by extension 'ignore_ament_install'
[0.260s] Level 1:colcon.colcon_core.package_identification:_identify(src/cola2_minigirona) by extensions ['colcon_pkg']
[0.261s] Level 1:colcon.colcon_core.package_identification:_identify(src/cola2_minigirona) by extension 'colcon_pkg'
[0.261s] Level 1:colcon.colcon_core.package_identification:_identify(src/cola2_minigirona) by extensions ['colcon_meta']
[0.261s] Level 1:colcon.colcon_core.package_identification:_identify(src/cola2_minigirona) by extension 'colcon_meta'
[0.261s] Level 1:colcon.colcon_core.package_identification:_identify(src/cola2_minigirona) by extensions ['ros']
[0.261s] Level 1:colcon.colcon_core.package_identification:_identify(src/cola2_minigirona) by extension 'ros'
[0.262s] DEBUG:colcon.colcon_core.package_identification:Package 'src/cola2_minigirona' with type 'ros.ament_cmake' and name 'cola2_minigirona'
[0.262s] Level 1:colcon.colcon_core.package_identification:_identify(src/cola2_msgs) by extensions ['ignore', 'ignore_ament_install']
[0.262s] Level 1:colcon.colcon_core.package_identification:_identify(src/cola2_msgs) by extension 'ignore'
[0.262s] Level 1:colcon.colcon_core.package_identification:_identify(src/cola2_msgs) by extension 'ignore_ament_install'
[0.262s] Level 1:colcon.colcon_core.package_identification:_identify(src/cola2_msgs) by extensions ['colcon_pkg']
[0.262s] Level 1:colcon.colcon_core.package_identification:_identify(src/cola2_msgs) by extension 'colcon_pkg'
[0.262s] Level 1:colcon.colcon_core.package_identification:_identify(src/cola2_msgs) by extensions ['colcon_meta']
[0.262s] Level 1:colcon.colcon_core.package_identification:_identify(src/cola2_msgs) by extension 'colcon_meta'
[0.262s] Level 1:colcon.colcon_core.package_identification:_identify(src/cola2_msgs) by extensions ['ros']
[0.262s] Level 1:colcon.colcon_core.package_identification:_identify(src/cola2_msgs) by extension 'ros'
[0.263s] DEBUG:colcon.colcon_core.package_identification:Package 'src/cola2_msgs' with type 'ros.ament_cmake' and name 'cola2_msgs'
[0.263s] Level 1:colcon.colcon_core.package_identification:_identify(src/cola2_nav) by extensions ['ignore', 'ignore_ament_install']
[0.263s] Level 1:colcon.colcon_core.package_identification:_identify(src/cola2_nav) by extension 'ignore'
[0.263s] Level 1:colcon.colcon_core.package_identification:_identify(src/cola2_nav) by extension 'ignore_ament_install'
[0.263s] Level 1:colcon.colcon_core.package_identification:_identify(src/cola2_nav) by extensions ['colcon_pkg']
[0.263s] Level 1:colcon.colcon_core.package_identification:_identify(src/cola2_nav) by extension 'colcon_pkg'
[0.263s] Level 1:colcon.colcon_core.package_identification:_identify(src/cola2_nav) by extensions ['colcon_meta']
[0.263s] Level 1:colcon.colcon_core.package_identification:_identify(src/cola2_nav) by extension 'colcon_meta'
[0.263s] Level 1:colcon.colcon_core.package_identification:_identify(src/cola2_nav) by extensions ['ros']
[0.263s] Level 1:colcon.colcon_core.package_identification:_identify(src/cola2_nav) by extension 'ros'
[0.272s] DEBUG:colcon.colcon_core.package_identification:Package 'src/cola2_nav' with type 'ros.ament_cmake' and name 'cola2_nav'
[0.273s] Level 1:colcon.colcon_core.package_identification:_identify(src/minigirona_description) by extensions ['ignore', 'ignore_ament_install']
[0.273s] Level 1:colcon.colcon_core.package_identification:_identify(src/minigirona_description) by extension 'ignore'
[0.273s] Level 1:colcon.colcon_core.package_identification:_identify(src/minigirona_description) by extension 'ignore_ament_install'
[0.273s] Level 1:colcon.colcon_core.package_identification:_identify(src/minigirona_description) by extensions ['colcon_pkg']
[0.273s] Level 1:colcon.colcon_core.package_identification:_identify(src/minigirona_description) by extension 'colcon_pkg'
[0.273s] Level 1:colcon.colcon_core.package_identification:_identify(src/minigirona_description) by extensions ['colcon_meta']
[0.273s] Level 1:colcon.colcon_core.package_identification:_identify(src/minigirona_description) by extension 'colcon_meta'
[0.273s] Level 1:colcon.colcon_core.package_identification:_identify(src/minigirona_description) by extensions ['ros']
[0.273s] Level 1:colcon.colcon_core.package_identification:_identify(src/minigirona_description) by extension 'ros'
[0.273s] DEBUG:colcon.colcon_core.package_identification:Package 'src/minigirona_description' with type 'ros.ament_cmake' and name 'minigirona_description'
[0.274s] Level 1:colcon.colcon_core.package_identification:_identify(src/minigirona_stonefish) by extensions ['ignore', 'ignore_ament_install']
[0.274s] Level 1:colcon.colcon_core.package_identification:_identify(src/minigirona_stonefish) by extension 'ignore'
[0.274s] Level 1:colcon.colcon_core.package_identification:_identify(src/minigirona_stonefish) by extension 'ignore_ament_install'
[0.274s] Level 1:colcon.colcon_core.package_identification:_identify(src/minigirona_stonefish) by extensions ['colcon_pkg']
[0.274s] Level 1:colcon.colcon_core.package_identification:_identify(src/minigirona_stonefish) by extension 'colcon_pkg'
[0.274s] Level 1:colcon.colcon_core.package_identification:_identify(src/minigirona_stonefish) by extensions ['colcon_meta']
[0.274s] Level 1:colcon.colcon_core.package_identification:_identify(src/minigirona_stonefish) by extension 'colcon_meta'
[0.274s] Level 1:colcon.colcon_core.package_identification:_identify(src/minigirona_stonefish) by extensions ['ros']
[0.274s] Level 1:colcon.colcon_core.package_identification:_identify(src/minigirona_stonefish) by extension 'ros'
[0.275s] DEBUG:colcon.colcon_core.package_identification:Package 'src/minigirona_stonefish' with type 'ros.ament_cmake' and name 'minigirona_stonefish'
[0.275s] Level 1:colcon.colcon_core.package_identification:_identify(src/stonefish_ros2) by extensions ['ignore', 'ignore_ament_install']
[0.275s] Level 1:colcon.colcon_core.package_identification:_identify(src/stonefish_ros2) by extension 'ignore'
[0.275s] Level 1:colcon.colcon_core.package_identification:_identify(src/stonefish_ros2) by extension 'ignore_ament_install'
[0.275s] Level 1:colcon.colcon_core.package_identification:_identify(src/stonefish_ros2) by extensions ['colcon_pkg']
[0.275s] Level 1:colcon.colcon_core.package_identification:_identify(src/stonefish_ros2) by extension 'colcon_pkg'
[0.275s] Level 1:colcon.colcon_core.package_identification:_identify(src/stonefish_ros2) by extensions ['colcon_meta']
[0.275s] Level 1:colcon.colcon_core.package_identification:_identify(src/stonefish_ros2) by extension 'colcon_meta'
[0.275s] Level 1:colcon.colcon_core.package_identification:_identify(src/stonefish_ros2) by extensions ['ros']
[0.275s] Level 1:colcon.colcon_core.package_identification:_identify(src/stonefish_ros2) by extension 'ros'
[0.276s] DEBUG:colcon.colcon_core.package_identification:Package 'src/stonefish_ros2' with type 'ros.ament_cmake' and name 'stonefish_ros2'
[0.276s] Level 1:colcon.colcon_core.package_discovery:discover_packages(recursive) using defaults
[0.276s] Level 1:colcon.colcon_core.package_discovery:discover_packages(ignore) discover
[0.276s] Level 1:colcon.colcon_core.package_discovery:discover_packages(ignore) using defaults
[0.276s] Level 1:colcon.colcon_core.package_discovery:discover_packages(path) discover
[0.276s] Level 1:colcon.colcon_core.package_discovery:discover_packages(path) using defaults
[0.295s] Level 1:colcon.colcon_core.package_discovery:discover_packages(prefix_path) check parameters
[0.295s] Level 1:colcon.colcon_core.package_discovery:discover_packages(prefix_path) discover
[0.296s] WARNING:colcon.colcon_ros.prefix_path.ament:The path '/home/mazen/mini_girona/install/cola2_nav' in the environment variable AMENT_PREFIX_PATH doesn't exist
[0.296s] WARNING:colcon.colcon_ros.prefix_path.ament:The path '/home/mazen/mini_girona/install/minigirona_stonefish' in the environment variable AMENT_PREFIX_PATH doesn't exist
[0.296s] WARNING:colcon.colcon_ros.prefix_path.ament:The path '/home/mazen/mini_girona/install/cola2_minigirona' in the environment variable AMENT_PREFIX_PATH doesn't exist
[0.296s] WARNING:colcon.colcon_ros.prefix_path.ament:The path '/home/mazen/mini_girona/install/minigirona_description' in the environment variable AMENT_PREFIX_PATH doesn't exist
[0.297s] WARNING:colcon.colcon_ros.prefix_path.catkin:The path '/home/mazen/mini_girona/install/cola2_nav' in the environment variable CMAKE_PREFIX_PATH doesn't exist
[0.297s] WARNING:colcon.colcon_ros.prefix_path.catkin:The path '/home/mazen/mini_girona/install/minigirona_stonefish' in the environment variable CMAKE_PREFIX_PATH doesn't exist
[0.297s] WARNING:colcon.colcon_ros.prefix_path.catkin:The path '/home/mazen/mini_girona/install/cola2_minigirona' in the environment variable CMAKE_PREFIX_PATH doesn't exist
[0.297s] WARNING:colcon.colcon_ros.prefix_path.catkin:The path '/home/mazen/mini_girona/install/minigirona_description' in the environment variable CMAKE_PREFIX_PATH doesn't exist
[0.297s] DEBUG:colcon.colcon_installed_package_information.package_discovery:Found 4 installed packages in /home/mazen/mini_girona/install
[0.298s] DEBUG:colcon.colcon_installed_package_information.package_discovery:Found 207 installed packages in /opt/ros/humble
[0.299s] Level 1:colcon.colcon_core.package_discovery:discover_packages(prefix_path) using defaults
[0.322s] Level 5:colcon.colcon_core.verb:set package 'cola2_msgs' build argument 'cmake_args' from command line to 'None'
[0.323s] Level 5:colcon.colcon_core.verb:set package 'cola2_msgs' build argument 'cmake_target' from command line to 'None'
[0.323s] Level 5:colcon.colcon_core.verb:set package 'cola2_msgs' build argument 'cmake_target_skip_unavailable' from command line to 'False'
[0.323s] Level 5:colcon.colcon_core.verb:set package 'cola2_msgs' build argument 'cmake_clean_cache' from command line to 'False'
[0.323s] Level 5:colcon.colcon_core.verb:set package 'cola2_msgs' build argument 'cmake_clean_first' from command line to 'False'
[0.323s] Level 5:colcon.colcon_core.verb:set package 'cola2_msgs' build argument 'cmake_force_configure' from command line to 'False'
[0.323s] Level 5:colcon.colcon_core.verb:set package 'cola2_msgs' build argument 'ament_cmake_args' from command line to 'None'
[0.323s] Level 5:colcon.colcon_core.verb:set package 'cola2_msgs' build argument 'catkin_cmake_args' from command line to 'None'
[0.323s] Level 5:colcon.colcon_core.verb:set package 'cola2_msgs' build argument 'catkin_skip_building_tests' from command line to 'False'
[0.323s] DEBUG:colcon.colcon_core.verb:Building package 'cola2_msgs' with the following arguments: {'ament_cmake_args': None, 'build_base': '/home/mazen/mini_girona/build/cola2_msgs', 'catkin_cmake_args': None, 'catkin_skip_building_tests': False, 'cmake_args': None, 'cmake_clean_cache': False, 'cmake_clean_first': False, 'cmake_force_configure': False, 'cmake_target': None, 'cmake_target_skip_unavailable': False, 'install_base': '/home/mazen/mini_girona/install/cola2_msgs', 'merge_install': False, 'path': '/home/mazen/mini_girona/src/cola2_msgs', 'symlink_install': False, 'test_result_base': None}
[0.323s] Level 5:colcon.colcon_core.verb:set package 'stonefish_ros2' build argument 'cmake_args' from command line to 'None'
[0.323s] Level 5:colcon.colcon_core.verb:set package 'stonefish_ros2' build argument 'cmake_target' from command line to 'None'
[0.323s] Level 5:colcon.colcon_core.verb:set package 'stonefish_ros2' build argument 'cmake_target_skip_unavailable' from command line to 'False'
[0.323s] Level 5:colcon.colcon_core.verb:set package 'stonefish_ros2' build argument 'cmake_clean_cache' from command line to 'False'
[0.323s] Level 5:colcon.colcon_core.verb:set package 'stonefish_ros2' build argument 'cmake_clean_first' from command line to 'False'
[0.323s] Level 5:colcon.colcon_core.verb:set package 'stonefish_ros2' build argument 'cmake_force_configure' from command line to 'False'
[0.323s] Level 5:colcon.colcon_core.verb:set package 'stonefish_ros2' build argument 'ament_cmake_args' from command line to 'None'
[0.323s] Level 5:colcon.colcon_core.verb:set package 'stonefish_ros2' build argument 'catkin_cmake_args' from command line to 'None'
[0.323s] Level 5:colcon.colcon_core.verb:set package 'stonefish_ros2' build argument 'catkin_skip_building_tests' from command line to 'False'
[0.323s] DEBUG:colcon.colcon_core.verb:Building package 'stonefish_ros2' with the following arguments: {'ament_cmake_args': None, 'build_base': '/home/mazen/mini_girona/build/stonefish_ros2', 'catkin_cmake_args': None, 'catkin_skip_building_tests': False, 'cmake_args': None, 'cmake_clean_cache': False, 'cmake_clean_first': False, 'cmake_force_configure': False, 'cmake_target': None, 'cmake_target_skip_unavailable': False, 'install_base': '/home/mazen/mini_girona/install/stonefish_ros2', 'merge_install': False, 'path': '/home/mazen/mini_girona/src/stonefish_ros2', 'symlink_install': False, 'test_result_base': None}
[0.324s] Level 5:colcon.colcon_core.verb:set package 'cola2_lib_ros' build argument 'cmake_args' from command line to 'None'
[0.324s] Level 5:colcon.colcon_core.verb:set package 'cola2_lib_ros' build argument 'cmake_target' from command line to 'None'
[0.324s] Level 5:colcon.colcon_core.verb:set package 'cola2_lib_ros' build argument 'cmake_target_skip_unavailable' from command line to 'False'
[0.324s] Level 5:colcon.colcon_core.verb:set package 'cola2_lib_ros' build argument 'cmake_clean_cache' from command line to 'False'
[0.324s] Level 5:colcon.colcon_core.verb:set package 'cola2_lib_ros' build argument 'cmake_clean_first' from command line to 'False'
[0.324s] Level 5:colcon.colcon_core.verb:set package 'cola2_lib_ros' build argument 'cmake_force_configure' from command line to 'False'
[0.324s] Level 5:colcon.colcon_core.verb:set package 'cola2_lib_ros' build argument 'ament_cmake_args' from command line to 'None'
[0.324s] Level 5:colcon.colcon_core.verb:set package 'cola2_lib_ros' build argument 'catkin_cmake_args' from command line to 'None'
[0.324s] Level 5:colcon.colcon_core.verb:set package 'cola2_lib_ros' build argument 'catkin_skip_building_tests' from command line to 'False'
[0.324s] DEBUG:colcon.colcon_core.verb:Building package 'cola2_lib_ros' with the following arguments: {'ament_cmake_args': None, 'build_base': '/home/mazen/mini_girona/build/cola2_lib_ros', 'catkin_cmake_args': None, 'catkin_skip_building_tests': False, 'cmake_args': None, 'cmake_clean_cache': False, 'cmake_clean_first': False, 'cmake_force_configure': False, 'cmake_target': None, 'cmake_target_skip_unavailable': False, 'install_base': '/home/mazen/mini_girona/install/cola2_lib_ros', 'merge_install': False, 'path': '/home/mazen/mini_girona/src/cola2_lib_ros', 'symlink_install': False, 'test_result_base': None}
[0.324s] Level 5:colcon.colcon_core.verb:set package 'cola2_control' build argument 'cmake_args' from command line to 'None'
[0.324s] Level 5:colcon.colcon_core.verb:set package 'cola2_control' build argument 'cmake_target' from command line to 'None'
[0.324s] Level 5:colcon.colcon_core.verb:set package 'cola2_control' build argument 'cmake_target_skip_unavailable' from command line to 'False'
[0.324s] Level 5:colcon.colcon_core.verb:set package 'cola2_control' build argument 'cmake_clean_cache' from command line to 'False'
[0.324s] Level 5:colcon.colcon_core.verb:set package 'cola2_control' build argument 'cmake_clean_first' from command line to 'False'
[0.324s] Level 5:colcon.colcon_core.verb:set package 'cola2_control' build argument 'cmake_force_configure' from command line to 'False'
[0.324s] Level 5:colcon.colcon_core.verb:set package 'cola2_control' build argument 'ament_cmake_args' from command line to 'None'
[0.324s] Level 5:colcon.colcon_core.verb:set package 'cola2_control' build argument 'catkin_cmake_args' from command line to 'None'
[0.324s] Level 5:colcon.colcon_core.verb:set package 'cola2_control' build argument 'catkin_skip_building_tests' from command line to 'False'
[0.324s] DEBUG:colcon.colcon_core.verb:Building package 'cola2_control' with the following arguments: {'ament_cmake_args': None, 'build_base': '/home/mazen/mini_girona/build/cola2_control', 'catkin_cmake_args': None, 'catkin_skip_building_tests': False, 'cmake_args': None, 'cmake_clean_cache': False, 'cmake_clean_first': False, 'cmake_force_configure': False, 'cmake_target': None, 'cmake_target_skip_unavailable': False, 'install_base': '/home/mazen/mini_girona/install/cola2_control', 'merge_install': False, 'path': '/home/mazen/mini_girona/src/cola2_control', 'symlink_install': False, 'test_result_base': None}
[0.325s] Level 5:colcon.colcon_core.verb:set package 'cola2_nav' build argument 'cmake_args' from command line to 'None'
[0.325s] Level 5:colcon.colcon_core.verb:set package 'cola2_nav' build argument 'cmake_target' from command line to 'None'
[0.325s] Level 5:colcon.colcon_core.verb:set package 'cola2_nav' build argument 'cmake_target_skip_unavailable' from command line to 'False'
[0.325s] Level 5:colcon.colcon_core.verb:set package 'cola2_nav' build argument 'cmake_clean_cache' from command line to 'False'
[0.325s] Level 5:colcon.colcon_core.verb:set package 'cola2_nav' build argument 'cmake_clean_first' from command line to 'False'
[0.325s] Level 5:colcon.colcon_core.verb:set package 'cola2_nav' build argument 'cmake_force_configure' from command line to 'False'
[0.325s] Level 5:colcon.colcon_core.verb:set package 'cola2_nav' build argument 'ament_cmake_args' from command line to 'None'
[0.325s] Level 5:colcon.colcon_core.verb:set package 'cola2_nav' build argument 'catkin_cmake_args' from command line to 'None'
[0.325s] Level 5:colcon.colcon_core.verb:set package 'cola2_nav' build argument 'catkin_skip_building_tests' from command line to 'False'
[0.325s] DEBUG:colcon.colcon_core.verb:Building package 'cola2_nav' with the following arguments: {'ament_cmake_args': None, 'build_base': '/home/mazen/mini_girona/build/cola2_nav', 'catkin_cmake_args': None, 'catkin_skip_building_tests': False, 'cmake_args': None, 'cmake_clean_cache': False, 'cmake_clean_first': False, 'cmake_force_configure': False, 'cmake_target': None, 'cmake_target_skip_unavailable': False, 'install_base': '/home/mazen/mini_girona/install/cola2_nav', 'merge_install': False, 'path': '/home/mazen/mini_girona/src/cola2_nav', 'symlink_install': False, 'test_result_base': None}
[0.325s] Level 5:colcon.colcon_core.verb:set package 'minigirona_description' build argument 'cmake_args' from command line to 'None'
[0.325s] Level 5:colcon.colcon_core.verb:set package 'minigirona_description' build argument 'cmake_target' from command line to 'None'
[0.325s] Level 5:colcon.colcon_core.verb:set package 'minigirona_description' build argument 'cmake_target_skip_unavailable' from command line to 'False'
[0.325s] Level 5:colcon.colcon_core.verb:set package 'minigirona_description' build argument 'cmake_clean_cache' from command line to 'False'
[0.325s] Level 5:colcon.colcon_core.verb:set package 'minigirona_description' build argument 'cmake_clean_first' from command line to 'False'
[0.325s] Level 5:colcon.colcon_core.verb:set package 'minigirona_description' build argument 'cmake_force_configure' from command line to 'False'
[0.325s] Level 5:colcon.colcon_core.verb:set package 'minigirona_description' build argument 'ament_cmake_args' from command line to 'None'
[0.325s] Level 5:colcon.colcon_core.verb:set package 'minigirona_description' build argument 'catkin_cmake_args' from command line to 'None'
[0.325s] Level 5:colcon.colcon_core.verb:set package 'minigirona_description' build argument 'catkin_skip_building_tests' from command line to 'False'
[0.325s] DEBUG:colcon.colcon_core.verb:Building package 'minigirona_description' with the following arguments: {'ament_cmake_args': None, 'build_base': '/home/mazen/mini_girona/build/minigirona_description', 'catkin_cmake_args': None, 'catkin_skip_building_tests': False, 'cmake_args': None, 'cmake_clean_cache': False, 'cmake_clean_first': False, 'cmake_force_configure': False, 'cmake_target': None, 'cmake_target_skip_unavailable': False, 'install_base': '/home/mazen/mini_girona/install/minigirona_description', 'merge_install': False, 'path': '/home/mazen/mini_girona/src/minigirona_description', 'symlink_install': False, 'test_result_base': None}
[0.326s] Level 5:colcon.colcon_core.verb:set package 'cola2_minigirona' build argument 'cmake_args' from command line to 'None'
[0.326s] Level 5:colcon.colcon_core.verb:set package 'cola2_minigirona' build argument 'cmake_target' from command line to 'None'
[0.326s] Level 5:colcon.colcon_core.verb:set package 'cola2_minigirona' build argument 'cmake_target_skip_unavailable' from command line to 'False'
[0.326s] Level 5:colcon.colcon_core.verb:set package 'cola2_minigirona' build argument 'cmake_clean_cache' from command line to 'False'
[0.326s] Level 5:colcon.colcon_core.verb:set package 'cola2_minigirona' build argument 'cmake_clean_first' from command line to 'False'
[0.326s] Level 5:colcon.colcon_core.verb:set package 'cola2_minigirona' build argument 'cmake_force_configure' from command line to 'False'
[0.326s] Level 5:colcon.colcon_core.verb:set package 'cola2_minigirona' build argument 'ament_cmake_args' from command line to 'None'
[0.326s] Level 5:colcon.colcon_core.verb:set package 'cola2_minigirona' build argument 'catkin_cmake_args' from command line to 'None'
[0.326s] Level 5:colcon.colcon_core.verb:set package 'cola2_minigirona' build argument 'catkin_skip_building_tests' from command line to 'False'
[0.326s] DEBUG:colcon.colcon_core.verb:Building package 'cola2_minigirona' with the following arguments: {'ament_cmake_args': None, 'build_base': '/home/mazen/mini_girona/build/cola2_minigirona', 'catkin_cmake_args': None, 'catkin_skip_building_tests': False, 'cmake_args': None, 'cmake_clean_cache': False, 'cmake_clean_first': False, 'cmake_force_configure': False, 'cmake_target': None, 'cmake_target_skip_unavailable': False, 'install_base': '/home/mazen/mini_girona/install/cola2_minigirona', 'merge_install': False, 'path': '/home/mazen/mini_girona/src/cola2_minigirona', 'symlink_install': False, 'test_result_base': None}
[0.326s] Level 5:colcon.colcon_core.verb:set package 'minigirona_stonefish' build argument 'cmake_args' from command line to 'None'
[0.326s] Level 5:colcon.colcon_core.verb:set package 'minigirona_stonefish' build argument 'cmake_target' from command line to 'None'
[0.326s] Level 5:colcon.colcon_core.verb:set package 'minigirona_stonefish' build argument 'cmake_target_skip_unavailable' from command line to 'False'
[0.326s] Level 5:colcon.colcon_core.verb:set package 'minigirona_stonefish' build argument 'cmake_clean_cache' from command line to 'False'
[0.326s] Level 5:colcon.colcon_core.verb:set package 'minigirona_stonefish' build argument 'cmake_clean_first' from command line to 'False'
[0.326s] Level 5:colcon.colcon_core.verb:set package 'minigirona_stonefish' build argument 'cmake_force_configure' from command line to 'False'
[0.326s] Level 5:colcon.colcon_core.verb:set package 'minigirona_stonefish' build argument 'ament_cmake_args' from command line to 'None'
[0.326s] Level 5:colcon.colcon_core.verb:set package 'minigirona_stonefish' build argument 'catkin_cmake_args' from command line to 'None'
[0.326s] Level 5:colcon.colcon_core.verb:set package 'minigirona_stonefish' build argument 'catkin_skip_building_tests' from command line to 'False'
[0.326s] DEBUG:colcon.colcon_core.verb:Building package 'minigirona_stonefish' with the following arguments: {'ament_cmake_args': None, 'build_base': '/home/mazen/mini_girona/build/minigirona_stonefish', 'catkin_cmake_args': None, 'catkin_skip_building_tests': False, 'cmake_args': None, 'cmake_clean_cache': False, 'cmake_clean_first': False, 'cmake_force_configure': False, 'cmake_target': None, 'cmake_target_skip_unavailable': False, 'install_base': '/home/mazen/mini_girona/install/minigirona_stonefish', 'merge_install': False, 'path': '/home/mazen/mini_girona/src/minigirona_stonefish', 'symlink_install': False, 'test_result_base': None}
[0.326s] INFO:colcon.colcon_core.executor:Executing jobs using 'parallel' executor
[0.328s] DEBUG:colcon.colcon_parallel_executor.executor.parallel:run_until_complete
[0.328s] INFO:colcon.colcon_ros.task.ament_cmake.build:Building ROS package in '/home/mazen/mini_girona/src/cola2_msgs' with build type 'ament_cmake'
[0.328s] INFO:colcon.colcon_cmake.task.cmake.build:Building CMake package in '/home/mazen/mini_girona/src/cola2_msgs'
[0.330s] INFO:colcon.colcon_core.plugin_system:Skipping extension 'colcon_core.shell.bat': Not used on non-Windows systems
[0.330s] INFO:colcon.colcon_core.shell:Skip shell extension 'powershell' for command environment: Not usable outside of PowerShell
[0.330s] DEBUG:colcon.colcon_core.shell:Skip shell extension 'dsv' for command environment
[0.333s] INFO:colcon.colcon_ros.task.ament_cmake.build:Building ROS package in '/home/mazen/mini_girona/src/stonefish_ros2' with build type 'ament_cmake'
[0.333s] INFO:colcon.colcon_cmake.task.cmake.build:Building CMake package in '/home/mazen/mini_girona/src/stonefish_ros2'
[0.333s] INFO:colcon.colcon_core.shell:Skip shell extension 'powershell' for command environment: Not usable outside of PowerShell
[0.333s] DEBUG:colcon.colcon_core.shell:Skip shell extension 'dsv' for command environment
[0.340s] DEBUG:colcon.colcon_core.event_handler.log_command:Invoking command in '/home/mazen/mini_girona/build/cola2_msgs': CMAKE_PREFIX_PATH=${CMAKE_PREFIX_PATH}:/opt/ros/humble /usr/bin/cmake --build /home/mazen/mini_girona/build/cola2_msgs -- -j12 -l12
[0.344s] DEBUG:colcon.colcon_core.event_handler.log_command:Invoking command in '/home/mazen/mini_girona/build/stonefish_ros2': CMAKE_PREFIX_PATH=${CMAKE_PREFIX_PATH}:/opt/ros/humble /usr/bin/cmake --build /home/mazen/mini_girona/build/stonefish_ros2 -- -j12 -l12
[0.723s] DEBUG:colcon.colcon_core.event_handler.log_command:Invoked command in '/home/mazen/mini_girona/build/stonefish_ros2' returned '0': CMAKE_PREFIX_PATH=${CMAKE_PREFIX_PATH}:/opt/ros/humble /usr/bin/cmake --build /home/mazen/mini_girona/build/stonefish_ros2 -- -j12 -l12
[0.733s] DEBUG:colcon.colcon_core.event_handler.log_command:Invoking command in '/home/mazen/mini_girona/build/stonefish_ros2': CMAKE_PREFIX_PATH=${CMAKE_PREFIX_PATH}:/opt/ros/humble /usr/bin/cmake --install /home/mazen/mini_girona/build/stonefish_ros2
[0.734s] DEBUG:colcon.colcon_core.event_handler.log_command:Invoked command in '/home/mazen/mini_girona/build/cola2_msgs' returned '0': CMAKE_PREFIX_PATH=${CMAKE_PREFIX_PATH}:/opt/ros/humble /usr/bin/cmake --build /home/mazen/mini_girona/build/cola2_msgs -- -j12 -l12
[0.735s] DEBUG:colcon.colcon_core.event_handler.log_command:Invoking command in '/home/mazen/mini_girona/build/cola2_msgs': CMAKE_PREFIX_PATH=${CMAKE_PREFIX_PATH}:/opt/ros/humble /usr/bin/cmake --install /home/mazen/mini_girona/build/cola2_msgs
[0.813s] Level 1:colcon.colcon_core.environment:create_environment_scripts_only(stonefish_ros2)
[0.830s] Level 1:colcon.colcon_core.environment:checking '/home/mazen/mini_girona/install/stonefish_ros2' for CMake module files
[0.835s] Level 1:colcon.colcon_core.environment:checking '/home/mazen/mini_girona/install/stonefish_ros2' for CMake config files
[0.844s] Level 1:colcon.colcon_core.shell:create_environment_hook('stonefish_ros2', 'cmake_prefix_path')
[0.844s] INFO:colcon.colcon_core.shell:Creating environment hook '/home/mazen/mini_girona/install/stonefish_ros2/share/stonefish_ros2/hook/cmake_prefix_path.ps1'
[0.845s] DEBUG:colcon.colcon_core.event_handler.log_command:Invoked command in '/home/mazen/mini_girona/build/stonefish_ros2' returned '0': CMAKE_PREFIX_PATH=${CMAKE_PREFIX_PATH}:/opt/ros/humble /usr/bin/cmake --install /home/mazen/mini_girona/build/stonefish_ros2
[0.846s] INFO:colcon.colcon_core.shell:Creating environment descriptor '/home/mazen/mini_girona/install/stonefish_ros2/share/stonefish_ros2/hook/cmake_prefix_path.dsv'
[0.847s] INFO:colcon.colcon_core.shell:Creating environment hook '/home/mazen/mini_girona/install/stonefish_ros2/share/stonefish_ros2/hook/cmake_prefix_path.sh'
[0.848s] Level 1:colcon.colcon_core.environment:checking '/home/mazen/mini_girona/install/stonefish_ros2/lib'
[0.848s] Level 1:colcon.colcon_core.shell:create_environment_hook('stonefish_ros2', 'ld_library_path_lib')
[0.848s] INFO:colcon.colcon_core.shell:Creating environment hook '/home/mazen/mini_girona/install/stonefish_ros2/share/stonefish_ros2/hook/ld_library_path_lib.ps1'
[0.849s] INFO:colcon.colcon_core.shell:Creating environment descriptor '/home/mazen/mini_girona/install/stonefish_ros2/share/stonefish_ros2/hook/ld_library_path_lib.dsv'
[0.849s] INFO:colcon.colcon_core.shell:Creating environment hook '/home/mazen/mini_girona/install/stonefish_ros2/share/stonefish_ros2/hook/ld_library_path_lib.sh'
[0.849s] Level 1:colcon.colcon_core.environment:checking '/home/mazen/mini_girona/install/stonefish_ros2/bin'
[0.849s] Level 1:colcon.colcon_core.environment:checking '/home/mazen/mini_girona/install/stonefish_ros2/lib/pkgconfig/stonefish_ros2.pc'
[0.850s] Level 1:colcon.colcon_core.environment:checking '/home/mazen/mini_girona/install/stonefish_ros2/lib/python3.10/site-packages'
[0.850s] Level 1:colcon.colcon_core.environment:checking '/home/mazen/mini_girona/install/stonefish_ros2/bin'
[0.850s] INFO:colcon.colcon_core.shell:Creating package script '/home/mazen/mini_girona/install/stonefish_ros2/share/stonefish_ros2/package.ps1'
[0.851s] INFO:colcon.colcon_core.shell:Creating package descriptor '/home/mazen/mini_girona/install/stonefish_ros2/share/stonefish_ros2/package.dsv'
[0.851s] INFO:colcon.colcon_core.shell:Creating package script '/home/mazen/mini_girona/install/stonefish_ros2/share/stonefish_ros2/package.sh'
[0.852s] INFO:colcon.colcon_core.shell:Creating package script '/home/mazen/mini_girona/install/stonefish_ros2/share/stonefish_ros2/package.bash'
[0.852s] INFO:colcon.colcon_core.shell:Creating package script '/home/mazen/mini_girona/install/stonefish_ros2/share/stonefish_ros2/package.zsh'
[0.853s] Level 1:colcon.colcon_core.environment:create_file_with_runtime_dependencies(/home/mazen/mini_girona/install/stonefish_ros2/share/colcon-core/packages/stonefish_ros2)
[0.853s] Level 1:colcon.colcon_core.environment:create_environment_scripts_only(stonefish_ros2)
[0.854s] Level 1:colcon.colcon_core.environment:checking '/home/mazen/mini_girona/install/stonefish_ros2' for CMake module files
[0.854s] Level 1:colcon.colcon_core.environment:checking '/home/mazen/mini_girona/install/stonefish_ros2' for CMake config files
[0.854s] Level 1:colcon.colcon_core.shell:create_environment_hook('stonefish_ros2', 'cmake_prefix_path')
[0.855s] INFO:colcon.colcon_core.shell:Creating environment hook '/home/mazen/mini_girona/install/stonefish_ros2/share/stonefish_ros2/hook/cmake_prefix_path.ps1'
[0.855s] INFO:colcon.colcon_core.shell:Creating environment descriptor '/home/mazen/mini_girona/install/stonefish_ros2/share/stonefish_ros2/hook/cmake_prefix_path.dsv'
[0.855s] INFO:colcon.colcon_core.shell:Creating environment hook '/home/mazen/mini_girona/install/stonefish_ros2/share/stonefish_ros2/hook/cmake_prefix_path.sh'
[0.856s] Level 1:colcon.colcon_core.environment:checking '/home/mazen/mini_girona/install/stonefish_ros2/lib'
[0.856s] Level 1:colcon.colcon_core.shell:create_environment_hook('stonefish_ros2', 'ld_library_path_lib')
[0.856s] INFO:colcon.colcon_core.shell:Creating environment hook '/home/mazen/mini_girona/install/stonefish_ros2/share/stonefish_ros2/hook/ld_library_path_lib.ps1'
[0.856s] INFO:colcon.colcon_core.shell:Creating environment descriptor '/home/mazen/mini_girona/install/stonefish_ros2/share/stonefish_ros2/hook/ld_library_path_lib.dsv'
[0.857s] INFO:colcon.colcon_core.shell:Creating environment hook '/home/mazen/mini_girona/install/stonefish_ros2/share/stonefish_ros2/hook/ld_library_path_lib.sh'
[0.857s] Level 1:colcon.colcon_core.environment:checking '/home/mazen/mini_girona/install/stonefish_ros2/bin'
[0.857s] Level 1:colcon.colcon_core.environment:checking '/home/mazen/mini_girona/install/stonefish_ros2/lib/pkgconfig/stonefish_ros2.pc'
[0.857s] Level 1:colcon.colcon_core.environment:checking '/home/mazen/mini_girona/install/stonefish_ros2/lib/python3.10/site-packages'
[0.857s] Level 1:colcon.colcon_core.environment:checking '/home/mazen/mini_girona/install/stonefish_ros2/bin'
[0.858s] INFO:colcon.colcon_core.shell:Creating package script '/home/mazen/mini_girona/install/stonefish_ros2/share/stonefish_ros2/package.ps1'
[0.858s] INFO:colcon.colcon_core.shell:Creating package descriptor '/home/mazen/mini_girona/install/stonefish_ros2/share/stonefish_ros2/package.dsv'
[0.859s] INFO:colcon.colcon_core.shell:Creating package script '/home/mazen/mini_girona/install/stonefish_ros2/share/stonefish_ros2/package.sh'
[0.859s] INFO:colcon.colcon_core.shell:Creating package script '/home/mazen/mini_girona/install/stonefish_ros2/share/stonefish_ros2/package.bash'
[0.860s] INFO:colcon.colcon_core.shell:Creating package script '/home/mazen/mini_girona/install/stonefish_ros2/share/stonefish_ros2/package.zsh'
[0.860s] Level 1:colcon.colcon_core.environment:create_file_with_runtime_dependencies(/home/mazen/mini_girona/install/stonefish_ros2/share/colcon-core/packages/stonefish_ros2)
[0.861s] Level 1:colcon.colcon_core.environment:create_environment_scripts_only(cola2_msgs)
[0.861s] Level 1:colcon.colcon_core.environment:checking '/home/mazen/mini_girona/install/cola2_msgs' for CMake module files
[0.862s] DEBUG:colcon.colcon_core.event_handler.log_command:Invoked command in '/home/mazen/mini_girona/build/cola2_msgs' returned '0': CMAKE_PREFIX_PATH=${CMAKE_PREFIX_PATH}:/opt/ros/humble /usr/bin/cmake --install /home/mazen/mini_girona/build/cola2_msgs
[0.862s] Level 1:colcon.colcon_core.environment:checking '/home/mazen/mini_girona/install/cola2_msgs' for CMake config files
[0.862s] Level 1:colcon.colcon_core.shell:create_environment_hook('cola2_msgs', 'cmake_prefix_path')
[0.863s] INFO:colcon.colcon_core.shell:Creating environment hook '/home/mazen/mini_girona/install/cola2_msgs/share/cola2_msgs/hook/cmake_prefix_path.ps1'
[0.863s] INFO:colcon.colcon_core.shell:Creating environment descriptor '/home/mazen/mini_girona/install/cola2_msgs/share/cola2_msgs/hook/cmake_prefix_path.dsv'
[0.863s] INFO:colcon.colcon_core.shell:Creating environment hook '/home/mazen/mini_girona/install/cola2_msgs/share/cola2_msgs/hook/cmake_prefix_path.sh'
[0.864s] Level 1:colcon.colcon_core.environment:checking '/home/mazen/mini_girona/install/cola2_msgs/lib'
[0.864s] Level 1:colcon.colcon_core.shell:create_environment_hook('cola2_msgs', 'ld_library_path_lib')
[0.864s] INFO:colcon.colcon_core.shell:Creating environment hook '/home/mazen/mini_girona/install/cola2_msgs/share/cola2_msgs/hook/ld_library_path_lib.ps1'
[0.864s] INFO:colcon.colcon_core.shell:Creating environment descriptor '/home/mazen/mini_girona/install/cola2_msgs/share/cola2_msgs/hook/ld_library_path_lib.dsv'
[0.864s] INFO:colcon.colcon_core.shell:Creating environment hook '/home/mazen/mini_girona/install/cola2_msgs/share/cola2_msgs/hook/ld_library_path_lib.sh'
[0.865s] Level 1:colcon.colcon_core.environment:checking '/home/mazen/mini_girona/install/cola2_msgs/bin'
[0.865s] Level 1:colcon.colcon_core.environment:checking '/home/mazen/mini_girona/install/cola2_msgs/lib/pkgconfig/cola2_msgs.pc'
[0.865s] Level 1:colcon.colcon_core.environment:checking '/home/mazen/mini_girona/install/cola2_msgs/lib/python3.10/site-packages'
[0.865s] Level 1:colcon.colcon_core.environment:checking '/home/mazen/mini_girona/install/cola2_msgs/bin'
[0.865s] INFO:colcon.colcon_core.shell:Creating package script '/home/mazen/mini_girona/install/cola2_msgs/share/cola2_msgs/package.ps1'
[0.866s] INFO:colcon.colcon_core.shell:Creating package descriptor '/home/mazen/mini_girona/install/cola2_msgs/share/cola2_msgs/package.dsv'
[0.866s] INFO:colcon.colcon_core.shell:Creating package script '/home/mazen/mini_girona/install/cola2_msgs/share/cola2_msgs/package.sh'
[0.867s] INFO:colcon.colcon_core.shell:Creating package script '/home/mazen/mini_girona/install/cola2_msgs/share/cola2_msgs/package.bash'
[0.867s] INFO:colcon.colcon_core.shell:Creating package script '/home/mazen/mini_girona/install/cola2_msgs/share/cola2_msgs/package.zsh'
[0.867s] Level 1:colcon.colcon_core.environment:create_file_with_runtime_dependencies(/home/mazen/mini_girona/install/cola2_msgs/share/colcon-core/packages/cola2_msgs)
[0.868s] Level 1:colcon.colcon_core.environment:create_environment_scripts_only(cola2_msgs)
[0.868s] Level 1:colcon.colcon_core.environment:checking '/home/mazen/mini_girona/install/cola2_msgs' for CMake module files
[0.868s] Level 1:colcon.colcon_core.environment:checking '/home/mazen/mini_girona/install/cola2_msgs' for CMake config files
[0.868s] Level 1:colcon.colcon_core.shell:create_environment_hook('cola2_msgs', 'cmake_prefix_path')
[0.869s] INFO:colcon.colcon_core.shell:Creating environment hook '/home/mazen/mini_girona/install/cola2_msgs/share/cola2_msgs/hook/cmake_prefix_path.ps1'
[0.869s] INFO:colcon.colcon_core.shell:Creating environment descriptor '/home/mazen/mini_girona/install/cola2_msgs/share/cola2_msgs/hook/cmake_prefix_path.dsv'
[0.869s] INFO:colcon.colcon_core.shell:Creating environment hook '/home/mazen/mini_girona/install/cola2_msgs/share/cola2_msgs/hook/cmake_prefix_path.sh'
[0.870s] Level 1:colcon.colcon_core.environment:checking '/home/mazen/mini_girona/install/cola2_msgs/lib'
[0.870s] Level 1:colcon.colcon_core.shell:create_environment_hook('cola2_msgs', 'ld_library_path_lib')
[0.870s] INFO:colcon.colcon_core.shell:Creating environment hook '/home/mazen/mini_girona/install/cola2_msgs/share/cola2_msgs/hook/ld_library_path_lib.ps1'
[0.870s] INFO:colcon.colcon_core.shell:Creating environment descriptor '/home/mazen/mini_girona/install/cola2_msgs/share/cola2_msgs/hook/ld_library_path_lib.dsv'
[0.871s] INFO:colcon.colcon_core.shell:Creating environment hook '/home/mazen/mini_girona/install/cola2_msgs/share/cola2_msgs/hook/ld_library_path_lib.sh'
[0.871s] Level 1:colcon.colcon_core.environment:checking '/home/mazen/mini_girona/install/cola2_msgs/bin'
[0.871s] Level 1:colcon.colcon_core.environment:checking '/home/mazen/mini_girona/install/cola2_msgs/lib/pkgconfig/cola2_msgs.pc'
[0.871s] Level 1:colcon.colcon_core.environment:checking '/home/mazen/mini_girona/install/cola2_msgs/lib/python3.10/site-packages'
[0.871s] Level 1:colcon.colcon_core.environment:checking '/home/mazen/mini_girona/install/cola2_msgs/bin'
[0.872s] INFO:colcon.colcon_core.shell:Creating package script '/home/mazen/mini_girona/install/cola2_msgs/share/cola2_msgs/package.ps1'
[0.872s] INFO:colcon.colcon_core.shell:Creating package descriptor '/home/mazen/mini_girona/install/cola2_msgs/share/cola2_msgs/package.dsv'
[0.872s] INFO:colcon.colcon_core.shell:Creating package script '/home/mazen/mini_girona/install/cola2_msgs/share/cola2_msgs/package.sh'
[0.873s] INFO:colcon.colcon_core.shell:Creating package script '/home/mazen/mini_girona/install/cola2_msgs/share/cola2_msgs/package.bash'
[0.873s] INFO:colcon.colcon_core.shell:Creating package script '/home/mazen/mini_girona/install/cola2_msgs/share/cola2_msgs/package.zsh'
[0.873s] Level 1:colcon.colcon_core.environment:create_file_with_runtime_dependencies(/home/mazen/mini_girona/install/cola2_msgs/share/colcon-core/packages/cola2_msgs)
[0.874s] INFO:colcon.colcon_ros.task.ament_cmake.build:Building ROS package in '/home/mazen/mini_girona/src/cola2_lib_ros' with build type 'ament_cmake'
[0.874s] INFO:colcon.colcon_cmake.task.cmake.build:Building CMake package in '/home/mazen/mini_girona/src/cola2_lib_ros'
[0.874s] INFO:colcon.colcon_core.shell:Skip shell extension 'powershell' for command environment: Not usable outside of PowerShell
[0.874s] DEBUG:colcon.colcon_core.shell:Skip shell extension 'dsv' for command environment
[0.883s] DEBUG:colcon.colcon_core.event_handler.log_command:Invoking command in '/home/mazen/mini_girona/build/cola2_lib_ros': CMAKE_PREFIX_PATH=/home/mazen/mini_girona/install/cola2_msgs:/home/mazen/mini_girona/install/cola2_nav:/home/mazen/mini_girona/install/minigirona_stonefish:/home/mazen/mini_girona/install/stonefish_ros2:/home/mazen/mini_girona/install/cola2_minigirona:/home/mazen/mini_girona/install/minigirona_description:/home/mazen/mini_girona/install/cola2_control:/home/mazen/mini_girona/install/cola2_lib_ros:/opt/ros/humble LD_LIBRARY_PATH=/home/mazen/mini_girona/install/cola2_msgs/lib:/home/mazen/mini_girona/install/stonefish_ros2/lib:/home/mazen/mini_girona/install/cola2_lib_ros/lib:/opt/ros/humble/opt/rviz_ogre_vendor/lib:/opt/ros/humble/lib/x86_64-linux-gnu:/opt/ros/humble/lib /usr/bin/cmake --build /home/mazen/mini_girona/build/cola2_lib_ros -- -j12 -l12
[0.963s] DEBUG:colcon.colcon_core.event_handler.log_command:Invoked command in '/home/mazen/mini_girona/build/cola2_lib_ros' returned '0': CMAKE_PREFIX_PATH=/home/mazen/mini_girona/install/cola2_msgs:/home/mazen/mini_girona/install/cola2_nav:/home/mazen/mini_girona/install/minigirona_stonefish:/home/mazen/mini_girona/install/stonefish_ros2:/home/mazen/mini_girona/install/cola2_minigirona:/home/mazen/mini_girona/install/minigirona_description:/home/mazen/mini_girona/install/cola2_control:/home/mazen/mini_girona/install/cola2_lib_ros:/opt/ros/humble LD_LIBRARY_PATH=/home/mazen/mini_girona/install/cola2_msgs/lib:/home/mazen/mini_girona/install/stonefish_ros2/lib:/home/mazen/mini_girona/install/cola2_lib_ros/lib:/opt/ros/humble/opt/rviz_ogre_vendor/lib:/opt/ros/humble/lib/x86_64-linux-gnu:/opt/ros/humble/lib /usr/bin/cmake --build /home/mazen/mini_girona/build/cola2_lib_ros -- -j12 -l12
[0.964s] DEBUG:colcon.colcon_core.event_handler.log_command:Invoking command in '/home/mazen/mini_girona/build/cola2_lib_ros': CMAKE_PREFIX_PATH=/home/mazen/mini_girona/install/cola2_msgs:/home/mazen/mini_girona/install/cola2_nav:/home/mazen/mini_girona/install/minigirona_stonefish:/home/mazen/mini_girona/install/stonefish_ros2:/home/mazen/mini_girona/install/cola2_minigirona:/home/mazen/mini_girona/install/minigirona_description:/home/mazen/mini_girona/install/cola2_control:/home/mazen/mini_girona/install/cola2_lib_ros:/opt/ros/humble LD_LIBRARY_PATH=/home/mazen/mini_girona/install/cola2_msgs/lib:/home/mazen/mini_girona/install/stonefish_ros2/lib:/home/mazen/mini_girona/install/cola2_lib_ros/lib:/opt/ros/humble/opt/rviz_ogre_vendor/lib:/opt/ros/humble/lib/x86_64-linux-gnu:/opt/ros/humble/lib /usr/bin/cmake --install /home/mazen/mini_girona/build/cola2_lib_ros
[0.974s] Level 1:colcon.colcon_core.environment:create_environment_scripts_only(cola2_lib_ros)
[0.975s] Level 1:colcon.colcon_core.environment:checking '/home/mazen/mini_girona/install/cola2_lib_ros' for CMake module files
[0.975s] DEBUG:colcon.colcon_core.event_handler.log_command:Invoked command in '/home/mazen/mini_girona/build/cola2_lib_ros' returned '0': CMAKE_PREFIX_PATH=/home/mazen/mini_girona/install/cola2_msgs:/home/mazen/mini_girona/install/cola2_nav:/home/mazen/mini_girona/install/minigirona_stonefish:/home/mazen/mini_girona/install/stonefish_ros2:/home/mazen/mini_girona/install/cola2_minigirona:/home/mazen/mini_girona/install/minigirona_description:/home/mazen/mini_girona/install/cola2_control:/home/mazen/mini_girona/install/cola2_lib_ros:/opt/ros/humble LD_LIBRARY_PATH=/home/mazen/mini_girona/install/cola2_msgs/lib:/home/mazen/mini_girona/install/stonefish_ros2/lib:/home/mazen/mini_girona/install/cola2_lib_ros/lib:/opt/ros/humble/opt/rviz_ogre_vendor/lib:/opt/ros/humble/lib/x86_64-linux-gnu:/opt/ros/humble/lib /usr/bin/cmake --install /home/mazen/mini_girona/build/cola2_lib_ros
[0.975s] Level 1:colcon.colcon_core.environment:checking '/home/mazen/mini_girona/install/cola2_lib_ros' for CMake config files
[0.975s] Level 1:colcon.colcon_core.shell:create_environment_hook('cola2_lib_ros', 'cmake_prefix_path')
[0.976s] INFO:colcon.colcon_core.shell:Creating environment hook '/home/mazen/mini_girona/install/cola2_lib_ros/share/cola2_lib_ros/hook/cmake_prefix_path.ps1'
[0.976s] INFO:colcon.colcon_core.shell:Creating environment descriptor '/home/mazen/mini_girona/install/cola2_lib_ros/share/cola2_lib_ros/hook/cmake_prefix_path.dsv'
[0.976s] INFO:colcon.colcon_core.shell:Creating environment hook '/home/mazen/mini_girona/install/cola2_lib_ros/share/cola2_lib_ros/hook/cmake_prefix_path.sh'
[0.977s] Level 1:colcon.colcon_core.environment:checking '/home/mazen/mini_girona/install/cola2_lib_ros/lib'
[0.977s] Level 1:colcon.colcon_core.shell:create_environment_hook('cola2_lib_ros', 'ld_library_path_lib')
[0.977s] INFO:colcon.colcon_core.shell:Creating environment hook '/home/mazen/mini_girona/install/cola2_lib_ros/share/cola2_lib_ros/hook/ld_library_path_lib.ps1'
[0.977s] INFO:colcon.colcon_core.shell:Creating environment descriptor '/home/mazen/mini_girona/install/cola2_lib_ros/share/cola2_lib_ros/hook/ld_library_path_lib.dsv'
[0.978s] INFO:colcon.colcon_core.shell:Creating environment hook '/home/mazen/mini_girona/install/cola2_lib_ros/share/cola2_lib_ros/hook/ld_library_path_lib.sh'
[0.978s] Level 1:colcon.colcon_core.environment:checking '/home/mazen/mini_girona/install/cola2_lib_ros/bin'
[0.978s] Level 1:colcon.colcon_core.environment:checking '/home/mazen/mini_girona/install/cola2_lib_ros/lib/pkgconfig/cola2_lib_ros.pc'
[0.978s] Level 1:colcon.colcon_core.environment:checking '/home/mazen/mini_girona/install/cola2_lib_ros/lib/python3.10/site-packages'
[0.979s] Level 1:colcon.colcon_core.environment:checking '/home/mazen/mini_girona/install/cola2_lib_ros/bin'
[0.979s] INFO:colcon.colcon_core.shell:Creating package script '/home/mazen/mini_girona/install/cola2_lib_ros/share/cola2_lib_ros/package.ps1'
[0.979s] INFO:colcon.colcon_core.shell:Creating package descriptor '/home/mazen/mini_girona/install/cola2_lib_ros/share/cola2_lib_ros/package.dsv'
[0.980s] INFO:colcon.colcon_core.shell:Creating package script '/home/mazen/mini_girona/install/cola2_lib_ros/share/cola2_lib_ros/package.sh'
[0.980s] INFO:colcon.colcon_core.shell:Creating package script '/home/mazen/mini_girona/install/cola2_lib_ros/share/cola2_lib_ros/package.bash'
[0.980s] INFO:colcon.colcon_core.shell:Creating package script '/home/mazen/mini_girona/install/cola2_lib_ros/share/cola2_lib_ros/package.zsh'
[0.981s] Level 1:colcon.colcon_core.environment:create_file_with_runtime_dependencies(/home/mazen/mini_girona/install/cola2_lib_ros/share/colcon-core/packages/cola2_lib_ros)
[0.981s] Level 1:colcon.colcon_core.environment:create_environment_scripts_only(cola2_lib_ros)
[0.981s] Level 1:colcon.colcon_core.environment:checking '/home/mazen/mini_girona/install/cola2_lib_ros' for CMake module files
[0.982s] Level 1:colcon.colcon_core.environment:checking '/home/mazen/mini_girona/install/cola2_lib_ros' for CMake config files
[0.982s] Level 1:colcon.colcon_core.shell:create_environment_hook('cola2_lib_ros', 'cmake_prefix_path')
[0.982s] INFO:colcon.colcon_core.shell:Creating environment hook '/home/mazen/mini_girona/install/cola2_lib_ros/share/cola2_lib_ros/hook/cmake_prefix_path.ps1'
[0.983s] INFO:colcon.colcon_core.shell:Creating environment descriptor '/home/mazen/mini_girona/install/cola2_lib_ros/share/cola2_lib_ros/hook/cmake_prefix_path.dsv'
[0.983s] INFO:colcon.colcon_core.shell:Creating environment hook '/home/mazen/mini_girona/install/cola2_lib_ros/share/cola2_lib_ros/hook/cmake_prefix_path.sh'
[0.983s] Level 1:colcon.colcon_core.environment:checking '/home/mazen/mini_girona/install/cola2_lib_ros/lib'
[0.983s] Level 1:colcon.colcon_core.shell:create_environment_hook('cola2_lib_ros', 'ld_library_path_lib')
[0.984s] INFO:colcon.colcon_core.shell:Creating environment hook '/home/mazen/mini_girona/install/cola2_lib_ros/share/cola2_lib_ros/hook/ld_library_path_lib.ps1'
[0.984s] INFO:colcon.colcon_core.shell:Creating environment descriptor '/home/mazen/mini_girona/install/cola2_lib_ros/share/cola2_lib_ros/hook/ld_library_path_lib.dsv'
[0.984s] INFO:colcon.colcon_core.shell:Creating environment hook '/home/mazen/mini_girona/install/cola2_lib_ros/share/cola2_lib_ros/hook/ld_library_path_lib.sh'
[0.985s] Level 1:colcon.colcon_core.environment:checking '/home/mazen/mini_girona/install/cola2_lib_ros/bin'
[0.985s] Level 1:colcon.colcon_core.environment:checking '/home/mazen/mini_girona/install/cola2_lib_ros/lib/pkgconfig/cola2_lib_ros.pc'
[0.985s] Level 1:colcon.colcon_core.environment:checking '/home/mazen/mini_girona/install/cola2_lib_ros/lib/python3.10/site-packages'
[0.985s] Level 1:colcon.colcon_core.environment:checking '/home/mazen/mini_girona/install/cola2_lib_ros/bin'
[0.985s] INFO:colcon.colcon_core.shell:Creating package script '/home/mazen/mini_girona/install/cola2_lib_ros/share/cola2_lib_ros/package.ps1'
[0.986s] INFO:colcon.colcon_core.shell:Creating package descriptor '/home/mazen/mini_girona/install/cola2_lib_ros/share/cola2_lib_ros/package.dsv'
[0.986s] INFO:colcon.colcon_core.shell:Creating package script '/home/mazen/mini_girona/install/cola2_lib_ros/share/cola2_lib_ros/package.sh'
[0.987s] INFO:colcon.colcon_core.shell:Creating package script '/home/mazen/mini_girona/install/cola2_lib_ros/share/cola2_lib_ros/package.bash'
[0.987s] INFO:colcon.colcon_core.shell:Creating package script '/home/mazen/mini_girona/install/cola2_lib_ros/share/cola2_lib_ros/package.zsh'
[0.987s] Level 1:colcon.colcon_core.environment:create_file_with_runtime_dependencies(/home/mazen/mini_girona/install/cola2_lib_ros/share/colcon-core/packages/cola2_lib_ros)
[0.988s] INFO:colcon.colcon_ros.task.ament_cmake.build:Building ROS package in '/home/mazen/mini_girona/src/minigirona_description' with build type 'ament_cmake'
[0.988s] INFO:colcon.colcon_cmake.task.cmake.build:Building CMake package in '/home/mazen/mini_girona/src/minigirona_description'
[0.988s] INFO:colcon.colcon_core.shell:Skip shell extension 'powershell' for command environment: Not usable outside of PowerShell
[0.988s] DEBUG:colcon.colcon_core.shell:Skip shell extension 'dsv' for command environment
[0.991s] INFO:colcon.colcon_ros.task.ament_cmake.build:Building ROS package in '/home/mazen/mini_girona/src/cola2_control' with build type 'ament_cmake'
[0.991s] INFO:colcon.colcon_cmake.task.cmake.build:Building CMake package in '/home/mazen/mini_girona/src/cola2_control'
[0.992s] INFO:colcon.colcon_core.shell:Skip shell extension 'powershell' for command environment: Not usable outside of PowerShell
[0.992s] DEBUG:colcon.colcon_core.shell:Skip shell extension 'dsv' for command environment
[0.994s] INFO:colcon.colcon_ros.task.ament_cmake.build:Building ROS package in '/home/mazen/mini_girona/src/cola2_nav' with build type 'ament_cmake'
[0.994s] INFO:colcon.colcon_cmake.task.cmake.build:Building CMake package in '/home/mazen/mini_girona/src/cola2_nav'
[0.995s] INFO:colcon.colcon_core.shell:Skip shell extension 'powershell' for command environment: Not usable outside of PowerShell
[0.995s] DEBUG:colcon.colcon_core.shell:Skip shell extension 'dsv' for command environment
[1.002s] DEBUG:colcon.colcon_core.event_handler.log_command:Invoking command in '/home/mazen/mini_girona/build/minigirona_description': CMAKE_PREFIX_PATH=/home/mazen/mini_girona/install/cola2_lib_ros:/home/mazen/mini_girona/install/cola2_msgs:/home/mazen/mini_girona/install/cola2_nav:/home/mazen/mini_girona/install/minigirona_stonefish:/home/mazen/mini_girona/install/stonefish_ros2:/home/mazen/mini_girona/install/cola2_minigirona:/home/mazen/mini_girona/install/minigirona_description:/home/mazen/mini_girona/install/cola2_control:/opt/ros/humble LD_LIBRARY_PATH=/home/mazen/mini_girona/install/cola2_lib_ros/lib:/home/mazen/mini_girona/install/cola2_msgs/lib:/home/mazen/mini_girona/install/stonefish_ros2/lib:/opt/ros/humble/opt/rviz_ogre_vendor/lib:/opt/ros/humble/lib/x86_64-linux-gnu:/opt/ros/humble/lib /usr/bin/cmake /home/mazen/mini_girona/src/minigirona_description -DCMAKE_INSTALL_PREFIX=/home/mazen/mini_girona/install/minigirona_description
[1.005s] DEBUG:colcon.colcon_core.event_handler.log_command:Invoking command in '/home/mazen/mini_girona/build/cola2_control': CMAKE_PREFIX_PATH=/home/mazen/mini_girona/install/cola2_lib_ros:/home/mazen/mini_girona/install/cola2_msgs:/home/mazen/mini_girona/install/cola2_nav:/home/mazen/mini_girona/install/minigirona_stonefish:/home/mazen/mini_girona/install/stonefish_ros2:/home/mazen/mini_girona/install/cola2_minigirona:/home/mazen/mini_girona/install/minigirona_description:/home/mazen/mini_girona/install/cola2_control:/opt/ros/humble LD_LIBRARY_PATH=/home/mazen/mini_girona/install/cola2_lib_ros/lib:/home/mazen/mini_girona/install/cola2_msgs/lib:/home/mazen/mini_girona/install/stonefish_ros2/lib:/opt/ros/humble/opt/rviz_ogre_vendor/lib:/opt/ros/humble/lib/x86_64-linux-gnu:/opt/ros/humble/lib /usr/bin/cmake --build /home/mazen/mini_girona/build/cola2_control -- -j12 -l12
[1.008s] DEBUG:colcon.colcon_core.event_handler.log_command:Invoking command in '/home/mazen/mini_girona/build/cola2_nav': CMAKE_PREFIX_PATH=/home/mazen/mini_girona/install/cola2_lib_ros:/home/mazen/mini_girona/install/cola2_msgs:/home/mazen/mini_girona/install/cola2_nav:/home/mazen/mini_girona/install/minigirona_stonefish:/home/mazen/mini_girona/install/stonefish_ros2:/home/mazen/mini_girona/install/cola2_minigirona:/home/mazen/mini_girona/install/minigirona_description:/home/mazen/mini_girona/install/cola2_control:/opt/ros/humble LD_LIBRARY_PATH=/home/mazen/mini_girona/install/cola2_lib_ros/lib:/home/mazen/mini_girona/install/cola2_msgs/lib:/home/mazen/mini_girona/install/stonefish_ros2/lib:/opt/ros/humble/opt/rviz_ogre_vendor/lib:/opt/ros/humble/lib/x86_64-linux-gnu:/opt/ros/humble/lib /usr/bin/cmake /home/mazen/mini_girona/src/cola2_nav -DCMAKE_INSTALL_PREFIX=/home/mazen/mini_girona/install/cola2_nav
[1.365s] DEBUG:colcon.colcon_core.event_handler.log_command:Invoked command in '/home/mazen/mini_girona/build/cola2_control' returned '0': CMAKE_PREFIX_PATH=/home/mazen/mini_girona/install/cola2_lib_ros:/home/mazen/mini_girona/install/cola2_msgs:/home/mazen/mini_girona/install/cola2_nav:/home/mazen/mini_girona/install/minigirona_stonefish:/home/mazen/mini_girona/install/stonefish_ros2:/home/mazen/mini_girona/install/cola2_minigirona:/home/mazen/mini_girona/install/minigirona_description:/home/mazen/mini_girona/install/cola2_control:/opt/ros/humble LD_LIBRARY_PATH=/home/mazen/mini_girona/install/cola2_lib_ros/lib:/home/mazen/mini_girona/install/cola2_msgs/lib:/home/mazen/mini_girona/install/stonefish_ros2/lib:/opt/ros/humble/opt/rviz_ogre_vendor/lib:/opt/ros/humble/lib/x86_64-linux-gnu:/opt/ros/humble/lib /usr/bin/cmake --build /home/mazen/mini_girona/build/cola2_control -- -j12 -l12
[1.367s] DEBUG:colcon.colcon_core.event_handler.log_command:Invoking command in '/home/mazen/mini_girona/build/cola2_control': CMAKE_PREFIX_PATH=/home/mazen/mini_girona/install/cola2_lib_ros:/home/mazen/mini_girona/install/cola2_msgs:/home/mazen/mini_girona/install/cola2_nav:/home/mazen/mini_girona/install/minigirona_stonefish:/home/mazen/mini_girona/install/stonefish_ros2:/home/mazen/mini_girona/install/cola2_minigirona:/home/mazen/mini_girona/install/minigirona_description:/home/mazen/mini_girona/install/cola2_control:/opt/ros/humble LD_LIBRARY_PATH=/home/mazen/mini_girona/install/cola2_lib_ros/lib:/home/mazen/mini_girona/install/cola2_msgs/lib:/home/mazen/mini_girona/install/stonefish_ros2/lib:/opt/ros/humble/opt/rviz_ogre_vendor/lib:/opt/ros/humble/lib/x86_64-linux-gnu:/opt/ros/humble/lib /usr/bin/cmake --install /home/mazen/mini_girona/build/cola2_control
[1.415s] Level 1:colcon.colcon_core.environment:create_environment_scripts_only(cola2_control)
[1.416s] Level 1:colcon.colcon_core.environment:checking '/home/mazen/mini_girona/install/cola2_control' for CMake module files
[1.416s] DEBUG:colcon.colcon_core.event_handler.log_command:Invoked command in '/home/mazen/mini_girona/build/cola2_control' returned '0': CMAKE_PREFIX_PATH=/home/mazen/mini_girona/install/cola2_lib_ros:/home/mazen/mini_girona/install/cola2_msgs:/home/mazen/mini_girona/install/cola2_nav:/home/mazen/mini_girona/install/minigirona_stonefish:/home/mazen/mini_girona/install/stonefish_ros2:/home/mazen/mini_girona/install/cola2_minigirona:/home/mazen/mini_girona/install/minigirona_description:/home/mazen/mini_girona/install/cola2_control:/opt/ros/humble LD_LIBRARY_PATH=/home/mazen/mini_girona/install/cola2_lib_ros/lib:/home/mazen/mini_girona/install/cola2_msgs/lib:/home/mazen/mini_girona/install/stonefish_ros2/lib:/opt/ros/humble/opt/rviz_ogre_vendor/lib:/opt/ros/humble/lib/x86_64-linux-gnu:/opt/ros/humble/lib /usr/bin/cmake --install /home/mazen/mini_girona/build/cola2_control
[1.417s] Level 1:colcon.colcon_core.environment:checking '/home/mazen/mini_girona/install/cola2_control' for CMake config files
[1.418s] Level 1:colcon.colcon_core.shell:create_environment_hook('cola2_control', 'cmake_prefix_path')
[1.418s] INFO:colcon.colcon_core.shell:Creating environment hook '/home/mazen/mini_girona/install/cola2_control/share/cola2_control/hook/cmake_prefix_path.ps1'
[1.418s] INFO:colcon.colcon_core.shell:Creating environment descriptor '/home/mazen/mini_girona/install/cola2_control/share/cola2_control/hook/cmake_prefix_path.dsv'
[1.419s] INFO:colcon.colcon_core.shell:Creating environment hook '/home/mazen/mini_girona/install/cola2_control/share/cola2_control/hook/cmake_prefix_path.sh'
[1.420s] Level 1:colcon.colcon_core.environment:checking '/home/mazen/mini_girona/install/cola2_control/lib'
[1.420s] Level 1:colcon.colcon_core.environment:checking '/home/mazen/mini_girona/install/cola2_control/bin'
[1.420s] Level 1:colcon.colcon_core.environment:checking '/home/mazen/mini_girona/install/cola2_control/lib/pkgconfig/cola2_control.pc'
[1.420s] Level 1:colcon.colcon_core.environment:checking '/home/mazen/mini_girona/install/cola2_control/lib/python3.10/site-packages'
[1.420s] Level 1:colcon.colcon_core.environment:checking '/home/mazen/mini_girona/install/cola2_control/bin'
[1.421s] INFO:colcon.colcon_core.shell:Creating package script '/home/mazen/mini_girona/install/cola2_control/share/cola2_control/package.ps1'
[1.421s] INFO:colcon.colcon_core.shell:Creating package descriptor '/home/mazen/mini_girona/install/cola2_control/share/cola2_control/package.dsv'
[1.422s] INFO:colcon.colcon_core.shell:Creating package script '/home/mazen/mini_girona/install/cola2_control/share/cola2_control/package.sh'
[1.422s] INFO:colcon.colcon_core.shell:Creating package script '/home/mazen/mini_girona/install/cola2_control/share/cola2_control/package.bash'
[1.422s] INFO:colcon.colcon_core.shell:Creating package script '/home/mazen/mini_girona/install/cola2_control/share/cola2_control/package.zsh'
[1.423s] Level 1:colcon.colcon_core.environment:create_file_with_runtime_dependencies(/home/mazen/mini_girona/install/cola2_control/share/colcon-core/packages/cola2_control)
[1.423s] Level 1:colcon.colcon_core.environment:create_environment_scripts_only(cola2_control)
[1.423s] Level 1:colcon.colcon_core.environment:checking '/home/mazen/mini_girona/install/cola2_control' for CMake module files
[1.424s] Level 1:colcon.colcon_core.environment:checking '/home/mazen/mini_girona/install/cola2_control' for CMake config files
[1.424s] Level 1:colcon.colcon_core.shell:create_environment_hook('cola2_control', 'cmake_prefix_path')
[1.424s] INFO:colcon.colcon_core.shell:Creating environment hook '/home/mazen/mini_girona/install/cola2_control/share/cola2_control/hook/cmake_prefix_path.ps1'
[1.425s] INFO:colcon.colcon_core.shell:Creating environment descriptor '/home/mazen/mini_girona/install/cola2_control/share/cola2_control/hook/cmake_prefix_path.dsv'
[1.425s] INFO:colcon.colcon_core.shell:Creating environment hook '/home/mazen/mini_girona/install/cola2_control/share/cola2_control/hook/cmake_prefix_path.sh'
[1.425s] Level 1:colcon.colcon_core.environment:checking '/home/mazen/mini_girona/install/cola2_control/lib'
[1.425s] Level 1:colcon.colcon_core.environment:checking '/home/mazen/mini_girona/install/cola2_control/bin'
[1.426s] Level 1:colcon.colcon_core.environment:checking '/home/mazen/mini_girona/install/cola2_control/lib/pkgconfig/cola2_control.pc'
[1.426s] Level 1:colcon.colcon_core.environment:checking '/home/mazen/mini_girona/install/cola2_control/lib/python3.10/site-packages'
[1.426s] Level 1:colcon.colcon_core.environment:checking '/home/mazen/mini_girona/install/cola2_control/bin'
[1.426s] INFO:colcon.colcon_core.shell:Creating package script '/home/mazen/mini_girona/install/cola2_control/share/cola2_control/package.ps1'
[1.427s] INFO:colcon.colcon_core.shell:Creating package descriptor '/home/mazen/mini_girona/install/cola2_control/share/cola2_control/package.dsv'
[1.427s] INFO:colcon.colcon_core.shell:Creating package script '/home/mazen/mini_girona/install/cola2_control/share/cola2_control/package.sh'
[1.427s] INFO:colcon.colcon_core.shell:Creating package script '/home/mazen/mini_girona/install/cola2_control/share/cola2_control/package.bash'
[1.428s] INFO:colcon.colcon_core.shell:Creating package script '/home/mazen/mini_girona/install/cola2_control/share/cola2_control/package.zsh'
[1.428s] Level 1:colcon.colcon_core.environment:create_file_with_runtime_dependencies(/home/mazen/mini_girona/install/cola2_control/share/colcon-core/packages/cola2_control)
[2.413s] DEBUG:colcon.colcon_core.event_handler.log_command:Invoked command in '/home/mazen/mini_girona/build/minigirona_description' returned '0': CMAKE_PREFIX_PATH=/home/mazen/mini_girona/install/cola2_lib_ros:/home/mazen/mini_girona/install/cola2_msgs:/home/mazen/mini_girona/install/cola2_nav:/home/mazen/mini_girona/install/minigirona_stonefish:/home/mazen/mini_girona/install/stonefish_ros2:/home/mazen/mini_girona/install/cola2_minigirona:/home/mazen/mini_girona/install/minigirona_description:/home/mazen/mini_girona/install/cola2_control:/opt/ros/humble LD_LIBRARY_PATH=/home/mazen/mini_girona/install/cola2_lib_ros/lib:/home/mazen/mini_girona/install/cola2_msgs/lib:/home/mazen/mini_girona/install/stonefish_ros2/lib:/opt/ros/humble/opt/rviz_ogre_vendor/lib:/opt/ros/humble/lib/x86_64-linux-gnu:/opt/ros/humble/lib /usr/bin/cmake /home/mazen/mini_girona/src/minigirona_description -DCMAKE_INSTALL_PREFIX=/home/mazen/mini_girona/install/minigirona_description
[2.415s] DEBUG:colcon.colcon_core.event_handler.log_command:Invoking command in '/home/mazen/mini_girona/build/minigirona_description': CMAKE_PREFIX_PATH=/home/mazen/mini_girona/install/cola2_lib_ros:/home/mazen/mini_girona/install/cola2_msgs:/home/mazen/mini_girona/install/cola2_nav:/home/mazen/mini_girona/install/minigirona_stonefish:/home/mazen/mini_girona/install/stonefish_ros2:/home/mazen/mini_girona/install/cola2_minigirona:/home/mazen/mini_girona/install/minigirona_description:/home/mazen/mini_girona/install/cola2_control:/opt/ros/humble LD_LIBRARY_PATH=/home/mazen/mini_girona/install/cola2_lib_ros/lib:/home/mazen/mini_girona/install/cola2_msgs/lib:/home/mazen/mini_girona/install/stonefish_ros2/lib:/opt/ros/humble/opt/rviz_ogre_vendor/lib:/opt/ros/humble/lib/x86_64-linux-gnu:/opt/ros/humble/lib /usr/bin/cmake --build /home/mazen/mini_girona/build/minigirona_description -- -j12 -l12
[2.454s] DEBUG:colcon.colcon_core.event_handler.log_command:Invoked command in '/home/mazen/mini_girona/build/minigirona_description' returned '0': CMAKE_PREFIX_PATH=/home/mazen/mini_girona/install/cola2_lib_ros:/home/mazen/mini_girona/install/cola2_msgs:/home/mazen/mini_girona/install/cola2_nav:/home/mazen/mini_girona/install/minigirona_stonefish:/home/mazen/mini_girona/install/stonefish_ros2:/home/mazen/mini_girona/install/cola2_minigirona:/home/mazen/mini_girona/install/minigirona_description:/home/mazen/mini_girona/install/cola2_control:/opt/ros/humble LD_LIBRARY_PATH=/home/mazen/mini_girona/install/cola2_lib_ros/lib:/home/mazen/mini_girona/install/cola2_msgs/lib:/home/mazen/mini_girona/install/stonefish_ros2/lib:/opt/ros/humble/opt/rviz_ogre_vendor/lib:/opt/ros/humble/lib/x86_64-linux-gnu:/opt/ros/humble/lib /usr/bin/cmake --build /home/mazen/mini_girona/build/minigirona_description -- -j12 -l12
[2.455s] DEBUG:colcon.colcon_core.event_handler.log_command:Invoking command in '/home/mazen/mini_girona/build/minigirona_description': CMAKE_PREFIX_PATH=/home/mazen/mini_girona/install/cola2_lib_ros:/home/mazen/mini_girona/install/cola2_msgs:/home/mazen/mini_girona/install/cola2_nav:/home/mazen/mini_girona/install/minigirona_stonefish:/home/mazen/mini_girona/install/stonefish_ros2:/home/mazen/mini_girona/install/cola2_minigirona:/home/mazen/mini_girona/install/minigirona_description:/home/mazen/mini_girona/install/cola2_control:/opt/ros/humble LD_LIBRARY_PATH=/home/mazen/mini_girona/install/cola2_lib_ros/lib:/home/mazen/mini_girona/install/cola2_msgs/lib:/home/mazen/mini_girona/install/stonefish_ros2/lib:/opt/ros/humble/opt/rviz_ogre_vendor/lib:/opt/ros/humble/lib/x86_64-linux-gnu:/opt/ros/humble/lib /usr/bin/cmake --install /home/mazen/mini_girona/build/minigirona_description
[2.481s] Level 1:colcon.colcon_core.environment:create_environment_scripts_only(minigirona_description)
[2.482s] DEBUG:colcon.colcon_core.event_handler.log_command:Invoked command in '/home/mazen/mini_girona/build/minigirona_description' returned '0': CMAKE_PREFIX_PATH=/home/mazen/mini_girona/install/cola2_lib_ros:/home/mazen/mini_girona/install/cola2_msgs:/home/mazen/mini_girona/install/cola2_nav:/home/mazen/mini_girona/install/minigirona_stonefish:/home/mazen/mini_girona/install/stonefish_ros2:/home/mazen/mini_girona/install/cola2_minigirona:/home/mazen/mini_girona/install/minigirona_description:/home/mazen/mini_girona/install/cola2_control:/opt/ros/humble LD_LIBRARY_PATH=/home/mazen/mini_girona/install/cola2_lib_ros/lib:/home/mazen/mini_girona/install/cola2_msgs/lib:/home/mazen/mini_girona/install/stonefish_ros2/lib:/opt/ros/humble/opt/rviz_ogre_vendor/lib:/opt/ros/humble/lib/x86_64-linux-gnu:/opt/ros/humble/lib /usr/bin/cmake --install /home/mazen/mini_girona/build/minigirona_description
[2.482s] Level 1:colcon.colcon_core.environment:checking '/home/mazen/mini_girona/install/minigirona_description' for CMake module files
[2.483s] Level 1:colcon.colcon_core.environment:checking '/home/mazen/mini_girona/install/minigirona_description' for CMake config files
[2.483s] Level 1:colcon.colcon_core.shell:create_environment_hook('minigirona_description', 'cmake_prefix_path')
[2.483s] INFO:colcon.colcon_core.shell:Creating environment hook '/home/mazen/mini_girona/install/minigirona_description/share/minigirona_description/hook/cmake_prefix_path.ps1'
[2.484s] INFO:colcon.colcon_core.shell:Creating environment descriptor '/home/mazen/mini_girona/install/minigirona_description/share/minigirona_description/hook/cmake_prefix_path.dsv'
[2.484s] INFO:colcon.colcon_core.shell:Creating environment hook '/home/mazen/mini_girona/install/minigirona_description/share/minigirona_description/hook/cmake_prefix_path.sh'
[2.484s] Level 1:colcon.colcon_core.environment:checking '/home/mazen/mini_girona/install/minigirona_description/bin'
[2.484s] Level 1:colcon.colcon_core.environment:checking '/home/mazen/mini_girona/install/minigirona_description/lib/pkgconfig/minigirona_description.pc'
[2.484s] Level 1:colcon.colcon_core.environment:checking '/home/mazen/mini_girona/install/minigirona_description/lib/python3.10/site-packages'
[2.485s] Level 1:colcon.colcon_core.environment:checking '/home/mazen/mini_girona/install/minigirona_description/bin'
[2.485s] INFO:colcon.colcon_core.shell:Creating package script '/home/mazen/mini_girona/install/minigirona_description/share/minigirona_description/package.ps1'
[2.485s] INFO:colcon.colcon_core.shell:Creating package descriptor '/home/mazen/mini_girona/install/minigirona_description/share/minigirona_description/package.dsv'
[2.486s] INFO:colcon.colcon_core.shell:Creating package script '/home/mazen/mini_girona/install/minigirona_description/share/minigirona_description/package.sh'
[2.486s] INFO:colcon.colcon_core.shell:Creating package script '/home/mazen/mini_girona/install/minigirona_description/share/minigirona_description/package.bash'
[2.486s] INFO:colcon.colcon_core.shell:Creating package script '/home/mazen/mini_girona/install/minigirona_description/share/minigirona_description/package.zsh'
[2.486s] Level 1:colcon.colcon_core.environment:create_file_with_runtime_dependencies(/home/mazen/mini_girona/install/minigirona_description/share/colcon-core/packages/minigirona_description)
[2.487s] Level 1:colcon.colcon_core.environment:create_environment_scripts_only(minigirona_description)
[2.487s] Level 1:colcon.colcon_core.environment:checking '/home/mazen/mini_girona/install/minigirona_description' for CMake module files
[2.487s] Level 1:colcon.colcon_core.environment:checking '/home/mazen/mini_girona/install/minigirona_description' for CMake config files
[2.488s] Level 1:colcon.colcon_core.shell:create_environment_hook('minigirona_description', 'cmake_prefix_path')
[2.488s] INFO:colcon.colcon_core.shell:Creating environment hook '/home/mazen/mini_girona/install/minigirona_description/share/minigirona_description/hook/cmake_prefix_path.ps1'
[2.488s] INFO:colcon.colcon_core.shell:Creating environment descriptor '/home/mazen/mini_girona/install/minigirona_description/share/minigirona_description/hook/cmake_prefix_path.dsv'
[2.488s] INFO:colcon.colcon_core.shell:Creating environment hook '/home/mazen/mini_girona/install/minigirona_description/share/minigirona_description/hook/cmake_prefix_path.sh'
[2.489s] Level 1:colcon.colcon_core.environment:checking '/home/mazen/mini_girona/install/minigirona_description/bin'
[2.489s] Level 1:colcon.colcon_core.environment:checking '/home/mazen/mini_girona/install/minigirona_description/lib/pkgconfig/minigirona_description.pc'
[2.489s] Level 1:colcon.colcon_core.environment:checking '/home/mazen/mini_girona/install/minigirona_description/lib/python3.10/site-packages'
[2.489s] Level 1:colcon.colcon_core.environment:checking '/home/mazen/mini_girona/install/minigirona_description/bin'
[2.490s] INFO:colcon.colcon_core.shell:Creating package script '/home/mazen/mini_girona/install/minigirona_description/share/minigirona_description/package.ps1'
[2.490s] INFO:colcon.colcon_core.shell:Creating package descriptor '/home/mazen/mini_girona/install/minigirona_description/share/minigirona_description/package.dsv'
[2.490s] INFO:colcon.colcon_core.shell:Creating package script '/home/mazen/mini_girona/install/minigirona_description/share/minigirona_description/package.sh'
[2.491s] INFO:colcon.colcon_core.shell:Creating package script '/home/mazen/mini_girona/install/minigirona_description/share/minigirona_description/package.bash'
[2.491s] INFO:colcon.colcon_core.shell:Creating package script '/home/mazen/mini_girona/install/minigirona_description/share/minigirona_description/package.zsh'
[2.491s] Level 1:colcon.colcon_core.environment:create_file_with_runtime_dependencies(/home/mazen/mini_girona/install/minigirona_description/share/colcon-core/packages/minigirona_description)
[2.492s] INFO:colcon.colcon_ros.task.ament_cmake.build:Building ROS package in '/home/mazen/mini_girona/src/cola2_minigirona' with build type 'ament_cmake'
[2.492s] INFO:colcon.colcon_cmake.task.cmake.build:Building CMake package in '/home/mazen/mini_girona/src/cola2_minigirona'
[2.492s] INFO:colcon.colcon_core.shell:Skip shell extension 'powershell' for command environment: Not usable outside of PowerShell
[2.492s] DEBUG:colcon.colcon_core.shell:Skip shell extension 'dsv' for command environment
[2.504s] DEBUG:colcon.colcon_core.event_handler.log_command:Invoking command in '/home/mazen/mini_girona/build/cola2_minigirona': CMAKE_PREFIX_PATH=/home/mazen/mini_girona/install/minigirona_description:/home/mazen/mini_girona/install/cola2_lib_ros:/home/mazen/mini_girona/install/cola2_msgs:/home/mazen/mini_girona/install/cola2_nav:/home/mazen/mini_girona/install/minigirona_stonefish:/home/mazen/mini_girona/install/stonefish_ros2:/home/mazen/mini_girona/install/cola2_minigirona:/home/mazen/mini_girona/install/cola2_control:/opt/ros/humble LD_LIBRARY_PATH=/home/mazen/mini_girona/install/cola2_lib_ros/lib:/home/mazen/mini_girona/install/cola2_msgs/lib:/home/mazen/mini_girona/install/stonefish_ros2/lib:/opt/ros/humble/opt/rviz_ogre_vendor/lib:/opt/ros/humble/lib/x86_64-linux-gnu:/opt/ros/humble/lib /usr/bin/cmake /home/mazen/mini_girona/src/cola2_minigirona -DCMAKE_INSTALL_PREFIX=/home/mazen/mini_girona/install/cola2_minigirona
[2.604s] DEBUG:colcon.colcon_core.event_handler.log_command:Invoked command in '/home/mazen/mini_girona/build/cola2_nav' returned '0': CMAKE_PREFIX_PATH=/home/mazen/mini_girona/install/cola2_lib_ros:/home/mazen/mini_girona/install/cola2_msgs:/home/mazen/mini_girona/install/cola2_nav:/home/mazen/mini_girona/install/minigirona_stonefish:/home/mazen/mini_girona/install/stonefish_ros2:/home/mazen/mini_girona/install/cola2_minigirona:/home/mazen/mini_girona/install/minigirona_description:/home/mazen/mini_girona/install/cola2_control:/opt/ros/humble LD_LIBRARY_PATH=/home/mazen/mini_girona/install/cola2_lib_ros/lib:/home/mazen/mini_girona/install/cola2_msgs/lib:/home/mazen/mini_girona/install/stonefish_ros2/lib:/opt/ros/humble/opt/rviz_ogre_vendor/lib:/opt/ros/humble/lib/x86_64-linux-gnu:/opt/ros/humble/lib /usr/bin/cmake /home/mazen/mini_girona/src/cola2_nav -DCMAKE_INSTALL_PREFIX=/home/mazen/mini_girona/install/cola2_nav
[2.604s] DEBUG:colcon.colcon_core.event_handler.log_command:Invoking command in '/home/mazen/mini_girona/build/cola2_nav': CMAKE_PREFIX_PATH=/home/mazen/mini_girona/install/cola2_lib_ros:/home/mazen/mini_girona/install/cola2_msgs:/home/mazen/mini_girona/install/cola2_nav:/home/mazen/mini_girona/install/minigirona_stonefish:/home/mazen/mini_girona/install/stonefish_ros2:/home/mazen/mini_girona/install/cola2_minigirona:/home/mazen/mini_girona/install/minigirona_description:/home/mazen/mini_girona/install/cola2_control:/opt/ros/humble LD_LIBRARY_PATH=/home/mazen/mini_girona/install/cola2_lib_ros/lib:/home/mazen/mini_girona/install/cola2_msgs/lib:/home/mazen/mini_girona/install/stonefish_ros2/lib:/opt/ros/humble/opt/rviz_ogre_vendor/lib:/opt/ros/humble/lib/x86_64-linux-gnu:/opt/ros/humble/lib /usr/bin/cmake --build /home/mazen/mini_girona/build/cola2_nav -- -j12 -l12
[3.706s] DEBUG:colcon.colcon_core.event_handler.log_command:Invoked command in '/home/mazen/mini_girona/build/cola2_minigirona' returned '0': CMAKE_PREFIX_PATH=/home/mazen/mini_girona/install/minigirona_description:/home/mazen/mini_girona/install/cola2_lib_ros:/home/mazen/mini_girona/install/cola2_msgs:/home/mazen/mini_girona/install/cola2_nav:/home/mazen/mini_girona/install/minigirona_stonefish:/home/mazen/mini_girona/install/stonefish_ros2:/home/mazen/mini_girona/install/cola2_minigirona:/home/mazen/mini_girona/install/cola2_control:/opt/ros/humble LD_LIBRARY_PATH=/home/mazen/mini_girona/install/cola2_lib_ros/lib:/home/mazen/mini_girona/install/cola2_msgs/lib:/home/mazen/mini_girona/install/stonefish_ros2/lib:/opt/ros/humble/opt/rviz_ogre_vendor/lib:/opt/ros/humble/lib/x86_64-linux-gnu:/opt/ros/humble/lib /usr/bin/cmake /home/mazen/mini_girona/src/cola2_minigirona -DCMAKE_INSTALL_PREFIX=/home/mazen/mini_girona/install/cola2_minigirona
[3.707s] DEBUG:colcon.colcon_core.event_handler.log_command:Invoking command in '/home/mazen/mini_girona/build/cola2_minigirona': CMAKE_PREFIX_PATH=/home/mazen/mini_girona/install/minigirona_description:/home/mazen/mini_girona/install/cola2_lib_ros:/home/mazen/mini_girona/install/cola2_msgs:/home/mazen/mini_girona/install/cola2_nav:/home/mazen/mini_girona/install/minigirona_stonefish:/home/mazen/mini_girona/install/stonefish_ros2:/home/mazen/mini_girona/install/cola2_minigirona:/home/mazen/mini_girona/install/cola2_control:/opt/ros/humble LD_LIBRARY_PATH=/home/mazen/mini_girona/install/cola2_lib_ros/lib:/home/mazen/mini_girona/install/cola2_msgs/lib:/home/mazen/mini_girona/install/stonefish_ros2/lib:/opt/ros/humble/opt/rviz_ogre_vendor/lib:/opt/ros/humble/lib/x86_64-linux-gnu:/opt/ros/humble/lib /usr/bin/cmake --build /home/mazen/mini_girona/build/cola2_minigirona -- -j12 -l12
[3.746s] DEBUG:colcon.colcon_core.event_handler.log_command:Invoked command in '/home/mazen/mini_girona/build/cola2_minigirona' returned '0': CMAKE_PREFIX_PATH=/home/mazen/mini_girona/install/minigirona_description:/home/mazen/mini_girona/install/cola2_lib_ros:/home/mazen/mini_girona/install/cola2_msgs:/home/mazen/mini_girona/install/cola2_nav:/home/mazen/mini_girona/install/minigirona_stonefish:/home/mazen/mini_girona/install/stonefish_ros2:/home/mazen/mini_girona/install/cola2_minigirona:/home/mazen/mini_girona/install/cola2_control:/opt/ros/humble LD_LIBRARY_PATH=/home/mazen/mini_girona/install/cola2_lib_ros/lib:/home/mazen/mini_girona/install/cola2_msgs/lib:/home/mazen/mini_girona/install/stonefish_ros2/lib:/opt/ros/humble/opt/rviz_ogre_vendor/lib:/opt/ros/humble/lib/x86_64-linux-gnu:/opt/ros/humble/lib /usr/bin/cmake --build /home/mazen/mini_girona/build/cola2_minigirona -- -j12 -l12
[3.746s] DEBUG:colcon.colcon_core.event_handler.log_command:Invoking command in '/home/mazen/mini_girona/build/cola2_minigirona': CMAKE_PREFIX_PATH=/home/mazen/mini_girona/install/minigirona_description:/home/mazen/mini_girona/install/cola2_lib_ros:/home/mazen/mini_girona/install/cola2_msgs:/home/mazen/mini_girona/install/cola2_nav:/home/mazen/mini_girona/install/minigirona_stonefish:/home/mazen/mini_girona/install/stonefish_ros2:/home/mazen/mini_girona/install/cola2_minigirona:/home/mazen/mini_girona/install/cola2_control:/opt/ros/humble LD_LIBRARY_PATH=/home/mazen/mini_girona/install/cola2_lib_ros/lib:/home/mazen/mini_girona/install/cola2_msgs/lib:/home/mazen/mini_girona/install/stonefish_ros2/lib:/opt/ros/humble/opt/rviz_ogre_vendor/lib:/opt/ros/humble/lib/x86_64-linux-gnu:/opt/ros/humble/lib /usr/bin/cmake --install /home/mazen/mini_girona/build/cola2_minigirona
[3.759s] DEBUG:colcon.colcon_core.event_handler.log_command:Invoked command in '/home/mazen/mini_girona/build/cola2_minigirona' returned '1': CMAKE_PREFIX_PATH=/home/mazen/mini_girona/install/minigirona_description:/home/mazen/mini_girona/install/cola2_lib_ros:/home/mazen/mini_girona/install/cola2_msgs:/home/mazen/mini_girona/install/cola2_nav:/home/mazen/mini_girona/install/minigirona_stonefish:/home/mazen/mini_girona/install/stonefish_ros2:/home/mazen/mini_girona/install/cola2_minigirona:/home/mazen/mini_girona/install/cola2_control:/opt/ros/humble LD_LIBRARY_PATH=/home/mazen/mini_girona/install/cola2_lib_ros/lib:/home/mazen/mini_girona/install/cola2_msgs/lib:/home/mazen/mini_girona/install/stonefish_ros2/lib:/opt/ros/humble/opt/rviz_ogre_vendor/lib:/opt/ros/humble/lib/x86_64-linux-gnu:/opt/ros/humble/lib /usr/bin/cmake --install /home/mazen/mini_girona/build/cola2_minigirona
[3.759s] Level 1:colcon.colcon_core.environment:create_environment_scripts_only(cola2_minigirona)
[3.760s] Level 1:colcon.colcon_core.environment:checking '/home/mazen/mini_girona/install/cola2_minigirona' for CMake module files
[3.760s] Level 1:colcon.colcon_core.environment:checking '/home/mazen/mini_girona/install/cola2_minigirona' for CMake config files
[3.760s] Level 1:colcon.colcon_core.environment:checking '/home/mazen/mini_girona/install/cola2_minigirona/bin'
[3.760s] Level 1:colcon.colcon_core.environment:checking '/home/mazen/mini_girona/install/cola2_minigirona/lib/pkgconfig/cola2_minigirona.pc'
[3.761s] Level 1:colcon.colcon_core.environment:checking '/home/mazen/mini_girona/install/cola2_minigirona/lib/python3.10/site-packages'
[3.761s] Level 1:colcon.colcon_core.environment:checking '/home/mazen/mini_girona/install/cola2_minigirona/bin'
[3.761s] INFO:colcon.colcon_core.shell:Creating package script '/home/mazen/mini_girona/install/cola2_minigirona/share/cola2_minigirona/package.ps1'
[3.762s] INFO:colcon.colcon_core.shell:Creating package descriptor '/home/mazen/mini_girona/install/cola2_minigirona/share/cola2_minigirona/package.dsv'
[3.762s] INFO:colcon.colcon_core.shell:Creating package script '/home/mazen/mini_girona/install/cola2_minigirona/share/cola2_minigirona/package.sh'
[3.762s] INFO:colcon.colcon_core.shell:Creating package script '/home/mazen/mini_girona/install/cola2_minigirona/share/cola2_minigirona/package.bash'
[3.763s] INFO:colcon.colcon_core.shell:Creating package script '/home/mazen/mini_girona/install/cola2_minigirona/share/cola2_minigirona/package.zsh'
[3.763s] Level 1:colcon.colcon_core.environment:create_file_with_runtime_dependencies(/home/mazen/mini_girona/install/cola2_minigirona/share/colcon-core/packages/cola2_minigirona)
[7.215s] DEBUG:colcon.colcon_parallel_executor.executor.parallel:run_until_complete was interrupted
[7.215s] DEBUG:colcon.colcon_parallel_executor.executor.parallel:run_until_complete again
[7.260s] DEBUG:colcon.colcon_parallel_executor.executor.parallel:run_until_complete finished
[7.260s] DEBUG:colcon.colcon_parallel_executor.executor.parallel:closing loop
[7.261s] DEBUG:colcon.colcon_parallel_executor.executor.parallel:loop closed
[7.261s] DEBUG:colcon.colcon_core.event_reactor:joining thread
[7.266s] INFO:colcon.colcon_core.plugin_system:Skipping extension 'colcon_notification.desktop_notification.terminal_notifier': Not used on non-Darwin systems
[7.266s] INFO:colcon.colcon_core.plugin_system:Skipping extension 'colcon_notification.desktop_notification.win32': Not used on non-Windows systems
[7.266s] INFO:colcon.colcon_notification.desktop_notification:Sending desktop notification using 'notify2'
[7.276s] DEBUG:colcon.colcon_core.event_reactor:joined thread
[7.276s] INFO:colcon.colcon_core.shell:Creating prefix script '/home/mazen/mini_girona/install/local_setup.ps1'
[7.277s] INFO:colcon.colcon_core.shell:Creating prefix util module '/home/mazen/mini_girona/install/_local_setup_util_ps1.py'
[7.278s] INFO:colcon.colcon_core.shell:Creating prefix chain script '/home/mazen/mini_girona/install/setup.ps1'
[7.279s] INFO:colcon.colcon_core.shell:Creating prefix script '/home/mazen/mini_girona/install/local_setup.sh'
[7.280s] INFO:colcon.colcon_core.shell:Creating prefix util module '/home/mazen/mini_girona/install/_local_setup_util_sh.py'
[7.280s] INFO:colcon.colcon_core.shell:Creating prefix chain script '/home/mazen/mini_girona/install/setup.sh'
[7.282s] INFO:colcon.colcon_core.shell:Creating prefix script '/home/mazen/mini_girona/install/local_setup.bash'
[7.282s] INFO:colcon.colcon_core.shell:Creating prefix chain script '/home/mazen/mini_girona/install/setup.bash'
[7.283s] INFO:colcon.colcon_core.shell:Creating prefix script '/home/mazen/mini_girona/install/local_setup.zsh'
[7.284s] INFO:colcon.colcon_core.shell:Creating prefix chain script '/home/mazen/mini_girona/install/setup.zsh'
