[0.111s] DEBUG:colcon:Command line arguments: ['/usr/bin/colcon', 'build', '--packages-select', 'stonefish_ros2']
[0.111s] DEBUG:colcon:Parsed command line arguments: Namespace(log_base=None, log_level=None, verb_name='build', build_base='build', install_base='install', merge_install=False, symlink_install=False, test_result_base=None, continue_on_error=False, executor='parallel', parallel_workers=12, event_handlers=None, ignore_user_meta=False, metas=['./colcon.meta'], base_paths=['.'], packages_ignore=None, packages_ignore_regex=None, paths=None, packages_up_to=None, packages_up_to_regex=None, packages_above=None, packages_above_and_dependencies=None, packages_above_depth=None, packages_select_by_dep=None, packages_skip_by_dep=None, packages_skip_up_to=None, packages_select_build_failed=False, packages_skip_build_finished=False, packages_select_test_failures=False, packages_skip_test_passed=False, packages_select=['stonefish_ros2'], packages_skip=None, packages_select_regex=None, packages_skip_regex=None, packages_start=None, packages_end=None, allow_overriding=[], cmake_args=None, cmake_target=None, cmake_target_skip_unavailable=False, cmake_clean_cache=False, cmake_clean_first=False, cmake_force_configure=False, ament_cmake_args=None, catkin_cmake_args=None, catkin_skip_building_tests=False, verb_parser=<colcon_defaults.argument_parser.defaults.DefaultArgumentsDecorator object at 0x72717f371390>, verb_extension=<colcon_core.verb.build.BuildVerb object at 0x72717f507910>, main=<bound method BuildVerb.main of <colcon_core.verb.build.BuildVerb object at 0x72717f507910>>)
[0.240s] Level 1:colcon.colcon_core.package_discovery:discover_packages(colcon_meta) check parameters
[0.240s] Level 1:colcon.colcon_core.package_discovery:discover_packages(recursive) check parameters
[0.240s] Level 1:colcon.colcon_core.package_discovery:discover_packages(ignore) check parameters
[0.240s] Level 1:colcon.colcon_core.package_discovery:discover_packages(path) check parameters
[0.240s] Level 1:colcon.colcon_core.package_discovery:discover_packages(colcon_meta) discover
[0.240s] Level 1:colcon.colcon_core.package_discovery:discover_packages(recursive) discover
[0.240s] INFO:colcon.colcon_core.package_discovery:Crawling recursively for packages in '/home/mazen/mini_girona'
[0.240s] Level 1:colcon.colcon_core.package_identification:_identify(.) by extensions ['ignore', 'ignore_ament_install']
[0.240s] Level 1:colcon.colcon_core.package_identification:_identify(.) by extension 'ignore'
[0.240s] Level 1:colcon.colcon_core.package_identification:_identify(.) by extension 'ignore_ament_install'
[0.240s] Level 1:colcon.colcon_core.package_identification:_identify(.) by extensions ['colcon_pkg']
[0.240s] Level 1:colcon.colcon_core.package_identification:_identify(.) by extension 'colcon_pkg'
[0.240s] Level 1:colcon.colcon_core.package_identification:_identify(.) by extensions ['colcon_meta']
[0.240s] Level 1:colcon.colcon_core.package_identification:_identify(.) by extension 'colcon_meta'
[0.240s] Level 1:colcon.colcon_core.package_identification:_identify(.) by extensions ['ros']
[0.240s] Level 1:colcon.colcon_core.package_identification:_identify(.) by extension 'ros'
[0.250s] Level 1:colcon.colcon_core.package_identification:_identify(.) by extensions ['cmake', 'python']
[0.250s] Level 1:colcon.colcon_core.package_identification:_identify(.) by extension 'cmake'
[0.250s] Level 1:colcon.colcon_core.package_identification:_identify(.) by extension 'python'
[0.250s] Level 1:colcon.colcon_core.package_identification:_identify(.) by extensions ['python_setup_py']
[0.250s] Level 1:colcon.colcon_core.package_identification:_identify(.) by extension 'python_setup_py'
[0.250s] Level 1:colcon.colcon_core.package_identification:_identify(build) by extensions ['ignore', 'ignore_ament_install']
[0.250s] Level 1:colcon.colcon_core.package_identification:_identify(build) by extension 'ignore'
[0.250s] Level 1:colcon.colcon_core.package_identification:_identify(build) ignored
[0.250s] Level 1:colcon.colcon_core.package_identification:_identify(install) by extensions ['ignore', 'ignore_ament_install']
[0.251s] Level 1:colcon.colcon_core.package_identification:_identify(install) by extension 'ignore'
[0.251s] Level 1:colcon.colcon_core.package_identification:_identify(install) ignored
[0.251s] Level 1:colcon.colcon_core.package_identification:_identify(log) by extensions ['ignore', 'ignore_ament_install']
[0.251s] Level 1:colcon.colcon_core.package_identification:_identify(log) by extension 'ignore'
[0.251s] Level 1:colcon.colcon_core.package_identification:_identify(log) ignored
[0.251s] Level 1:colcon.colcon_core.package_identification:_identify(src) by extensions ['ignore', 'ignore_ament_install']
[0.251s] Level 1:colcon.colcon_core.package_identification:_identify(src) by extension 'ignore'
[0.251s] Level 1:colcon.colcon_core.package_identification:_identify(src) by extension 'ignore_ament_install'
[0.251s] Level 1:colcon.colcon_core.package_identification:_identify(src) by extensions ['colcon_pkg']
[0.251s] Level 1:colcon.colcon_core.package_identification:_identify(src) by extension 'colcon_pkg'
[0.251s] Level 1:colcon.colcon_core.package_identification:_identify(src) by extensions ['colcon_meta']
[0.251s] Level 1:colcon.colcon_core.package_identification:_identify(src) by extension 'colcon_meta'
[0.251s] Level 1:colcon.colcon_core.package_identification:_identify(src) by extensions ['ros']
[0.251s] Level 1:colcon.colcon_core.package_identification:_identify(src) by extension 'ros'
[0.251s] Level 1:colcon.colcon_core.package_identification:_identify(src) by extensions ['cmake', 'python']
[0.251s] Level 1:colcon.colcon_core.package_identification:_identify(src) by extension 'cmake'
[0.251s] Level 1:colcon.colcon_core.package_identification:_identify(src) by extension 'python'
[0.251s] Level 1:colcon.colcon_core.package_identification:_identify(src) by extensions ['python_setup_py']
[0.251s] Level 1:colcon.colcon_core.package_identification:_identify(src) by extension 'python_setup_py'
[0.251s] Level 1:colcon.colcon_core.package_identification:_identify(src/cola2_control) by extensions ['ignore', 'ignore_ament_install']
[0.252s] Level 1:colcon.colcon_core.package_identification:_identify(src/cola2_control) by extension 'ignore'
[0.252s] Level 1:colcon.colcon_core.package_identification:_identify(src/cola2_control) by extension 'ignore_ament_install'
[0.252s] Level 1:colcon.colcon_core.package_identification:_identify(src/cola2_control) by extensions ['colcon_pkg']
[0.252s] Level 1:colcon.colcon_core.package_identification:_identify(src/cola2_control) by extension 'colcon_pkg'
[0.252s] Level 1:colcon.colcon_core.package_identification:_identify(src/cola2_control) by extensions ['colcon_meta']
[0.252s] Level 1:colcon.colcon_core.package_identification:_identify(src/cola2_control) by extension 'colcon_meta'
[0.252s] Level 1:colcon.colcon_core.package_identification:_identify(src/cola2_control) by extensions ['ros']
[0.252s] Level 1:colcon.colcon_core.package_identification:_identify(src/cola2_control) by extension 'ros'
[0.255s] DEBUG:colcon.colcon_core.package_identification:Package 'src/cola2_control' with type 'ros.ament_cmake' and name 'cola2_control'
[0.255s] Level 1:colcon.colcon_core.package_identification:_identify(src/cola2_lib_ros) by extensions ['ignore', 'ignore_ament_install']
[0.255s] Level 1:colcon.colcon_core.package_identification:_identify(src/cola2_lib_ros) by extension 'ignore'
[0.255s] Level 1:colcon.colcon_core.package_identification:_identify(src/cola2_lib_ros) by extension 'ignore_ament_install'
[0.255s] Level 1:colcon.colcon_core.package_identification:_identify(src/cola2_lib_ros) by extensions ['colcon_pkg']
[0.255s] Level 1:colcon.colcon_core.package_identification:_identify(src/cola2_lib_ros) by extension 'colcon_pkg'
[0.255s] Level 1:colcon.colcon_core.package_identification:_identify(src/cola2_lib_ros) by extensions ['colcon_meta']
[0.255s] Level 1:colcon.colcon_core.package_identification:_identify(src/cola2_lib_ros) by extension 'colcon_meta'
[0.255s] Level 1:colcon.colcon_core.package_identification:_identify(src/cola2_lib_ros) by extensions ['ros']
[0.255s] Level 1:colcon.colcon_core.package_identification:_identify(src/cola2_lib_ros) by extension 'ros'
[0.257s] DEBUG:colcon.colcon_core.package_identification:Package 'src/cola2_lib_ros' with type 'ros.ament_cmake' and name 'cola2_lib_ros'
[0.257s] Level 1:colcon.colcon_core.package_identification:_identify(src/cola2_msgs) by extensions ['ignore', 'ignore_ament_install']
[0.257s] Level 1:colcon.colcon_core.package_identification:_identify(src/cola2_msgs) by extension 'ignore'
[0.257s] Level 1:colcon.colcon_core.package_identification:_identify(src/cola2_msgs) by extension 'ignore_ament_install'
[0.257s] Level 1:colcon.colcon_core.package_identification:_identify(src/cola2_msgs) by extensions ['colcon_pkg']
[0.257s] Level 1:colcon.colcon_core.package_identification:_identify(src/cola2_msgs) by extension 'colcon_pkg'
[0.258s] Level 1:colcon.colcon_core.package_identification:_identify(src/cola2_msgs) by extensions ['colcon_meta']
[0.258s] Level 1:colcon.colcon_core.package_identification:_identify(src/cola2_msgs) by extension 'colcon_meta'
[0.258s] Level 1:colcon.colcon_core.package_identification:_identify(src/cola2_msgs) by extensions ['ros']
[0.258s] Level 1:colcon.colcon_core.package_identification:_identify(src/cola2_msgs) by extension 'ros'
[0.258s] DEBUG:colcon.colcon_core.package_identification:Package 'src/cola2_msgs' with type 'ros.ament_cmake' and name 'cola2_msgs'
[0.258s] Level 1:colcon.colcon_core.package_identification:_identify(src/stonefish_ros2) by extensions ['ignore', 'ignore_ament_install']
[0.258s] Level 1:colcon.colcon_core.package_identification:_identify(src/stonefish_ros2) by extension 'ignore'
[0.258s] Level 1:colcon.colcon_core.package_identification:_identify(src/stonefish_ros2) by extension 'ignore_ament_install'
[0.258s] Level 1:colcon.colcon_core.package_identification:_identify(src/stonefish_ros2) by extensions ['colcon_pkg']
[0.258s] Level 1:colcon.colcon_core.package_identification:_identify(src/stonefish_ros2) by extension 'colcon_pkg'
[0.259s] Level 1:colcon.colcon_core.package_identification:_identify(src/stonefish_ros2) by extensions ['colcon_meta']
[0.259s] Level 1:colcon.colcon_core.package_identification:_identify(src/stonefish_ros2) by extension 'colcon_meta'
[0.259s] Level 1:colcon.colcon_core.package_identification:_identify(src/stonefish_ros2) by extensions ['ros']
[0.259s] Level 1:colcon.colcon_core.package_identification:_identify(src/stonefish_ros2) by extension 'ros'
[0.260s] DEBUG:colcon.colcon_core.package_identification:Package 'src/stonefish_ros2' with type 'ros.ament_cmake' and name 'stonefish_ros2'
[0.260s] Level 1:colcon.colcon_core.package_discovery:discover_packages(recursive) using defaults
[0.260s] Level 1:colcon.colcon_core.package_discovery:discover_packages(ignore) discover
[0.260s] Level 1:colcon.colcon_core.package_discovery:discover_packages(ignore) using defaults
[0.260s] Level 1:colcon.colcon_core.package_discovery:discover_packages(path) discover
[0.260s] Level 1:colcon.colcon_core.package_discovery:discover_packages(path) using defaults
[0.285s] INFO:colcon.colcon_core.package_selection:Skipping not selected package 'cola2_msgs' in 'src/cola2_msgs'
[0.285s] INFO:colcon.colcon_core.package_selection:Skipping not selected package 'cola2_lib_ros' in 'src/cola2_lib_ros'
[0.285s] INFO:colcon.colcon_core.package_selection:Skipping not selected package 'cola2_control' in 'src/cola2_control'
[0.285s] Level 1:colcon.colcon_core.package_discovery:discover_packages(prefix_path) check parameters
[0.285s] Level 1:colcon.colcon_core.package_discovery:discover_packages(prefix_path) discover
[0.286s] WARNING:colcon.colcon_ros.prefix_path.ament:The path '/home/mazen/mini_girona/install/cola2_nav' in the environment variable AMENT_PREFIX_PATH doesn't exist
[0.286s] WARNING:colcon.colcon_ros.prefix_path.ament:The path '/home/mazen/mini_girona/install/minigirona_stonefish' in the environment variable AMENT_PREFIX_PATH doesn't exist
[0.286s] WARNING:colcon.colcon_ros.prefix_path.ament:The path '/home/mazen/mini_girona/install/stonefish_ros2' in the environment variable AMENT_PREFIX_PATH doesn't exist
[0.286s] WARNING:colcon.colcon_ros.prefix_path.ament:The path '/home/mazen/mini_girona/install/cola2_minigirona' in the environment variable AMENT_PREFIX_PATH doesn't exist
[0.286s] WARNING:colcon.colcon_ros.prefix_path.ament:The path '/home/mazen/mini_girona/install/minigirona_description' in the environment variable AMENT_PREFIX_PATH doesn't exist
[0.286s] WARNING:colcon.colcon_ros.prefix_path.catkin:The path '/home/mazen/mini_girona/install/cola2_nav' in the environment variable CMAKE_PREFIX_PATH doesn't exist
[0.286s] WARNING:colcon.colcon_ros.prefix_path.catkin:The path '/home/mazen/mini_girona/install/minigirona_stonefish' in the environment variable CMAKE_PREFIX_PATH doesn't exist
[0.286s] WARNING:colcon.colcon_ros.prefix_path.catkin:The path '/home/mazen/mini_girona/install/stonefish_ros2' in the environment variable CMAKE_PREFIX_PATH doesn't exist
[0.286s] WARNING:colcon.colcon_ros.prefix_path.catkin:The path '/home/mazen/mini_girona/install/cola2_minigirona' in the environment variable CMAKE_PREFIX_PATH doesn't exist
[0.286s] WARNING:colcon.colcon_ros.prefix_path.catkin:The path '/home/mazen/mini_girona/install/minigirona_description' in the environment variable CMAKE_PREFIX_PATH doesn't exist
[0.287s] DEBUG:colcon.colcon_installed_package_information.package_discovery:Found 3 installed packages in /home/mazen/mini_girona/install
[0.288s] DEBUG:colcon.colcon_installed_package_information.package_discovery:Found 207 installed packages in /opt/ros/humble
[0.289s] Level 1:colcon.colcon_core.package_discovery:discover_packages(prefix_path) using defaults
[0.312s] Level 5:colcon.colcon_core.verb:set package 'stonefish_ros2' build argument 'cmake_args' from command line to 'None'
[0.312s] Level 5:colcon.colcon_core.verb:set package 'stonefish_ros2' build argument 'cmake_target' from command line to 'None'
[0.312s] Level 5:colcon.colcon_core.verb:set package 'stonefish_ros2' build argument 'cmake_target_skip_unavailable' from command line to 'False'
[0.312s] Level 5:colcon.colcon_core.verb:set package 'stonefish_ros2' build argument 'cmake_clean_cache' from command line to 'False'
[0.312s] Level 5:colcon.colcon_core.verb:set package 'stonefish_ros2' build argument 'cmake_clean_first' from command line to 'False'
[0.312s] Level 5:colcon.colcon_core.verb:set package 'stonefish_ros2' build argument 'cmake_force_configure' from command line to 'False'
[0.312s] Level 5:colcon.colcon_core.verb:set package 'stonefish_ros2' build argument 'ament_cmake_args' from command line to 'None'
[0.312s] Level 5:colcon.colcon_core.verb:set package 'stonefish_ros2' build argument 'catkin_cmake_args' from command line to 'None'
[0.312s] Level 5:colcon.colcon_core.verb:set package 'stonefish_ros2' build argument 'catkin_skip_building_tests' from command line to 'False'
[0.312s] DEBUG:colcon.colcon_core.verb:Building package 'stonefish_ros2' with the following arguments: {'ament_cmake_args': None, 'build_base': '/home/mazen/mini_girona/build/stonefish_ros2', 'catkin_cmake_args': None, 'catkin_skip_building_tests': False, 'cmake_args': None, 'cmake_clean_cache': False, 'cmake_clean_first': False, 'cmake_force_configure': False, 'cmake_target': None, 'cmake_target_skip_unavailable': False, 'install_base': '/home/mazen/mini_girona/install/stonefish_ros2', 'merge_install': False, 'path': '/home/mazen/mini_girona/src/stonefish_ros2', 'symlink_install': False, 'test_result_base': None}
[0.312s] INFO:colcon.colcon_core.executor:Executing jobs using 'parallel' executor
[0.313s] DEBUG:colcon.colcon_parallel_executor.executor.parallel:run_until_complete
[0.314s] INFO:colcon.colcon_ros.task.ament_cmake.build:Building ROS package in '/home/mazen/mini_girona/src/stonefish_ros2' with build type 'ament_cmake'
[0.314s] INFO:colcon.colcon_cmake.task.cmake.build:Building CMake package in '/home/mazen/mini_girona/src/stonefish_ros2'
[0.316s] INFO:colcon.colcon_core.plugin_system:Skipping extension 'colcon_core.shell.bat': Not used on non-Windows systems
[0.316s] INFO:colcon.colcon_core.shell:Skip shell extension 'powershell' for command environment: Not usable outside of PowerShell
[0.316s] DEBUG:colcon.colcon_core.shell:Skip shell extension 'dsv' for command environment
[0.323s] DEBUG:colcon.colcon_core.event_handler.log_command:Invoking command in '/home/mazen/mini_girona/build/stonefish_ros2': CMAKE_PREFIX_PATH=${CMAKE_PREFIX_PATH}:/opt/ros/humble /usr/bin/cmake /home/mazen/mini_girona/src/stonefish_ros2 -DCMAKE_INSTALL_PREFIX=/home/mazen/mini_girona/install/stonefish_ros2
[4.724s] DEBUG:colcon.colcon_core.event_handler.log_command:Invoked command in '/home/mazen/mini_girona/build/stonefish_ros2' returned '0': CMAKE_PREFIX_PATH=${CMAKE_PREFIX_PATH}:/opt/ros/humble /usr/bin/cmake /home/mazen/mini_girona/src/stonefish_ros2 -DCMAKE_INSTALL_PREFIX=/home/mazen/mini_girona/install/stonefish_ros2
[4.726s] DEBUG:colcon.colcon_core.event_handler.log_command:Invoking command in '/home/mazen/mini_girona/build/stonefish_ros2': CMAKE_PREFIX_PATH=${CMAKE_PREFIX_PATH}:/opt/ros/humble /usr/bin/cmake --build /home/mazen/mini_girona/build/stonefish_ros2 -- -j12 -l12
[54.156s] DEBUG:colcon.colcon_core.event_handler.log_command:Invoked command in '/home/mazen/mini_girona/build/stonefish_ros2' returned '0': CMAKE_PREFIX_PATH=${CMAKE_PREFIX_PATH}:/opt/ros/humble /usr/bin/cmake --build /home/mazen/mini_girona/build/stonefish_ros2 -- -j12 -l12
[54.166s] DEBUG:colcon.colcon_core.event_handler.log_command:Invoking command in '/home/mazen/mini_girona/build/stonefish_ros2': CMAKE_PREFIX_PATH=${CMAKE_PREFIX_PATH}:/opt/ros/humble /usr/bin/cmake --install /home/mazen/mini_girona/build/stonefish_ros2
[54.305s] Level 1:colcon.colcon_core.environment:create_environment_scripts_only(stonefish_ros2)
[54.305s] DEBUG:colcon.colcon_core.event_handler.log_command:Invoked command in '/home/mazen/mini_girona/build/stonefish_ros2' returned '0': CMAKE_PREFIX_PATH=${CMAKE_PREFIX_PATH}:/opt/ros/humble /usr/bin/cmake --install /home/mazen/mini_girona/build/stonefish_ros2
[54.308s] Level 1:colcon.colcon_core.environment:checking '/home/mazen/mini_girona/install/stonefish_ros2' for CMake module files
[54.308s] Level 1:colcon.colcon_core.environment:checking '/home/mazen/mini_girona/install/stonefish_ros2' for CMake config files
[54.309s] Level 1:colcon.colcon_core.shell:create_environment_hook('stonefish_ros2', 'cmake_prefix_path')
[54.309s] INFO:colcon.colcon_core.shell:Creating environment hook '/home/mazen/mini_girona/install/stonefish_ros2/share/stonefish_ros2/hook/cmake_prefix_path.ps1'
[54.310s] INFO:colcon.colcon_core.shell:Creating environment descriptor '/home/mazen/mini_girona/install/stonefish_ros2/share/stonefish_ros2/hook/cmake_prefix_path.dsv'
[54.310s] INFO:colcon.colcon_core.shell:Creating environment hook '/home/mazen/mini_girona/install/stonefish_ros2/share/stonefish_ros2/hook/cmake_prefix_path.sh'
[54.311s] Level 1:colcon.colcon_core.environment:checking '/home/mazen/mini_girona/install/stonefish_ros2/lib'
[54.312s] Level 1:colcon.colcon_core.shell:create_environment_hook('stonefish_ros2', 'ld_library_path_lib')
[54.312s] INFO:colcon.colcon_core.shell:Creating environment hook '/home/mazen/mini_girona/install/stonefish_ros2/share/stonefish_ros2/hook/ld_library_path_lib.ps1'
[54.313s] INFO:colcon.colcon_core.shell:Creating environment descriptor '/home/mazen/mini_girona/install/stonefish_ros2/share/stonefish_ros2/hook/ld_library_path_lib.dsv'
[54.313s] INFO:colcon.colcon_core.shell:Creating environment hook '/home/mazen/mini_girona/install/stonefish_ros2/share/stonefish_ros2/hook/ld_library_path_lib.sh'
[54.314s] Level 1:colcon.colcon_core.environment:checking '/home/mazen/mini_girona/install/stonefish_ros2/bin'
[54.314s] Level 1:colcon.colcon_core.environment:checking '/home/mazen/mini_girona/install/stonefish_ros2/lib/pkgconfig/stonefish_ros2.pc'
[54.314s] Level 1:colcon.colcon_core.environment:checking '/home/mazen/mini_girona/install/stonefish_ros2/lib/python3.10/site-packages'
[54.314s] Level 1:colcon.colcon_core.environment:checking '/home/mazen/mini_girona/install/stonefish_ros2/bin'
[54.314s] INFO:colcon.colcon_core.shell:Creating package script '/home/mazen/mini_girona/install/stonefish_ros2/share/stonefish_ros2/package.ps1'
[54.315s] INFO:colcon.colcon_core.shell:Creating package descriptor '/home/mazen/mini_girona/install/stonefish_ros2/share/stonefish_ros2/package.dsv'
[54.315s] INFO:colcon.colcon_core.shell:Creating package script '/home/mazen/mini_girona/install/stonefish_ros2/share/stonefish_ros2/package.sh'
[54.316s] INFO:colcon.colcon_core.shell:Creating package script '/home/mazen/mini_girona/install/stonefish_ros2/share/stonefish_ros2/package.bash'
[54.317s] INFO:colcon.colcon_core.shell:Creating package script '/home/mazen/mini_girona/install/stonefish_ros2/share/stonefish_ros2/package.zsh'
[54.317s] Level 1:colcon.colcon_core.environment:create_file_with_runtime_dependencies(/home/mazen/mini_girona/install/stonefish_ros2/share/colcon-core/packages/stonefish_ros2)
[54.318s] Level 1:colcon.colcon_core.environment:create_environment_scripts_only(stonefish_ros2)
[54.318s] Level 1:colcon.colcon_core.environment:checking '/home/mazen/mini_girona/install/stonefish_ros2' for CMake module files
[54.319s] Level 1:colcon.colcon_core.environment:checking '/home/mazen/mini_girona/install/stonefish_ros2' for CMake config files
[54.320s] Level 1:colcon.colcon_core.shell:create_environment_hook('stonefish_ros2', 'cmake_prefix_path')
[54.320s] INFO:colcon.colcon_core.shell:Creating environment hook '/home/mazen/mini_girona/install/stonefish_ros2/share/stonefish_ros2/hook/cmake_prefix_path.ps1'
[54.320s] INFO:colcon.colcon_core.shell:Creating environment descriptor '/home/mazen/mini_girona/install/stonefish_ros2/share/stonefish_ros2/hook/cmake_prefix_path.dsv'
[54.321s] INFO:colcon.colcon_core.shell:Creating environment hook '/home/mazen/mini_girona/install/stonefish_ros2/share/stonefish_ros2/hook/cmake_prefix_path.sh'
[54.321s] Level 1:colcon.colcon_core.environment:checking '/home/mazen/mini_girona/install/stonefish_ros2/lib'
[54.321s] Level 1:colcon.colcon_core.shell:create_environment_hook('stonefish_ros2', 'ld_library_path_lib')
[54.321s] INFO:colcon.colcon_core.shell:Creating environment hook '/home/mazen/mini_girona/install/stonefish_ros2/share/stonefish_ros2/hook/ld_library_path_lib.ps1'
[54.322s] INFO:colcon.colcon_core.shell:Creating environment descriptor '/home/mazen/mini_girona/install/stonefish_ros2/share/stonefish_ros2/hook/ld_library_path_lib.dsv'
[54.322s] INFO:colcon.colcon_core.shell:Creating environment hook '/home/mazen/mini_girona/install/stonefish_ros2/share/stonefish_ros2/hook/ld_library_path_lib.sh'
[54.322s] Level 1:colcon.colcon_core.environment:checking '/home/mazen/mini_girona/install/stonefish_ros2/bin'
[54.322s] Level 1:colcon.colcon_core.environment:checking '/home/mazen/mini_girona/install/stonefish_ros2/lib/pkgconfig/stonefish_ros2.pc'
[54.323s] Level 1:colcon.colcon_core.environment:checking '/home/mazen/mini_girona/install/stonefish_ros2/lib/python3.10/site-packages'
[54.323s] Level 1:colcon.colcon_core.environment:checking '/home/mazen/mini_girona/install/stonefish_ros2/bin'
[54.323s] INFO:colcon.colcon_core.shell:Creating package script '/home/mazen/mini_girona/install/stonefish_ros2/share/stonefish_ros2/package.ps1'
[54.324s] INFO:colcon.colcon_core.shell:Creating package descriptor '/home/mazen/mini_girona/install/stonefish_ros2/share/stonefish_ros2/package.dsv'
[54.324s] INFO:colcon.colcon_core.shell:Creating package script '/home/mazen/mini_girona/install/stonefish_ros2/share/stonefish_ros2/package.sh'
[54.324s] INFO:colcon.colcon_core.shell:Creating package script '/home/mazen/mini_girona/install/stonefish_ros2/share/stonefish_ros2/package.bash'
[54.325s] INFO:colcon.colcon_core.shell:Creating package script '/home/mazen/mini_girona/install/stonefish_ros2/share/stonefish_ros2/package.zsh'
[54.325s] Level 1:colcon.colcon_core.environment:create_file_with_runtime_dependencies(/home/mazen/mini_girona/install/stonefish_ros2/share/colcon-core/packages/stonefish_ros2)
[54.326s] DEBUG:colcon.colcon_parallel_executor.executor.parallel:closing loop
[54.326s] DEBUG:colcon.colcon_parallel_executor.executor.parallel:loop closed
[54.326s] DEBUG:colcon.colcon_parallel_executor.executor.parallel:run_until_complete finished with '0'
[54.326s] DEBUG:colcon.colcon_core.event_reactor:joining thread
[54.331s] INFO:colcon.colcon_core.plugin_system:Skipping extension 'colcon_notification.desktop_notification.terminal_notifier': Not used on non-Darwin systems
[54.331s] INFO:colcon.colcon_core.plugin_system:Skipping extension 'colcon_notification.desktop_notification.win32': Not used on non-Windows systems
[54.331s] INFO:colcon.colcon_notification.desktop_notification:Sending desktop notification using 'notify2'
[54.342s] DEBUG:colcon.colcon_core.event_reactor:joined thread
[54.342s] INFO:colcon.colcon_core.shell:Creating prefix script '/home/mazen/mini_girona/install/local_setup.ps1'
[54.343s] INFO:colcon.colcon_core.shell:Creating prefix util module '/home/mazen/mini_girona/install/_local_setup_util_ps1.py'
[54.344s] INFO:colcon.colcon_core.shell:Creating prefix chain script '/home/mazen/mini_girona/install/setup.ps1'
[54.346s] INFO:colcon.colcon_core.shell:Creating prefix script '/home/mazen/mini_girona/install/local_setup.sh'
[54.346s] INFO:colcon.colcon_core.shell:Creating prefix util module '/home/mazen/mini_girona/install/_local_setup_util_sh.py'
[54.346s] INFO:colcon.colcon_core.shell:Creating prefix chain script '/home/mazen/mini_girona/install/setup.sh'
[54.348s] INFO:colcon.colcon_core.shell:Creating prefix script '/home/mazen/mini_girona/install/local_setup.bash'
[54.348s] INFO:colcon.colcon_core.shell:Creating prefix chain script '/home/mazen/mini_girona/install/setup.bash'
[54.349s] INFO:colcon.colcon_core.shell:Creating prefix script '/home/mazen/mini_girona/install/local_setup.zsh'
[54.349s] INFO:colcon.colcon_core.shell:Creating prefix chain script '/home/mazen/mini_girona/install/setup.zsh'
