[35m[1mConsolidate compiler generated dependencies of target cola2_control[0m
[  0%] Built target ament_cmake_python_copy_cola2_control
[ 63%] Built target cola2_control
[35m[1mConsolidate compiler generated dependencies of target controller_node[0m
[35m[1mConsolidate compiler generated dependencies of target captain_node[0m
[35m[1mConsolidate compiler generated dependencies of target teleoperation_node[0m
[35m[1mConsolidate compiler generated dependencies of target pilot_node[0m
[ 72%] Built target captain_node
[ 81%] Built target controller_node
[ 90%] Built target pilot_node
[100%] Built target teleoperation_node
running egg_info
writing cola2_control.egg-info/PKG-INFO
writing dependency_links to cola2_control.egg-info/dependency_links.txt
writing top-level names to cola2_control.egg-info/top_level.txt
reading manifest file 'cola2_control.egg-info/SOURCES.txt'
writing manifest file 'cola2_control.egg-info/SOURCES.txt'
[100%] Built target ament_cmake_python_build_cola2_control_egg
-- Install configuration: ""
-- Up-to-date: /home/mazen/mini_girona/install/cola2_control/lib/cola2_control/libcola2_control.a
-- Up-to-date: /home/mazen/mini_girona/install/cola2_control/lib/cola2_control/captain_node
-- Up-to-date: /home/mazen/mini_girona/install/cola2_control/lib/cola2_control/controller_node
-- Up-to-date: /home/mazen/mini_girona/install/cola2_control/lib/cola2_control/pilot_node
-- Up-to-date: /home/mazen/mini_girona/install/cola2_control/lib/cola2_control/teleoperation_node
-- Up-to-date: /home/mazen/mini_girona/install/cola2_control/include/cola2_control
-- Up-to-date: /home/mazen/mini_girona/install/cola2_control/include/cola2_control/ros_controller
-- Up-to-date: /home/mazen/mini_girona/install/cola2_control/include/cola2_control/ros_controller/auv_ros_controller_base.h
-- Up-to-date: /home/mazen/mini_girona/install/cola2_control/include/cola2_control/low_level_controllers
-- Up-to-date: /home/mazen/mini_girona/install/cola2_control/include/cola2_control/low_level_controllers/poly.h
-- Up-to-date: /home/mazen/mini_girona/install/cola2_control/include/cola2_control/low_level_controllers/auv_controller_base.h
-- Up-to-date: /home/mazen/mini_girona/install/cola2_control/include/cola2_control/low_level_controllers/only_thruster_allocator.h
-- Up-to-date: /home/mazen/mini_girona/install/cola2_control/include/cola2_control/low_level_controllers/merge.h
-- Up-to-date: /home/mazen/mini_girona/install/cola2_control/include/cola2_control/low_level_controllers/request.h
-- Up-to-date: /home/mazen/mini_girona/install/cola2_control/include/cola2_control/low_level_controllers/only_thrusters_controller.h
-- Up-to-date: /home/mazen/mini_girona/install/cola2_control/include/cola2_control/low_level_controllers/ndof_controller.h
-- Up-to-date: /home/mazen/mini_girona/install/cola2_control/include/cola2_control/low_level_controllers/controller_base.h
-- Up-to-date: /home/mazen/mini_girona/install/cola2_control/include/cola2_control/low_level_controllers/pid.h
-- Up-to-date: /home/mazen/mini_girona/install/cola2_control/include/cola2_control/controllers
-- Up-to-date: /home/mazen/mini_girona/install/cola2_control/include/cola2_control/controllers/types.h
-- Up-to-date: /home/mazen/mini_girona/install/cola2_control/include/cola2_control/controllers/anchor.h
-- Up-to-date: /home/mazen/mini_girona/install/cola2_control/include/cola2_control/controllers/section.h
-- Up-to-date: /home/mazen/mini_girona/install/cola2_control/include/cola2_control/controllers/holonomic_keep_position.h
-- Up-to-date: /home/mazen/mini_girona/install/cola2_control/share/cola2_control/cfg
-- Up-to-date: /home/mazen/mini_girona/install/cola2_control/share/cola2_control/cfg/controller.cfg
-- Up-to-date: /home/mazen/mini_girona/install/cola2_control/share/cola2_control/config
-- Up-to-date: /home/mazen/mini_girona/install/cola2_control/share/cola2_control/config/logitech_fx10_to_teleoperation.yaml
-- Up-to-date: /home/mazen/mini_girona/install/cola2_control/share/cola2_control/config/teleoperation.yaml
-- Up-to-date: /home/mazen/mini_girona/install/cola2_control/share/cola2_control/config/captain.yaml
-- Up-to-date: /home/mazen/mini_girona/install/cola2_control/share/cola2_control/config/pilot.yaml
-- Up-to-date: /home/mazen/mini_girona/install/cola2_control/share/cola2_control/config/controller.yaml
-- Up-to-date: /home/mazen/mini_girona/install/cola2_control/share/cola2_control/launch
-- Up-to-date: /home/mazen/mini_girona/install/cola2_control/share/cola2_control/launch/control.launch.py
-- Up-to-date: /home/mazen/mini_girona/install/cola2_control/share/cola2_control/environment/pythonpath.sh
-- Up-to-date: /home/mazen/mini_girona/install/cola2_control/share/cola2_control/environment/pythonpath.dsv
-- Up-to-date: /home/mazen/mini_girona/install/cola2_control/local/lib/python3.10/dist-packages/cola2_control-24.1.4-py3.10.egg-info
-- Installing: /home/mazen/mini_girona/install/cola2_control/local/lib/python3.10/dist-packages/cola2_control-24.1.4-py3.10.egg-info/top_level.txt
-- Installing: /home/mazen/mini_girona/install/cola2_control/local/lib/python3.10/dist-packages/cola2_control-24.1.4-py3.10.egg-info/PKG-INFO
-- Installing: /home/mazen/mini_girona/install/cola2_control/local/lib/python3.10/dist-packages/cola2_control-24.1.4-py3.10.egg-info/dependency_links.txt
-- Installing: /home/mazen/mini_girona/install/cola2_control/local/lib/python3.10/dist-packages/cola2_control-24.1.4-py3.10.egg-info/SOURCES.txt
-- Up-to-date: /home/mazen/mini_girona/install/cola2_control/local/lib/python3.10/dist-packages/cola2_control
-- Up-to-date: /home/mazen/mini_girona/install/cola2_control/local/lib/python3.10/dist-packages/cola2_control/joystickbase.py
-- Up-to-date: /home/mazen/mini_girona/install/cola2_control/local/lib/python3.10/dist-packages/cola2_control/__init__.py
Listing '/home/mazen/mini_girona/install/cola2_control/local/lib/python3.10/dist-packages/cola2_control'...
-- Up-to-date: /home/mazen/mini_girona/install/cola2_control/lib/cola2_control/logitech_fx10_to_teleoperation_node.py
-- Up-to-date: /home/mazen/mini_girona/install/cola2_control/share/ament_index/resource_index/package_run_dependencies/cola2_control
-- Up-to-date: /home/mazen/mini_girona/install/cola2_control/share/ament_index/resource_index/parent_prefix_path/cola2_control
-- Up-to-date: /home/mazen/mini_girona/install/cola2_control/share/cola2_control/environment/ament_prefix_path.sh
-- Up-to-date: /home/mazen/mini_girona/install/cola2_control/share/cola2_control/environment/ament_prefix_path.dsv
-- Up-to-date: /home/mazen/mini_girona/install/cola2_control/share/cola2_control/environment/path.sh
-- Up-to-date: /home/mazen/mini_girona/install/cola2_control/share/cola2_control/environment/path.dsv
-- Up-to-date: /home/mazen/mini_girona/install/cola2_control/share/cola2_control/local_setup.bash
-- Up-to-date: /home/mazen/mini_girona/install/cola2_control/share/cola2_control/local_setup.sh
-- Up-to-date: /home/mazen/mini_girona/install/cola2_control/share/cola2_control/local_setup.zsh
-- Up-to-date: /home/mazen/mini_girona/install/cola2_control/share/cola2_control/local_setup.dsv
-- Installing: /home/mazen/mini_girona/install/cola2_control/share/cola2_control/package.dsv
-- Up-to-date: /home/mazen/mini_girona/install/cola2_control/share/ament_index/resource_index/packages/cola2_control
-- Up-to-date: /home/mazen/mini_girona/install/cola2_control/share/cola2_control/cmake/cola2_controlConfig.cmake
-- Up-to-date: /home/mazen/mini_girona/install/cola2_control/share/cola2_control/cmake/cola2_controlConfig-version.cmake
-- Up-to-date: /home/mazen/mini_girona/install/cola2_control/share/cola2_control/package.xml
